15:22:30.608 +08:00 [WARNING] [1] [ProtoBuf.Grpc.Server.ServicesExtensions.CodeFirstServiceMethodProvider] Type cannot be serialized; ignoring: "IIMes.Services.Runtime.Interface.DTO.CommonDTO"
15:22:30.678 +08:00 [WARNING] [1] [ProtoBuf.Grpc.Server.ServicesExtensions.CodeFirstServiceMethodProvider] Signature not recognized for "IIMes.Services.Runtime.Interface.IEquipmentService"."GetEquipment"; method will not be bound
15:22:30.708 +08:00 [WARNING] [1] [Grpc.AspNetCore.Server.Model.Internal.ServiceRouteBuilder] No gRPC methods discovered for "IIMes.Services.Runtime.Interface.IEquipmentService".
15:22:30.730 +08:00 [WARNING] [1] [Grpc.AspNetCore.Server.Model.Internal.ServiceRouteBuilder] No gRPC methods discovered for "IIMes.Services.Runtime.Interface.ITerminalService".
15:22:30.734 +08:00 [WARNING] [1] [ProtoBuf.Grpc.Server.ServicesExtensions.CodeFirstServiceMethodProvider] Type cannot be serialized; ignoring: "IIMes.Services.Runtime.Interface.DTO.WoDTO"
15:22:30.734 +08:00 [WARNING] [1] [ProtoBuf.Grpc.Server.ServicesExtensions.CodeFirstServiceMethodProvider] Signature not recognized for "IIMes.Services.Runtime.Interface.IWoService"."GetWo"; method will not be bound
15:22:30.734 +08:00 [WARNING] [1] [ProtoBuf.Grpc.Server.ServicesExtensions.CodeFirstServiceMethodProvider] Type cannot be serialized; ignoring: "IIMes.Services.Runtime.Interface.DTO.WoRequestDTO"
15:22:30.740 +08:00 [WARNING] [1] [ProtoBuf.Grpc.Server.ServicesExtensions.CodeFirstServiceMethodProvider] Type cannot be serialized; ignoring: "System.Collections.Generic.IList`1[[IIMes.Services.Runtime.Interface.DTO.WoDTO, IIMes.Services.Runtime.Interface, Version=1.0.0.0, Culture=neutral, PublicKeyToken=null]]"
15:22:30.740 +08:00 [WARNING] [1] [ProtoBuf.Grpc.Server.ServicesExtensions.CodeFirstServiceMethodProvider] Signature not recognized for "IIMes.Services.Runtime.Interface.IWoService"."Query"; method will not be bound
15:22:30.740 +08:00 [WARNING] [1] [Grpc.AspNetCore.Server.Model.Internal.ServiceRouteBuilder] No gRPC methods discovered for "IIMes.Services.Runtime.Interface.IWoService".
15:22:30.743 +08:00 [WARNING] [1] [ProtoBuf.Grpc.Server.ServicesExtensions.CodeFirstServiceMethodProvider] Type cannot be serialized; ignoring: "IIMes.Services.Runtime.Interface.DTO.MaterialDTO"
15:22:30.743 +08:00 [WARNING] [1] [ProtoBuf.Grpc.Server.ServicesExtensions.CodeFirstServiceMethodProvider] Signature not recognized for "IIMes.Services.Runtime.Interface.IMaterialService"."GetPartByReel"; method will not be bound
15:22:30.743 +08:00 [WARNING] [1] [ProtoBuf.Grpc.Server.ServicesExtensions.CodeFirstServiceMethodProvider] Type cannot be serialized; ignoring: "IIMes.Services.Runtime.Interface.DTO.MaterialDTO"
15:22:30.744 +08:00 [WARNING] [1] [ProtoBuf.Grpc.Server.ServicesExtensions.CodeFirstServiceMethodProvider] Signature not recognized for "IIMes.Services.Runtime.Interface.IMaterialService"."GetPartByPart"; method will not be bound
15:22:30.744 +08:00 [WARNING] [1] [Grpc.AspNetCore.Server.Model.Internal.ServiceRouteBuilder] No gRPC methods discovered for "IIMes.Services.Runtime.Interface.IMaterialService".
15:22:30.843 +08:00 [INFORMATION] [1] [ProtoBuf.Grpc.Server.ServicesExtensions.CodeFirstServiceMethodProvider] RPC services being provided by "IIMes.Services.Runtime.Interface.IWORService": 1
15:22:30.851 +08:00 [WARNING] [1] [ProtoBuf.Grpc.Server.ServicesExtensions.CodeFirstServiceMethodProvider] Type cannot be serialized; ignoring: "System.Object"
15:22:30.851 +08:00 [WARNING] [1] [ProtoBuf.Grpc.Server.ServicesExtensions.CodeFirstServiceMethodProvider] Signature not recognized for "IIMes.Services.Runtime.Interface.IWORScrapService"."QueryScrapReason"; method will not be bound
15:22:30.851 +08:00 [WARNING] [1] [ProtoBuf.Grpc.Server.ServicesExtensions.CodeFirstServiceMethodProvider] Type cannot be serialized; ignoring: "IIMes.Services.Runtime.Interface.DTO.WorScrapRequestDTO"
15:22:30.851 +08:00 [WARNING] [1] [ProtoBuf.Grpc.Server.ServicesExtensions.CodeFirstServiceMethodProvider] Signature not recognized for "IIMes.Services.Runtime.Interface.IWORScrapService"."SaveWorScrap"; method will not be bound
15:22:30.851 +08:00 [WARNING] [1] [Grpc.AspNetCore.Server.Model.Internal.ServiceRouteBuilder] No gRPC methods discovered for "IIMes.Services.Runtime.Interface.IWORScrapService".
15:22:30.854 +08:00 [WARNING] [1] [ProtoBuf.Grpc.Server.ServicesExtensions.CodeFirstServiceMethodProvider] Type cannot be serialized; ignoring: "IIMes.Services.Runtime.Interface.DTO.FeedingRequestDTO"
15:22:30.854 +08:00 [WARNING] [1] [ProtoBuf.Grpc.Server.ServicesExtensions.CodeFirstServiceMethodProvider] Type cannot be serialized; ignoring: "System.Object"
15:22:30.854 +08:00 [WARNING] [1] [ProtoBuf.Grpc.Server.ServicesExtensions.CodeFirstServiceMethodProvider] Signature not recognized for "IIMes.Services.Runtime.Interface.IFeedingService"."ConfirmFeeding"; method will not be bound
15:22:30.855 +08:00 [WARNING] [1] [ProtoBuf.Grpc.Server.ServicesExtensions.CodeFirstServiceMethodProvider] Type cannot be serialized; ignoring: "System.Object"
15:22:30.855 +08:00 [WARNING] [1] [ProtoBuf.Grpc.Server.ServicesExtensions.CodeFirstServiceMethodProvider] Signature not recognized for "IIMes.Services.Runtime.Interface.IFeedingService"."QueryFsStatus"; method will not be bound
15:22:30.855 +08:00 [WARNING] [1] [ProtoBuf.Grpc.Server.ServicesExtensions.CodeFirstServiceMethodProvider] Type cannot be serialized; ignoring: "IIMes.Services.Runtime.Interface.DTO.FeedingRequestDTO"
15:22:30.855 +08:00 [WARNING] [1] [ProtoBuf.Grpc.Server.ServicesExtensions.CodeFirstServiceMethodProvider] Type cannot be serialized; ignoring: "System.Object"
15:22:30.855 +08:00 [WARNING] [1] [ProtoBuf.Grpc.Server.ServicesExtensions.CodeFirstServiceMethodProvider] Signature not recognized for "IIMes.Services.Runtime.Interface.IFeedingService"."UpdateFsStatus"; method will not be bound
15:22:30.855 +08:00 [WARNING] [1] [ProtoBuf.Grpc.Server.ServicesExtensions.CodeFirstServiceMethodProvider] Type cannot be serialized; ignoring: "IIMes.Services.Runtime.Interface.DTO.FeedingRequestDTO"
15:22:30.855 +08:00 [WARNING] [1] [ProtoBuf.Grpc.Server.ServicesExtensions.CodeFirstServiceMethodProvider] Signature not recognized for "IIMes.Services.Runtime.Interface.IFeedingService"."Check"; method will not be bound
15:22:30.855 +08:00 [WARNING] [1] [ProtoBuf.Grpc.Server.ServicesExtensions.CodeFirstServiceMethodProvider] Type cannot be serialized; ignoring: "IIMes.Services.Runtime.Interface.DTO.FeedingRequestDTO"
15:22:30.855 +08:00 [WARNING] [1] [ProtoBuf.Grpc.Server.ServicesExtensions.CodeFirstServiceMethodProvider] Type cannot be serialized; ignoring: "System.Object"
15:22:30.855 +08:00 [WARNING] [1] [ProtoBuf.Grpc.Server.ServicesExtensions.CodeFirstServiceMethodProvider] Signature not recognized for "IIMes.Services.Runtime.Interface.IFeedingService"."UnfeedingForSMTShow"; method will not be bound
15:22:30.855 +08:00 [WARNING] [1] [ProtoBuf.Grpc.Server.ServicesExtensions.CodeFirstServiceMethodProvider] Type cannot be serialized; ignoring: "IIMes.Services.Runtime.Interface.DTO.FeedingRequestDTO"
15:22:30.855 +08:00 [WARNING] [1] [ProtoBuf.Grpc.Server.ServicesExtensions.CodeFirstServiceMethodProvider] Type cannot be serialized; ignoring: "System.Object"
15:22:30.855 +08:00 [WARNING] [1] [ProtoBuf.Grpc.Server.ServicesExtensions.CodeFirstServiceMethodProvider] Signature not recognized for "IIMes.Services.Runtime.Interface.IFeedingService"."UnfeedingForBomShow"; method will not be bound
15:22:30.856 +08:00 [WARNING] [1] [ProtoBuf.Grpc.Server.ServicesExtensions.CodeFirstServiceMethodProvider] Type cannot be serialized; ignoring: "IIMes.Services.Runtime.Model.Production.TerminalPartsBySMT"
15:22:30.856 +08:00 [WARNING] [1] [ProtoBuf.Grpc.Server.ServicesExtensions.CodeFirstServiceMethodProvider] Signature not recognized for "IIMes.Services.Runtime.Interface.IFeedingService"."Unfeeding"; method will not be bound
15:22:30.856 +08:00 [WARNING] [1] [Grpc.AspNetCore.Server.Model.Internal.ServiceRouteBuilder] No gRPC methods discovered for "IIMes.Services.Runtime.Interface.IFeedingService".
15:22:30.859 +08:00 [WARNING] [1] [ProtoBuf.Grpc.Server.ServicesExtensions.CodeFirstServiceMethodProvider] Type cannot be serialized; ignoring: "System.Object"
15:22:30.859 +08:00 [WARNING] [1] [ProtoBuf.Grpc.Server.ServicesExtensions.CodeFirstServiceMethodProvider] Signature not recognized for "IIMes.Services.Runtime.Interface.IWORSymptomService"."QuerySymptom"; method will not be bound
15:22:30.859 +08:00 [WARNING] [1] [Grpc.AspNetCore.Server.Model.Internal.ServiceRouteBuilder] No gRPC methods discovered for "IIMes.Services.Runtime.Interface.IWORSymptomService".
15:22:30.868 +08:00 [WARNING] [1] [ProtoBuf.Grpc.Server.ServicesExtensions.CodeFirstServiceMethodProvider] Type cannot be serialized; ignoring: "IIMes.Services.Runtime.Interface.DTO.WorRepairItemInfoDTO"
15:22:30.869 +08:00 [WARNING] [1] [ProtoBuf.Grpc.Server.ServicesExtensions.CodeFirstServiceMethodProvider] Type cannot be serialized; ignoring: "IIMes.Services.Runtime.Interface.DTO.WorRepairItemDTO"
15:22:30.869 +08:00 [WARNING] [1] [ProtoBuf.Grpc.Server.ServicesExtensions.CodeFirstServiceMethodProvider] Signature not recognized for "IIMes.Services.Runtime.Interface.IWORRepairService"."SaveRepair"; method will not be bound
15:22:30.876 +08:00 [WARNING] [1] [ProtoBuf.Grpc.Server.ServicesExtensions.CodeFirstServiceMethodProvider] Type cannot be serialized; ignoring: "System.Collections.Generic.IList`1[[IIMes.Services.Runtime.Interface.DTO.PartCheckDTO, IIMes.Services.Runtime.Interface, Version=1.0.0.0, Culture=neutral, PublicKeyToken=null]]"
15:22:30.876 +08:00 [WARNING] [1] [ProtoBuf.Grpc.Server.ServicesExtensions.CodeFirstServiceMethodProvider] Signature not recognized for "IIMes.Services.Runtime.Interface.IWORRepairService"."GetDefectKeyParts"; method will not be bound
15:22:30.879 +08:00 [WARNING] [1] [ProtoBuf.Grpc.Server.ServicesExtensions.CodeFirstServiceMethodProvider] Type cannot be serialized; ignoring: "System.Collections.Generic.IList`1[[IIMes.Services.Runtime.Interface.DTO.WorKeyPartsItemDTO, IIMes.Services.Runtime.Interface, Version=1.0.0.0, Culture=neutral, PublicKeyToken=null]]"
15:22:30.879 +08:00 [WARNING] [1] [ProtoBuf.Grpc.Server.ServicesExtensions.CodeFirstServiceMethodProvider] Signature not recognized for "IIMes.Services.Runtime.Interface.IWORRepairService"."GetKeyPartsHistory"; method will not be bound
15:22:30.907 +08:00 [INFORMATION] [1] [ProtoBuf.Grpc.Server.ServicesExtensions.CodeFirstServiceMethodProvider] RPC services being provided by "IIMes.Services.Runtime.Interface.IWORRepairService": 5
15:22:30.911 +08:00 [WARNING] [1] [Grpc.AspNetCore.Server.Model.Internal.ServiceRouteBuilder] No gRPC methods discovered for "IIMes.Services.Runtime.Interface.IWORDefectService".
15:22:30.913 +08:00 [WARNING] [1] [Grpc.AspNetCore.Server.Model.Internal.ServiceRouteBuilder] No gRPC methods discovered for "IIMes.Services.Runtime.Interface.IWORRepairLogDetailService".
19:44:06.740 +08:00 [ERROR] [42] [NHibernate.Util.ADOExceptionReporter] A network-related or instance-specific error occurred while establishing a connection to SQL Server. The server was not found or was not accessible. Verify that the instance name is correct and that SQL Server is configured to allow remote connections. (provider: Named Pipes Provider, error: 40 - Could not open a connection to SQL Server)
19:44:06.740 +08:00 [ERROR] [42] [NHibernate.Util.ADOExceptionReporter] 找不到网络路径。
19:44:06.794 +08:00 [ERROR] [42] [NHibernate.Util.ADOExceptionReporter] A network-related or instance-specific error occurred while establishing a connection to SQL Server. The server was not found or was not accessible. Verify that the instance name is correct and that SQL Server is configured to allow remote connections. (provider: Named Pipes Provider, error: 40 - Could not open a connection to SQL Server)
19:44:06.794 +08:00 [ERROR] [42] [NHibernate.Util.ADOExceptionReporter] 找不到网络路径。
19:44:06.798 +08:00 [ERROR] [42] [NHibernate.Util.ADOExceptionReporter] A network-related or instance-specific error occurred while establishing a connection to SQL Server. The server was not found or was not accessible. Verify that the instance name is correct and that SQL Server is configured to allow remote connections. (provider: Named Pipes Provider, error: 40 - Could not open a connection to SQL Server)
19:44:06.798 +08:00 [ERROR] [42] [NHibernate.Util.ADOExceptionReporter] 找不到网络路径。
19:44:07.015 +08:00 [ERROR] [42] [Microsoft.AspNetCore.Diagnostics.DeveloperExceptionPageMiddleware] An unhandled exception has occurred while executing the request.
NHibernate.Exceptions.GenericADOException: could not execute query
[ select symptom0_.ID as id1_57_, symptom0_.CODE as code2_57_, symptom0_.NAME as name3_57_, symptom0_.SYMPTOM_TYPE_ID as symptom4_57_, symptom0_.LEVEL_ID as level5_57_, symptom0_.DESCRIPTION as description6_57_, symptom0_.DESCRIPTION2 as description7_57_, symptom0_.EMPLOYEE_CODE as employee8_57_, symptom0_.CREATE_TIME as create9_57_, symptom0_.UPDATE_TIME as update10_57_ from S_SYMPTOM symptom0_ ]
[SQL: select symptom0_.ID as id1_57_, symptom0_.CODE as code2_57_, symptom0_.NAME as name3_57_, symptom0_.SYMPTOM_TYPE_ID as symptom4_57_, symptom0_.LEVEL_ID as level5_57_, symptom0_.DESCRIPTION as description6_57_, symptom0_.DESCRIPTION2 as description7_57_, symptom0_.EMPLOYEE_CODE as employee8_57_, symptom0_.CREATE_TIME as create9_57_, symptom0_.UPDATE_TIME as update10_57_ from S_SYMPTOM symptom0_]
 ---> System.Data.SqlClient.SqlException (0x80131904): A network-related or instance-specific error occurred while establishing a connection to SQL Server. The server was not found or was not accessible. Verify that the instance name is correct and that SQL Server is configured to allow remote connections. (provider: Named Pipes Provider, error: 40 - Could not open a connection to SQL Server)
 ---> System.ComponentModel.Win32Exception (53): 找不到网络路径。
   at System.Data.SqlClient.SqlInternalConnectionTds..ctor(DbConnectionPoolIdentity identity, SqlConnectionString connectionOptions, SqlCredential credential, Object providerInfo, String newPassword, SecureString newSecurePassword, Boolean redirectedUserInstance, SqlConnectionString userConnectionOptions, SessionData reconnectSessionData, Boolean applyTransientFaultHandling, String accessToken)
   at System.Data.SqlClient.SqlConnectionFactory.CreateConnection(DbConnectionOptions options, DbConnectionPoolKey poolKey, Object poolGroupProviderInfo, DbConnectionPool pool, DbConnection owningConnection, DbConnectionOptions userOptions)
   at System.Data.ProviderBase.DbConnectionFactory.CreatePooledConnection(DbConnectionPool pool, DbConnection owningObject, DbConnectionOptions options, DbConnectionPoolKey poolKey, DbConnectionOptions userOptions)
   at System.Data.ProviderBase.DbConnectionPool.CreateObject(DbConnection owningObject, DbConnectionOptions userOptions, DbConnectionInternal oldConnection)
   at System.Data.ProviderBase.DbConnectionPool.UserCreateRequest(DbConnection owningObject, DbConnectionOptions userOptions, DbConnectionInternal oldConnection)
   at System.Data.ProviderBase.DbConnectionPool.TryGetConnection(DbConnection owningObject, UInt32 waitForMultipleObjectsTimeout, Boolean allowCreate, Boolean onlyOneCheckConnection, DbConnectionOptions userOptions, DbConnectionInternal& connection)
   at System.Data.ProviderBase.DbConnectionPool.TryGetConnection(DbConnection owningObject, TaskCompletionSource`1 retry, DbConnectionOptions userOptions, DbConnectionInternal& connection)
   at System.Data.ProviderBase.DbConnectionFactory.TryGetConnection(DbConnection owningConnection, TaskCompletionSource`1 retry, DbConnectionOptions userOptions, DbConnectionInternal oldConnection, DbConnectionInternal& connection)
   at System.Data.ProviderBase.DbConnectionInternal.TryOpenConnectionInternal(DbConnection outerConnection, DbConnectionFactory connectionFactory, TaskCompletionSource`1 retry, DbConnectionOptions userOptions)
   at System.Data.SqlClient.SqlConnection.TryOpen(TaskCompletionSource`1 retry)
   at System.Data.SqlClient.SqlConnection.Open()
   at NHibernate.Connection.DriverConnectionProvider.GetConnection()
   at NHibernate.AdoNet.ConnectionManager.GetConnection()
   at NHibernate.AdoNet.AbstractBatcher.Prepare(DbCommand cmd)
   at NHibernate.AdoNet.AbstractBatcher.ExecuteReader(DbCommand cmd)
   at NHibernate.Loader.Loader.GetResultSet(DbCommand st, QueryParameters queryParameters, ISessionImplementor session, IResultTransformer forcedResultTransformer)
   at NHibernate.Loader.Loader.DoQuery(ISessionImplementor session, QueryParameters queryParameters, Boolean returnProxies, IResultTransformer forcedResultTransformer)
   at NHibernate.Loader.Loader.DoQueryAndInitializeNonLazyCollections(ISessionImplementor session, QueryParameters queryParameters, Boolean returnProxies, IResultTransformer forcedResultTransformer)
   at NHibernate.Loader.Loader.DoList(ISessionImplementor session, QueryParameters queryParameters, IResultTransformer forcedResultTransformer)
ClientConnectionId:00000000-0000-0000-0000-000000000000
Error Number:53,State:0,Class:20
   --- End of inner exception stack trace ---
   at NHibernate.Loader.Loader.DoList(ISessionImplementor session, QueryParameters queryParameters, IResultTransformer forcedResultTransformer)
   at NHibernate.Loader.Loader.ListIgnoreQueryCache(ISessionImplementor session, QueryParameters queryParameters)
   at NHibernate.Hql.Ast.ANTLR.QueryTranslatorImpl.List(ISessionImplementor session, QueryParameters queryParameters)
   at NHibernate.Engine.Query.HQLQueryPlan.PerformList(QueryParameters queryParameters, ISessionImplementor session, IList results)
   at NHibernate.Impl.SessionImpl.List(IQueryExpression queryExpression, QueryParameters queryParameters, IList results, Object filterConnection)
   at NHibernate.Impl.SessionImpl.List(IQueryExpression queryExpression, QueryParameters queryParameters, IList results)
   at NHibernate.Impl.AbstractSessionImpl.List(IQueryExpression queryExpression, QueryParameters parameters)
   at NHibernate.Impl.AbstractQueryImpl2.List()
   at NHibernate.Linq.DefaultQueryProvider.ExecuteQuery(NhLinqExpression nhLinqExpression, IQuery query, NhLinqExpression nhQuery)
   at NHibernate.Linq.DefaultQueryProvider.Execute(Expression expression)
   at NHibernate.Linq.DefaultQueryProvider.Execute[TResult](Expression expression)
   at Remotion.Linq.QueryableBase`1.System.Collections.IEnumerable.GetEnumerator()
   at Newtonsoft.Json.Serialization.JsonSerializerInternalWriter.SerializeList(JsonWriter writer, IEnumerable values, JsonArrayContract contract, JsonProperty member, JsonContainerContract collectionContract, JsonProperty containerProperty)
   at Newtonsoft.Json.Serialization.JsonSerializerInternalWriter.SerializeObject(JsonWriter writer, Object value, JsonObjectContract contract, JsonProperty member, JsonContainerContract collectionContract, JsonProperty containerProperty)
   at Newtonsoft.Json.Serialization.JsonSerializerInternalWriter.SerializeObject(JsonWriter writer, Object value, JsonObjectContract contract, JsonProperty member, JsonContainerContract collectionContract, JsonProperty containerProperty)
   at Newtonsoft.Json.Serialization.JsonSerializerInternalWriter.Serialize(JsonWriter jsonWriter, Object value, Type objectType)
   at Newtonsoft.Json.JsonSerializer.SerializeInternal(JsonWriter jsonWriter, Object value, Type objectType)
   at Microsoft.AspNetCore.Mvc.Formatters.NewtonsoftJsonOutputFormatter.WriteResponseBodyAsync(OutputFormatterWriteContext context, Encoding selectedEncoding)
   at Microsoft.AspNetCore.Mvc.Formatters.NewtonsoftJsonOutputFormatter.WriteResponseBodyAsync(OutputFormatterWriteContext context, Encoding selectedEncoding)
   at Microsoft.AspNetCore.Mvc.Formatters.NewtonsoftJsonOutputFormatter.WriteResponseBodyAsync(OutputFormatterWriteContext context, Encoding selectedEncoding)
   at Microsoft.AspNetCore.Mvc.Infrastructure.ResourceInvoker.<InvokeNextResultFilterAsync>g__Awaited|29_0[TFilter,TFilterAsync](ResourceInvoker invoker, Task lastTask, State next, Scope scope, Object state, Boolean isCompleted)
   at Microsoft.AspNetCore.Mvc.Infrastructure.ResourceInvoker.Rethrow(ResultExecutedContextSealed context)
   at Microsoft.AspNetCore.Mvc.Infrastructure.ResourceInvoker.ResultNext[TFilter,TFilterAsync](State& next, Scope& scope, Object& state, Boolean& isCompleted)
   at Microsoft.AspNetCore.Mvc.Infrastructure.ResourceInvoker.InvokeResultFilters()
--- End of stack trace from previous location where exception was thrown ---
   at Microsoft.AspNetCore.Mvc.Infrastructure.ResourceInvoker.<InvokeFilterPipelineAsync>g__Awaited|19_0(ResourceInvoker invoker, Task lastTask, State next, Scope scope, Object state, Boolean isCompleted)
   at Microsoft.AspNetCore.Mvc.Infrastructure.ResourceInvoker.<InvokeAsync>g__Awaited|17_0(ResourceInvoker invoker, Task task, IDisposable scope)
   at Microsoft.AspNetCore.Routing.EndpointMiddleware.<Invoke>g__AwaitRequestTask|6_0(Endpoint endpoint, Task requestTask, ILogger logger)
   at Microsoft.AspNetCore.Authorization.AuthorizationMiddleware.Invoke(HttpContext context)
   at Microsoft.AspNetCore.Diagnostics.DeveloperExceptionPageMiddleware.Invoke(HttpContext context)
19:55:46.195 +08:00 [ERROR] [21] [NHibernate.Util.ADOExceptionReporter] A network-related or instance-specific error occurred while establishing a connection to SQL Server. The server was not found or was not accessible. Verify that the instance name is correct and that SQL Server is configured to allow remote connections. (provider: Named Pipes Provider, error: 40 - Could not open a connection to SQL Server)
19:55:46.195 +08:00 [ERROR] [21] [NHibernate.Util.ADOExceptionReporter] 找不到网络路径。
19:55:46.196 +08:00 [ERROR] [21] [NHibernate.Util.ADOExceptionReporter] A network-related or instance-specific error occurred while establishing a connection to SQL Server. The server was not found or was not accessible. Verify that the instance name is correct and that SQL Server is configured to allow remote connections. (provider: Named Pipes Provider, error: 40 - Could not open a connection to SQL Server)
19:55:46.196 +08:00 [ERROR] [21] [NHibernate.Util.ADOExceptionReporter] 找不到网络路径。
19:55:46.196 +08:00 [ERROR] [21] [NHibernate.Util.ADOExceptionReporter] A network-related or instance-specific error occurred while establishing a connection to SQL Server. The server was not found or was not accessible. Verify that the instance name is correct and that SQL Server is configured to allow remote connections. (provider: Named Pipes Provider, error: 40 - Could not open a connection to SQL Server)
19:55:46.196 +08:00 [ERROR] [21] [NHibernate.Util.ADOExceptionReporter] 找不到网络路径。
19:58:57.221 +08:00 [ERROR] [40] [NHibernate.Util.ADOExceptionReporter] A network-related or instance-specific error occurred while establishing a connection to SQL Server. The server was not found or was not accessible. Verify that the instance name is correct and that SQL Server is configured to allow remote connections. (provider: Named Pipes Provider, error: 40 - Could not open a connection to SQL Server)
19:58:57.221 +08:00 [ERROR] [40] [NHibernate.Util.ADOExceptionReporter] 找不到网络路径。
19:58:57.222 +08:00 [ERROR] [40] [NHibernate.Util.ADOExceptionReporter] A network-related or instance-specific error occurred while establishing a connection to SQL Server. The server was not found or was not accessible. Verify that the instance name is correct and that SQL Server is configured to allow remote connections. (provider: Named Pipes Provider, error: 40 - Could not open a connection to SQL Server)
19:58:57.222 +08:00 [ERROR] [40] [NHibernate.Util.ADOExceptionReporter] 找不到网络路径。
19:58:57.222 +08:00 [ERROR] [40] [NHibernate.Util.ADOExceptionReporter] A network-related or instance-specific error occurred while establishing a connection to SQL Server. The server was not found or was not accessible. Verify that the instance name is correct and that SQL Server is configured to allow remote connections. (provider: Named Pipes Provider, error: 40 - Could not open a connection to SQL Server)
19:58:57.222 +08:00 [ERROR] [40] [NHibernate.Util.ADOExceptionReporter] 找不到网络路径。
19:58:57.588 +08:00 [ERROR] [40] [Microsoft.AspNetCore.Diagnostics.DeveloperExceptionPageMiddleware] An unhandled exception has occurred while executing the request.
NHibernate.Exceptions.GenericADOException: could not execute query
[ select symptom0_.ID as id1_57_, symptom0_.CODE as code2_57_, symptom0_.NAME as name3_57_, symptom0_.SYMPTOM_TYPE_ID as symptom4_57_, symptom0_.LEVEL_ID as level5_57_, symptom0_.DESCRIPTION as description6_57_, symptom0_.DESCRIPTION2 as description7_57_, symptom0_.EMPLOYEE_CODE as employee8_57_, symptom0_.CREATE_TIME as create9_57_, symptom0_.UPDATE_TIME as update10_57_ from S_SYMPTOM symptom0_ ]
[SQL: select symptom0_.ID as id1_57_, symptom0_.CODE as code2_57_, symptom0_.NAME as name3_57_, symptom0_.SYMPTOM_TYPE_ID as symptom4_57_, symptom0_.LEVEL_ID as level5_57_, symptom0_.DESCRIPTION as description6_57_, symptom0_.DESCRIPTION2 as description7_57_, symptom0_.EMPLOYEE_CODE as employee8_57_, symptom0_.CREATE_TIME as create9_57_, symptom0_.UPDATE_TIME as update10_57_ from S_SYMPTOM symptom0_]
 ---> System.Data.SqlClient.SqlException (0x80131904): A network-related or instance-specific error occurred while establishing a connection to SQL Server. The server was not found or was not accessible. Verify that the instance name is correct and that SQL Server is configured to allow remote connections. (provider: Named Pipes Provider, error: 40 - Could not open a connection to SQL Server)
 ---> System.ComponentModel.Win32Exception (53): 找不到网络路径。
   at System.Data.SqlClient.SqlInternalConnectionTds..ctor(DbConnectionPoolIdentity identity, SqlConnectionString connectionOptions, SqlCredential credential, Object providerInfo, String newPassword, SecureString newSecurePassword, Boolean redirectedUserInstance, SqlConnectionString userConnectionOptions, SessionData reconnectSessionData, Boolean applyTransientFaultHandling, String accessToken)
   at System.Data.SqlClient.SqlConnectionFactory.CreateConnection(DbConnectionOptions options, DbConnectionPoolKey poolKey, Object poolGroupProviderInfo, DbConnectionPool pool, DbConnection owningConnection, DbConnectionOptions userOptions)
   at System.Data.ProviderBase.DbConnectionFactory.CreatePooledConnection(DbConnectionPool pool, DbConnection owningObject, DbConnectionOptions options, DbConnectionPoolKey poolKey, DbConnectionOptions userOptions)
   at System.Data.ProviderBase.DbConnectionPool.CreateObject(DbConnection owningObject, DbConnectionOptions userOptions, DbConnectionInternal oldConnection)
   at System.Data.ProviderBase.DbConnectionPool.UserCreateRequest(DbConnection owningObject, DbConnectionOptions userOptions, DbConnectionInternal oldConnection)
   at System.Data.ProviderBase.DbConnectionPool.TryGetConnection(DbConnection owningObject, UInt32 waitForMultipleObjectsTimeout, Boolean allowCreate, Boolean onlyOneCheckConnection, DbConnectionOptions userOptions, DbConnectionInternal& connection)
   at System.Data.ProviderBase.DbConnectionPool.TryGetConnection(DbConnection owningObject, TaskCompletionSource`1 retry, DbConnectionOptions userOptions, DbConnectionInternal& connection)
   at System.Data.ProviderBase.DbConnectionFactory.TryGetConnection(DbConnection owningConnection, TaskCompletionSource`1 retry, DbConnectionOptions userOptions, DbConnectionInternal oldConnection, DbConnectionInternal& connection)
   at System.Data.ProviderBase.DbConnectionInternal.TryOpenConnectionInternal(DbConnection outerConnection, DbConnectionFactory connectionFactory, TaskCompletionSource`1 retry, DbConnectionOptions userOptions)
   at System.Data.SqlClient.SqlConnection.TryOpen(TaskCompletionSource`1 retry)
   at System.Data.SqlClient.SqlConnection.Open()
   at NHibernate.Connection.DriverConnectionProvider.GetConnection()
   at NHibernate.AdoNet.ConnectionManager.GetConnection()
   at NHibernate.AdoNet.AbstractBatcher.Prepare(DbCommand cmd)
   at NHibernate.AdoNet.AbstractBatcher.ExecuteReader(DbCommand cmd)
   at NHibernate.Loader.Loader.GetResultSet(DbCommand st, QueryParameters queryParameters, ISessionImplementor session, IResultTransformer forcedResultTransformer)
   at NHibernate.Loader.Loader.DoQuery(ISessionImplementor session, QueryParameters queryParameters, Boolean returnProxies, IResultTransformer forcedResultTransformer)
   at NHibernate.Loader.Loader.DoQueryAndInitializeNonLazyCollections(ISessionImplementor session, QueryParameters queryParameters, Boolean returnProxies, IResultTransformer forcedResultTransformer)
   at NHibernate.Loader.Loader.DoList(ISessionImplementor session, QueryParameters queryParameters, IResultTransformer forcedResultTransformer)
ClientConnectionId:00000000-0000-0000-0000-000000000000
Error Number:53,State:0,Class:20
   --- End of inner exception stack trace ---
   at NHibernate.Loader.Loader.DoList(ISessionImplementor session, QueryParameters queryParameters, IResultTransformer forcedResultTransformer)
   at NHibernate.Loader.Loader.ListIgnoreQueryCache(ISessionImplementor session, QueryParameters queryParameters)
   at NHibernate.Hql.Ast.ANTLR.QueryTranslatorImpl.List(ISessionImplementor session, QueryParameters queryParameters)
   at NHibernate.Engine.Query.HQLQueryPlan.PerformList(QueryParameters queryParameters, ISessionImplementor session, IList results)
   at NHibernate.Impl.SessionImpl.List(IQueryExpression queryExpression, QueryParameters queryParameters, IList results, Object filterConnection)
   at NHibernate.Impl.SessionImpl.List(IQueryExpression queryExpression, QueryParameters queryParameters, IList results)
   at NHibernate.Impl.AbstractSessionImpl.List(IQueryExpression queryExpression, QueryParameters parameters)
   at NHibernate.Impl.AbstractQueryImpl2.List()
   at NHibernate.Linq.DefaultQueryProvider.ExecuteQuery(NhLinqExpression nhLinqExpression, IQuery query, NhLinqExpression nhQuery)
   at NHibernate.Linq.DefaultQueryProvider.Execute(Expression expression)
   at NHibernate.Linq.DefaultQueryProvider.Execute[TResult](Expression expression)
   at Remotion.Linq.QueryableBase`1.System.Collections.IEnumerable.GetEnumerator()
   at Newtonsoft.Json.Serialization.JsonSerializerInternalWriter.SerializeList(JsonWriter writer, IEnumerable values, JsonArrayContract contract, JsonProperty member, JsonContainerContract collectionContract, JsonProperty containerProperty)
   at Newtonsoft.Json.Serialization.JsonSerializerInternalWriter.SerializeObject(JsonWriter writer, Object value, JsonObjectContract contract, JsonProperty member, JsonContainerContract collectionContract, JsonProperty containerProperty)
   at Newtonsoft.Json.Serialization.JsonSerializerInternalWriter.SerializeObject(JsonWriter writer, Object value, JsonObjectContract contract, JsonProperty member, JsonContainerContract collectionContract, JsonProperty containerProperty)
   at Newtonsoft.Json.Serialization.JsonSerializerInternalWriter.Serialize(JsonWriter jsonWriter, Object value, Type objectType)
   at Newtonsoft.Json.JsonSerializer.SerializeInternal(JsonWriter jsonWriter, Object value, Type objectType)
   at Microsoft.AspNetCore.Mvc.Formatters.NewtonsoftJsonOutputFormatter.WriteResponseBodyAsync(OutputFormatterWriteContext context, Encoding selectedEncoding)
   at Microsoft.AspNetCore.Mvc.Formatters.NewtonsoftJsonOutputFormatter.WriteResponseBodyAsync(OutputFormatterWriteContext context, Encoding selectedEncoding)
   at Microsoft.AspNetCore.Mvc.Formatters.NewtonsoftJsonOutputFormatter.WriteResponseBodyAsync(OutputFormatterWriteContext context, Encoding selectedEncoding)
   at Microsoft.AspNetCore.Mvc.Infrastructure.ResourceInvoker.<InvokeNextResultFilterAsync>g__Awaited|29_0[TFilter,TFilterAsync](ResourceInvoker invoker, Task lastTask, State next, Scope scope, Object state, Boolean isCompleted)
   at Microsoft.AspNetCore.Mvc.Infrastructure.ResourceInvoker.Rethrow(ResultExecutedContextSealed context)
   at Microsoft.AspNetCore.Mvc.Infrastructure.ResourceInvoker.ResultNext[TFilter,TFilterAsync](State& next, Scope& scope, Object& state, Boolean& isCompleted)
   at Microsoft.AspNetCore.Mvc.Infrastructure.ResourceInvoker.InvokeResultFilters()
--- End of stack trace from previous location where exception was thrown ---
   at Microsoft.AspNetCore.Mvc.Infrastructure.ResourceInvoker.<InvokeFilterPipelineAsync>g__Awaited|19_0(ResourceInvoker invoker, Task lastTask, State next, Scope scope, Object state, Boolean isCompleted)
   at Microsoft.AspNetCore.Mvc.Infrastructure.ResourceInvoker.<InvokeAsync>g__Awaited|17_0(ResourceInvoker invoker, Task task, IDisposable scope)
   at Microsoft.AspNetCore.Routing.EndpointMiddleware.<Invoke>g__AwaitRequestTask|6_0(Endpoint endpoint, Task requestTask, ILogger logger)
   at Microsoft.AspNetCore.Authorization.AuthorizationMiddleware.Invoke(HttpContext context)
   at Microsoft.AspNetCore.Diagnostics.DeveloperExceptionPageMiddleware.Invoke(HttpContext context)
20:00:50.821 +08:00 [ERROR] [21] [NHibernate.Util.ADOExceptionReporter] A network-related or instance-specific error occurred while establishing a connection to SQL Server. The server was not found or was not accessible. Verify that the instance name is correct and that SQL Server is configured to allow remote connections. (provider: Named Pipes Provider, error: 40 - Could not open a connection to SQL Server)
20:00:50.822 +08:00 [ERROR] [21] [NHibernate.Util.ADOExceptionReporter] 找不到网络路径。
20:00:50.822 +08:00 [ERROR] [21] [NHibernate.Util.ADOExceptionReporter] A network-related or instance-specific error occurred while establishing a connection to SQL Server. The server was not found or was not accessible. Verify that the instance name is correct and that SQL Server is configured to allow remote connections. (provider: Named Pipes Provider, error: 40 - Could not open a connection to SQL Server)
20:00:50.822 +08:00 [ERROR] [21] [NHibernate.Util.ADOExceptionReporter] 找不到网络路径。
20:00:50.822 +08:00 [ERROR] [21] [NHibernate.Util.ADOExceptionReporter] A network-related or instance-specific error occurred while establishing a connection to SQL Server. The server was not found or was not accessible. Verify that the instance name is correct and that SQL Server is configured to allow remote connections. (provider: Named Pipes Provider, error: 40 - Could not open a connection to SQL Server)
20:00:50.822 +08:00 [ERROR] [21] [NHibernate.Util.ADOExceptionReporter] 找不到网络路径。
20:00:50.825 +08:00 [ERROR] [21] [Microsoft.AspNetCore.Diagnostics.DeveloperExceptionPageMiddleware] An unhandled exception has occurred while executing the request.
NHibernate.Exceptions.GenericADOException: could not execute query
[ select symptom0_.ID as id1_57_, symptom0_.CODE as code2_57_, symptom0_.NAME as name3_57_, symptom0_.SYMPTOM_TYPE_ID as symptom4_57_, symptom0_.LEVEL_ID as level5_57_, symptom0_.DESCRIPTION as description6_57_, symptom0_.DESCRIPTION2 as description7_57_, symptom0_.EMPLOYEE_CODE as employee8_57_, symptom0_.CREATE_TIME as create9_57_, symptom0_.UPDATE_TIME as update10_57_ from S_SYMPTOM symptom0_ ]
[SQL: select symptom0_.ID as id1_57_, symptom0_.CODE as code2_57_, symptom0_.NAME as name3_57_, symptom0_.SYMPTOM_TYPE_ID as symptom4_57_, symptom0_.LEVEL_ID as level5_57_, symptom0_.DESCRIPTION as description6_57_, symptom0_.DESCRIPTION2 as description7_57_, symptom0_.EMPLOYEE_CODE as employee8_57_, symptom0_.CREATE_TIME as create9_57_, symptom0_.UPDATE_TIME as update10_57_ from S_SYMPTOM symptom0_]
 ---> System.Data.SqlClient.SqlException (0x80131904): A network-related or instance-specific error occurred while establishing a connection to SQL Server. The server was not found or was not accessible. Verify that the instance name is correct and that SQL Server is configured to allow remote connections. (provider: Named Pipes Provider, error: 40 - Could not open a connection to SQL Server)
 ---> System.ComponentModel.Win32Exception (53): 找不到网络路径。
   at System.Data.SqlClient.SqlInternalConnectionTds..ctor(DbConnectionPoolIdentity identity, SqlConnectionString connectionOptions, SqlCredential credential, Object providerInfo, String newPassword, SecureString newSecurePassword, Boolean redirectedUserInstance, SqlConnectionString userConnectionOptions, SessionData reconnectSessionData, Boolean applyTransientFaultHandling, String accessToken)
   at System.Data.SqlClient.SqlConnectionFactory.CreateConnection(DbConnectionOptions options, DbConnectionPoolKey poolKey, Object poolGroupProviderInfo, DbConnectionPool pool, DbConnection owningConnection, DbConnectionOptions userOptions)
   at System.Data.ProviderBase.DbConnectionFactory.CreatePooledConnection(DbConnectionPool pool, DbConnection owningObject, DbConnectionOptions options, DbConnectionPoolKey poolKey, DbConnectionOptions userOptions)
   at System.Data.ProviderBase.DbConnectionPool.CreateObject(DbConnection owningObject, DbConnectionOptions userOptions, DbConnectionInternal oldConnection)
   at System.Data.ProviderBase.DbConnectionPool.UserCreateRequest(DbConnection owningObject, DbConnectionOptions userOptions, DbConnectionInternal oldConnection)
   at System.Data.ProviderBase.DbConnectionPool.TryGetConnection(DbConnection owningObject, UInt32 waitForMultipleObjectsTimeout, Boolean allowCreate, Boolean onlyOneCheckConnection, DbConnectionOptions userOptions, DbConnectionInternal& connection)
   at System.Data.ProviderBase.DbConnectionPool.TryGetConnection(DbConnection owningObject, TaskCompletionSource`1 retry, DbConnectionOptions userOptions, DbConnectionInternal& connection)
   at System.Data.ProviderBase.DbConnectionFactory.TryGetConnection(DbConnection owningConnection, TaskCompletionSource`1 retry, DbConnectionOptions userOptions, DbConnectionInternal oldConnection, DbConnectionInternal& connection)
   at System.Data.ProviderBase.DbConnectionInternal.TryOpenConnectionInternal(DbConnection outerConnection, DbConnectionFactory connectionFactory, TaskCompletionSource`1 retry, DbConnectionOptions userOptions)
   at System.Data.SqlClient.SqlConnection.TryOpen(TaskCompletionSource`1 retry)
   at System.Data.SqlClient.SqlConnection.Open()
   at NHibernate.Connection.DriverConnectionProvider.GetConnection()
   at NHibernate.AdoNet.ConnectionManager.GetConnection()
   at NHibernate.AdoNet.AbstractBatcher.Prepare(DbCommand cmd)
   at NHibernate.AdoNet.AbstractBatcher.ExecuteReader(DbCommand cmd)
   at NHibernate.Loader.Loader.GetResultSet(DbCommand st, QueryParameters queryParameters, ISessionImplementor session, IResultTransformer forcedResultTransformer)
   at NHibernate.Loader.Loader.DoQuery(ISessionImplementor session, QueryParameters queryParameters, Boolean returnProxies, IResultTransformer forcedResultTransformer)
   at NHibernate.Loader.Loader.DoQueryAndInitializeNonLazyCollections(ISessionImplementor session, QueryParameters queryParameters, Boolean returnProxies, IResultTransformer forcedResultTransformer)
   at NHibernate.Loader.Loader.DoList(ISessionImplementor session, QueryParameters queryParameters, IResultTransformer forcedResultTransformer)
ClientConnectionId:00000000-0000-0000-0000-000000000000
Error Number:53,State:0,Class:20
   --- End of inner exception stack trace ---
   at NHibernate.Loader.Loader.DoList(ISessionImplementor session, QueryParameters queryParameters, IResultTransformer forcedResultTransformer)
   at NHibernate.Loader.Loader.ListIgnoreQueryCache(ISessionImplementor session, QueryParameters queryParameters)
   at NHibernate.Hql.Ast.ANTLR.QueryTranslatorImpl.List(ISessionImplementor session, QueryParameters queryParameters)
   at NHibernate.Engine.Query.HQLQueryPlan.PerformList(QueryParameters queryParameters, ISessionImplementor session, IList results)
   at NHibernate.Impl.SessionImpl.List(IQueryExpression queryExpression, QueryParameters queryParameters, IList results, Object filterConnection)
   at NHibernate.Impl.SessionImpl.List(IQueryExpression queryExpression, QueryParameters queryParameters, IList results)
   at NHibernate.Impl.AbstractSessionImpl.List(IQueryExpression queryExpression, QueryParameters parameters)
   at NHibernate.Impl.AbstractQueryImpl2.List()
   at NHibernate.Linq.DefaultQueryProvider.ExecuteQuery(NhLinqExpression nhLinqExpression, IQuery query, NhLinqExpression nhQuery)
   at NHibernate.Linq.DefaultQueryProvider.Execute(Expression expression)
   at NHibernate.Linq.DefaultQueryProvider.Execute[TResult](Expression expression)
   at Remotion.Linq.QueryableBase`1.System.Collections.IEnumerable.GetEnumerator()
   at Newtonsoft.Json.Serialization.JsonSerializerInternalWriter.SerializeList(JsonWriter writer, IEnumerable values, JsonArrayContract contract, JsonProperty member, JsonContainerContract collectionContract, JsonProperty containerProperty)
   at Newtonsoft.Json.Serialization.JsonSerializerInternalWriter.SerializeObject(JsonWriter writer, Object value, JsonObjectContract contract, JsonProperty member, JsonContainerContract collectionContract, JsonProperty containerProperty)
   at Newtonsoft.Json.Serialization.JsonSerializerInternalWriter.SerializeObject(JsonWriter writer, Object value, JsonObjectContract contract, JsonProperty member, JsonContainerContract collectionContract, JsonProperty containerProperty)
   at Newtonsoft.Json.Serialization.JsonSerializerInternalWriter.Serialize(JsonWriter jsonWriter, Object value, Type objectType)
   at Newtonsoft.Json.JsonSerializer.SerializeInternal(JsonWriter jsonWriter, Object value, Type objectType)
   at Microsoft.AspNetCore.Mvc.Formatters.NewtonsoftJsonOutputFormatter.WriteResponseBodyAsync(OutputFormatterWriteContext context, Encoding selectedEncoding)
   at Microsoft.AspNetCore.Mvc.Formatters.NewtonsoftJsonOutputFormatter.WriteResponseBodyAsync(OutputFormatterWriteContext context, Encoding selectedEncoding)
   at Microsoft.AspNetCore.Mvc.Formatters.NewtonsoftJsonOutputFormatter.WriteResponseBodyAsync(OutputFormatterWriteContext context, Encoding selectedEncoding)
   at Microsoft.AspNetCore.Mvc.Infrastructure.ResourceInvoker.<InvokeNextResultFilterAsync>g__Awaited|29_0[TFilter,TFilterAsync](ResourceInvoker invoker, Task lastTask, State next, Scope scope, Object state, Boolean isCompleted)
   at Microsoft.AspNetCore.Mvc.Infrastructure.ResourceInvoker.Rethrow(ResultExecutedContextSealed context)
   at Microsoft.AspNetCore.Mvc.Infrastructure.ResourceInvoker.ResultNext[TFilter,TFilterAsync](State& next, Scope& scope, Object& state, Boolean& isCompleted)
   at Microsoft.AspNetCore.Mvc.Infrastructure.ResourceInvoker.InvokeResultFilters()
--- End of stack trace from previous location where exception was thrown ---
   at Microsoft.AspNetCore.Mvc.Infrastructure.ResourceInvoker.<InvokeFilterPipelineAsync>g__Awaited|19_0(ResourceInvoker invoker, Task lastTask, State next, Scope scope, Object state, Boolean isCompleted)
   at Microsoft.AspNetCore.Mvc.Infrastructure.ResourceInvoker.<InvokeAsync>g__Awaited|17_0(ResourceInvoker invoker, Task task, IDisposable scope)
   at Microsoft.AspNetCore.Routing.EndpointMiddleware.<Invoke>g__AwaitRequestTask|6_0(Endpoint endpoint, Task requestTask, ILogger logger)
   at Microsoft.AspNetCore.Authorization.AuthorizationMiddleware.Invoke(HttpContext context)
   at Microsoft.AspNetCore.Diagnostics.DeveloperExceptionPageMiddleware.Invoke(HttpContext context)
20:03:24.887 +08:00 [ERROR] [40] [NHibernate.Util.ADOExceptionReporter] A network-related or instance-specific error occurred while establishing a connection to SQL Server. The server was not found or was not accessible. Verify that the instance name is correct and that SQL Server is configured to allow remote connections. (provider: Named Pipes Provider, error: 40 - Could not open a connection to SQL Server)
20:03:24.888 +08:00 [ERROR] [40] [NHibernate.Util.ADOExceptionReporter] 找不到网络路径。
20:03:24.888 +08:00 [ERROR] [40] [NHibernate.Util.ADOExceptionReporter] A network-related or instance-specific error occurred while establishing a connection to SQL Server. The server was not found or was not accessible. Verify that the instance name is correct and that SQL Server is configured to allow remote connections. (provider: Named Pipes Provider, error: 40 - Could not open a connection to SQL Server)
20:03:24.888 +08:00 [ERROR] [40] [NHibernate.Util.ADOExceptionReporter] 找不到网络路径。
20:03:24.888 +08:00 [ERROR] [40] [NHibernate.Util.ADOExceptionReporter] A network-related or instance-specific error occurred while establishing a connection to SQL Server. The server was not found or was not accessible. Verify that the instance name is correct and that SQL Server is configured to allow remote connections. (provider: Named Pipes Provider, error: 40 - Could not open a connection to SQL Server)
20:03:24.888 +08:00 [ERROR] [40] [NHibernate.Util.ADOExceptionReporter] 找不到网络路径。
20:03:24.892 +08:00 [ERROR] [40] [Microsoft.AspNetCore.Diagnostics.DeveloperExceptionPageMiddleware] An unhandled exception has occurred while executing the request.
NHibernate.Exceptions.GenericADOException: could not execute query
[ select symptom0_.ID as id1_57_, symptom0_.CODE as code2_57_, symptom0_.NAME as name3_57_, symptom0_.SYMPTOM_TYPE_ID as symptom4_57_, symptom0_.LEVEL_ID as level5_57_, symptom0_.DESCRIPTION as description6_57_, symptom0_.DESCRIPTION2 as description7_57_, symptom0_.EMPLOYEE_CODE as employee8_57_, symptom0_.CREATE_TIME as create9_57_, symptom0_.UPDATE_TIME as update10_57_ from S_SYMPTOM symptom0_ ]
[SQL: select symptom0_.ID as id1_57_, symptom0_.CODE as code2_57_, symptom0_.NAME as name3_57_, symptom0_.SYMPTOM_TYPE_ID as symptom4_57_, symptom0_.LEVEL_ID as level5_57_, symptom0_.DESCRIPTION as description6_57_, symptom0_.DESCRIPTION2 as description7_57_, symptom0_.EMPLOYEE_CODE as employee8_57_, symptom0_.CREATE_TIME as create9_57_, symptom0_.UPDATE_TIME as update10_57_ from S_SYMPTOM symptom0_]
 ---> System.Data.SqlClient.SqlException (0x80131904): A network-related or instance-specific error occurred while establishing a connection to SQL Server. The server was not found or was not accessible. Verify that the instance name is correct and that SQL Server is configured to allow remote connections. (provider: Named Pipes Provider, error: 40 - Could not open a connection to SQL Server)
 ---> System.ComponentModel.Win32Exception (53): 找不到网络路径。
   at System.Data.SqlClient.SqlInternalConnectionTds..ctor(DbConnectionPoolIdentity identity, SqlConnectionString connectionOptions, SqlCredential credential, Object providerInfo, String newPassword, SecureString newSecurePassword, Boolean redirectedUserInstance, SqlConnectionString userConnectionOptions, SessionData reconnectSessionData, Boolean applyTransientFaultHandling, String accessToken)
   at System.Data.SqlClient.SqlConnectionFactory.CreateConnection(DbConnectionOptions options, DbConnectionPoolKey poolKey, Object poolGroupProviderInfo, DbConnectionPool pool, DbConnection owningConnection, DbConnectionOptions userOptions)
   at System.Data.ProviderBase.DbConnectionFactory.CreatePooledConnection(DbConnectionPool pool, DbConnection owningObject, DbConnectionOptions options, DbConnectionPoolKey poolKey, DbConnectionOptions userOptions)
   at System.Data.ProviderBase.DbConnectionPool.CreateObject(DbConnection owningObject, DbConnectionOptions userOptions, DbConnectionInternal oldConnection)
   at System.Data.ProviderBase.DbConnectionPool.UserCreateRequest(DbConnection owningObject, DbConnectionOptions userOptions, DbConnectionInternal oldConnection)
   at System.Data.ProviderBase.DbConnectionPool.TryGetConnection(DbConnection owningObject, UInt32 waitForMultipleObjectsTimeout, Boolean allowCreate, Boolean onlyOneCheckConnection, DbConnectionOptions userOptions, DbConnectionInternal& connection)
   at System.Data.ProviderBase.DbConnectionPool.TryGetConnection(DbConnection owningObject, TaskCompletionSource`1 retry, DbConnectionOptions userOptions, DbConnectionInternal& connection)
   at System.Data.ProviderBase.DbConnectionFactory.TryGetConnection(DbConnection owningConnection, TaskCompletionSource`1 retry, DbConnectionOptions userOptions, DbConnectionInternal oldConnection, DbConnectionInternal& connection)
   at System.Data.ProviderBase.DbConnectionInternal.TryOpenConnectionInternal(DbConnection outerConnection, DbConnectionFactory connectionFactory, TaskCompletionSource`1 retry, DbConnectionOptions userOptions)
   at System.Data.SqlClient.SqlConnection.TryOpen(TaskCompletionSource`1 retry)
   at System.Data.SqlClient.SqlConnection.Open()
   at NHibernate.Connection.DriverConnectionProvider.GetConnection()
   at NHibernate.AdoNet.ConnectionManager.GetConnection()
   at NHibernate.AdoNet.AbstractBatcher.Prepare(DbCommand cmd)
   at NHibernate.AdoNet.AbstractBatcher.ExecuteReader(DbCommand cmd)
   at NHibernate.Loader.Loader.GetResultSet(DbCommand st, QueryParameters queryParameters, ISessionImplementor session, IResultTransformer forcedResultTransformer)
   at NHibernate.Loader.Loader.DoQuery(ISessionImplementor session, QueryParameters queryParameters, Boolean returnProxies, IResultTransformer forcedResultTransformer)
   at NHibernate.Loader.Loader.DoQueryAndInitializeNonLazyCollections(ISessionImplementor session, QueryParameters queryParameters, Boolean returnProxies, IResultTransformer forcedResultTransformer)
   at NHibernate.Loader.Loader.DoList(ISessionImplementor session, QueryParameters queryParameters, IResultTransformer forcedResultTransformer)
ClientConnectionId:00000000-0000-0000-0000-000000000000
Error Number:53,State:0,Class:20
   --- End of inner exception stack trace ---
   at NHibernate.Loader.Loader.DoList(ISessionImplementor session, QueryParameters queryParameters, IResultTransformer forcedResultTransformer)
   at NHibernate.Loader.Loader.ListIgnoreQueryCache(ISessionImplementor session, QueryParameters queryParameters)
   at NHibernate.Hql.Ast.ANTLR.QueryTranslatorImpl.List(ISessionImplementor session, QueryParameters queryParameters)
   at NHibernate.Engine.Query.HQLQueryPlan.PerformList(QueryParameters queryParameters, ISessionImplementor session, IList results)
   at NHibernate.Impl.SessionImpl.List(IQueryExpression queryExpression, QueryParameters queryParameters, IList results, Object filterConnection)
   at NHibernate.Impl.SessionImpl.List(IQueryExpression queryExpression, QueryParameters queryParameters, IList results)
   at NHibernate.Impl.AbstractSessionImpl.List(IQueryExpression queryExpression, QueryParameters parameters)
   at NHibernate.Impl.AbstractQueryImpl2.List()
   at NHibernate.Linq.DefaultQueryProvider.ExecuteQuery(NhLinqExpression nhLinqExpression, IQuery query, NhLinqExpression nhQuery)
   at NHibernate.Linq.DefaultQueryProvider.Execute(Expression expression)
   at NHibernate.Linq.DefaultQueryProvider.Execute[TResult](Expression expression)
   at Remotion.Linq.QueryableBase`1.System.Collections.IEnumerable.GetEnumerator()
   at Newtonsoft.Json.Serialization.JsonSerializerInternalWriter.SerializeList(JsonWriter writer, IEnumerable values, JsonArrayContract contract, JsonProperty member, JsonContainerContract collectionContract, JsonProperty containerProperty)
   at Newtonsoft.Json.Serialization.JsonSerializerInternalWriter.SerializeObject(JsonWriter writer, Object value, JsonObjectContract contract, JsonProperty member, JsonContainerContract collectionContract, JsonProperty containerProperty)
   at Newtonsoft.Json.Serialization.JsonSerializerInternalWriter.SerializeObject(JsonWriter writer, Object value, JsonObjectContract contract, JsonProperty member, JsonContainerContract collectionContract, JsonProperty containerProperty)
   at Newtonsoft.Json.Serialization.JsonSerializerInternalWriter.Serialize(JsonWriter jsonWriter, Object value, Type objectType)
   at Newtonsoft.Json.JsonSerializer.SerializeInternal(JsonWriter jsonWriter, Object value, Type objectType)
   at Microsoft.AspNetCore.Mvc.Formatters.NewtonsoftJsonOutputFormatter.WriteResponseBodyAsync(OutputFormatterWriteContext context, Encoding selectedEncoding)
   at Microsoft.AspNetCore.Mvc.Formatters.NewtonsoftJsonOutputFormatter.WriteResponseBodyAsync(OutputFormatterWriteContext context, Encoding selectedEncoding)
   at Microsoft.AspNetCore.Mvc.Formatters.NewtonsoftJsonOutputFormatter.WriteResponseBodyAsync(OutputFormatterWriteContext context, Encoding selectedEncoding)
   at Microsoft.AspNetCore.Mvc.Infrastructure.ResourceInvoker.<InvokeNextResultFilterAsync>g__Awaited|29_0[TFilter,TFilterAsync](ResourceInvoker invoker, Task lastTask, State next, Scope scope, Object state, Boolean isCompleted)
   at Microsoft.AspNetCore.Mvc.Infrastructure.ResourceInvoker.Rethrow(ResultExecutedContextSealed context)
   at Microsoft.AspNetCore.Mvc.Infrastructure.ResourceInvoker.ResultNext[TFilter,TFilterAsync](State& next, Scope& scope, Object& state, Boolean& isCompleted)
   at Microsoft.AspNetCore.Mvc.Infrastructure.ResourceInvoker.InvokeResultFilters()
--- End of stack trace from previous location where exception was thrown ---
   at Microsoft.AspNetCore.Mvc.Infrastructure.ResourceInvoker.<InvokeFilterPipelineAsync>g__Awaited|19_0(ResourceInvoker invoker, Task lastTask, State next, Scope scope, Object state, Boolean isCompleted)
   at Microsoft.AspNetCore.Mvc.Infrastructure.ResourceInvoker.<InvokeAsync>g__Awaited|17_0(ResourceInvoker invoker, Task task, IDisposable scope)
   at Microsoft.AspNetCore.Routing.EndpointMiddleware.<Invoke>g__AwaitRequestTask|6_0(Endpoint endpoint, Task requestTask, ILogger logger)
   at Microsoft.AspNetCore.Authorization.AuthorizationMiddleware.Invoke(HttpContext context)
   at Microsoft.AspNetCore.Diagnostics.DeveloperExceptionPageMiddleware.Invoke(HttpContext context)
20:11:46.817 +08:00 [ERROR] [13] [NHibernate.Util.ADOExceptionReporter] A network-related or instance-specific error occurred while establishing a connection to SQL Server. The server was not found or was not accessible. Verify that the instance name is correct and that SQL Server is configured to allow remote connections. (provider: Named Pipes Provider, error: 40 - Could not open a connection to SQL Server)
20:11:46.818 +08:00 [ERROR] [13] [NHibernate.Util.ADOExceptionReporter] 找不到网络路径。
20:11:46.819 +08:00 [ERROR] [13] [NHibernate.Util.ADOExceptionReporter] A network-related or instance-specific error occurred while establishing a connection to SQL Server. The server was not found or was not accessible. Verify that the instance name is correct and that SQL Server is configured to allow remote connections. (provider: Named Pipes Provider, error: 40 - Could not open a connection to SQL Server)
20:11:46.819 +08:00 [ERROR] [13] [NHibernate.Util.ADOExceptionReporter] 找不到网络路径。
20:11:46.819 +08:00 [ERROR] [13] [NHibernate.Util.ADOExceptionReporter] A network-related or instance-specific error occurred while establishing a connection to SQL Server. The server was not found or was not accessible. Verify that the instance name is correct and that SQL Server is configured to allow remote connections. (provider: Named Pipes Provider, error: 40 - Could not open a connection to SQL Server)
20:11:46.819 +08:00 [ERROR] [13] [NHibernate.Util.ADOExceptionReporter] 找不到网络路径。
20:11:46.864 +08:00 [ERROR] [13] [Microsoft.AspNetCore.Diagnostics.DeveloperExceptionPageMiddleware] An unhandled exception has occurred while executing the request.
NHibernate.Exceptions.GenericADOException: could not execute query
[ select symptom0_.ID as id1_57_, symptom0_.CODE as code2_57_, symptom0_.NAME as name3_57_, symptom0_.SYMPTOM_TYPE_ID as symptom4_57_, symptom0_.LEVEL_ID as level5_57_, symptom0_.DESCRIPTION as description6_57_, symptom0_.DESCRIPTION2 as description7_57_, symptom0_.EMPLOYEE_CODE as employee8_57_, symptom0_.CREATE_TIME as create9_57_, symptom0_.UPDATE_TIME as update10_57_ from S_SYMPTOM symptom0_ ]
[SQL: select symptom0_.ID as id1_57_, symptom0_.CODE as code2_57_, symptom0_.NAME as name3_57_, symptom0_.SYMPTOM_TYPE_ID as symptom4_57_, symptom0_.LEVEL_ID as level5_57_, symptom0_.DESCRIPTION as description6_57_, symptom0_.DESCRIPTION2 as description7_57_, symptom0_.EMPLOYEE_CODE as employee8_57_, symptom0_.CREATE_TIME as create9_57_, symptom0_.UPDATE_TIME as update10_57_ from S_SYMPTOM symptom0_]
 ---> System.Data.SqlClient.SqlException (0x80131904): A network-related or instance-specific error occurred while establishing a connection to SQL Server. The server was not found or was not accessible. Verify that the instance name is correct and that SQL Server is configured to allow remote connections. (provider: Named Pipes Provider, error: 40 - Could not open a connection to SQL Server)
 ---> System.ComponentModel.Win32Exception (53): 找不到网络路径。
   at System.Data.ProviderBase.DbConnectionPool.TryGetConnection(DbConnection owningObject, UInt32 waitForMultipleObjectsTimeout, Boolean allowCreate, Boolean onlyOneCheckConnection, DbConnectionOptions userOptions, DbConnectionInternal& connection)
   at System.Data.ProviderBase.DbConnectionPool.TryGetConnection(DbConnection owningObject, TaskCompletionSource`1 retry, DbConnectionOptions userOptions, DbConnectionInternal& connection)
   at System.Data.ProviderBase.DbConnectionFactory.TryGetConnection(DbConnection owningConnection, TaskCompletionSource`1 retry, DbConnectionOptions userOptions, DbConnectionInternal oldConnection, DbConnectionInternal& connection)
   at System.Data.ProviderBase.DbConnectionInternal.TryOpenConnectionInternal(DbConnection outerConnection, DbConnectionFactory connectionFactory, TaskCompletionSource`1 retry, DbConnectionOptions userOptions)
   at System.Data.SqlClient.SqlConnection.TryOpen(TaskCompletionSource`1 retry)
   at System.Data.SqlClient.SqlConnection.Open()
   at NHibernate.Connection.DriverConnectionProvider.GetConnection()
   at NHibernate.AdoNet.ConnectionManager.GetConnection()
   at NHibernate.AdoNet.AbstractBatcher.Prepare(DbCommand cmd)
   at NHibernate.AdoNet.AbstractBatcher.ExecuteReader(DbCommand cmd)
   at NHibernate.Loader.Loader.GetResultSet(DbCommand st, QueryParameters queryParameters, ISessionImplementor session, IResultTransformer forcedResultTransformer)
   at NHibernate.Loader.Loader.DoQuery(ISessionImplementor session, QueryParameters queryParameters, Boolean returnProxies, IResultTransformer forcedResultTransformer)
   at NHibernate.Loader.Loader.DoQueryAndInitializeNonLazyCollections(ISessionImplementor session, QueryParameters queryParameters, Boolean returnProxies, IResultTransformer forcedResultTransformer)
   at NHibernate.Loader.Loader.DoList(ISessionImplementor session, QueryParameters queryParameters, IResultTransformer forcedResultTransformer)
ClientConnectionId:00000000-0000-0000-0000-000000000000
Error Number:53,State:0,Class:20
   --- End of inner exception stack trace ---
   at NHibernate.Loader.Loader.DoList(ISessionImplementor session, QueryParameters queryParameters, IResultTransformer forcedResultTransformer)
   at NHibernate.Loader.Loader.ListIgnoreQueryCache(ISessionImplementor session, QueryParameters queryParameters)
   at NHibernate.Hql.Ast.ANTLR.QueryTranslatorImpl.List(ISessionImplementor session, QueryParameters queryParameters)
   at NHibernate.Engine.Query.HQLQueryPlan.PerformList(QueryParameters queryParameters, ISessionImplementor session, IList results)
   at NHibernate.Impl.SessionImpl.List(IQueryExpression queryExpression, QueryParameters queryParameters, IList results, Object filterConnection)
   at NHibernate.Impl.SessionImpl.List(IQueryExpression queryExpression, QueryParameters queryParameters, IList results)
   at NHibernate.Impl.AbstractSessionImpl.List(IQueryExpression queryExpression, QueryParameters parameters)
   at NHibernate.Impl.AbstractQueryImpl2.List()
   at NHibernate.Linq.DefaultQueryProvider.ExecuteQuery(NhLinqExpression nhLinqExpression, IQuery query, NhLinqExpression nhQuery)
   at NHibernate.Linq.DefaultQueryProvider.Execute(Expression expression)
   at NHibernate.Linq.DefaultQueryProvider.Execute[TResult](Expression expression)
   at Remotion.Linq.QueryableBase`1.System.Collections.IEnumerable.GetEnumerator()
   at Newtonsoft.Json.Serialization.JsonSerializerInternalWriter.SerializeList(JsonWriter writer, IEnumerable values, JsonArrayContract contract, JsonProperty member, JsonContainerContract collectionContract, JsonProperty containerProperty)
   at Newtonsoft.Json.Serialization.JsonSerializerInternalWriter.SerializeObject(JsonWriter writer, Object value, JsonObjectContract contract, JsonProperty member, JsonContainerContract collectionContract, JsonProperty containerProperty)
   at Newtonsoft.Json.Serialization.JsonSerializerInternalWriter.SerializeObject(JsonWriter writer, Object value, JsonObjectContract contract, JsonProperty member, JsonContainerContract collectionContract, JsonProperty containerProperty)
   at Newtonsoft.Json.Serialization.JsonSerializerInternalWriter.Serialize(JsonWriter jsonWriter, Object value, Type objectType)
   at Newtonsoft.Json.JsonSerializer.SerializeInternal(JsonWriter jsonWriter, Object value, Type objectType)
   at Microsoft.AspNetCore.Mvc.Formatters.NewtonsoftJsonOutputFormatter.WriteResponseBodyAsync(OutputFormatterWriteContext context, Encoding selectedEncoding)
   at Microsoft.AspNetCore.Mvc.Formatters.NewtonsoftJsonOutputFormatter.WriteResponseBodyAsync(OutputFormatterWriteContext context, Encoding selectedEncoding)
   at Microsoft.AspNetCore.Mvc.Formatters.NewtonsoftJsonOutputFormatter.WriteResponseBodyAsync(OutputFormatterWriteContext context, Encoding selectedEncoding)
   at Microsoft.AspNetCore.Mvc.Infrastructure.ResourceInvoker.<InvokeNextResultFilterAsync>g__Awaited|29_0[TFilter,TFilterAsync](ResourceInvoker invoker, Task lastTask, State next, Scope scope, Object state, Boolean isCompleted)
   at Microsoft.AspNetCore.Mvc.Infrastructure.ResourceInvoker.Rethrow(ResultExecutedContextSealed context)
   at Microsoft.AspNetCore.Mvc.Infrastructure.ResourceInvoker.ResultNext[TFilter,TFilterAsync](State& next, Scope& scope, Object& state, Boolean& isCompleted)
   at Microsoft.AspNetCore.Mvc.Infrastructure.ResourceInvoker.InvokeResultFilters()
--- End of stack trace from previous location where exception was thrown ---
   at Microsoft.AspNetCore.Mvc.Infrastructure.ResourceInvoker.<InvokeFilterPipelineAsync>g__Awaited|19_0(ResourceInvoker invoker, Task lastTask, State next, Scope scope, Object state, Boolean isCompleted)
   at Microsoft.AspNetCore.Mvc.Infrastructure.ResourceInvoker.<InvokeAsync>g__Awaited|17_0(ResourceInvoker invoker, Task task, IDisposable scope)
   at Microsoft.AspNetCore.Routing.EndpointMiddleware.<Invoke>g__AwaitRequestTask|6_0(Endpoint endpoint, Task requestTask, ILogger logger)
   at Microsoft.AspNetCore.Authorization.AuthorizationMiddleware.Invoke(HttpContext context)
   at Microsoft.AspNetCore.Diagnostics.DeveloperExceptionPageMiddleware.Invoke(HttpContext context)
21:06:13.923 +08:00 [ERROR] [34] [NHibernate.Util.ADOExceptionReporter] A network-related or instance-specific error occurred while establishing a connection to SQL Server. The server was not found or was not accessible. Verify that the instance name is correct and that SQL Server is configured to allow remote connections. (provider: Named Pipes Provider, error: 40 - Could not open a connection to SQL Server)
21:06:13.924 +08:00 [ERROR] [34] [NHibernate.Util.ADOExceptionReporter] 找不到网络路径。
21:06:13.924 +08:00 [ERROR] [34] [NHibernate.Util.ADOExceptionReporter] A network-related or instance-specific error occurred while establishing a connection to SQL Server. The server was not found or was not accessible. Verify that the instance name is correct and that SQL Server is configured to allow remote connections. (provider: Named Pipes Provider, error: 40 - Could not open a connection to SQL Server)
21:06:13.924 +08:00 [ERROR] [34] [NHibernate.Util.ADOExceptionReporter] 找不到网络路径。
21:06:13.925 +08:00 [ERROR] [34] [NHibernate.Util.ADOExceptionReporter] A network-related or instance-specific error occurred while establishing a connection to SQL Server. The server was not found or was not accessible. Verify that the instance name is correct and that SQL Server is configured to allow remote connections. (provider: Named Pipes Provider, error: 40 - Could not open a connection to SQL Server)
21:06:13.925 +08:00 [ERROR] [34] [NHibernate.Util.ADOExceptionReporter] 找不到网络路径。
21:06:13.937 +08:00 [ERROR] [34] [Microsoft.AspNetCore.Diagnostics.DeveloperExceptionPageMiddleware] An unhandled exception has occurred while executing the request.
NHibernate.Exceptions.GenericADOException: could not execute query
[ select symptom0_.ID as id1_57_, symptom0_.CODE as code2_57_, symptom0_.NAME as name3_57_, symptom0_.SYMPTOM_TYPE_ID as symptom4_57_, symptom0_.LEVEL_ID as level5_57_, symptom0_.DESCRIPTION as description6_57_, symptom0_.DESCRIPTION2 as description7_57_, symptom0_.EMPLOYEE_CODE as employee8_57_, symptom0_.CREATE_TIME as create9_57_, symptom0_.UPDATE_TIME as update10_57_ from S_SYMPTOM symptom0_ ]
[SQL: select symptom0_.ID as id1_57_, symptom0_.CODE as code2_57_, symptom0_.NAME as name3_57_, symptom0_.SYMPTOM_TYPE_ID as symptom4_57_, symptom0_.LEVEL_ID as level5_57_, symptom0_.DESCRIPTION as description6_57_, symptom0_.DESCRIPTION2 as description7_57_, symptom0_.EMPLOYEE_CODE as employee8_57_, symptom0_.CREATE_TIME as create9_57_, symptom0_.UPDATE_TIME as update10_57_ from S_SYMPTOM symptom0_]
 ---> System.Data.SqlClient.SqlException (0x80131904): A network-related or instance-specific error occurred while establishing a connection to SQL Server. The server was not found or was not accessible. Verify that the instance name is correct and that SQL Server is configured to allow remote connections. (provider: Named Pipes Provider, error: 40 - Could not open a connection to SQL Server)
 ---> System.ComponentModel.Win32Exception (53): 找不到网络路径。
   at System.Data.ProviderBase.DbConnectionPool.TryGetConnection(DbConnection owningObject, UInt32 waitForMultipleObjectsTimeout, Boolean allowCreate, Boolean onlyOneCheckConnection, DbConnectionOptions userOptions, DbConnectionInternal& connection)
   at System.Data.ProviderBase.DbConnectionPool.TryGetConnection(DbConnection owningObject, TaskCompletionSource`1 retry, DbConnectionOptions userOptions, DbConnectionInternal& connection)
   at System.Data.ProviderBase.DbConnectionFactory.TryGetConnection(DbConnection owningConnection, TaskCompletionSource`1 retry, DbConnectionOptions userOptions, DbConnectionInternal oldConnection, DbConnectionInternal& connection)
   at System.Data.ProviderBase.DbConnectionInternal.TryOpenConnectionInternal(DbConnection outerConnection, DbConnectionFactory connectionFactory, TaskCompletionSource`1 retry, DbConnectionOptions userOptions)
   at System.Data.SqlClient.SqlConnection.TryOpen(TaskCompletionSource`1 retry)
   at System.Data.SqlClient.SqlConnection.Open()
   at NHibernate.Connection.DriverConnectionProvider.GetConnection()
   at NHibernate.AdoNet.ConnectionManager.GetConnection()
   at NHibernate.AdoNet.AbstractBatcher.Prepare(DbCommand cmd)
   at NHibernate.AdoNet.AbstractBatcher.ExecuteReader(DbCommand cmd)
   at NHibernate.Loader.Loader.GetResultSet(DbCommand st, QueryParameters queryParameters, ISessionImplementor session, IResultTransformer forcedResultTransformer)
   at NHibernate.Loader.Loader.DoQuery(ISessionImplementor session, QueryParameters queryParameters, Boolean returnProxies, IResultTransformer forcedResultTransformer)
   at NHibernate.Loader.Loader.DoQueryAndInitializeNonLazyCollections(ISessionImplementor session, QueryParameters queryParameters, Boolean returnProxies, IResultTransformer forcedResultTransformer)
   at NHibernate.Loader.Loader.DoList(ISessionImplementor session, QueryParameters queryParameters, IResultTransformer forcedResultTransformer)
ClientConnectionId:00000000-0000-0000-0000-000000000000
Error Number:53,State:0,Class:20
   --- End of inner exception stack trace ---
   at NHibernate.Loader.Loader.DoList(ISessionImplementor session, QueryParameters queryParameters, IResultTransformer forcedResultTransformer)
   at NHibernate.Loader.Loader.ListIgnoreQueryCache(ISessionImplementor session, QueryParameters queryParameters)
   at NHibernate.Hql.Ast.ANTLR.QueryTranslatorImpl.List(ISessionImplementor session, QueryParameters queryParameters)
   at NHibernate.Engine.Query.HQLQueryPlan.PerformList(QueryParameters queryParameters, ISessionImplementor session, IList results)
   at NHibernate.Impl.SessionImpl.List(IQueryExpression queryExpression, QueryParameters queryParameters, IList results, Object filterConnection)
   at NHibernate.Impl.SessionImpl.List(IQueryExpression queryExpression, QueryParameters queryParameters, IList results)
   at NHibernate.Impl.AbstractSessionImpl.List(IQueryExpression queryExpression, QueryParameters parameters)
   at NHibernate.Impl.AbstractQueryImpl2.List()
   at NHibernate.Linq.DefaultQueryProvider.ExecuteQuery(NhLinqExpression nhLinqExpression, IQuery query, NhLinqExpression nhQuery)
   at NHibernate.Linq.DefaultQueryProvider.Execute(Expression expression)
   at NHibernate.Linq.DefaultQueryProvider.Execute[TResult](Expression expression)
   at Remotion.Linq.QueryableBase`1.System.Collections.IEnumerable.GetEnumerator()
   at Newtonsoft.Json.Serialization.JsonSerializerInternalWriter.SerializeList(JsonWriter writer, IEnumerable values, JsonArrayContract contract, JsonProperty member, JsonContainerContract collectionContract, JsonProperty containerProperty)
   at Newtonsoft.Json.Serialization.JsonSerializerInternalWriter.SerializeObject(JsonWriter writer, Object value, JsonObjectContract contract, JsonProperty member, JsonContainerContract collectionContract, JsonProperty containerProperty)
   at Newtonsoft.Json.Serialization.JsonSerializerInternalWriter.SerializeObject(JsonWriter writer, Object value, JsonObjectContract contract, JsonProperty member, JsonContainerContract collectionContract, JsonProperty containerProperty)
   at Newtonsoft.Json.Serialization.JsonSerializerInternalWriter.Serialize(JsonWriter jsonWriter, Object value, Type objectType)
   at Newtonsoft.Json.JsonSerializer.SerializeInternal(JsonWriter jsonWriter, Object value, Type objectType)
   at Microsoft.AspNetCore.Mvc.Formatters.NewtonsoftJsonOutputFormatter.WriteResponseBodyAsync(OutputFormatterWriteContext context, Encoding selectedEncoding)
   at Microsoft.AspNetCore.Mvc.Formatters.NewtonsoftJsonOutputFormatter.WriteResponseBodyAsync(OutputFormatterWriteContext context, Encoding selectedEncoding)
   at Microsoft.AspNetCore.Mvc.Formatters.NewtonsoftJsonOutputFormatter.WriteResponseBodyAsync(OutputFormatterWriteContext context, Encoding selectedEncoding)
   at Microsoft.AspNetCore.Mvc.Infrastructure.ResourceInvoker.<InvokeNextResultFilterAsync>g__Awaited|29_0[TFilter,TFilterAsync](ResourceInvoker invoker, Task lastTask, State next, Scope scope, Object state, Boolean isCompleted)
   at Microsoft.AspNetCore.Mvc.Infrastructure.ResourceInvoker.Rethrow(ResultExecutedContextSealed context)
   at Microsoft.AspNetCore.Mvc.Infrastructure.ResourceInvoker.ResultNext[TFilter,TFilterAsync](State& next, Scope& scope, Object& state, Boolean& isCompleted)
   at Microsoft.AspNetCore.Mvc.Infrastructure.ResourceInvoker.InvokeResultFilters()
--- End of stack trace from previous location where exception was thrown ---
   at Microsoft.AspNetCore.Mvc.Infrastructure.ResourceInvoker.<InvokeFilterPipelineAsync>g__Awaited|19_0(ResourceInvoker invoker, Task lastTask, State next, Scope scope, Object state, Boolean isCompleted)
   at Microsoft.AspNetCore.Mvc.Infrastructure.ResourceInvoker.<InvokeAsync>g__Awaited|17_0(ResourceInvoker invoker, Task task, IDisposable scope)
   at Microsoft.AspNetCore.Routing.EndpointMiddleware.<Invoke>g__AwaitRequestTask|6_0(Endpoint endpoint, Task requestTask, ILogger logger)
   at Microsoft.AspNetCore.Authorization.AuthorizationMiddleware.Invoke(HttpContext context)
   at Microsoft.AspNetCore.Diagnostics.DeveloperExceptionPageMiddleware.Invoke(HttpContext context)
