09:10:02.689 +08:00 [WARNING] [1] [ProtoBuf.Grpc.Server.ServicesExtensions.CodeFirstServiceMethodProvider] Type cannot be serialized; ignoring: "IIMes.Services.Runtime.Interface.DTO.EquipmentDTO"
09:10:02.726 +08:00 [WARNING] [1] [ProtoBuf.Grpc.Server.ServicesExtensions.CodeFirstServiceMethodProvider] Signature not recognized for "IIMes.Services.Runtime.Interface.IEquipmentService"."GetEquipment"; method will not be bound
09:10:02.731 +08:00 [WARNING] [1] [Grpc.AspNetCore.Server.Model.Internal.ServiceRouteBuilder] No gRPC methods discovered for "IIMes.Services.Runtime.Interface.IEquipmentService".
09:10:02.749 +08:00 [WARNING] [1] [Grpc.AspNetCore.Server.Model.Internal.ServiceRouteBuilder] No gRPC methods discovered for "IIMes.Services.Runtime.Interface.ITerminalService".
09:10:02.750 +08:00 [WARNING] [1] [ProtoBuf.Grpc.Server.ServicesExtensions.CodeFirstServiceMethodProvider] Type cannot be serialized; ignoring: "IIMes.Services.Runtime.Interface.DTO.WoDTO"
09:10:02.750 +08:00 [WARNING] [1] [ProtoBuf.Grpc.Server.ServicesExtensions.CodeFirstServiceMethodProvider] Signature not recognized for "IIMes.Services.Runtime.Interface.IWoService"."GetWo"; method will not be bound
09:10:02.750 +08:00 [WARNING] [1] [ProtoBuf.Grpc.Server.ServicesExtensions.CodeFirstServiceMethodProvider] Type cannot be serialized; ignoring: "IIMes.Services.Runtime.Interface.DTO.WoRequestDTO"
09:10:02.752 +08:00 [WARNING] [1] [ProtoBuf.Grpc.Server.ServicesExtensions.CodeFirstServiceMethodProvider] Type cannot be serialized; ignoring: "System.Collections.Generic.IList`1[[IIMes.Services.Runtime.Interface.DTO.WoDTO, IIMes.Services.Runtime.Interface, Version=1.0.0.0, Culture=neutral, PublicKeyToken=null]]"
09:10:02.752 +08:00 [WARNING] [1] [ProtoBuf.Grpc.Server.ServicesExtensions.CodeFirstServiceMethodProvider] Signature not recognized for "IIMes.Services.Runtime.Interface.IWoService"."Query"; method will not be bound
09:10:02.752 +08:00 [WARNING] [1] [Grpc.AspNetCore.Server.Model.Internal.ServiceRouteBuilder] No gRPC methods discovered for "IIMes.Services.Runtime.Interface.IWoService".
09:10:02.754 +08:00 [WARNING] [1] [ProtoBuf.Grpc.Server.ServicesExtensions.CodeFirstServiceMethodProvider] Type cannot be serialized; ignoring: "IIMes.Services.Runtime.Interface.DTO.MaterialDTO"
09:10:02.755 +08:00 [WARNING] [1] [ProtoBuf.Grpc.Server.ServicesExtensions.CodeFirstServiceMethodProvider] Signature not recognized for "IIMes.Services.Runtime.Interface.IMaterialService"."GetPartByReel"; method will not be bound
09:10:02.755 +08:00 [WARNING] [1] [ProtoBuf.Grpc.Server.ServicesExtensions.CodeFirstServiceMethodProvider] Type cannot be serialized; ignoring: "IIMes.Services.Runtime.Interface.DTO.MaterialDTO"
09:10:02.755 +08:00 [WARNING] [1] [ProtoBuf.Grpc.Server.ServicesExtensions.CodeFirstServiceMethodProvider] Signature not recognized for "IIMes.Services.Runtime.Interface.IMaterialService"."GetPartByPart"; method will not be bound
09:10:02.755 +08:00 [WARNING] [1] [Grpc.AspNetCore.Server.Model.Internal.ServiceRouteBuilder] No gRPC methods discovered for "IIMes.Services.Runtime.Interface.IMaterialService".
09:10:02.807 +08:00 [INFORMATION] [1] [ProtoBuf.Grpc.Server.ServicesExtensions.CodeFirstServiceMethodProvider] RPC services being provided by "IIMes.Services.Runtime.Interface.IWORService": 1
09:10:02.809 +08:00 [WARNING] [1] [ProtoBuf.Grpc.Server.ServicesExtensions.CodeFirstServiceMethodProvider] Type cannot be serialized; ignoring: "System.Object"
09:10:02.809 +08:00 [WARNING] [1] [ProtoBuf.Grpc.Server.ServicesExtensions.CodeFirstServiceMethodProvider] Signature not recognized for "IIMes.Services.Runtime.Interface.IWORScrapService"."QueryScrapReason"; method will not be bound
09:10:02.809 +08:00 [WARNING] [1] [ProtoBuf.Grpc.Server.ServicesExtensions.CodeFirstServiceMethodProvider] Type cannot be serialized; ignoring: "IIMes.Services.Runtime.Interface.DTO.WorScrapRequestDTO"
09:10:02.809 +08:00 [WARNING] [1] [ProtoBuf.Grpc.Server.ServicesExtensions.CodeFirstServiceMethodProvider] Signature not recognized for "IIMes.Services.Runtime.Interface.IWORScrapService"."SaveWorScrap"; method will not be bound
09:10:02.809 +08:00 [WARNING] [1] [Grpc.AspNetCore.Server.Model.Internal.ServiceRouteBuilder] No gRPC methods discovered for "IIMes.Services.Runtime.Interface.IWORScrapService".
09:10:02.810 +08:00 [WARNING] [1] [ProtoBuf.Grpc.Server.ServicesExtensions.CodeFirstServiceMethodProvider] Type cannot be serialized; ignoring: "IIMes.Services.Runtime.Interface.DTO.FeedingRequestDTO"
09:10:02.810 +08:00 [WARNING] [1] [ProtoBuf.Grpc.Server.ServicesExtensions.CodeFirstServiceMethodProvider] Type cannot be serialized; ignoring: "System.Object"
09:10:02.810 +08:00 [WARNING] [1] [ProtoBuf.Grpc.Server.ServicesExtensions.CodeFirstServiceMethodProvider] Signature not recognized for "IIMes.Services.Runtime.Interface.IFeedingService"."ConfirmFeeding"; method will not be bound
09:10:02.810 +08:00 [WARNING] [1] [ProtoBuf.Grpc.Server.ServicesExtensions.CodeFirstServiceMethodProvider] Type cannot be serialized; ignoring: "System.Object"
09:10:02.810 +08:00 [WARNING] [1] [ProtoBuf.Grpc.Server.ServicesExtensions.CodeFirstServiceMethodProvider] Signature not recognized for "IIMes.Services.Runtime.Interface.IFeedingService"."QueryFsStatus"; method will not be bound
09:10:02.810 +08:00 [WARNING] [1] [ProtoBuf.Grpc.Server.ServicesExtensions.CodeFirstServiceMethodProvider] Type cannot be serialized; ignoring: "IIMes.Services.Runtime.Interface.DTO.FeedingRequestDTO"
09:10:02.810 +08:00 [WARNING] [1] [ProtoBuf.Grpc.Server.ServicesExtensions.CodeFirstServiceMethodProvider] Type cannot be serialized; ignoring: "System.Object"
09:10:02.810 +08:00 [WARNING] [1] [ProtoBuf.Grpc.Server.ServicesExtensions.CodeFirstServiceMethodProvider] Signature not recognized for "IIMes.Services.Runtime.Interface.IFeedingService"."UpdateFsStatus"; method will not be bound
09:10:02.810 +08:00 [WARNING] [1] [Grpc.AspNetCore.Server.Model.Internal.ServiceRouteBuilder] No gRPC methods discovered for "IIMes.Services.Runtime.Interface.IFeedingService".
12:31:24.482 +08:00 [WARNING] [1] [ProtoBuf.Grpc.Server.ServicesExtensions.CodeFirstServiceMethodProvider] Type cannot be serialized; ignoring: "IIMes.Services.Runtime.Interface.DTO.EquipmentDTO"
12:31:24.528 +08:00 [WARNING] [1] [ProtoBuf.Grpc.Server.ServicesExtensions.CodeFirstServiceMethodProvider] Signature not recognized for "IIMes.Services.Runtime.Interface.IEquipmentService"."GetEquipment"; method will not be bound
12:31:24.534 +08:00 [WARNING] [1] [Grpc.AspNetCore.Server.Model.Internal.ServiceRouteBuilder] No gRPC methods discovered for "IIMes.Services.Runtime.Interface.IEquipmentService".
12:31:24.557 +08:00 [WARNING] [1] [Grpc.AspNetCore.Server.Model.Internal.ServiceRouteBuilder] No gRPC methods discovered for "IIMes.Services.Runtime.Interface.ITerminalService".
12:31:24.558 +08:00 [WARNING] [1] [ProtoBuf.Grpc.Server.ServicesExtensions.CodeFirstServiceMethodProvider] Type cannot be serialized; ignoring: "IIMes.Services.Runtime.Interface.DTO.WoDTO"
12:31:24.558 +08:00 [WARNING] [1] [ProtoBuf.Grpc.Server.ServicesExtensions.CodeFirstServiceMethodProvider] Signature not recognized for "IIMes.Services.Runtime.Interface.IWoService"."GetWo"; method will not be bound
12:31:24.559 +08:00 [WARNING] [1] [ProtoBuf.Grpc.Server.ServicesExtensions.CodeFirstServiceMethodProvider] Type cannot be serialized; ignoring: "IIMes.Services.Runtime.Interface.DTO.WoRequestDTO"
12:31:24.561 +08:00 [WARNING] [1] [ProtoBuf.Grpc.Server.ServicesExtensions.CodeFirstServiceMethodProvider] Type cannot be serialized; ignoring: "System.Collections.Generic.IList`1[[IIMes.Services.Runtime.Interface.DTO.WoDTO, IIMes.Services.Runtime.Interface, Version=1.0.0.0, Culture=neutral, PublicKeyToken=null]]"
12:31:24.561 +08:00 [WARNING] [1] [ProtoBuf.Grpc.Server.ServicesExtensions.CodeFirstServiceMethodProvider] Signature not recognized for "IIMes.Services.Runtime.Interface.IWoService"."Query"; method will not be bound
12:31:24.561 +08:00 [WARNING] [1] [Grpc.AspNetCore.Server.Model.Internal.ServiceRouteBuilder] No gRPC methods discovered for "IIMes.Services.Runtime.Interface.IWoService".
12:31:24.563 +08:00 [WARNING] [1] [ProtoBuf.Grpc.Server.ServicesExtensions.CodeFirstServiceMethodProvider] Type cannot be serialized; ignoring: "IIMes.Services.Runtime.Interface.DTO.MaterialDTO"
12:31:24.563 +08:00 [WARNING] [1] [ProtoBuf.Grpc.Server.ServicesExtensions.CodeFirstServiceMethodProvider] Signature not recognized for "IIMes.Services.Runtime.Interface.IMaterialService"."GetPartByReel"; method will not be bound
12:31:24.563 +08:00 [WARNING] [1] [ProtoBuf.Grpc.Server.ServicesExtensions.CodeFirstServiceMethodProvider] Type cannot be serialized; ignoring: "IIMes.Services.Runtime.Interface.DTO.MaterialDTO"
12:31:24.563 +08:00 [WARNING] [1] [ProtoBuf.Grpc.Server.ServicesExtensions.CodeFirstServiceMethodProvider] Signature not recognized for "IIMes.Services.Runtime.Interface.IMaterialService"."GetPartByPart"; method will not be bound
12:31:24.563 +08:00 [WARNING] [1] [Grpc.AspNetCore.Server.Model.Internal.ServiceRouteBuilder] No gRPC methods discovered for "IIMes.Services.Runtime.Interface.IMaterialService".
12:31:24.623 +08:00 [INFORMATION] [1] [ProtoBuf.Grpc.Server.ServicesExtensions.CodeFirstServiceMethodProvider] RPC services being provided by "IIMes.Services.Runtime.Interface.IWORService": 1
12:31:24.626 +08:00 [WARNING] [1] [ProtoBuf.Grpc.Server.ServicesExtensions.CodeFirstServiceMethodProvider] Type cannot be serialized; ignoring: "System.Object"
12:31:24.626 +08:00 [WARNING] [1] [ProtoBuf.Grpc.Server.ServicesExtensions.CodeFirstServiceMethodProvider] Signature not recognized for "IIMes.Services.Runtime.Interface.IWORScrapService"."QueryScrapReason"; method will not be bound
12:31:24.626 +08:00 [WARNING] [1] [ProtoBuf.Grpc.Server.ServicesExtensions.CodeFirstServiceMethodProvider] Type cannot be serialized; ignoring: "IIMes.Services.Runtime.Interface.DTO.WorScrapRequestDTO"
12:31:24.626 +08:00 [WARNING] [1] [ProtoBuf.Grpc.Server.ServicesExtensions.CodeFirstServiceMethodProvider] Signature not recognized for "IIMes.Services.Runtime.Interface.IWORScrapService"."SaveWorScrap"; method will not be bound
12:31:24.626 +08:00 [WARNING] [1] [Grpc.AspNetCore.Server.Model.Internal.ServiceRouteBuilder] No gRPC methods discovered for "IIMes.Services.Runtime.Interface.IWORScrapService".
12:31:24.628 +08:00 [WARNING] [1] [ProtoBuf.Grpc.Server.ServicesExtensions.CodeFirstServiceMethodProvider] Type cannot be serialized; ignoring: "IIMes.Services.Runtime.Interface.DTO.FeedingRequestDTO"
12:31:24.628 +08:00 [WARNING] [1] [ProtoBuf.Grpc.Server.ServicesExtensions.CodeFirstServiceMethodProvider] Type cannot be serialized; ignoring: "System.Object"
12:31:24.628 +08:00 [WARNING] [1] [ProtoBuf.Grpc.Server.ServicesExtensions.CodeFirstServiceMethodProvider] Signature not recognized for "IIMes.Services.Runtime.Interface.IFeedingService"."ConfirmFeeding"; method will not be bound
12:31:24.628 +08:00 [WARNING] [1] [ProtoBuf.Grpc.Server.ServicesExtensions.CodeFirstServiceMethodProvider] Type cannot be serialized; ignoring: "System.Object"
12:31:24.628 +08:00 [WARNING] [1] [ProtoBuf.Grpc.Server.ServicesExtensions.CodeFirstServiceMethodProvider] Signature not recognized for "IIMes.Services.Runtime.Interface.IFeedingService"."QueryFsStatus"; method will not be bound
12:31:24.628 +08:00 [WARNING] [1] [ProtoBuf.Grpc.Server.ServicesExtensions.CodeFirstServiceMethodProvider] Type cannot be serialized; ignoring: "IIMes.Services.Runtime.Interface.DTO.FeedingRequestDTO"
12:31:24.628 +08:00 [WARNING] [1] [ProtoBuf.Grpc.Server.ServicesExtensions.CodeFirstServiceMethodProvider] Type cannot be serialized; ignoring: "System.Object"
12:31:24.628 +08:00 [WARNING] [1] [ProtoBuf.Grpc.Server.ServicesExtensions.CodeFirstServiceMethodProvider] Signature not recognized for "IIMes.Services.Runtime.Interface.IFeedingService"."UpdateFsStatus"; method will not be bound
12:31:24.628 +08:00 [WARNING] [1] [Grpc.AspNetCore.Server.Model.Internal.ServiceRouteBuilder] No gRPC methods discovered for "IIMes.Services.Runtime.Interface.IFeedingService".
15:10:28.341 +08:00 [WARNING] [1] [ProtoBuf.Grpc.Server.ServicesExtensions.CodeFirstServiceMethodProvider] Type cannot be serialized; ignoring: "IIMes.Services.Runtime.Interface.DTO.EquipmentDTO"
15:10:28.402 +08:00 [WARNING] [1] [ProtoBuf.Grpc.Server.ServicesExtensions.CodeFirstServiceMethodProvider] Signature not recognized for "IIMes.Services.Runtime.Interface.IEquipmentService"."GetEquipment"; method will not be bound
15:10:28.438 +08:00 [WARNING] [1] [Grpc.AspNetCore.Server.Model.Internal.ServiceRouteBuilder] No gRPC methods discovered for "IIMes.Services.Runtime.Interface.IEquipmentService".
15:10:28.452 +08:00 [WARNING] [1] [Grpc.AspNetCore.Server.Model.Internal.ServiceRouteBuilder] No gRPC methods discovered for "IIMes.Services.Runtime.Interface.ITerminalService".
15:10:28.455 +08:00 [WARNING] [1] [ProtoBuf.Grpc.Server.ServicesExtensions.CodeFirstServiceMethodProvider] Type cannot be serialized; ignoring: "IIMes.Services.Runtime.Interface.DTO.WoDTO"
15:10:28.455 +08:00 [WARNING] [1] [ProtoBuf.Grpc.Server.ServicesExtensions.CodeFirstServiceMethodProvider] Signature not recognized for "IIMes.Services.Runtime.Interface.IWoService"."GetWo"; method will not be bound
15:10:28.456 +08:00 [WARNING] [1] [ProtoBuf.Grpc.Server.ServicesExtensions.CodeFirstServiceMethodProvider] Type cannot be serialized; ignoring: "IIMes.Services.Runtime.Interface.DTO.WoRequestDTO"
15:10:28.459 +08:00 [WARNING] [1] [ProtoBuf.Grpc.Server.ServicesExtensions.CodeFirstServiceMethodProvider] Type cannot be serialized; ignoring: "System.Collections.Generic.IList`1[[IIMes.Services.Runtime.Interface.DTO.WoDTO, IIMes.Services.Runtime.Interface, Version=1.0.0.0, Culture=neutral, PublicKeyToken=null]]"
15:10:28.459 +08:00 [WARNING] [1] [ProtoBuf.Grpc.Server.ServicesExtensions.CodeFirstServiceMethodProvider] Signature not recognized for "IIMes.Services.Runtime.Interface.IWoService"."Query"; method will not be bound
15:10:28.459 +08:00 [WARNING] [1] [Grpc.AspNetCore.Server.Model.Internal.ServiceRouteBuilder] No gRPC methods discovered for "IIMes.Services.Runtime.Interface.IWoService".
15:10:28.463 +08:00 [WARNING] [1] [ProtoBuf.Grpc.Server.ServicesExtensions.CodeFirstServiceMethodProvider] Type cannot be serialized; ignoring: "IIMes.Services.Runtime.Interface.DTO.MaterialDTO"
15:10:28.463 +08:00 [WARNING] [1] [ProtoBuf.Grpc.Server.ServicesExtensions.CodeFirstServiceMethodProvider] Signature not recognized for "IIMes.Services.Runtime.Interface.IMaterialService"."GetPartByReel"; method will not be bound
15:10:28.463 +08:00 [WARNING] [1] [ProtoBuf.Grpc.Server.ServicesExtensions.CodeFirstServiceMethodProvider] Type cannot be serialized; ignoring: "IIMes.Services.Runtime.Interface.DTO.MaterialDTO"
15:10:28.463 +08:00 [WARNING] [1] [ProtoBuf.Grpc.Server.ServicesExtensions.CodeFirstServiceMethodProvider] Signature not recognized for "IIMes.Services.Runtime.Interface.IMaterialService"."GetPartByPart"; method will not be bound
15:10:28.463 +08:00 [WARNING] [1] [Grpc.AspNetCore.Server.Model.Internal.ServiceRouteBuilder] No gRPC methods discovered for "IIMes.Services.Runtime.Interface.IMaterialService".
15:10:28.532 +08:00 [INFORMATION] [1] [ProtoBuf.Grpc.Server.ServicesExtensions.CodeFirstServiceMethodProvider] RPC services being provided by "IIMes.Services.Runtime.Interface.IWORService": 1
15:10:28.537 +08:00 [WARNING] [1] [ProtoBuf.Grpc.Server.ServicesExtensions.CodeFirstServiceMethodProvider] Type cannot be serialized; ignoring: "System.Object"
15:10:28.537 +08:00 [WARNING] [1] [ProtoBuf.Grpc.Server.ServicesExtensions.CodeFirstServiceMethodProvider] Signature not recognized for "IIMes.Services.Runtime.Interface.IWORScrapService"."QueryScrapReason"; method will not be bound
15:10:28.538 +08:00 [WARNING] [1] [ProtoBuf.Grpc.Server.ServicesExtensions.CodeFirstServiceMethodProvider] Type cannot be serialized; ignoring: "IIMes.Services.Runtime.Interface.DTO.WorScrapRequestDTO"
15:10:28.538 +08:00 [WARNING] [1] [ProtoBuf.Grpc.Server.ServicesExtensions.CodeFirstServiceMethodProvider] Signature not recognized for "IIMes.Services.Runtime.Interface.IWORScrapService"."SaveWorScrap"; method will not be bound
15:10:28.538 +08:00 [WARNING] [1] [Grpc.AspNetCore.Server.Model.Internal.ServiceRouteBuilder] No gRPC methods discovered for "IIMes.Services.Runtime.Interface.IWORScrapService".
15:10:28.541 +08:00 [WARNING] [1] [ProtoBuf.Grpc.Server.ServicesExtensions.CodeFirstServiceMethodProvider] Type cannot be serialized; ignoring: "IIMes.Services.Runtime.Interface.DTO.FeedingRequestDTO"
15:10:28.541 +08:00 [WARNING] [1] [ProtoBuf.Grpc.Server.ServicesExtensions.CodeFirstServiceMethodProvider] Type cannot be serialized; ignoring: "System.Object"
15:10:28.541 +08:00 [WARNING] [1] [ProtoBuf.Grpc.Server.ServicesExtensions.CodeFirstServiceMethodProvider] Signature not recognized for "IIMes.Services.Runtime.Interface.IFeedingService"."ConfirmFeeding"; method will not be bound
15:10:28.541 +08:00 [WARNING] [1] [ProtoBuf.Grpc.Server.ServicesExtensions.CodeFirstServiceMethodProvider] Type cannot be serialized; ignoring: "System.Object"
15:10:28.541 +08:00 [WARNING] [1] [ProtoBuf.Grpc.Server.ServicesExtensions.CodeFirstServiceMethodProvider] Signature not recognized for "IIMes.Services.Runtime.Interface.IFeedingService"."QueryFsStatus"; method will not be bound
15:10:28.541 +08:00 [WARNING] [1] [ProtoBuf.Grpc.Server.ServicesExtensions.CodeFirstServiceMethodProvider] Type cannot be serialized; ignoring: "IIMes.Services.Runtime.Interface.DTO.FeedingRequestDTO"
15:10:28.541 +08:00 [WARNING] [1] [ProtoBuf.Grpc.Server.ServicesExtensions.CodeFirstServiceMethodProvider] Type cannot be serialized; ignoring: "System.Object"
15:10:28.541 +08:00 [WARNING] [1] [ProtoBuf.Grpc.Server.ServicesExtensions.CodeFirstServiceMethodProvider] Signature not recognized for "IIMes.Services.Runtime.Interface.IFeedingService"."UpdateFsStatus"; method will not be bound
15:10:28.541 +08:00 [WARNING] [1] [Grpc.AspNetCore.Server.Model.Internal.ServiceRouteBuilder] No gRPC methods discovered for "IIMes.Services.Runtime.Interface.IFeedingService".
15:43:27.919 +08:00 [WARNING] [1] [ProtoBuf.Grpc.Server.ServicesExtensions.CodeFirstServiceMethodProvider] Type cannot be serialized; ignoring: "IIMes.Services.Runtime.Interface.DTO.EquipmentDTO"
15:43:27.981 +08:00 [WARNING] [1] [ProtoBuf.Grpc.Server.ServicesExtensions.CodeFirstServiceMethodProvider] Signature not recognized for "IIMes.Services.Runtime.Interface.IEquipmentService"."GetEquipment"; method will not be bound
15:43:27.989 +08:00 [WARNING] [1] [Grpc.AspNetCore.Server.Model.Internal.ServiceRouteBuilder] No gRPC methods discovered for "IIMes.Services.Runtime.Interface.IEquipmentService".
15:43:28.008 +08:00 [WARNING] [1] [Grpc.AspNetCore.Server.Model.Internal.ServiceRouteBuilder] No gRPC methods discovered for "IIMes.Services.Runtime.Interface.ITerminalService".
15:43:28.010 +08:00 [WARNING] [1] [ProtoBuf.Grpc.Server.ServicesExtensions.CodeFirstServiceMethodProvider] Type cannot be serialized; ignoring: "IIMes.Services.Runtime.Interface.DTO.WoDTO"
15:43:28.010 +08:00 [WARNING] [1] [ProtoBuf.Grpc.Server.ServicesExtensions.CodeFirstServiceMethodProvider] Signature not recognized for "IIMes.Services.Runtime.Interface.IWoService"."GetWo"; method will not be bound
15:43:28.010 +08:00 [WARNING] [1] [ProtoBuf.Grpc.Server.ServicesExtensions.CodeFirstServiceMethodProvider] Type cannot be serialized; ignoring: "IIMes.Services.Runtime.Interface.DTO.WoRequestDTO"
15:43:28.013 +08:00 [WARNING] [1] [ProtoBuf.Grpc.Server.ServicesExtensions.CodeFirstServiceMethodProvider] Type cannot be serialized; ignoring: "System.Collections.Generic.IList`1[[IIMes.Services.Runtime.Interface.DTO.WoDTO, IIMes.Services.Runtime.Interface, Version=1.0.0.0, Culture=neutral, PublicKeyToken=null]]"
15:43:28.013 +08:00 [WARNING] [1] [ProtoBuf.Grpc.Server.ServicesExtensions.CodeFirstServiceMethodProvider] Signature not recognized for "IIMes.Services.Runtime.Interface.IWoService"."Query"; method will not be bound
15:43:28.014 +08:00 [WARNING] [1] [Grpc.AspNetCore.Server.Model.Internal.ServiceRouteBuilder] No gRPC methods discovered for "IIMes.Services.Runtime.Interface.IWoService".
15:43:28.016 +08:00 [WARNING] [1] [ProtoBuf.Grpc.Server.ServicesExtensions.CodeFirstServiceMethodProvider] Type cannot be serialized; ignoring: "IIMes.Services.Runtime.Interface.DTO.MaterialDTO"
15:43:28.016 +08:00 [WARNING] [1] [ProtoBuf.Grpc.Server.ServicesExtensions.CodeFirstServiceMethodProvider] Signature not recognized for "IIMes.Services.Runtime.Interface.IMaterialService"."GetPartByReel"; method will not be bound
15:43:28.016 +08:00 [WARNING] [1] [ProtoBuf.Grpc.Server.ServicesExtensions.CodeFirstServiceMethodProvider] Type cannot be serialized; ignoring: "IIMes.Services.Runtime.Interface.DTO.MaterialDTO"
15:43:28.016 +08:00 [WARNING] [1] [ProtoBuf.Grpc.Server.ServicesExtensions.CodeFirstServiceMethodProvider] Signature not recognized for "IIMes.Services.Runtime.Interface.IMaterialService"."GetPartByPart"; method will not be bound
15:43:28.016 +08:00 [WARNING] [1] [Grpc.AspNetCore.Server.Model.Internal.ServiceRouteBuilder] No gRPC methods discovered for "IIMes.Services.Runtime.Interface.IMaterialService".
15:43:28.078 +08:00 [INFORMATION] [1] [ProtoBuf.Grpc.Server.ServicesExtensions.CodeFirstServiceMethodProvider] RPC services being provided by "IIMes.Services.Runtime.Interface.IWORService": 1
15:43:28.081 +08:00 [WARNING] [1] [ProtoBuf.Grpc.Server.ServicesExtensions.CodeFirstServiceMethodProvider] Type cannot be serialized; ignoring: "System.Object"
15:43:28.081 +08:00 [WARNING] [1] [ProtoBuf.Grpc.Server.ServicesExtensions.CodeFirstServiceMethodProvider] Signature not recognized for "IIMes.Services.Runtime.Interface.IWORScrapService"."QueryScrapReason"; method will not be bound
15:43:28.081 +08:00 [WARNING] [1] [ProtoBuf.Grpc.Server.ServicesExtensions.CodeFirstServiceMethodProvider] Type cannot be serialized; ignoring: "IIMes.Services.Runtime.Interface.DTO.WorScrapRequestDTO"
15:43:28.081 +08:00 [WARNING] [1] [ProtoBuf.Grpc.Server.ServicesExtensions.CodeFirstServiceMethodProvider] Signature not recognized for "IIMes.Services.Runtime.Interface.IWORScrapService"."SaveWorScrap"; method will not be bound
15:43:28.081 +08:00 [WARNING] [1] [Grpc.AspNetCore.Server.Model.Internal.ServiceRouteBuilder] No gRPC methods discovered for "IIMes.Services.Runtime.Interface.IWORScrapService".
15:43:28.083 +08:00 [WARNING] [1] [ProtoBuf.Grpc.Server.ServicesExtensions.CodeFirstServiceMethodProvider] Type cannot be serialized; ignoring: "IIMes.Services.Runtime.Interface.DTO.FeedingRequestDTO"
15:43:28.083 +08:00 [WARNING] [1] [ProtoBuf.Grpc.Server.ServicesExtensions.CodeFirstServiceMethodProvider] Type cannot be serialized; ignoring: "System.Object"
15:43:28.083 +08:00 [WARNING] [1] [ProtoBuf.Grpc.Server.ServicesExtensions.CodeFirstServiceMethodProvider] Signature not recognized for "IIMes.Services.Runtime.Interface.IFeedingService"."ConfirmFeeding"; method will not be bound
15:43:28.083 +08:00 [WARNING] [1] [ProtoBuf.Grpc.Server.ServicesExtensions.CodeFirstServiceMethodProvider] Type cannot be serialized; ignoring: "System.Object"
15:43:28.083 +08:00 [WARNING] [1] [ProtoBuf.Grpc.Server.ServicesExtensions.CodeFirstServiceMethodProvider] Signature not recognized for "IIMes.Services.Runtime.Interface.IFeedingService"."QueryFsStatus"; method will not be bound
15:43:28.083 +08:00 [WARNING] [1] [ProtoBuf.Grpc.Server.ServicesExtensions.CodeFirstServiceMethodProvider] Type cannot be serialized; ignoring: "IIMes.Services.Runtime.Interface.DTO.FeedingRequestDTO"
15:43:28.083 +08:00 [WARNING] [1] [ProtoBuf.Grpc.Server.ServicesExtensions.CodeFirstServiceMethodProvider] Type cannot be serialized; ignoring: "System.Object"
15:43:28.083 +08:00 [WARNING] [1] [ProtoBuf.Grpc.Server.ServicesExtensions.CodeFirstServiceMethodProvider] Signature not recognized for "IIMes.Services.Runtime.Interface.IFeedingService"."UpdateFsStatus"; method will not be bound
15:43:28.083 +08:00 [WARNING] [1] [Grpc.AspNetCore.Server.Model.Internal.ServiceRouteBuilder] No gRPC methods discovered for "IIMes.Services.Runtime.Interface.IFeedingService".
15:51:56.058 +08:00 [WARNING] [1] [ProtoBuf.Grpc.Server.ServicesExtensions.CodeFirstServiceMethodProvider] Type cannot be serialized; ignoring: "IIMes.Services.Runtime.Interface.DTO.EquipmentDTO"
15:51:56.107 +08:00 [WARNING] [1] [ProtoBuf.Grpc.Server.ServicesExtensions.CodeFirstServiceMethodProvider] Signature not recognized for "IIMes.Services.Runtime.Interface.IEquipmentService"."GetEquipment"; method will not be bound
15:51:56.114 +08:00 [WARNING] [1] [Grpc.AspNetCore.Server.Model.Internal.ServiceRouteBuilder] No gRPC methods discovered for "IIMes.Services.Runtime.Interface.IEquipmentService".
15:51:56.129 +08:00 [WARNING] [1] [Grpc.AspNetCore.Server.Model.Internal.ServiceRouteBuilder] No gRPC methods discovered for "IIMes.Services.Runtime.Interface.ITerminalService".
15:51:56.131 +08:00 [WARNING] [1] [ProtoBuf.Grpc.Server.ServicesExtensions.CodeFirstServiceMethodProvider] Type cannot be serialized; ignoring: "IIMes.Services.Runtime.Interface.DTO.WoDTO"
15:51:56.131 +08:00 [WARNING] [1] [ProtoBuf.Grpc.Server.ServicesExtensions.CodeFirstServiceMethodProvider] Signature not recognized for "IIMes.Services.Runtime.Interface.IWoService"."GetWo"; method will not be bound
15:51:56.132 +08:00 [WARNING] [1] [ProtoBuf.Grpc.Server.ServicesExtensions.CodeFirstServiceMethodProvider] Type cannot be serialized; ignoring: "IIMes.Services.Runtime.Interface.DTO.WoRequestDTO"
15:51:56.135 +08:00 [WARNING] [1] [ProtoBuf.Grpc.Server.ServicesExtensions.CodeFirstServiceMethodProvider] Type cannot be serialized; ignoring: "System.Collections.Generic.IList`1[[IIMes.Services.Runtime.Interface.DTO.WoDTO, IIMes.Services.Runtime.Interface, Version=1.0.0.0, Culture=neutral, PublicKeyToken=null]]"
15:51:56.136 +08:00 [WARNING] [1] [ProtoBuf.Grpc.Server.ServicesExtensions.CodeFirstServiceMethodProvider] Signature not recognized for "IIMes.Services.Runtime.Interface.IWoService"."Query"; method will not be bound
15:51:56.136 +08:00 [WARNING] [1] [Grpc.AspNetCore.Server.Model.Internal.ServiceRouteBuilder] No gRPC methods discovered for "IIMes.Services.Runtime.Interface.IWoService".
15:51:56.154 +08:00 [WARNING] [1] [ProtoBuf.Grpc.Server.ServicesExtensions.CodeFirstServiceMethodProvider] Type cannot be serialized; ignoring: "IIMes.Services.Runtime.Interface.DTO.MaterialDTO"
15:51:56.154 +08:00 [WARNING] [1] [ProtoBuf.Grpc.Server.ServicesExtensions.CodeFirstServiceMethodProvider] Signature not recognized for "IIMes.Services.Runtime.Interface.IMaterialService"."GetPartByReel"; method will not be bound
15:51:56.154 +08:00 [WARNING] [1] [ProtoBuf.Grpc.Server.ServicesExtensions.CodeFirstServiceMethodProvider] Type cannot be serialized; ignoring: "IIMes.Services.Runtime.Interface.DTO.MaterialDTO"
15:51:56.154 +08:00 [WARNING] [1] [ProtoBuf.Grpc.Server.ServicesExtensions.CodeFirstServiceMethodProvider] Signature not recognized for "IIMes.Services.Runtime.Interface.IMaterialService"."GetPartByPart"; method will not be bound
15:51:56.154 +08:00 [WARNING] [1] [Grpc.AspNetCore.Server.Model.Internal.ServiceRouteBuilder] No gRPC methods discovered for "IIMes.Services.Runtime.Interface.IMaterialService".
15:51:56.215 +08:00 [INFORMATION] [1] [ProtoBuf.Grpc.Server.ServicesExtensions.CodeFirstServiceMethodProvider] RPC services being provided by "IIMes.Services.Runtime.Interface.IWORService": 1
15:51:56.218 +08:00 [WARNING] [1] [ProtoBuf.Grpc.Server.ServicesExtensions.CodeFirstServiceMethodProvider] Type cannot be serialized; ignoring: "System.Object"
15:51:56.218 +08:00 [WARNING] [1] [ProtoBuf.Grpc.Server.ServicesExtensions.CodeFirstServiceMethodProvider] Signature not recognized for "IIMes.Services.Runtime.Interface.IWORScrapService"."QueryScrapReason"; method will not be bound
15:51:56.218 +08:00 [WARNING] [1] [ProtoBuf.Grpc.Server.ServicesExtensions.CodeFirstServiceMethodProvider] Type cannot be serialized; ignoring: "IIMes.Services.Runtime.Interface.DTO.WorScrapRequestDTO"
15:51:56.218 +08:00 [WARNING] [1] [ProtoBuf.Grpc.Server.ServicesExtensions.CodeFirstServiceMethodProvider] Signature not recognized for "IIMes.Services.Runtime.Interface.IWORScrapService"."SaveWorScrap"; method will not be bound
15:51:56.218 +08:00 [WARNING] [1] [Grpc.AspNetCore.Server.Model.Internal.ServiceRouteBuilder] No gRPC methods discovered for "IIMes.Services.Runtime.Interface.IWORScrapService".
15:51:56.220 +08:00 [WARNING] [1] [ProtoBuf.Grpc.Server.ServicesExtensions.CodeFirstServiceMethodProvider] Type cannot be serialized; ignoring: "IIMes.Services.Runtime.Interface.DTO.FeedingRequestDTO"
15:51:56.220 +08:00 [WARNING] [1] [ProtoBuf.Grpc.Server.ServicesExtensions.CodeFirstServiceMethodProvider] Type cannot be serialized; ignoring: "System.Object"
15:51:56.220 +08:00 [WARNING] [1] [ProtoBuf.Grpc.Server.ServicesExtensions.CodeFirstServiceMethodProvider] Signature not recognized for "IIMes.Services.Runtime.Interface.IFeedingService"."ConfirmFeeding"; method will not be bound
15:51:56.220 +08:00 [WARNING] [1] [ProtoBuf.Grpc.Server.ServicesExtensions.CodeFirstServiceMethodProvider] Type cannot be serialized; ignoring: "System.Object"
15:51:56.220 +08:00 [WARNING] [1] [ProtoBuf.Grpc.Server.ServicesExtensions.CodeFirstServiceMethodProvider] Signature not recognized for "IIMes.Services.Runtime.Interface.IFeedingService"."QueryFsStatus"; method will not be bound
15:51:56.220 +08:00 [WARNING] [1] [ProtoBuf.Grpc.Server.ServicesExtensions.CodeFirstServiceMethodProvider] Type cannot be serialized; ignoring: "IIMes.Services.Runtime.Interface.DTO.FeedingRequestDTO"
15:51:56.220 +08:00 [WARNING] [1] [ProtoBuf.Grpc.Server.ServicesExtensions.CodeFirstServiceMethodProvider] Type cannot be serialized; ignoring: "System.Object"
15:51:56.220 +08:00 [WARNING] [1] [ProtoBuf.Grpc.Server.ServicesExtensions.CodeFirstServiceMethodProvider] Signature not recognized for "IIMes.Services.Runtime.Interface.IFeedingService"."UpdateFsStatus"; method will not be bound
15:51:56.220 +08:00 [WARNING] [1] [Grpc.AspNetCore.Server.Model.Internal.ServiceRouteBuilder] No gRPC methods discovered for "IIMes.Services.Runtime.Interface.IFeedingService".
19:40:01.638 +08:00 [WARNING] [1] [ProtoBuf.Grpc.Server.ServicesExtensions.CodeFirstServiceMethodProvider] Type cannot be serialized; ignoring: "IIMes.Services.Runtime.Interface.DTO.EquipmentDTO"
19:40:01.691 +08:00 [WARNING] [1] [ProtoBuf.Grpc.Server.ServicesExtensions.CodeFirstServiceMethodProvider] Signature not recognized for "IIMes.Services.Runtime.Interface.IEquipmentService"."GetEquipment"; method will not be bound
19:40:01.699 +08:00 [WARNING] [1] [Grpc.AspNetCore.Server.Model.Internal.ServiceRouteBuilder] No gRPC methods discovered for "IIMes.Services.Runtime.Interface.IEquipmentService".
19:40:01.710 +08:00 [WARNING] [1] [Grpc.AspNetCore.Server.Model.Internal.ServiceRouteBuilder] No gRPC methods discovered for "IIMes.Services.Runtime.Interface.ITerminalService".
19:40:01.712 +08:00 [WARNING] [1] [ProtoBuf.Grpc.Server.ServicesExtensions.CodeFirstServiceMethodProvider] Type cannot be serialized; ignoring: "IIMes.Services.Runtime.Interface.DTO.WoDTO"
19:40:01.712 +08:00 [WARNING] [1] [ProtoBuf.Grpc.Server.ServicesExtensions.CodeFirstServiceMethodProvider] Signature not recognized for "IIMes.Services.Runtime.Interface.IWoService"."GetWo"; method will not be bound
19:40:01.712 +08:00 [WARNING] [1] [ProtoBuf.Grpc.Server.ServicesExtensions.CodeFirstServiceMethodProvider] Type cannot be serialized; ignoring: "IIMes.Services.Runtime.Interface.DTO.WoRequestDTO"
19:40:01.715 +08:00 [WARNING] [1] [ProtoBuf.Grpc.Server.ServicesExtensions.CodeFirstServiceMethodProvider] Type cannot be serialized; ignoring: "System.Collections.Generic.IList`1[[IIMes.Services.Runtime.Interface.DTO.WoDTO, IIMes.Services.Runtime.Interface, Version=1.0.0.0, Culture=neutral, PublicKeyToken=null]]"
19:40:01.715 +08:00 [WARNING] [1] [ProtoBuf.Grpc.Server.ServicesExtensions.CodeFirstServiceMethodProvider] Signature not recognized for "IIMes.Services.Runtime.Interface.IWoService"."Query"; method will not be bound
19:40:01.715 +08:00 [WARNING] [1] [Grpc.AspNetCore.Server.Model.Internal.ServiceRouteBuilder] No gRPC methods discovered for "IIMes.Services.Runtime.Interface.IWoService".
19:40:01.716 +08:00 [WARNING] [1] [ProtoBuf.Grpc.Server.ServicesExtensions.CodeFirstServiceMethodProvider] Type cannot be serialized; ignoring: "IIMes.Services.Runtime.Interface.DTO.MaterialDTO"
19:40:01.717 +08:00 [WARNING] [1] [ProtoBuf.Grpc.Server.ServicesExtensions.CodeFirstServiceMethodProvider] Signature not recognized for "IIMes.Services.Runtime.Interface.IMaterialService"."GetPartByReel"; method will not be bound
19:40:01.717 +08:00 [WARNING] [1] [ProtoBuf.Grpc.Server.ServicesExtensions.CodeFirstServiceMethodProvider] Type cannot be serialized; ignoring: "IIMes.Services.Runtime.Interface.DTO.MaterialDTO"
19:40:01.717 +08:00 [WARNING] [1] [ProtoBuf.Grpc.Server.ServicesExtensions.CodeFirstServiceMethodProvider] Signature not recognized for "IIMes.Services.Runtime.Interface.IMaterialService"."GetPartByPart"; method will not be bound
19:40:01.717 +08:00 [WARNING] [1] [Grpc.AspNetCore.Server.Model.Internal.ServiceRouteBuilder] No gRPC methods discovered for "IIMes.Services.Runtime.Interface.IMaterialService".
19:40:01.785 +08:00 [INFORMATION] [1] [ProtoBuf.Grpc.Server.ServicesExtensions.CodeFirstServiceMethodProvider] RPC services being provided by "IIMes.Services.Runtime.Interface.IWORService": 1
19:40:01.789 +08:00 [WARNING] [1] [ProtoBuf.Grpc.Server.ServicesExtensions.CodeFirstServiceMethodProvider] Type cannot be serialized; ignoring: "System.Object"
19:40:01.789 +08:00 [WARNING] [1] [ProtoBuf.Grpc.Server.ServicesExtensions.CodeFirstServiceMethodProvider] Signature not recognized for "IIMes.Services.Runtime.Interface.IWORScrapService"."QueryScrapReason"; method will not be bound
19:40:01.789 +08:00 [WARNING] [1] [ProtoBuf.Grpc.Server.ServicesExtensions.CodeFirstServiceMethodProvider] Type cannot be serialized; ignoring: "IIMes.Services.Runtime.Interface.DTO.WorScrapRequestDTO"
19:40:01.789 +08:00 [WARNING] [1] [ProtoBuf.Grpc.Server.ServicesExtensions.CodeFirstServiceMethodProvider] Signature not recognized for "IIMes.Services.Runtime.Interface.IWORScrapService"."SaveWorScrap"; method will not be bound
19:40:01.789 +08:00 [WARNING] [1] [Grpc.AspNetCore.Server.Model.Internal.ServiceRouteBuilder] No gRPC methods discovered for "IIMes.Services.Runtime.Interface.IWORScrapService".
19:40:01.791 +08:00 [WARNING] [1] [ProtoBuf.Grpc.Server.ServicesExtensions.CodeFirstServiceMethodProvider] Type cannot be serialized; ignoring: "IIMes.Services.Runtime.Interface.DTO.FeedingRequestDTO"
19:40:01.791 +08:00 [WARNING] [1] [ProtoBuf.Grpc.Server.ServicesExtensions.CodeFirstServiceMethodProvider] Type cannot be serialized; ignoring: "System.Object"
19:40:01.791 +08:00 [WARNING] [1] [ProtoBuf.Grpc.Server.ServicesExtensions.CodeFirstServiceMethodProvider] Signature not recognized for "IIMes.Services.Runtime.Interface.IFeedingService"."ConfirmFeeding"; method will not be bound
19:40:01.792 +08:00 [WARNING] [1] [ProtoBuf.Grpc.Server.ServicesExtensions.CodeFirstServiceMethodProvider] Type cannot be serialized; ignoring: "System.Object"
19:40:01.792 +08:00 [WARNING] [1] [ProtoBuf.Grpc.Server.ServicesExtensions.CodeFirstServiceMethodProvider] Signature not recognized for "IIMes.Services.Runtime.Interface.IFeedingService"."QueryFsStatus"; method will not be bound
19:40:01.792 +08:00 [WARNING] [1] [ProtoBuf.Grpc.Server.ServicesExtensions.CodeFirstServiceMethodProvider] Type cannot be serialized; ignoring: "IIMes.Services.Runtime.Interface.DTO.FeedingRequestDTO"
19:40:01.792 +08:00 [WARNING] [1] [ProtoBuf.Grpc.Server.ServicesExtensions.CodeFirstServiceMethodProvider] Type cannot be serialized; ignoring: "System.Object"
19:40:01.792 +08:00 [WARNING] [1] [ProtoBuf.Grpc.Server.ServicesExtensions.CodeFirstServiceMethodProvider] Signature not recognized for "IIMes.Services.Runtime.Interface.IFeedingService"."UpdateFsStatus"; method will not be bound
19:40:01.792 +08:00 [WARNING] [1] [Grpc.AspNetCore.Server.Model.Internal.ServiceRouteBuilder] No gRPC methods discovered for "IIMes.Services.Runtime.Interface.IFeedingService".
20:00:25.733 +08:00 [WARNING] [1] [ProtoBuf.Grpc.Server.ServicesExtensions.CodeFirstServiceMethodProvider] Type cannot be serialized; ignoring: "IIMes.Services.Runtime.Interface.DTO.EquipmentDTO"
20:00:25.788 +08:00 [WARNING] [1] [ProtoBuf.Grpc.Server.ServicesExtensions.CodeFirstServiceMethodProvider] Signature not recognized for "IIMes.Services.Runtime.Interface.IEquipmentService"."GetEquipment"; method will not be bound
20:00:25.795 +08:00 [WARNING] [1] [Grpc.AspNetCore.Server.Model.Internal.ServiceRouteBuilder] No gRPC methods discovered for "IIMes.Services.Runtime.Interface.IEquipmentService".
20:00:25.816 +08:00 [WARNING] [1] [Grpc.AspNetCore.Server.Model.Internal.ServiceRouteBuilder] No gRPC methods discovered for "IIMes.Services.Runtime.Interface.ITerminalService".
20:00:25.817 +08:00 [WARNING] [1] [ProtoBuf.Grpc.Server.ServicesExtensions.CodeFirstServiceMethodProvider] Type cannot be serialized; ignoring: "IIMes.Services.Runtime.Interface.DTO.WoDTO"
20:00:25.817 +08:00 [WARNING] [1] [ProtoBuf.Grpc.Server.ServicesExtensions.CodeFirstServiceMethodProvider] Signature not recognized for "IIMes.Services.Runtime.Interface.IWoService"."GetWo"; method will not be bound
20:00:25.818 +08:00 [WARNING] [1] [ProtoBuf.Grpc.Server.ServicesExtensions.CodeFirstServiceMethodProvider] Type cannot be serialized; ignoring: "IIMes.Services.Runtime.Interface.DTO.WoRequestDTO"
20:00:25.820 +08:00 [WARNING] [1] [ProtoBuf.Grpc.Server.ServicesExtensions.CodeFirstServiceMethodProvider] Type cannot be serialized; ignoring: "System.Collections.Generic.IList`1[[IIMes.Services.Runtime.Interface.DTO.WoDTO, IIMes.Services.Runtime.Interface, Version=1.0.0.0, Culture=neutral, PublicKeyToken=null]]"
20:00:25.820 +08:00 [WARNING] [1] [ProtoBuf.Grpc.Server.ServicesExtensions.CodeFirstServiceMethodProvider] Signature not recognized for "IIMes.Services.Runtime.Interface.IWoService"."Query"; method will not be bound
20:00:25.820 +08:00 [WARNING] [1] [Grpc.AspNetCore.Server.Model.Internal.ServiceRouteBuilder] No gRPC methods discovered for "IIMes.Services.Runtime.Interface.IWoService".
20:00:25.822 +08:00 [WARNING] [1] [ProtoBuf.Grpc.Server.ServicesExtensions.CodeFirstServiceMethodProvider] Type cannot be serialized; ignoring: "IIMes.Services.Runtime.Interface.DTO.MaterialDTO"
20:00:25.822 +08:00 [WARNING] [1] [ProtoBuf.Grpc.Server.ServicesExtensions.CodeFirstServiceMethodProvider] Signature not recognized for "IIMes.Services.Runtime.Interface.IMaterialService"."GetPartByReel"; method will not be bound
20:00:25.822 +08:00 [WARNING] [1] [ProtoBuf.Grpc.Server.ServicesExtensions.CodeFirstServiceMethodProvider] Type cannot be serialized; ignoring: "IIMes.Services.Runtime.Interface.DTO.MaterialDTO"
20:00:25.823 +08:00 [WARNING] [1] [ProtoBuf.Grpc.Server.ServicesExtensions.CodeFirstServiceMethodProvider] Signature not recognized for "IIMes.Services.Runtime.Interface.IMaterialService"."GetPartByPart"; method will not be bound
20:00:25.823 +08:00 [WARNING] [1] [Grpc.AspNetCore.Server.Model.Internal.ServiceRouteBuilder] No gRPC methods discovered for "IIMes.Services.Runtime.Interface.IMaterialService".
20:00:25.872 +08:00 [INFORMATION] [1] [ProtoBuf.Grpc.Server.ServicesExtensions.CodeFirstServiceMethodProvider] RPC services being provided by "IIMes.Services.Runtime.Interface.IWORService": 1
20:00:25.876 +08:00 [WARNING] [1] [ProtoBuf.Grpc.Server.ServicesExtensions.CodeFirstServiceMethodProvider] Type cannot be serialized; ignoring: "System.Object"
20:00:25.876 +08:00 [WARNING] [1] [ProtoBuf.Grpc.Server.ServicesExtensions.CodeFirstServiceMethodProvider] Signature not recognized for "IIMes.Services.Runtime.Interface.IWORScrapService"."QueryScrapReason"; method will not be bound
20:00:25.876 +08:00 [WARNING] [1] [ProtoBuf.Grpc.Server.ServicesExtensions.CodeFirstServiceMethodProvider] Type cannot be serialized; ignoring: "IIMes.Services.Runtime.Interface.DTO.WorScrapRequestDTO"
20:00:25.876 +08:00 [WARNING] [1] [ProtoBuf.Grpc.Server.ServicesExtensions.CodeFirstServiceMethodProvider] Signature not recognized for "IIMes.Services.Runtime.Interface.IWORScrapService"."SaveWorScrap"; method will not be bound
20:00:25.877 +08:00 [WARNING] [1] [Grpc.AspNetCore.Server.Model.Internal.ServiceRouteBuilder] No gRPC methods discovered for "IIMes.Services.Runtime.Interface.IWORScrapService".
20:00:25.878 +08:00 [WARNING] [1] [ProtoBuf.Grpc.Server.ServicesExtensions.CodeFirstServiceMethodProvider] Type cannot be serialized; ignoring: "IIMes.Services.Runtime.Interface.DTO.FeedingRequestDTO"
20:00:25.878 +08:00 [WARNING] [1] [ProtoBuf.Grpc.Server.ServicesExtensions.CodeFirstServiceMethodProvider] Type cannot be serialized; ignoring: "System.Object"
20:00:25.878 +08:00 [WARNING] [1] [ProtoBuf.Grpc.Server.ServicesExtensions.CodeFirstServiceMethodProvider] Signature not recognized for "IIMes.Services.Runtime.Interface.IFeedingService"."ConfirmFeeding"; method will not be bound
20:00:25.878 +08:00 [WARNING] [1] [ProtoBuf.Grpc.Server.ServicesExtensions.CodeFirstServiceMethodProvider] Type cannot be serialized; ignoring: "System.Object"
20:00:25.878 +08:00 [WARNING] [1] [ProtoBuf.Grpc.Server.ServicesExtensions.CodeFirstServiceMethodProvider] Signature not recognized for "IIMes.Services.Runtime.Interface.IFeedingService"."QueryFsStatus"; method will not be bound
20:00:25.878 +08:00 [WARNING] [1] [ProtoBuf.Grpc.Server.ServicesExtensions.CodeFirstServiceMethodProvider] Type cannot be serialized; ignoring: "IIMes.Services.Runtime.Interface.DTO.FeedingRequestDTO"
20:00:25.878 +08:00 [WARNING] [1] [ProtoBuf.Grpc.Server.ServicesExtensions.CodeFirstServiceMethodProvider] Type cannot be serialized; ignoring: "System.Object"
20:00:25.878 +08:00 [WARNING] [1] [ProtoBuf.Grpc.Server.ServicesExtensions.CodeFirstServiceMethodProvider] Signature not recognized for "IIMes.Services.Runtime.Interface.IFeedingService"."UpdateFsStatus"; method will not be bound
20:00:25.879 +08:00 [WARNING] [1] [Grpc.AspNetCore.Server.Model.Internal.ServiceRouteBuilder] No gRPC methods discovered for "IIMes.Services.Runtime.Interface.IFeedingService".
20:01:32.967 +08:00 [WARNING] [1] [ProtoBuf.Grpc.Server.ServicesExtensions.CodeFirstServiceMethodProvider] Type cannot be serialized; ignoring: "IIMes.Services.Runtime.Interface.DTO.EquipmentDTO"
20:01:33.016 +08:00 [WARNING] [1] [ProtoBuf.Grpc.Server.ServicesExtensions.CodeFirstServiceMethodProvider] Signature not recognized for "IIMes.Services.Runtime.Interface.IEquipmentService"."GetEquipment"; method will not be bound
20:01:33.027 +08:00 [WARNING] [1] [Grpc.AspNetCore.Server.Model.Internal.ServiceRouteBuilder] No gRPC methods discovered for "IIMes.Services.Runtime.Interface.IEquipmentService".
20:01:33.054 +08:00 [WARNING] [1] [Grpc.AspNetCore.Server.Model.Internal.ServiceRouteBuilder] No gRPC methods discovered for "IIMes.Services.Runtime.Interface.ITerminalService".
20:01:33.058 +08:00 [WARNING] [1] [ProtoBuf.Grpc.Server.ServicesExtensions.CodeFirstServiceMethodProvider] Type cannot be serialized; ignoring: "IIMes.Services.Runtime.Interface.DTO.WoDTO"
20:01:33.058 +08:00 [WARNING] [1] [ProtoBuf.Grpc.Server.ServicesExtensions.CodeFirstServiceMethodProvider] Signature not recognized for "IIMes.Services.Runtime.Interface.IWoService"."GetWo"; method will not be bound
20:01:33.059 +08:00 [WARNING] [1] [ProtoBuf.Grpc.Server.ServicesExtensions.CodeFirstServiceMethodProvider] Type cannot be serialized; ignoring: "IIMes.Services.Runtime.Interface.DTO.WoRequestDTO"
20:01:33.063 +08:00 [WARNING] [1] [ProtoBuf.Grpc.Server.ServicesExtensions.CodeFirstServiceMethodProvider] Type cannot be serialized; ignoring: "System.Collections.Generic.IList`1[[IIMes.Services.Runtime.Interface.DTO.WoDTO, IIMes.Services.Runtime.Interface, Version=1.0.0.0, Culture=neutral, PublicKeyToken=null]]"
20:01:33.063 +08:00 [WARNING] [1] [ProtoBuf.Grpc.Server.ServicesExtensions.CodeFirstServiceMethodProvider] Signature not recognized for "IIMes.Services.Runtime.Interface.IWoService"."Query"; method will not be bound
20:01:33.064 +08:00 [WARNING] [1] [Grpc.AspNetCore.Server.Model.Internal.ServiceRouteBuilder] No gRPC methods discovered for "IIMes.Services.Runtime.Interface.IWoService".
20:01:33.066 +08:00 [WARNING] [1] [ProtoBuf.Grpc.Server.ServicesExtensions.CodeFirstServiceMethodProvider] Type cannot be serialized; ignoring: "IIMes.Services.Runtime.Interface.DTO.MaterialDTO"
20:01:33.066 +08:00 [WARNING] [1] [ProtoBuf.Grpc.Server.ServicesExtensions.CodeFirstServiceMethodProvider] Signature not recognized for "IIMes.Services.Runtime.Interface.IMaterialService"."GetPartByReel"; method will not be bound
20:01:33.066 +08:00 [WARNING] [1] [ProtoBuf.Grpc.Server.ServicesExtensions.CodeFirstServiceMethodProvider] Type cannot be serialized; ignoring: "IIMes.Services.Runtime.Interface.DTO.MaterialDTO"
20:01:33.066 +08:00 [WARNING] [1] [ProtoBuf.Grpc.Server.ServicesExtensions.CodeFirstServiceMethodProvider] Signature not recognized for "IIMes.Services.Runtime.Interface.IMaterialService"."GetPartByPart"; method will not be bound
20:01:33.066 +08:00 [WARNING] [1] [Grpc.AspNetCore.Server.Model.Internal.ServiceRouteBuilder] No gRPC methods discovered for "IIMes.Services.Runtime.Interface.IMaterialService".
20:01:33.127 +08:00 [INFORMATION] [1] [ProtoBuf.Grpc.Server.ServicesExtensions.CodeFirstServiceMethodProvider] RPC services being provided by "IIMes.Services.Runtime.Interface.IWORService": 1
20:01:33.131 +08:00 [WARNING] [1] [ProtoBuf.Grpc.Server.ServicesExtensions.CodeFirstServiceMethodProvider] Type cannot be serialized; ignoring: "System.Object"
20:01:33.131 +08:00 [WARNING] [1] [ProtoBuf.Grpc.Server.ServicesExtensions.CodeFirstServiceMethodProvider] Signature not recognized for "IIMes.Services.Runtime.Interface.IWORScrapService"."QueryScrapReason"; method will not be bound
20:01:33.131 +08:00 [WARNING] [1] [ProtoBuf.Grpc.Server.ServicesExtensions.CodeFirstServiceMethodProvider] Type cannot be serialized; ignoring: "IIMes.Services.Runtime.Interface.DTO.WorScrapRequestDTO"
20:01:33.131 +08:00 [WARNING] [1] [ProtoBuf.Grpc.Server.ServicesExtensions.CodeFirstServiceMethodProvider] Signature not recognized for "IIMes.Services.Runtime.Interface.IWORScrapService"."SaveWorScrap"; method will not be bound
20:01:33.131 +08:00 [WARNING] [1] [Grpc.AspNetCore.Server.Model.Internal.ServiceRouteBuilder] No gRPC methods discovered for "IIMes.Services.Runtime.Interface.IWORScrapService".
20:01:33.133 +08:00 [WARNING] [1] [ProtoBuf.Grpc.Server.ServicesExtensions.CodeFirstServiceMethodProvider] Type cannot be serialized; ignoring: "IIMes.Services.Runtime.Interface.DTO.FeedingRequestDTO"
20:01:33.133 +08:00 [WARNING] [1] [ProtoBuf.Grpc.Server.ServicesExtensions.CodeFirstServiceMethodProvider] Type cannot be serialized; ignoring: "System.Object"
20:01:33.133 +08:00 [WARNING] [1] [ProtoBuf.Grpc.Server.ServicesExtensions.CodeFirstServiceMethodProvider] Signature not recognized for "IIMes.Services.Runtime.Interface.IFeedingService"."ConfirmFeeding"; method will not be bound
20:01:33.133 +08:00 [WARNING] [1] [ProtoBuf.Grpc.Server.ServicesExtensions.CodeFirstServiceMethodProvider] Type cannot be serialized; ignoring: "System.Object"
20:01:33.133 +08:00 [WARNING] [1] [ProtoBuf.Grpc.Server.ServicesExtensions.CodeFirstServiceMethodProvider] Signature not recognized for "IIMes.Services.Runtime.Interface.IFeedingService"."QueryFsStatus"; method will not be bound
20:01:33.133 +08:00 [WARNING] [1] [ProtoBuf.Grpc.Server.ServicesExtensions.CodeFirstServiceMethodProvider] Type cannot be serialized; ignoring: "IIMes.Services.Runtime.Interface.DTO.FeedingRequestDTO"
20:01:33.133 +08:00 [WARNING] [1] [ProtoBuf.Grpc.Server.ServicesExtensions.CodeFirstServiceMethodProvider] Type cannot be serialized; ignoring: "System.Object"
20:01:33.133 +08:00 [WARNING] [1] [ProtoBuf.Grpc.Server.ServicesExtensions.CodeFirstServiceMethodProvider] Signature not recognized for "IIMes.Services.Runtime.Interface.IFeedingService"."UpdateFsStatus"; method will not be bound
20:01:33.133 +08:00 [WARNING] [1] [Grpc.AspNetCore.Server.Model.Internal.ServiceRouteBuilder] No gRPC methods discovered for "IIMes.Services.Runtime.Interface.IFeedingService".
21:13:25.594 +08:00 [WARNING] [1] [ProtoBuf.Grpc.Server.ServicesExtensions.CodeFirstServiceMethodProvider] Type cannot be serialized; ignoring: "IIMes.Services.Runtime.Interface.DTO.EquipmentDTO"
21:13:25.652 +08:00 [WARNING] [1] [ProtoBuf.Grpc.Server.ServicesExtensions.CodeFirstServiceMethodProvider] Signature not recognized for "IIMes.Services.Runtime.Interface.IEquipmentService"."GetEquipment"; method will not be bound
21:13:25.662 +08:00 [WARNING] [1] [Grpc.AspNetCore.Server.Model.Internal.ServiceRouteBuilder] No gRPC methods discovered for "IIMes.Services.Runtime.Interface.IEquipmentService".
21:13:25.687 +08:00 [WARNING] [1] [Grpc.AspNetCore.Server.Model.Internal.ServiceRouteBuilder] No gRPC methods discovered for "IIMes.Services.Runtime.Interface.ITerminalService".
21:13:25.689 +08:00 [WARNING] [1] [ProtoBuf.Grpc.Server.ServicesExtensions.CodeFirstServiceMethodProvider] Type cannot be serialized; ignoring: "IIMes.Services.Runtime.Interface.DTO.WoDTO"
21:13:25.689 +08:00 [WARNING] [1] [ProtoBuf.Grpc.Server.ServicesExtensions.CodeFirstServiceMethodProvider] Signature not recognized for "IIMes.Services.Runtime.Interface.IWoService"."GetWo"; method will not be bound
21:13:25.689 +08:00 [WARNING] [1] [ProtoBuf.Grpc.Server.ServicesExtensions.CodeFirstServiceMethodProvider] Type cannot be serialized; ignoring: "IIMes.Services.Runtime.Interface.DTO.WoRequestDTO"
21:13:25.692 +08:00 [WARNING] [1] [ProtoBuf.Grpc.Server.ServicesExtensions.CodeFirstServiceMethodProvider] Type cannot be serialized; ignoring: "System.Collections.Generic.IList`1[[IIMes.Services.Runtime.Interface.DTO.WoDTO, IIMes.Services.Runtime.Interface, Version=1.0.0.0, Culture=neutral, PublicKeyToken=null]]"
21:13:25.692 +08:00 [WARNING] [1] [ProtoBuf.Grpc.Server.ServicesExtensions.CodeFirstServiceMethodProvider] Signature not recognized for "IIMes.Services.Runtime.Interface.IWoService"."Query"; method will not be bound
21:13:25.693 +08:00 [WARNING] [1] [Grpc.AspNetCore.Server.Model.Internal.ServiceRouteBuilder] No gRPC methods discovered for "IIMes.Services.Runtime.Interface.IWoService".
21:13:25.695 +08:00 [WARNING] [1] [ProtoBuf.Grpc.Server.ServicesExtensions.CodeFirstServiceMethodProvider] Type cannot be serialized; ignoring: "IIMes.Services.Runtime.Interface.DTO.MaterialDTO"
21:13:25.695 +08:00 [WARNING] [1] [ProtoBuf.Grpc.Server.ServicesExtensions.CodeFirstServiceMethodProvider] Signature not recognized for "IIMes.Services.Runtime.Interface.IMaterialService"."GetPartByReel"; method will not be bound
21:13:25.695 +08:00 [WARNING] [1] [ProtoBuf.Grpc.Server.ServicesExtensions.CodeFirstServiceMethodProvider] Type cannot be serialized; ignoring: "IIMes.Services.Runtime.Interface.DTO.MaterialDTO"
21:13:25.695 +08:00 [WARNING] [1] [ProtoBuf.Grpc.Server.ServicesExtensions.CodeFirstServiceMethodProvider] Signature not recognized for "IIMes.Services.Runtime.Interface.IMaterialService"."GetPartByPart"; method will not be bound
21:13:25.696 +08:00 [WARNING] [1] [Grpc.AspNetCore.Server.Model.Internal.ServiceRouteBuilder] No gRPC methods discovered for "IIMes.Services.Runtime.Interface.IMaterialService".
21:13:25.774 +08:00 [INFORMATION] [1] [ProtoBuf.Grpc.Server.ServicesExtensions.CodeFirstServiceMethodProvider] RPC services being provided by "IIMes.Services.Runtime.Interface.IWORService": 1
21:13:25.778 +08:00 [WARNING] [1] [ProtoBuf.Grpc.Server.ServicesExtensions.CodeFirstServiceMethodProvider] Type cannot be serialized; ignoring: "System.Object"
21:13:25.779 +08:00 [WARNING] [1] [ProtoBuf.Grpc.Server.ServicesExtensions.CodeFirstServiceMethodProvider] Signature not recognized for "IIMes.Services.Runtime.Interface.IWORScrapService"."QueryScrapReason"; method will not be bound
21:13:25.779 +08:00 [WARNING] [1] [ProtoBuf.Grpc.Server.ServicesExtensions.CodeFirstServiceMethodProvider] Type cannot be serialized; ignoring: "IIMes.Services.Runtime.Interface.DTO.WorScrapRequestDTO"
21:13:25.779 +08:00 [WARNING] [1] [ProtoBuf.Grpc.Server.ServicesExtensions.CodeFirstServiceMethodProvider] Signature not recognized for "IIMes.Services.Runtime.Interface.IWORScrapService"."SaveWorScrap"; method will not be bound
21:13:25.779 +08:00 [WARNING] [1] [Grpc.AspNetCore.Server.Model.Internal.ServiceRouteBuilder] No gRPC methods discovered for "IIMes.Services.Runtime.Interface.IWORScrapService".
21:13:25.781 +08:00 [WARNING] [1] [ProtoBuf.Grpc.Server.ServicesExtensions.CodeFirstServiceMethodProvider] Type cannot be serialized; ignoring: "IIMes.Services.Runtime.Interface.DTO.FeedingRequestDTO"
21:13:25.781 +08:00 [WARNING] [1] [ProtoBuf.Grpc.Server.ServicesExtensions.CodeFirstServiceMethodProvider] Type cannot be serialized; ignoring: "System.Object"
21:13:25.781 +08:00 [WARNING] [1] [ProtoBuf.Grpc.Server.ServicesExtensions.CodeFirstServiceMethodProvider] Signature not recognized for "IIMes.Services.Runtime.Interface.IFeedingService"."ConfirmFeeding"; method will not be bound
21:13:25.781 +08:00 [WARNING] [1] [ProtoBuf.Grpc.Server.ServicesExtensions.CodeFirstServiceMethodProvider] Type cannot be serialized; ignoring: "System.Object"
21:13:25.781 +08:00 [WARNING] [1] [ProtoBuf.Grpc.Server.ServicesExtensions.CodeFirstServiceMethodProvider] Signature not recognized for "IIMes.Services.Runtime.Interface.IFeedingService"."QueryFsStatus"; method will not be bound
21:13:25.781 +08:00 [WARNING] [1] [ProtoBuf.Grpc.Server.ServicesExtensions.CodeFirstServiceMethodProvider] Type cannot be serialized; ignoring: "IIMes.Services.Runtime.Interface.DTO.FeedingRequestDTO"
21:13:25.781 +08:00 [WARNING] [1] [ProtoBuf.Grpc.Server.ServicesExtensions.CodeFirstServiceMethodProvider] Type cannot be serialized; ignoring: "System.Object"
21:13:25.781 +08:00 [WARNING] [1] [ProtoBuf.Grpc.Server.ServicesExtensions.CodeFirstServiceMethodProvider] Signature not recognized for "IIMes.Services.Runtime.Interface.IFeedingService"."UpdateFsStatus"; method will not be bound
21:13:25.782 +08:00 [WARNING] [1] [Grpc.AspNetCore.Server.Model.Internal.ServiceRouteBuilder] No gRPC methods discovered for "IIMes.Services.Runtime.Interface.IFeedingService".
