09:10:00.028 +08:00 [DEBUG] [4] [NHibernate.SQL] 
    select
        wofs0_.ID as id1_36_,
        wofs0_.PART_FS_ID as part2_36_,
        wofs0_.WORK_ORDER as work3_36_,
        wofs0_.PART_ID as part4_36_,
        wofs0_.SIDE as side5_36_,
        wofs0_.EQUIPMENT_ID as equipment6_36_,
        wofs0_.EMPLOYEE_CODE as employee7_36_,
        wofs0_.CREATE_TIME as create8_36_,
        wofs0_.UPDATE_TIME as update9_36_ 
    from
        WO_FS wofs0_ 
    where
        wofs0_.WORK_ORDER=@p0 
        and wofs0_.EQUIPMENT_ID=@p1;
    @p0 = 'ZHN-WO-001' [Type: String (4000:0:0)], @p1 = 12 [Type: Int32 (0:0:0)]
09:10:00.375 +08:00 [DEBUG] [4] [NHibernate.SQL] 
    select
        TOP (1) fsstatus0_.ID as id1_39_,
        fsstatus0_.TERMINAL_ID as terminal2_39_,
        fsstatus0_.EQUIPMENT_ID as equipment3_39_,
        fsstatus0_.WORK_ORDER as work4_39_,
        fsstatus0_.STATUS as status5_39_,
        fsstatus0_.EMPLOYEE_CODE as employee6_39_,
        fsstatus0_.CREATE_TIME as create7_39_,
        fsstatus0_.UPDATE_TIME as update8_39_ 
    from
        FS_STATUS fsstatus0_ 
    where
        fsstatus0_.WORK_ORDER=@p0 
        and fsstatus0_.EQUIPMENT_ID=@p1;
    @p0 = 'ZHN-WO-001' [Type: String (4000:0:0)], @p1 = 12 [Type: Int32 (0:0:0)]
09:10:00.871 +08:00 [DEBUG] [10] [NHibernate.SQL] 
    select
        TOP (1) wofs0_.ID as id1_36_,
        wofs0_.PART_FS_ID as part2_36_,
        wofs0_.WORK_ORDER as work3_36_,
        wofs0_.PART_ID as part4_36_,
        wofs0_.SIDE as side5_36_,
        wofs0_.EQUIPMENT_ID as equipment6_36_,
        wofs0_.EMPLOYEE_CODE as employee7_36_,
        wofs0_.CREATE_TIME as create8_36_,
        wofs0_.UPDATE_TIME as update9_36_ 
    from
        WO_FS wofs0_ 
    where
        wofs0_.WORK_ORDER=@p0 
        and wofs0_.EQUIPMENT_ID=@p1 
    order by
        wofs0_.ID desc;
    @p0 = 'ZHN-WO-001' [Type: String (4000:0:0)],
    @p1 = 12 [Type: Int32 (0:0:0)]
09:10:00.895 +08:00 [DEBUG] [10] [NHibernate.SQL] 
    select
        wofs0_.ID as col_0_0_ 
    from
        WO_FS wofs0_ 
    where
        wofs0_.EQUIPMENT_ID=@p0;
    @p0 = 12 [Type: Int32 (0:0:0)]
09:10:01.081 +08:00 [DEBUG] [10] [NHibernate.SQL] 
    select
        TOP (1) terminalpa0_.ITEM_PART_ID as col_0_0_ 
    from
        TERMINAL_PARTS terminalpa0_ 
    where
        terminalpa0_.EQUIPMENT_ID=@p0 
        and  not (exists (select
            wofsdetail1_.ITEM_PART_ID 
        from
            WO_FS_DETAIL wofsdetail1_ 
        where
            (cast(wofsdetail1_.WO_FS_ID as INT) in (@p1 , @p2 , @p3 , @p4 , @p5)) 
            and (wofsdetail1_.ITEM_PART_ID=terminalpa0_.ITEM_PART_ID 
            or (wofsdetail1_.ITEM_PART_ID is null) 
            and (terminalpa0_.ITEM_PART_ID is null))));
    @p0 = 12 [Type: Int32 (0:0:0)], @p1 = 15 [Type: Int32 (0:0:0)], @p2 = 22 [Type: Int32 (0:0:0)], @p3 = 23 [Type: Int32 (0:0:0)], @p4 = 25 [Type: Int32 (0:0:0)], @p5 = 26 [Type: Int32 (0:0:0)]
09:10:18.401 +08:00 [DEBUG] [5] [NHibernate.SQL] 
    select
        wostatus0_.ID as id1_48_,
        wostatus0_.CODE as code2_48_,
        wostatus0_.NAME as name3_48_,
        wostatus0_.DESCRIPTION as description4_48_,
        wostatus0_.DESCRIPTION2 as description5_48_,
        wostatus0_.EMPLOYEE_CODE as employee6_48_,
        wostatus0_.CREATE_TIME as create7_48_,
        wostatus0_.UPDATE_TIME as update8_48_ 
    from
        S_WO_STATUS wostatus0_ 
    where
        wostatus0_.NAME=@p0;
    @p0 = 'RELEASE' [Type: String (4000:0:0)]
09:10:18.424 +08:00 [DEBUG] [5] [NHibernate.SQL] 
    select
        wobase0_.ID as id1_47_,
        wobase0_.WORK_ORDER as work2_47_,
        wobase0_.PART_ID as part3_47_,
        wobase0_.TYPE as type4_47_,
        wobase0_.VERSION as version5_47_,
        wobase0_.TARGET_QTY as target6_47_,
        wobase0_.WO_CREATE_TIME as wo7_47_,
        wobase0_.WO_SCHEDULE_TIME as wo8_47_,
        wobase0_.WO_SCHEDULE_FINISH_TIME as wo9_47_,
        wobase0_.[SEQUENCE] as SEQUENCE10_47_,
        wobase0_.WO_START_TIME as wo11_47_,
        wobase0_.WO_CLOSE_TIME as wo12_47_,
        wobase0_.INPUT_QTY as input13_47_,
        wobase0_.OUTPUT_QTY as output14_47_,
        wobase0_.SCRAP_QTY as scrap15_47_,
        wobase0_.WORKFLOW_ID as workflow16_47_,
        wobase0_.BOP_ID as bop17_47_,
        wobase0_.WO_STATUS_ID as wo18_47_,
        wobase0_.PRODUCT_LINE_ID as product19_47_,
        wobase0_.START_PROCESS_ID as start20_47_,
        wobase0_.END_PROCESS_ID as end21_47_,
        wobase0_.RC_BARCODE_RULE_ID as rc22_47_,
        wobase0_.SN_BARCODE_RULE_ID as sn23_47_,
        wobase0_.DESCRIPTION as description24_47_,
        wobase0_.PRINT_QTY as print25_47_,
        wobase0_.BOM_ID as bom26_47_,
        wobase0_.PO as po27_47_,
        wobase0_.EMPLOYEE_CODE as employee28_47_,
        wobase0_.CREATE_TIME as create29_47_,
        wobase0_.UPDATE_TIME as update30_47_ 
    from
        WO_BASE wobase0_ 
    where
        wobase0_.WORK_ORDER=@p0 
        and wobase0_.WO_STATUS_ID=@p1;
    @p0 = 'ZHN-WO-001' [Type: String (4000:0:0)], @p1 = 3 [Type: Int32 (0:0:0)]
09:10:18.438 +08:00 [DEBUG] [5] [NHibernate.SQL] 
    select
        wostatus0_.ID as id1_48_,
        wostatus0_.CODE as code2_48_,
        wostatus0_.NAME as name3_48_,
        wostatus0_.DESCRIPTION as description4_48_,
        wostatus0_.DESCRIPTION2 as description5_48_,
        wostatus0_.EMPLOYEE_CODE as employee6_48_,
        wostatus0_.CREATE_TIME as create7_48_,
        wostatus0_.UPDATE_TIME as update8_48_ 
    from
        S_WO_STATUS wostatus0_ 
    where
        wostatus0_.NAME=@p0;
    @p0 = 'WIP' [Type: String (4000:0:0)]
09:10:18.445 +08:00 [DEBUG] [5] [NHibernate.SQL] 
    select
        wobase0_.ID as id1_47_,
        wobase0_.WORK_ORDER as work2_47_,
        wobase0_.PART_ID as part3_47_,
        wobase0_.TYPE as type4_47_,
        wobase0_.VERSION as version5_47_,
        wobase0_.TARGET_QTY as target6_47_,
        wobase0_.WO_CREATE_TIME as wo7_47_,
        wobase0_.WO_SCHEDULE_TIME as wo8_47_,
        wobase0_.WO_SCHEDULE_FINISH_TIME as wo9_47_,
        wobase0_.[SEQUENCE] as SEQUENCE10_47_,
        wobase0_.WO_START_TIME as wo11_47_,
        wobase0_.WO_CLOSE_TIME as wo12_47_,
        wobase0_.INPUT_QTY as input13_47_,
        wobase0_.OUTPUT_QTY as output14_47_,
        wobase0_.SCRAP_QTY as scrap15_47_,
        wobase0_.WORKFLOW_ID as workflow16_47_,
        wobase0_.BOP_ID as bop17_47_,
        wobase0_.WO_STATUS_ID as wo18_47_,
        wobase0_.PRODUCT_LINE_ID as product19_47_,
        wobase0_.START_PROCESS_ID as start20_47_,
        wobase0_.END_PROCESS_ID as end21_47_,
        wobase0_.RC_BARCODE_RULE_ID as rc22_47_,
        wobase0_.SN_BARCODE_RULE_ID as sn23_47_,
        wobase0_.DESCRIPTION as description24_47_,
        wobase0_.PRINT_QTY as print25_47_,
        wobase0_.BOM_ID as bom26_47_,
        wobase0_.PO as po27_47_,
        wobase0_.EMPLOYEE_CODE as employee28_47_,
        wobase0_.CREATE_TIME as create29_47_,
        wobase0_.UPDATE_TIME as update30_47_ 
    from
        WO_BASE wobase0_ 
    where
        wobase0_.WORK_ORDER=@p0 
        and wobase0_.WO_STATUS_ID=@p1;
    @p0 = 'ZHN-WO-001' [Type: String (4000:0:0)], @p1 = 4 [Type: Int32 (0:0:0)]
09:10:18.680 +08:00 [DEBUG] [5] [NHibernate.SQL] 
    SELECT
        part0_.ID as id1_31_0_,
        part0_.PART_NO as part2_31_0_,
        part0_.PART_NAME as part3_31_0_,
        part0_.TYPE as type4_31_0_,
        part0_.SPEC1 as spec5_31_0_,
        part0_.SPEC2 as spec6_31_0_,
        part0_.VERSION as version7_31_0_,
        part0_.PART_DL as part8_31_0_,
        part0_.PART_XL as part9_31_0_,
        part0_.VENDOR_PART_NO as vendor10_31_0_,
        part0_.CUSTOMER_PART_NO as customer11_31_0_,
        part0_.UOM as uom12_31_0_,
        part0_.KEYPART as keypart13_31_0_,
        part0_.MATCH_RULE as match14_31_0_,
        part0_.UNIQUE_CHECK as unique15_31_0_,
        part0_.WORKFLOW_ID as workflow16_31_0_,
        part0_.VENDOR_ID as vendor17_31_0_,
        part0_.CUSTOMER_ID as customer18_31_0_,
        part0_.FAMILY_ID as family19_31_0_,
        part0_.MATERIAL_TYPE_ID as material20_31_0_,
        part0_.EMPLOYEE_CODE as employee21_31_0_,
        part0_.CREATE_TIME as create22_31_0_,
        part0_.UPDATE_TIME as update23_31_0_ 
    FROM
        S_PART part0_ 
    WHERE
        part0_.ID=@p0;
    @p0 = 69 [Type: Int32 (0:0:0)]
09:10:19.449 +08:00 [DEBUG] [14] [NHibernate.SQL] 
    select
        wofs0_.ID as id1_36_,
        wofs0_.PART_FS_ID as part2_36_,
        wofs0_.WORK_ORDER as work3_36_,
        wofs0_.PART_ID as part4_36_,
        wofs0_.SIDE as side5_36_,
        wofs0_.EQUIPMENT_ID as equipment6_36_,
        wofs0_.EMPLOYEE_CODE as employee7_36_,
        wofs0_.CREATE_TIME as create8_36_,
        wofs0_.UPDATE_TIME as update9_36_ 
    from
        WO_FS wofs0_ 
    where
        wofs0_.WORK_ORDER=@p0 
        and wofs0_.EQUIPMENT_ID=@p1 
    order by
        wofs0_.ID desc;
    @p0 = 'ZHN-WO-001' [Type: String (4000:0:0)],
    @p1 = 12 [Type: Int32 (0:0:0)]
09:10:19.469 +08:00 [DEBUG] [14] [NHibernate.SQL] 
    SELECT
        terminal0_.ID as id1_9_0_,
        terminal0_.LINE_ID as line2_9_0_,
        terminal0_.PROCESS_ID as process3_9_0_,
        terminal0_.EQUIPMENT_ID as equipment4_9_0_,
        terminal0_.CODE as code5_9_0_,
        terminal0_.NAME as name6_9_0_,
        terminal0_.IP as ip7_9_0_,
        terminal0_.DESCRIPTION as description8_9_0_,
        terminal0_.DESCRIPTION2 as description9_9_0_,
        terminal0_.EMPLOYEE_CODE as employee10_9_0_,
        terminal0_.CREATE_TIME as create11_9_0_,
        terminal0_.UPDATE_TIME as update12_9_0_ 
    FROM
        S_TERMINAL terminal0_ 
    WHERE
        terminal0_.ID=@p0;
    @p0 = 15 [Type: Int32 (0:0:0)]
09:10:19.900 +08:00 [DEBUG] [14] [NHibernate.SQL] 
    select
        terminalpa0_.ID as id1_46_,
        terminalpa0_.TERMINAL_ID as terminal2_46_,
        terminalpa0_.EQUIPMENT_ID as equipment3_46_,
        terminalpa0_.STATION_ID as station4_46_,
        terminalpa0_.STATION as station5_46_,
        terminalpa0_.[SEQUENCE] as SEQUENCE6_46_,
        terminalpa0_.ITEM_PART_ID as item7_46_,
        terminalpa0_.ITEM_PART_NO as item8_46_,
        terminalpa0_.SCAN_PART_ID as scan9_46_,
        terminalpa0_.SCAN_PART_NO as scan10_46_,
        terminalpa0_.SCAN_NO as scan11_46_,
        terminalpa0_.EMPLOYEE_CODE as employee12_46_,
        terminalpa0_.CREATE_TIME as create13_46_ 
    from
        TERMINAL_PARTS terminalpa0_ 
    where
        terminalpa0_.TERMINAL_ID=@p0 
    order by
        terminalpa0_.[SEQUENCE] asc;
    @p0 = 15 [Type: Int32 (0:0:0)]
09:10:19.925 +08:00 [DEBUG] [14] [NHibernate.SQL] 
    select
        wofsdetail0_.ID as id1_37_,
        wofsdetail0_.WO_FS_ID as wo2_37_,
        wofsdetail0_.STATION as station3_37_,
        wofsdetail0_.ITEM_PART_ID as item4_37_,
        wofsdetail0_.ITEM_COUNT as item5_37_,
        wofsdetail0_.LOCATION as location6_37_,
        wofsdetail0_.FEEDER_TYPE as feeder7_37_,
        wofsdetail0_.FEEDER_SPEC as feeder8_37_ 
    from
        WO_FS_DETAIL wofsdetail0_ 
    where
        wofsdetail0_.WO_FS_ID=@p0;
    @p0 = '15' [Type: String (4000:0:0)]
09:10:19.954 +08:00 [DEBUG] [14] [NHibernate.SQL] 
    select
        wofssub0_.ID as id1_38_,
        wofssub0_.WO_FS_DETAIL_ID as wo2_38_,
        wofssub0_.SUB_PART_ID as sub3_38_ 
    from
        WO_FS_SUB wofssub0_ 
    where
        wofssub0_.WO_FS_DETAIL_ID=@p0;
    @p0 = 93 [Type: Int32 (0:0:0)]
09:10:19.966 +08:00 [DEBUG] [14] [NHibernate.SQL] 
    SELECT
        part0_.ID as id1_31_0_,
        part0_.PART_NO as part2_31_0_,
        part0_.PART_NAME as part3_31_0_,
        part0_.TYPE as type4_31_0_,
        part0_.SPEC1 as spec5_31_0_,
        part0_.SPEC2 as spec6_31_0_,
        part0_.VERSION as version7_31_0_,
        part0_.PART_DL as part8_31_0_,
        part0_.PART_XL as part9_31_0_,
        part0_.VENDOR_PART_NO as vendor10_31_0_,
        part0_.CUSTOMER_PART_NO as customer11_31_0_,
        part0_.UOM as uom12_31_0_,
        part0_.KEYPART as keypart13_31_0_,
        part0_.MATCH_RULE as match14_31_0_,
        part0_.UNIQUE_CHECK as unique15_31_0_,
        part0_.WORKFLOW_ID as workflow16_31_0_,
        part0_.VENDOR_ID as vendor17_31_0_,
        part0_.CUSTOMER_ID as customer18_31_0_,
        part0_.FAMILY_ID as family19_31_0_,
        part0_.MATERIAL_TYPE_ID as material20_31_0_,
        part0_.EMPLOYEE_CODE as employee21_31_0_,
        part0_.CREATE_TIME as create22_31_0_,
        part0_.UPDATE_TIME as update23_31_0_ 
    FROM
        S_PART part0_ 
    WHERE
        part0_.ID=@p0;
    @p0 = 97 [Type: Int32 (0:0:0)]
09:10:20.050 +08:00 [DEBUG] [14] [NHibernate.SQL] 
    select
        wofssub0_.ID as id1_38_,
        wofssub0_.WO_FS_DETAIL_ID as wo2_38_,
        wofssub0_.SUB_PART_ID as sub3_38_ 
    from
        WO_FS_SUB wofssub0_ 
    where
        wofssub0_.WO_FS_DETAIL_ID=@p0;
    @p0 = 94 [Type: Int32 (0:0:0)]
09:10:20.056 +08:00 [DEBUG] [14] [NHibernate.SQL] 
    SELECT
        part0_.ID as id1_31_0_,
        part0_.PART_NO as part2_31_0_,
        part0_.PART_NAME as part3_31_0_,
        part0_.TYPE as type4_31_0_,
        part0_.SPEC1 as spec5_31_0_,
        part0_.SPEC2 as spec6_31_0_,
        part0_.VERSION as version7_31_0_,
        part0_.PART_DL as part8_31_0_,
        part0_.PART_XL as part9_31_0_,
        part0_.VENDOR_PART_NO as vendor10_31_0_,
        part0_.CUSTOMER_PART_NO as customer11_31_0_,
        part0_.UOM as uom12_31_0_,
        part0_.KEYPART as keypart13_31_0_,
        part0_.MATCH_RULE as match14_31_0_,
        part0_.UNIQUE_CHECK as unique15_31_0_,
        part0_.WORKFLOW_ID as workflow16_31_0_,
        part0_.VENDOR_ID as vendor17_31_0_,
        part0_.CUSTOMER_ID as customer18_31_0_,
        part0_.FAMILY_ID as family19_31_0_,
        part0_.MATERIAL_TYPE_ID as material20_31_0_,
        part0_.EMPLOYEE_CODE as employee21_31_0_,
        part0_.CREATE_TIME as create22_31_0_,
        part0_.UPDATE_TIME as update23_31_0_ 
    FROM
        S_PART part0_ 
    WHERE
        part0_.ID=@p0;
    @p0 = 88 [Type: Int32 (0:0:0)]
09:10:20.066 +08:00 [DEBUG] [14] [NHibernate.SQL] 
    select
        wofssub0_.ID as id1_38_,
        wofssub0_.WO_FS_DETAIL_ID as wo2_38_,
        wofssub0_.SUB_PART_ID as sub3_38_ 
    from
        WO_FS_SUB wofssub0_ 
    where
        wofssub0_.WO_FS_DETAIL_ID=@p0;
    @p0 = 95 [Type: Int32 (0:0:0)]
09:10:20.071 +08:00 [DEBUG] [14] [NHibernate.SQL] 
    SELECT
        part0_.ID as id1_31_0_,
        part0_.PART_NO as part2_31_0_,
        part0_.PART_NAME as part3_31_0_,
        part0_.TYPE as type4_31_0_,
        part0_.SPEC1 as spec5_31_0_,
        part0_.SPEC2 as spec6_31_0_,
        part0_.VERSION as version7_31_0_,
        part0_.PART_DL as part8_31_0_,
        part0_.PART_XL as part9_31_0_,
        part0_.VENDOR_PART_NO as vendor10_31_0_,
        part0_.CUSTOMER_PART_NO as customer11_31_0_,
        part0_.UOM as uom12_31_0_,
        part0_.KEYPART as keypart13_31_0_,
        part0_.MATCH_RULE as match14_31_0_,
        part0_.UNIQUE_CHECK as unique15_31_0_,
        part0_.WORKFLOW_ID as workflow16_31_0_,
        part0_.VENDOR_ID as vendor17_31_0_,
        part0_.CUSTOMER_ID as customer18_31_0_,
        part0_.FAMILY_ID as family19_31_0_,
        part0_.MATERIAL_TYPE_ID as material20_31_0_,
        part0_.EMPLOYEE_CODE as employee21_31_0_,
        part0_.CREATE_TIME as create22_31_0_,
        part0_.UPDATE_TIME as update23_31_0_ 
    FROM
        S_PART part0_ 
    WHERE
        part0_.ID=@p0;
    @p0 = 94 [Type: Int32 (0:0:0)]
09:10:20.076 +08:00 [DEBUG] [14] [NHibernate.SQL] 
    select
        wofssub0_.ID as id1_38_,
        wofssub0_.WO_FS_DETAIL_ID as wo2_38_,
        wofssub0_.SUB_PART_ID as sub3_38_ 
    from
        WO_FS_SUB wofssub0_ 
    where
        wofssub0_.WO_FS_DETAIL_ID=@p0;
    @p0 = 96 [Type: Int32 (0:0:0)]
09:10:20.081 +08:00 [DEBUG] [14] [NHibernate.SQL] 
    SELECT
        part0_.ID as id1_31_0_,
        part0_.PART_NO as part2_31_0_,
        part0_.PART_NAME as part3_31_0_,
        part0_.TYPE as type4_31_0_,
        part0_.SPEC1 as spec5_31_0_,
        part0_.SPEC2 as spec6_31_0_,
        part0_.VERSION as version7_31_0_,
        part0_.PART_DL as part8_31_0_,
        part0_.PART_XL as part9_31_0_,
        part0_.VENDOR_PART_NO as vendor10_31_0_,
        part0_.CUSTOMER_PART_NO as customer11_31_0_,
        part0_.UOM as uom12_31_0_,
        part0_.KEYPART as keypart13_31_0_,
        part0_.MATCH_RULE as match14_31_0_,
        part0_.UNIQUE_CHECK as unique15_31_0_,
        part0_.WORKFLOW_ID as workflow16_31_0_,
        part0_.VENDOR_ID as vendor17_31_0_,
        part0_.CUSTOMER_ID as customer18_31_0_,
        part0_.FAMILY_ID as family19_31_0_,
        part0_.MATERIAL_TYPE_ID as material20_31_0_,
        part0_.EMPLOYEE_CODE as employee21_31_0_,
        part0_.CREATE_TIME as create22_31_0_,
        part0_.UPDATE_TIME as update23_31_0_ 
    FROM
        S_PART part0_ 
    WHERE
        part0_.ID=@p0;
    @p0 = 89 [Type: Int32 (0:0:0)]
09:10:20.090 +08:00 [DEBUG] [14] [NHibernate.SQL] 
    select
        wofssub0_.ID as id1_38_,
        wofssub0_.WO_FS_DETAIL_ID as wo2_38_,
        wofssub0_.SUB_PART_ID as sub3_38_ 
    from
        WO_FS_SUB wofssub0_ 
    where
        wofssub0_.WO_FS_DETAIL_ID=@p0;
    @p0 = 97 [Type: Int32 (0:0:0)]
09:10:20.093 +08:00 [DEBUG] [14] [NHibernate.SQL] 
    SELECT
        part0_.ID as id1_31_0_,
        part0_.PART_NO as part2_31_0_,
        part0_.PART_NAME as part3_31_0_,
        part0_.TYPE as type4_31_0_,
        part0_.SPEC1 as spec5_31_0_,
        part0_.SPEC2 as spec6_31_0_,
        part0_.VERSION as version7_31_0_,
        part0_.PART_DL as part8_31_0_,
        part0_.PART_XL as part9_31_0_,
        part0_.VENDOR_PART_NO as vendor10_31_0_,
        part0_.CUSTOMER_PART_NO as customer11_31_0_,
        part0_.UOM as uom12_31_0_,
        part0_.KEYPART as keypart13_31_0_,
        part0_.MATCH_RULE as match14_31_0_,
        part0_.UNIQUE_CHECK as unique15_31_0_,
        part0_.WORKFLOW_ID as workflow16_31_0_,
        part0_.VENDOR_ID as vendor17_31_0_,
        part0_.CUSTOMER_ID as customer18_31_0_,
        part0_.FAMILY_ID as family19_31_0_,
        part0_.MATERIAL_TYPE_ID as material20_31_0_,
        part0_.EMPLOYEE_CODE as employee21_31_0_,
        part0_.CREATE_TIME as create22_31_0_,
        part0_.UPDATE_TIME as update23_31_0_ 
    FROM
        S_PART part0_ 
    WHERE
        part0_.ID=@p0;
    @p0 = 90 [Type: Int32 (0:0:0)]
09:10:20.100 +08:00 [DEBUG] [14] [NHibernate.SQL] 
    select
        wofssub0_.ID as id1_38_,
        wofssub0_.WO_FS_DETAIL_ID as wo2_38_,
        wofssub0_.SUB_PART_ID as sub3_38_ 
    from
        WO_FS_SUB wofssub0_ 
    where
        wofssub0_.WO_FS_DETAIL_ID=@p0;
    @p0 = 98 [Type: Int32 (0:0:0)]
09:10:20.104 +08:00 [DEBUG] [14] [NHibernate.SQL] 
    SELECT
        part0_.ID as id1_31_0_,
        part0_.PART_NO as part2_31_0_,
        part0_.PART_NAME as part3_31_0_,
        part0_.TYPE as type4_31_0_,
        part0_.SPEC1 as spec5_31_0_,
        part0_.SPEC2 as spec6_31_0_,
        part0_.VERSION as version7_31_0_,
        part0_.PART_DL as part8_31_0_,
        part0_.PART_XL as part9_31_0_,
        part0_.VENDOR_PART_NO as vendor10_31_0_,
        part0_.CUSTOMER_PART_NO as customer11_31_0_,
        part0_.UOM as uom12_31_0_,
        part0_.KEYPART as keypart13_31_0_,
        part0_.MATCH_RULE as match14_31_0_,
        part0_.UNIQUE_CHECK as unique15_31_0_,
        part0_.WORKFLOW_ID as workflow16_31_0_,
        part0_.VENDOR_ID as vendor17_31_0_,
        part0_.CUSTOMER_ID as customer18_31_0_,
        part0_.FAMILY_ID as family19_31_0_,
        part0_.MATERIAL_TYPE_ID as material20_31_0_,
        part0_.EMPLOYEE_CODE as employee21_31_0_,
        part0_.CREATE_TIME as create22_31_0_,
        part0_.UPDATE_TIME as update23_31_0_ 
    FROM
        S_PART part0_ 
    WHERE
        part0_.ID=@p0;
    @p0 = 98 [Type: Int32 (0:0:0)]
09:10:20.110 +08:00 [DEBUG] [14] [NHibernate.SQL] 
    select
        wofssub0_.ID as id1_38_,
        wofssub0_.WO_FS_DETAIL_ID as wo2_38_,
        wofssub0_.SUB_PART_ID as sub3_38_ 
    from
        WO_FS_SUB wofssub0_ 
    where
        wofssub0_.WO_FS_DETAIL_ID=@p0;
    @p0 = 99 [Type: Int32 (0:0:0)]
09:10:20.116 +08:00 [DEBUG] [14] [NHibernate.SQL] 
    SELECT
        part0_.ID as id1_31_0_,
        part0_.PART_NO as part2_31_0_,
        part0_.PART_NAME as part3_31_0_,
        part0_.TYPE as type4_31_0_,
        part0_.SPEC1 as spec5_31_0_,
        part0_.SPEC2 as spec6_31_0_,
        part0_.VERSION as version7_31_0_,
        part0_.PART_DL as part8_31_0_,
        part0_.PART_XL as part9_31_0_,
        part0_.VENDOR_PART_NO as vendor10_31_0_,
        part0_.CUSTOMER_PART_NO as customer11_31_0_,
        part0_.UOM as uom12_31_0_,
        part0_.KEYPART as keypart13_31_0_,
        part0_.MATCH_RULE as match14_31_0_,
        part0_.UNIQUE_CHECK as unique15_31_0_,
        part0_.WORKFLOW_ID as workflow16_31_0_,
        part0_.VENDOR_ID as vendor17_31_0_,
        part0_.CUSTOMER_ID as customer18_31_0_,
        part0_.FAMILY_ID as family19_31_0_,
        part0_.MATERIAL_TYPE_ID as material20_31_0_,
        part0_.EMPLOYEE_CODE as employee21_31_0_,
        part0_.CREATE_TIME as create22_31_0_,
        part0_.UPDATE_TIME as update23_31_0_ 
    FROM
        S_PART part0_ 
    WHERE
        part0_.ID=@p0;
    @p0 = 91 [Type: Int32 (0:0:0)]
09:10:20.124 +08:00 [DEBUG] [14] [NHibernate.SQL] 
    select
        wofssub0_.ID as id1_38_,
        wofssub0_.WO_FS_DETAIL_ID as wo2_38_,
        wofssub0_.SUB_PART_ID as sub3_38_ 
    from
        WO_FS_SUB wofssub0_ 
    where
        wofssub0_.WO_FS_DETAIL_ID=@p0;
    @p0 = 100 [Type: Int32 (0:0:0)]
09:10:20.132 +08:00 [DEBUG] [14] [NHibernate.SQL] 
    SELECT
        part0_.ID as id1_31_0_,
        part0_.PART_NO as part2_31_0_,
        part0_.PART_NAME as part3_31_0_,
        part0_.TYPE as type4_31_0_,
        part0_.SPEC1 as spec5_31_0_,
        part0_.SPEC2 as spec6_31_0_,
        part0_.VERSION as version7_31_0_,
        part0_.PART_DL as part8_31_0_,
        part0_.PART_XL as part9_31_0_,
        part0_.VENDOR_PART_NO as vendor10_31_0_,
        part0_.CUSTOMER_PART_NO as customer11_31_0_,
        part0_.UOM as uom12_31_0_,
        part0_.KEYPART as keypart13_31_0_,
        part0_.MATCH_RULE as match14_31_0_,
        part0_.UNIQUE_CHECK as unique15_31_0_,
        part0_.WORKFLOW_ID as workflow16_31_0_,
        part0_.VENDOR_ID as vendor17_31_0_,
        part0_.CUSTOMER_ID as customer18_31_0_,
        part0_.FAMILY_ID as family19_31_0_,
        part0_.MATERIAL_TYPE_ID as material20_31_0_,
        part0_.EMPLOYEE_CODE as employee21_31_0_,
        part0_.CREATE_TIME as create22_31_0_,
        part0_.UPDATE_TIME as update23_31_0_ 
    FROM
        S_PART part0_ 
    WHERE
        part0_.ID=@p0;
    @p0 = 92 [Type: Int32 (0:0:0)]
09:10:20.137 +08:00 [DEBUG] [14] [NHibernate.SQL] 
    select
        wofssub0_.ID as id1_38_,
        wofssub0_.WO_FS_DETAIL_ID as wo2_38_,
        wofssub0_.SUB_PART_ID as sub3_38_ 
    from
        WO_FS_SUB wofssub0_ 
    where
        wofssub0_.WO_FS_DETAIL_ID=@p0;
    @p0 = 101 [Type: Int32 (0:0:0)]
09:10:20.143 +08:00 [DEBUG] [14] [NHibernate.SQL] 
    SELECT
        part0_.ID as id1_31_0_,
        part0_.PART_NO as part2_31_0_,
        part0_.PART_NAME as part3_31_0_,
        part0_.TYPE as type4_31_0_,
        part0_.SPEC1 as spec5_31_0_,
        part0_.SPEC2 as spec6_31_0_,
        part0_.VERSION as version7_31_0_,
        part0_.PART_DL as part8_31_0_,
        part0_.PART_XL as part9_31_0_,
        part0_.VENDOR_PART_NO as vendor10_31_0_,
        part0_.CUSTOMER_PART_NO as customer11_31_0_,
        part0_.UOM as uom12_31_0_,
        part0_.KEYPART as keypart13_31_0_,
        part0_.MATCH_RULE as match14_31_0_,
        part0_.UNIQUE_CHECK as unique15_31_0_,
        part0_.WORKFLOW_ID as workflow16_31_0_,
        part0_.VENDOR_ID as vendor17_31_0_,
        part0_.CUSTOMER_ID as customer18_31_0_,
        part0_.FAMILY_ID as family19_31_0_,
        part0_.MATERIAL_TYPE_ID as material20_31_0_,
        part0_.EMPLOYEE_CODE as employee21_31_0_,
        part0_.CREATE_TIME as create22_31_0_,
        part0_.UPDATE_TIME as update23_31_0_ 
    FROM
        S_PART part0_ 
    WHERE
        part0_.ID=@p0;
    @p0 = 93 [Type: Int32 (0:0:0)]
09:10:20.155 +08:00 [DEBUG] [14] [NHibernate.SQL] 
    select
        wofssub0_.ID as id1_38_,
        wofssub0_.WO_FS_DETAIL_ID as wo2_38_,
        wofssub0_.SUB_PART_ID as sub3_38_ 
    from
        WO_FS_SUB wofssub0_ 
    where
        wofssub0_.WO_FS_DETAIL_ID=@p0;
    @p0 = 102 [Type: Int32 (0:0:0)]
09:10:20.160 +08:00 [DEBUG] [14] [NHibernate.SQL] 
    SELECT
        part0_.ID as id1_31_0_,
        part0_.PART_NO as part2_31_0_,
        part0_.PART_NAME as part3_31_0_,
        part0_.TYPE as type4_31_0_,
        part0_.SPEC1 as spec5_31_0_,
        part0_.SPEC2 as spec6_31_0_,
        part0_.VERSION as version7_31_0_,
        part0_.PART_DL as part8_31_0_,
        part0_.PART_XL as part9_31_0_,
        part0_.VENDOR_PART_NO as vendor10_31_0_,
        part0_.CUSTOMER_PART_NO as customer11_31_0_,
        part0_.UOM as uom12_31_0_,
        part0_.KEYPART as keypart13_31_0_,
        part0_.MATCH_RULE as match14_31_0_,
        part0_.UNIQUE_CHECK as unique15_31_0_,
        part0_.WORKFLOW_ID as workflow16_31_0_,
        part0_.VENDOR_ID as vendor17_31_0_,
        part0_.CUSTOMER_ID as customer18_31_0_,
        part0_.FAMILY_ID as family19_31_0_,
        part0_.MATERIAL_TYPE_ID as material20_31_0_,
        part0_.EMPLOYEE_CODE as employee21_31_0_,
        part0_.CREATE_TIME as create22_31_0_,
        part0_.UPDATE_TIME as update23_31_0_ 
    FROM
        S_PART part0_ 
    WHERE
        part0_.ID=@p0;
    @p0 = 95 [Type: Int32 (0:0:0)]
09:10:20.165 +08:00 [DEBUG] [14] [NHibernate.SQL] 
    select
        wofssub0_.ID as id1_38_,
        wofssub0_.WO_FS_DETAIL_ID as wo2_38_,
        wofssub0_.SUB_PART_ID as sub3_38_ 
    from
        WO_FS_SUB wofssub0_ 
    where
        wofssub0_.WO_FS_DETAIL_ID=@p0;
    @p0 = 103 [Type: Int32 (0:0:0)]
09:10:20.172 +08:00 [DEBUG] [14] [NHibernate.SQL] 
    SELECT
        part0_.ID as id1_31_0_,
        part0_.PART_NO as part2_31_0_,
        part0_.PART_NAME as part3_31_0_,
        part0_.TYPE as type4_31_0_,
        part0_.SPEC1 as spec5_31_0_,
        part0_.SPEC2 as spec6_31_0_,
        part0_.VERSION as version7_31_0_,
        part0_.PART_DL as part8_31_0_,
        part0_.PART_XL as part9_31_0_,
        part0_.VENDOR_PART_NO as vendor10_31_0_,
        part0_.CUSTOMER_PART_NO as customer11_31_0_,
        part0_.UOM as uom12_31_0_,
        part0_.KEYPART as keypart13_31_0_,
        part0_.MATCH_RULE as match14_31_0_,
        part0_.UNIQUE_CHECK as unique15_31_0_,
        part0_.WORKFLOW_ID as workflow16_31_0_,
        part0_.VENDOR_ID as vendor17_31_0_,
        part0_.CUSTOMER_ID as customer18_31_0_,
        part0_.FAMILY_ID as family19_31_0_,
        part0_.MATERIAL_TYPE_ID as material20_31_0_,
        part0_.EMPLOYEE_CODE as employee21_31_0_,
        part0_.CREATE_TIME as create22_31_0_,
        part0_.UPDATE_TIME as update23_31_0_ 
    FROM
        S_PART part0_ 
    WHERE
        part0_.ID=@p0;
    @p0 = 96 [Type: Int32 (0:0:0)]
