09:57:47.162 +08:00 [DEBUG] [9] [NHibernate.SQL] 
    SELECT
        this_.ID as id1_57_1_,
        this_.CODE as code2_57_1_,
        this_.NAME as name3_57_1_,
        this_.SYMPTOM_TYPE_ID as symptom4_57_1_,
        this_.LEVEL_ID as level5_57_1_,
        this_.DESCRIPTION as description6_57_1_,
        this_.DESCRIPTION2 as description7_57_1_,
        this_.EMPLOYEE_CODE as employee8_57_1_,
        this_.CREATE_TIME as create9_57_1_,
        this_.UPDATE_TIME as update10_57_1_,
        symptomtyp2_.ID as id1_58_0_,
        symptomtyp2_.NAME as name2_58_0_,
        symptomtyp2_.CODE as code3_58_0_,
        symptomtyp2_.DESCRIPTION as description4_58_0_,
        symptomtyp2_.DESCRIPTION2 as description5_58_0_,
        symptomtyp2_.EMPLOYEE_CODE as employee6_58_0_,
        symptomtyp2_.CREATE_TIME as create7_58_0_,
        symptomtyp2_.UPDATE_TIME as update8_58_0_ 
    FROM
        S_SYMPTOM this_ 
    left outer join
        S_SYMPTOM_TYPE symptomtyp2_ 
            on this_.SYMPTOM_TYPE_ID=symptomtyp2_.ID
09:57:47.455 +08:00 [DEBUG] [5] [NHibernate.SQL] 
    SELECT
        this_.ID as id1_50_0_,
        this_.CODE as code2_50_0_,
        this_.NAME as name3_50_0_,
        this_.DESCRIPTION as description4_50_0_,
        this_.DESCRIPTION2 as description5_50_0_,
        this_.EMPLOYEE_CODE as employee6_50_0_,
        this_.CREATE_TIME as create7_50_0_,
        this_.UPDATE_TIME as update8_50_0_ 
    FROM
        S_CAUSE this_
09:57:47.505 +08:00 [DEBUG] [16] [NHibernate.SQL] 
    SELECT
        this_.ID as id1_51_0_,
        this_.CODE as code2_51_0_,
        this_.NAME as name3_51_0_,
        this_.DESCRIPTION as description4_51_0_,
        this_.DESCRIPTION2 as description5_51_0_,
        this_.EMPLOYEE_CODE as employee6_51_0_,
        this_.CREATE_TIME as create7_51_0_,
        this_.UPDATE_TIME as update8_51_0_ 
    FROM
        S_DUTY this_
09:57:47.742 +08:00 [DEBUG] [12] [NHibernate.SQL] 
    select
        symptom0_.ID as id1_57_,
        symptom0_.CODE as code2_57_,
        symptom0_.NAME as name3_57_,
        symptom0_.SYMPTOM_TYPE_ID as symptom4_57_,
        symptom0_.LEVEL_ID as level5_57_,
        symptom0_.DESCRIPTION as description6_57_,
        symptom0_.DESCRIPTION2 as description7_57_,
        symptom0_.EMPLOYEE_CODE as employee8_57_,
        symptom0_.CREATE_TIME as create9_57_,
        symptom0_.UPDATE_TIME as update10_57_ 
    from
        S_SYMPTOM symptom0_
09:57:47.804 +08:00 [DEBUG] [12] [NHibernate.SQL] 
    SELECT
        symptomtyp0_.ID as id1_58_0_,
        symptomtyp0_.NAME as name2_58_0_,
        symptomtyp0_.CODE as code3_58_0_,
        symptomtyp0_.DESCRIPTION as description4_58_0_,
        symptomtyp0_.DESCRIPTION2 as description5_58_0_,
        symptomtyp0_.EMPLOYEE_CODE as employee6_58_0_,
        symptomtyp0_.CREATE_TIME as create7_58_0_,
        symptomtyp0_.UPDATE_TIME as update8_58_0_ 
    FROM
        S_SYMPTOM_TYPE symptomtyp0_ 
    WHERE
        symptomtyp0_.ID=@p0;
    @p0 = 1 [Type: Int32 (0:0:0)]
09:57:47.988 +08:00 [DEBUG] [11] [NHibernate.SQL] 
    SELECT
        this_.ID as id1_52_0_,
        this_.CODE as code2_52_0_,
        this_.NAME as name3_52_0_,
        this_.DESCRIPTION as description4_52_0_,
        this_.DESCRIPTION2 as description5_52_0_,
        this_.EMPLOYEE_CODE as employee6_52_0_,
        this_.CREATE_TIME as create7_52_0_,
        this_.UPDATE_TIME as update8_52_0_ 
    FROM
        S_REPAIR_TYPE this_
09:57:48.182 +08:00 [DEBUG] [12] [NHibernate.SQL] 
    SELECT
        this_.ID as id1_58_0_,
        this_.NAME as name2_58_0_,
        this_.CODE as code3_58_0_,
        this_.DESCRIPTION as description4_58_0_,
        this_.DESCRIPTION2 as description5_58_0_,
        this_.EMPLOYEE_CODE as employee6_58_0_,
        this_.CREATE_TIME as create7_58_0_,
        this_.UPDATE_TIME as update8_58_0_ 
    FROM
        S_SYMPTOM_TYPE this_
09:59:08.463 +08:00 [DEBUG] [14] [NHibernate.SQL] 
    select
        TOP (1) worlog0_.ID as id1_73_,
        worlog0_.WORK_ORDER as work2_73_,
        worlog0_.SERIAL_NUMBER as serial3_73_,
        worlog0_.PART_ID as part4_73_,
        worlog0_.PART_NO as part5_73_,
        worlog0_.PRODUCT_LINE_ID as product6_73_,
        worlog0_.PRODUCT_LINE_CODE as product7_73_,
        worlog0_.PROCESS_ID as process8_73_,
        worlog0_.PROCESS_CODE as process9_73_,
        worlog0_.TERMINAL_ID as terminal10_73_,
        worlog0_.TERMINAL_CODE as terminal11_73_,
        worlog0_.QTY as qty12_73_,
        worlog0_.STATUS as status13_73_,
        worlog0_.REFLOW as reflow14_73_,
        worlog0_.REMARK as remark15_73_,
        worlog0_.EMPLOYEE_CODE as employee16_73_,
        worlog0_.CREATE_TIME as create17_73_ 
    from
        WOR_LOG worlog0_ 
    where
        worlog0_.SERIAL_NUMBER=@p0 
    order by
        worlog0_.CREATE_TIME desc;
    @p0 = 'k92-010-01' [Type: String (4000:0:0)]
09:59:08.476 +08:00 [DEBUG] [14] [NHibernate.SQL] 
    select
        wordefect0_.ID as id1_77_,
        wordefect0_.WORK_ORDER as work2_77_,
        wordefect0_.SERIAL_NUMBER as serial3_77_,
        wordefect0_.TEST_WOR_LOG_ID as test4_77_,
        wordefect0_.DEFECT_ID as defect5_77_,
        wordefect0_.DEFECT_CODE as defect6_77_,
        wordefect0_.PROCESS_ID as process7_77_,
        wordefect0_.PROCESS_CODE as process8_77_,
        wordefect0_.REMARK as remark9_77_,
        wordefect0_.EMPLOYEE_CODE as employee10_77_,
        wordefect0_.CREATE_TIME as create11_77_ 
    from
        WOR_DEFECT wordefect0_ 
    where
        wordefect0_.TEST_WOR_LOG_ID=@p0;
    @p0 = 43 [Type: Int32 (0:0:0)]
09:59:08.484 +08:00 [DEBUG] [14] [NHibernate.SQL] 
    select
        TOP (1) symptom0_.ID as id1_57_,
        symptom0_.CODE as code2_57_,
        symptom0_.NAME as name3_57_,
        symptom0_.SYMPTOM_TYPE_ID as symptom4_57_,
        symptom0_.LEVEL_ID as level5_57_,
        symptom0_.DESCRIPTION as description6_57_,
        symptom0_.DESCRIPTION2 as description7_57_,
        symptom0_.EMPLOYEE_CODE as employee8_57_,
        symptom0_.CREATE_TIME as create9_57_,
        symptom0_.UPDATE_TIME as update10_57_ 
    from
        S_SYMPTOM symptom0_ 
    where
        symptom0_.CODE=@p0;
    @p0 = 'TP02' [Type: String (4000:0:0)]
09:59:08.493 +08:00 [DEBUG] [14] [NHibernate.SQL] 
    SELECT
        symptomtyp0_.ID as id1_58_0_,
        symptomtyp0_.NAME as name2_58_0_,
        symptomtyp0_.CODE as code3_58_0_,
        symptomtyp0_.DESCRIPTION as description4_58_0_,
        symptomtyp0_.DESCRIPTION2 as description5_58_0_,
        symptomtyp0_.EMPLOYEE_CODE as employee6_58_0_,
        symptomtyp0_.CREATE_TIME as create7_58_0_,
        symptomtyp0_.UPDATE_TIME as update8_58_0_ 
    FROM
        S_SYMPTOM_TYPE symptomtyp0_ 
    WHERE
        symptomtyp0_.ID=@p0;
    @p0 = 1 [Type: Int32 (0:0:0)]
09:59:08.502 +08:00 [DEBUG] [14] [NHibernate.SQL] 
    select
        TOP (1) symptom0_.ID as id1_57_,
        symptom0_.CODE as code2_57_,
        symptom0_.NAME as name3_57_,
        symptom0_.SYMPTOM_TYPE_ID as symptom4_57_,
        symptom0_.LEVEL_ID as level5_57_,
        symptom0_.DESCRIPTION as description6_57_,
        symptom0_.DESCRIPTION2 as description7_57_,
        symptom0_.EMPLOYEE_CODE as employee8_57_,
        symptom0_.CREATE_TIME as create9_57_,
        symptom0_.UPDATE_TIME as update10_57_ 
    from
        S_SYMPTOM symptom0_ 
    where
        symptom0_.CODE=@p0;
    @p0 = 'C01' [Type: String (4000:0:0)]
09:59:08.511 +08:00 [DEBUG] [14] [NHibernate.SQL] 
    select
        TOP (1) worrepairl0_.ID as id1_78_,
        worrepairl0_.WORK_ORDER as work2_78_,
        worrepairl0_.SERIAL_NUMBER as serial3_78_,
        worrepairl0_.TEST_WOR_LOG_ID as test4_78_,
        worrepairl0_.PROCESS_ID as process5_78_,
        worrepairl0_.PROCESS_CODE as process6_78_,
        worrepairl0_.REPAIRER as repairer7_78_,
        worrepairl0_.REPAIR_WOR_LOG_ID as repair8_78_,
        worrepairl0_.REPAIR_TIME as repair9_78_,
        worrepairl0_.CREATE_TIME as create10_78_,
        worrepairl0_.UPDATE_TIME as update11_78_ 
    from
        WOR_REPAIR_LOG worrepairl0_ 
    where
        worrepairl0_.SERIAL_NUMBER=@p0 
        and worrepairl0_.TEST_WOR_LOG_ID=@p1;
    @p0 = 'k92-010-01' [Type: String (4000:0:0)], @p1 = 43 [Type: Int32 (0:0:0)]
09:59:08.518 +08:00 [DEBUG] [14] [NHibernate.SQL] 
    SELECT
        part0_.ID as id1_31_0_,
        part0_.PART_NO as part2_31_0_,
        part0_.PART_NAME as part3_31_0_,
        part0_.TYPE as type4_31_0_,
        part0_.SPEC1 as spec5_31_0_,
        part0_.SPEC2 as spec6_31_0_,
        part0_.VERSION as version7_31_0_,
        part0_.PART_DL as part8_31_0_,
        part0_.PART_XL as part9_31_0_,
        part0_.VENDOR_PART_NO as vendor10_31_0_,
        part0_.CUSTOMER_PART_NO as customer11_31_0_,
        part0_.UOM as uom12_31_0_,
        part0_.KEYPART as keypart13_31_0_,
        part0_.MATCH_RULE as match14_31_0_,
        part0_.UNIQUE_CHECK as unique15_31_0_,
        part0_.WORKFLOW_ID as workflow16_31_0_,
        part0_.VENDOR_ID as vendor17_31_0_,
        part0_.CUSTOMER_ID as customer18_31_0_,
        part0_.FAMILY_ID as family19_31_0_,
        part0_.MATERIAL_TYPE_ID as material20_31_0_,
        part0_.EMPLOYEE_CODE as employee21_31_0_,
        part0_.CREATE_TIME as create22_31_0_,
        part0_.UPDATE_TIME as update23_31_0_ 
    FROM
        S_PART part0_ 
    WHERE
        part0_.ID=@p0;
    @p0 = 79 [Type: Int32 (0:0:0)]
10:27:43.846 +08:00 [DEBUG] [10] [NHibernate.SQL] 
    SELECT
        this_.ID as id1_57_1_,
        this_.CODE as code2_57_1_,
        this_.NAME as name3_57_1_,
        this_.SYMPTOM_TYPE_ID as symptom4_57_1_,
        this_.LEVEL_ID as level5_57_1_,
        this_.DESCRIPTION as description6_57_1_,
        this_.DESCRIPTION2 as description7_57_1_,
        this_.EMPLOYEE_CODE as employee8_57_1_,
        this_.CREATE_TIME as create9_57_1_,
        this_.UPDATE_TIME as update10_57_1_,
        symptomtyp2_.ID as id1_58_0_,
        symptomtyp2_.NAME as name2_58_0_,
        symptomtyp2_.CODE as code3_58_0_,
        symptomtyp2_.DESCRIPTION as description4_58_0_,
        symptomtyp2_.DESCRIPTION2 as description5_58_0_,
        symptomtyp2_.EMPLOYEE_CODE as employee6_58_0_,
        symptomtyp2_.CREATE_TIME as create7_58_0_,
        symptomtyp2_.UPDATE_TIME as update8_58_0_ 
    FROM
        S_SYMPTOM this_ 
    left outer join
        S_SYMPTOM_TYPE symptomtyp2_ 
            on this_.SYMPTOM_TYPE_ID=symptomtyp2_.ID
10:39:12.450 +08:00 [DEBUG] [13] [NHibernate.SQL] 
    SELECT
        this_.ID as id1_57_1_,
        this_.CODE as code2_57_1_,
        this_.NAME as name3_57_1_,
        this_.SYMPTOM_TYPE_ID as symptom4_57_1_,
        this_.LEVEL_ID as level5_57_1_,
        this_.DESCRIPTION as description6_57_1_,
        this_.DESCRIPTION2 as description7_57_1_,
        this_.EMPLOYEE_CODE as employee8_57_1_,
        this_.CREATE_TIME as create9_57_1_,
        this_.UPDATE_TIME as update10_57_1_,
        symptomtyp2_.ID as id1_58_0_,
        symptomtyp2_.NAME as name2_58_0_,
        symptomtyp2_.CODE as code3_58_0_,
        symptomtyp2_.DESCRIPTION as description4_58_0_,
        symptomtyp2_.DESCRIPTION2 as description5_58_0_,
        symptomtyp2_.EMPLOYEE_CODE as employee6_58_0_,
        symptomtyp2_.CREATE_TIME as create7_58_0_,
        symptomtyp2_.UPDATE_TIME as update8_58_0_ 
    FROM
        S_SYMPTOM this_ 
    left outer join
        S_SYMPTOM_TYPE symptomtyp2_ 
            on this_.SYMPTOM_TYPE_ID=symptomtyp2_.ID
10:39:12.936 +08:00 [DEBUG] [5] [NHibernate.SQL] 
    select
        wostatus0_.ID as id1_48_,
        wostatus0_.CODE as code2_48_,
        wostatus0_.NAME as name3_48_,
        wostatus0_.DESCRIPTION as description4_48_,
        wostatus0_.DESCRIPTION2 as description5_48_,
        wostatus0_.EMPLOYEE_CODE as employee6_48_,
        wostatus0_.CREATE_TIME as create7_48_,
        wostatus0_.UPDATE_TIME as update8_48_ 
    from
        S_WO_STATUS wostatus0_ 
    where
        wostatus0_.NAME=@p0;
    @p0 = 'WIP' [Type: String (4000:0:0)]
10:39:12.998 +08:00 [DEBUG] [5] [NHibernate.SQL] 
    select
        wobase0_.ID as id1_47_,
        wobase0_.WORK_ORDER as work2_47_,
        wobase0_.PART_ID as part3_47_,
        wobase0_.TYPE as type4_47_,
        wobase0_.VERSION as version5_47_,
        wobase0_.TARGET_QTY as target6_47_,
        wobase0_.WO_CREATE_TIME as wo7_47_,
        wobase0_.WO_SCHEDULE_TIME as wo8_47_,
        wobase0_.WO_SCHEDULE_FINISH_TIME as wo9_47_,
        wobase0_.[SEQUENCE] as SEQUENCE10_47_,
        wobase0_.WO_START_TIME as wo11_47_,
        wobase0_.WO_CLOSE_TIME as wo12_47_,
        wobase0_.INPUT_QTY as input13_47_,
        wobase0_.OUTPUT_QTY as output14_47_,
        wobase0_.SCRAP_QTY as scrap15_47_,
        wobase0_.WORKFLOW_ID as workflow16_47_,
        wobase0_.BOP_ID as bop17_47_,
        wobase0_.WO_STATUS_ID as wo18_47_,
        wobase0_.PRODUCT_LINE_ID as product19_47_,
        wobase0_.START_PROCESS_ID as start20_47_,
        wobase0_.END_PROCESS_ID as end21_47_,
        wobase0_.RC_BARCODE_RULE_ID as rc22_47_,
        wobase0_.SN_BARCODE_RULE_ID as sn23_47_,
        wobase0_.DESCRIPTION as description24_47_,
        wobase0_.PRINT_QTY as print25_47_,
        wobase0_.BOM_ID as bom26_47_,
        wobase0_.PO as po27_47_,
        wobase0_.EMPLOYEE_CODE as employee28_47_,
        wobase0_.CREATE_TIME as create29_47_,
        wobase0_.UPDATE_TIME as update30_47_ 
    from
        WO_BASE wobase0_ 
    where
        wobase0_.WORK_ORDER=@p0 
        and wobase0_.WO_STATUS_ID=@p1;
    @p0 = 'ZHN-WO-001' [Type: String (4000:0:0)], @p1 = 4 [Type: Int32 (0:0:0)]
10:39:13.145 +08:00 [DEBUG] [5] [NHibernate.SQL] 
    SELECT
        part0_.ID as id1_31_0_,
        part0_.PART_NO as part2_31_0_,
        part0_.PART_NAME as part3_31_0_,
        part0_.TYPE as type4_31_0_,
        part0_.SPEC1 as spec5_31_0_,
        part0_.SPEC2 as spec6_31_0_,
        part0_.VERSION as version7_31_0_,
        part0_.PART_DL as part8_31_0_,
        part0_.PART_XL as part9_31_0_,
        part0_.VENDOR_PART_NO as vendor10_31_0_,
        part0_.CUSTOMER_PART_NO as customer11_31_0_,
        part0_.UOM as uom12_31_0_,
        part0_.KEYPART as keypart13_31_0_,
        part0_.MATCH_RULE as match14_31_0_,
        part0_.UNIQUE_CHECK as unique15_31_0_,
        part0_.WORKFLOW_ID as workflow16_31_0_,
        part0_.VENDOR_ID as vendor17_31_0_,
        part0_.CUSTOMER_ID as customer18_31_0_,
        part0_.FAMILY_ID as family19_31_0_,
        part0_.MATERIAL_TYPE_ID as material20_31_0_,
        part0_.EMPLOYEE_CODE as employee21_31_0_,
        part0_.CREATE_TIME as create22_31_0_,
        part0_.UPDATE_TIME as update23_31_0_ 
    FROM
        S_PART part0_ 
    WHERE
        part0_.ID=@p0;
    @p0 = 69 [Type: Int32 (0:0:0)]
10:39:13.620 +08:00 [DEBUG] [19] [NHibernate.SQL] 
    select
        TOP (1) terminal0_.ID as id1_9_,
        terminal0_.LINE_ID as line2_9_,
        terminal0_.PROCESS_ID as process3_9_,
        terminal0_.EQUIPMENT_ID as equipment4_9_,
        terminal0_.CODE as code5_9_,
        terminal0_.NAME as name6_9_,
        terminal0_.IP as ip7_9_,
        terminal0_.DESCRIPTION as description8_9_,
        terminal0_.DESCRIPTION2 as description9_9_,
        terminal0_.EMPLOYEE_CODE as employee10_9_,
        terminal0_.CREATE_TIME as create11_9_,
        terminal0_.UPDATE_TIME as update12_9_ 
    from
        S_TERMINAL terminal0_ 
    where
        terminal0_.CODE=@p0;
    @p0 = 'SMT02-S01-01' [Type: String (4000:0:0)]
10:39:13.654 +08:00 [DEBUG] [19] [NHibernate.SQL] 
    select
        worstatus0_.ID as id1_75_,
        worstatus0_.WORK_ORDER as work2_75_,
        worstatus0_.PART_ID as part3_75_,
        worstatus0_.PART_NO as part4_75_,
        worstatus0_.PRODUCT_LINE_ID as product5_75_,
        worstatus0_.PRODUCT_LINE_CODE as product6_75_,
        worstatus0_.PROCESS_ID as process7_75_,
        worstatus0_.PROCESS_CODE as process8_75_,
        worstatus0_.INPUT_QTY as input9_75_,
        worstatus0_.PASS_QTY as pass10_75_,
        worstatus0_.FAIL_QTY as fail11_75_,
        worstatus0_.PROCESS_STARTTIME as process12_75_,
        worstatus0_.PROCESS_ENDTTIME as process13_75_,
        worstatus0_.EMPLOYEE_CODE as employee14_75_,
        worstatus0_.CREATE_TIME as create15_75_,
        worstatus0_.UPDATE_TIME as update16_75_ 
    from
        WOR_STATUS worstatus0_ 
    where
        worstatus0_.WORK_ORDER=@p0 
        and worstatus0_.PROCESS_ID=@p1;
    @p0 = 'ZHN-WO-001' [Type: String (4000:0:0)], @p1 = 15 [Type: Int32 (0:0:0)]
10:39:13.806 +08:00 [DEBUG] [9] [NHibernate.SQL] 
    select
        TOP (1) terminal0_.ID as id1_9_,
        terminal0_.LINE_ID as line2_9_,
        terminal0_.PROCESS_ID as process3_9_,
        terminal0_.EQUIPMENT_ID as equipment4_9_,
        terminal0_.CODE as code5_9_,
        terminal0_.NAME as name6_9_,
        terminal0_.IP as ip7_9_,
        terminal0_.DESCRIPTION as description8_9_,
        terminal0_.DESCRIPTION2 as description9_9_,
        terminal0_.EMPLOYEE_CODE as employee10_9_,
        terminal0_.CREATE_TIME as create11_9_,
        terminal0_.UPDATE_TIME as update12_9_ 
    from
        S_TERMINAL terminal0_ 
    where
        terminal0_.CODE=@p0;
    @p0 = 'SMT02-S01-01' [Type: String (4000:0:0)]
10:39:13.894 +08:00 [DEBUG] [9] [NHibernate.SQL] 
    select
        wobase0_.ID as id1_47_,
        wobase0_.WORK_ORDER as work2_47_,
        wobase0_.PART_ID as part3_47_,
        wobase0_.TYPE as type4_47_,
        wobase0_.VERSION as version5_47_,
        wobase0_.TARGET_QTY as target6_47_,
        wobase0_.WO_CREATE_TIME as wo7_47_,
        wobase0_.WO_SCHEDULE_TIME as wo8_47_,
        wobase0_.WO_SCHEDULE_FINISH_TIME as wo9_47_,
        wobase0_.[SEQUENCE] as SEQUENCE10_47_,
        wobase0_.WO_START_TIME as wo11_47_,
        wobase0_.WO_CLOSE_TIME as wo12_47_,
        wobase0_.INPUT_QTY as input13_47_,
        wobase0_.OUTPUT_QTY as output14_47_,
        wobase0_.SCRAP_QTY as scrap15_47_,
        wobase0_.WORKFLOW_ID as workflow16_47_,
        wobase0_.BOP_ID as bop17_47_,
        wobase0_.WO_STATUS_ID as wo18_47_,
        wobase0_.PRODUCT_LINE_ID as product19_47_,
        wobase0_.START_PROCESS_ID as start20_47_,
        wobase0_.END_PROCESS_ID as end21_47_,
        wobase0_.RC_BARCODE_RULE_ID as rc22_47_,
        wobase0_.SN_BARCODE_RULE_ID as sn23_47_,
        wobase0_.DESCRIPTION as description24_47_,
        wobase0_.PRINT_QTY as print25_47_,
        wobase0_.BOM_ID as bom26_47_,
        wobase0_.PO as po27_47_,
        wobase0_.EMPLOYEE_CODE as employee28_47_,
        wobase0_.CREATE_TIME as create29_47_,
        wobase0_.UPDATE_TIME as update30_47_ 
    from
        WO_BASE wobase0_ 
    where
        wobase0_.WORK_ORDER=@p0;
    @p0 = 'ZHN-WO-001' [Type: String (4000:0:0)]
10:39:13.926 +08:00 [DEBUG] [9] [NHibernate.SQL] 
    select
        TOP (1) terminal0_.ID as id1_9_,
        terminal0_.LINE_ID as line2_9_,
        terminal0_.PROCESS_ID as process3_9_,
        terminal0_.EQUIPMENT_ID as equipment4_9_,
        terminal0_.CODE as code5_9_,
        terminal0_.NAME as name6_9_,
        terminal0_.IP as ip7_9_,
        terminal0_.DESCRIPTION as description8_9_,
        terminal0_.DESCRIPTION2 as description9_9_,
        terminal0_.EMPLOYEE_CODE as employee10_9_,
        terminal0_.CREATE_TIME as create11_9_,
        terminal0_.UPDATE_TIME as update12_9_ 
    from
        S_TERMINAL terminal0_ 
    where
        terminal0_.CODE=@p0;
    @p0 = 'SMT02-S01-01' [Type: String (4000:0:0)]
10:39:13.964 +08:00 [DEBUG] [9] [NHibernate.SQL] 
    select
        workflowst0_.ID as id1_24_,
        workflowst0_.WORKFLOW_ID as workflow2_24_,
        workflowst0_.PROCESS_ID as process3_24_,
        workflowst0_.CONDITION_ID as condition4_24_,
        workflowst0_.NEXT_PROCESS_ID as next5_24_,
        workflowst0_.PRIORITY as priority6_24_,
        workflowst0_.SPNAME as spname7_24_,
        workflowst0_.EMPLOYEE_CODE as employee8_24_,
        workflowst0_.CREATE_TIME as create9_24_,
        workflowst0_.UPDATE_TIME as update10_24_ 
    from
        S_WORKFLOW_STEP workflowst0_ 
    where
        workflowst0_.WORKFLOW_ID=@p0;
    @p0 = 40 [Type: Int32 (0:0:0)]
10:39:14.090 +08:00 [DEBUG] [9] [NHibernate.SQL] 
    SELECT
        workflow0_.ID as id1_22_0_,
        workflow0_.WORKFLOW_BASE_ID as workflow2_22_0_,
        workflow0_.VERSION as version3_22_0_,
        workflow0_.VERSION_SEQUENCE as version4_22_0_,
        workflow0_.STATUS as status5_22_0_,
        workflow0_.WORKFLOW_JSON as workflow6_22_0_,
        workflow0_.DESCRIPTION as description7_22_0_,
        workflow0_.EMPLOYEE_CODE as employee8_22_0_,
        workflow0_.CREATE_TIME as create9_22_0_,
        workflow0_.UPDATE_TIME as update10_22_0_ 
    FROM
        S_WORKFLOW workflow0_ 
    WHERE
        workflow0_.ID=@p0;
    @p0 = 40 [Type: Int32 (0:0:0)]
10:39:14.151 +08:00 [DEBUG] [9] [NHibernate.SQL] 
    SELECT
        setting0_.ID as id1_69_0_,
        setting0_.CODE as code2_69_0_,
        setting0_.NAME as name3_69_0_,
        setting0_.PROGRAM as program4_69_0_,
        setting0_.DESCRIPTION as description5_69_0_,
        setting0_.DESCRIPTION2 as description6_69_0_,
        setting0_.EMPLOYEE_CODE as employee7_69_0_,
        setting0_.CREATE_TIME as create8_69_0_,
        setting0_.UPDATE_TIME as update9_69_0_ 
    FROM
        S_SETTING setting0_ 
    WHERE
        setting0_.ID=@p0;
    @p0 = 16 [Type: Int32 (0:0:0)]
10:39:14.161 +08:00 [DEBUG] [9] [NHibernate.SQL] 
    select
        TOP (1) workflowst0_.ID as id1_24_,
        workflowst0_.WORKFLOW_ID as workflow2_24_,
        workflowst0_.PROCESS_ID as process3_24_,
        workflowst0_.CONDITION_ID as condition4_24_,
        workflowst0_.NEXT_PROCESS_ID as next5_24_,
        workflowst0_.PRIORITY as priority6_24_,
        workflowst0_.SPNAME as spname7_24_,
        workflowst0_.EMPLOYEE_CODE as employee8_24_,
        workflowst0_.CREATE_TIME as create9_24_,
        workflowst0_.UPDATE_TIME as update10_24_ 
    from
        S_WORKFLOW_STEP workflowst0_ 
    where
        workflowst0_.WORKFLOW_ID=@p0 
        and workflowst0_.NEXT_PROCESS_ID=@p1;
    @p0 = 40 [Type: Int32 (0:0:0)], @p1 = 15 [Type: Int32 (0:0:0)]
10:39:14.280 +08:00 [DEBUG] [36] [NHibernate.SQL] 
    select
        wobase0_.ID as id1_47_,
        wobase0_.WORK_ORDER as work2_47_,
        wobase0_.PART_ID as part3_47_,
        wobase0_.TYPE as type4_47_,
        wobase0_.VERSION as version5_47_,
        wobase0_.TARGET_QTY as target6_47_,
        wobase0_.WO_CREATE_TIME as wo7_47_,
        wobase0_.WO_SCHEDULE_TIME as wo8_47_,
        wobase0_.WO_SCHEDULE_FINISH_TIME as wo9_47_,
        wobase0_.[SEQUENCE] as SEQUENCE10_47_,
        wobase0_.WO_START_TIME as wo11_47_,
        wobase0_.WO_CLOSE_TIME as wo12_47_,
        wobase0_.INPUT_QTY as input13_47_,
        wobase0_.OUTPUT_QTY as output14_47_,
        wobase0_.SCRAP_QTY as scrap15_47_,
        wobase0_.WORKFLOW_ID as workflow16_47_,
        wobase0_.BOP_ID as bop17_47_,
        wobase0_.WO_STATUS_ID as wo18_47_,
        wobase0_.PRODUCT_LINE_ID as product19_47_,
        wobase0_.START_PROCESS_ID as start20_47_,
        wobase0_.END_PROCESS_ID as end21_47_,
        wobase0_.RC_BARCODE_RULE_ID as rc22_47_,
        wobase0_.SN_BARCODE_RULE_ID as sn23_47_,
        wobase0_.DESCRIPTION as description24_47_,
        wobase0_.PRINT_QTY as print25_47_,
        wobase0_.BOM_ID as bom26_47_,
        wobase0_.PO as po27_47_,
        wobase0_.EMPLOYEE_CODE as employee28_47_,
        wobase0_.CREATE_TIME as create29_47_,
        wobase0_.UPDATE_TIME as update30_47_ 
    from
        WO_BASE wobase0_ 
    where
        wobase0_.WORK_ORDER=@p0;
    @p0 = 'ZHN-WO-001' [Type: String (4000:0:0)]
10:39:14.356 +08:00 [DEBUG] [36] [NHibernate.SQL] 
    select
        TOP (1) terminal0_.ID as id1_9_,
        terminal0_.LINE_ID as line2_9_,
        terminal0_.PROCESS_ID as process3_9_,
        terminal0_.EQUIPMENT_ID as equipment4_9_,
        terminal0_.CODE as code5_9_,
        terminal0_.NAME as name6_9_,
        terminal0_.IP as ip7_9_,
        terminal0_.DESCRIPTION as description8_9_,
        terminal0_.DESCRIPTION2 as description9_9_,
        terminal0_.EMPLOYEE_CODE as employee10_9_,
        terminal0_.CREATE_TIME as create11_9_,
        terminal0_.UPDATE_TIME as update12_9_ 
    from
        S_TERMINAL terminal0_ 
    where
        terminal0_.CODE=@p0;
    @p0 = 'SMT02-S01-01' [Type: String (4000:0:0)]
10:39:14.406 +08:00 [DEBUG] [36] [NHibernate.SQL] 
    select
        TOP (1) workflowst0_.ID as id1_24_,
        workflowst0_.WORKFLOW_ID as workflow2_24_,
        workflowst0_.PROCESS_ID as process3_24_,
        workflowst0_.CONDITION_ID as condition4_24_,
        workflowst0_.NEXT_PROCESS_ID as next5_24_,
        workflowst0_.PRIORITY as priority6_24_,
        workflowst0_.SPNAME as spname7_24_,
        workflowst0_.EMPLOYEE_CODE as employee8_24_,
        workflowst0_.CREATE_TIME as create9_24_,
        workflowst0_.UPDATE_TIME as update10_24_ 
    from
        S_WORKFLOW_STEP workflowst0_ 
    where
        workflowst0_.WORKFLOW_ID=@p0 
        and workflowst0_.PROCESS_ID=@p1;
    @p0 = 40 [Type: Int32 (0:0:0)], @p1 = 15 [Type: Int32 (0:0:0)]
10:39:14.421 +08:00 [DEBUG] [36] [NHibernate.SQL] 
    SELECT
        workflow0_.ID as id1_22_0_,
        workflow0_.WORKFLOW_BASE_ID as workflow2_22_0_,
        workflow0_.VERSION as version3_22_0_,
        workflow0_.VERSION_SEQUENCE as version4_22_0_,
        workflow0_.STATUS as status5_22_0_,
        workflow0_.WORKFLOW_JSON as workflow6_22_0_,
        workflow0_.DESCRIPTION as description7_22_0_,
        workflow0_.EMPLOYEE_CODE as employee8_22_0_,
        workflow0_.CREATE_TIME as create9_22_0_,
        workflow0_.UPDATE_TIME as update10_22_0_ 
    FROM
        S_WORKFLOW workflow0_ 
    WHERE
        workflow0_.ID=@p0;
    @p0 = 40 [Type: Int32 (0:0:0)]
10:39:14.439 +08:00 [DEBUG] [36] [NHibernate.SQL] 
    SELECT
        setting0_.ID as id1_69_0_,
        setting0_.CODE as code2_69_0_,
        setting0_.NAME as name3_69_0_,
        setting0_.PROGRAM as program4_69_0_,
        setting0_.DESCRIPTION as description5_69_0_,
        setting0_.DESCRIPTION2 as description6_69_0_,
        setting0_.EMPLOYEE_CODE as employee7_69_0_,
        setting0_.CREATE_TIME as create8_69_0_,
        setting0_.UPDATE_TIME as update9_69_0_ 
    FROM
        S_SETTING setting0_ 
    WHERE
        setting0_.ID=@p0;
    @p0 = 16 [Type: Int32 (0:0:0)]
10:39:49.196 +08:00 [DEBUG] [36] [NHibernate.SQL] 
    select
        wostatus0_.ID as id1_48_,
        wostatus0_.CODE as code2_48_,
        wostatus0_.NAME as name3_48_,
        wostatus0_.DESCRIPTION as description4_48_,
        wostatus0_.DESCRIPTION2 as description5_48_,
        wostatus0_.EMPLOYEE_CODE as employee6_48_,
        wostatus0_.CREATE_TIME as create7_48_,
        wostatus0_.UPDATE_TIME as update8_48_ 
    from
        S_WO_STATUS wostatus0_ 
    where
        wostatus0_.NAME=@p0;
    @p0 = 'WIP' [Type: String (4000:0:0)]
10:39:49.212 +08:00 [DEBUG] [36] [NHibernate.SQL] 
    select
        wobase0_.ID as id1_47_,
        wobase0_.WORK_ORDER as work2_47_,
        wobase0_.PART_ID as part3_47_,
        wobase0_.TYPE as type4_47_,
        wobase0_.VERSION as version5_47_,
        wobase0_.TARGET_QTY as target6_47_,
        wobase0_.WO_CREATE_TIME as wo7_47_,
        wobase0_.WO_SCHEDULE_TIME as wo8_47_,
        wobase0_.WO_SCHEDULE_FINISH_TIME as wo9_47_,
        wobase0_.[SEQUENCE] as SEQUENCE10_47_,
        wobase0_.WO_START_TIME as wo11_47_,
        wobase0_.WO_CLOSE_TIME as wo12_47_,
        wobase0_.INPUT_QTY as input13_47_,
        wobase0_.OUTPUT_QTY as output14_47_,
        wobase0_.SCRAP_QTY as scrap15_47_,
        wobase0_.WORKFLOW_ID as workflow16_47_,
        wobase0_.BOP_ID as bop17_47_,
        wobase0_.WO_STATUS_ID as wo18_47_,
        wobase0_.PRODUCT_LINE_ID as product19_47_,
        wobase0_.START_PROCESS_ID as start20_47_,
        wobase0_.END_PROCESS_ID as end21_47_,
        wobase0_.RC_BARCODE_RULE_ID as rc22_47_,
        wobase0_.SN_BARCODE_RULE_ID as sn23_47_,
        wobase0_.DESCRIPTION as description24_47_,
        wobase0_.PRINT_QTY as print25_47_,
        wobase0_.BOM_ID as bom26_47_,
        wobase0_.PO as po27_47_,
        wobase0_.EMPLOYEE_CODE as employee28_47_,
        wobase0_.CREATE_TIME as create29_47_,
        wobase0_.UPDATE_TIME as update30_47_ 
    from
        WO_BASE wobase0_ 
    where
        wobase0_.WORK_ORDER=@p0 
        and wobase0_.WO_STATUS_ID=@p1;
    @p0 = 'ZHN-WO-001' [Type: String (4000:0:0)], @p1 = 4 [Type: Int32 (0:0:0)]
10:39:49.339 +08:00 [DEBUG] [36] [NHibernate.SQL] 
    SELECT
        part0_.ID as id1_31_0_,
        part0_.PART_NO as part2_31_0_,
        part0_.PART_NAME as part3_31_0_,
        part0_.TYPE as type4_31_0_,
        part0_.SPEC1 as spec5_31_0_,
        part0_.SPEC2 as spec6_31_0_,
        part0_.VERSION as version7_31_0_,
        part0_.PART_DL as part8_31_0_,
        part0_.PART_XL as part9_31_0_,
        part0_.VENDOR_PART_NO as vendor10_31_0_,
        part0_.CUSTOMER_PART_NO as customer11_31_0_,
        part0_.UOM as uom12_31_0_,
        part0_.KEYPART as keypart13_31_0_,
        part0_.MATCH_RULE as match14_31_0_,
        part0_.UNIQUE_CHECK as unique15_31_0_,
        part0_.WORKFLOW_ID as workflow16_31_0_,
        part0_.VENDOR_ID as vendor17_31_0_,
        part0_.CUSTOMER_ID as customer18_31_0_,
        part0_.FAMILY_ID as family19_31_0_,
        part0_.MATERIAL_TYPE_ID as material20_31_0_,
        part0_.EMPLOYEE_CODE as employee21_31_0_,
        part0_.CREATE_TIME as create22_31_0_,
        part0_.UPDATE_TIME as update23_31_0_ 
    FROM
        S_PART part0_ 
    WHERE
        part0_.ID=@p0;
    @p0 = 69 [Type: Int32 (0:0:0)]
10:39:49.778 +08:00 [DEBUG] [36] [NHibernate.SQL] 
    select
        TOP (1) terminal0_.ID as id1_9_,
        terminal0_.LINE_ID as line2_9_,
        terminal0_.PROCESS_ID as process3_9_,
        terminal0_.EQUIPMENT_ID as equipment4_9_,
        terminal0_.CODE as code5_9_,
        terminal0_.NAME as name6_9_,
        terminal0_.IP as ip7_9_,
        terminal0_.DESCRIPTION as description8_9_,
        terminal0_.DESCRIPTION2 as description9_9_,
        terminal0_.EMPLOYEE_CODE as employee10_9_,
        terminal0_.CREATE_TIME as create11_9_,
        terminal0_.UPDATE_TIME as update12_9_ 
    from
        S_TERMINAL terminal0_ 
    where
        terminal0_.CODE=@p0;
    @p0 = 'SMT02-S01-01' [Type: String (4000:0:0)]
10:39:49.938 +08:00 [DEBUG] [36] [NHibernate.SQL] 
    select
        worstatus0_.ID as id1_75_,
        worstatus0_.WORK_ORDER as work2_75_,
        worstatus0_.PART_ID as part3_75_,
        worstatus0_.PART_NO as part4_75_,
        worstatus0_.PRODUCT_LINE_ID as product5_75_,
        worstatus0_.PRODUCT_LINE_CODE as product6_75_,
        worstatus0_.PROCESS_ID as process7_75_,
        worstatus0_.PROCESS_CODE as process8_75_,
        worstatus0_.INPUT_QTY as input9_75_,
        worstatus0_.PASS_QTY as pass10_75_,
        worstatus0_.FAIL_QTY as fail11_75_,
        worstatus0_.PROCESS_STARTTIME as process12_75_,
        worstatus0_.PROCESS_ENDTTIME as process13_75_,
        worstatus0_.EMPLOYEE_CODE as employee14_75_,
        worstatus0_.CREATE_TIME as create15_75_,
        worstatus0_.UPDATE_TIME as update16_75_ 
    from
        WOR_STATUS worstatus0_ 
    where
        worstatus0_.WORK_ORDER=@p0 
        and worstatus0_.PROCESS_ID=@p1;
    @p0 = 'ZHN-WO-001' [Type: String (4000:0:0)], @p1 = 15 [Type: Int32 (0:0:0)]
10:39:50.085 +08:00 [DEBUG] [36] [NHibernate.SQL] 
    select
        TOP (1) terminal0_.ID as id1_9_,
        terminal0_.LINE_ID as line2_9_,
        terminal0_.PROCESS_ID as process3_9_,
        terminal0_.EQUIPMENT_ID as equipment4_9_,
        terminal0_.CODE as code5_9_,
        terminal0_.NAME as name6_9_,
        terminal0_.IP as ip7_9_,
        terminal0_.DESCRIPTION as description8_9_,
        terminal0_.DESCRIPTION2 as description9_9_,
        terminal0_.EMPLOYEE_CODE as employee10_9_,
        terminal0_.CREATE_TIME as create11_9_,
        terminal0_.UPDATE_TIME as update12_9_ 
    from
        S_TERMINAL terminal0_ 
    where
        terminal0_.CODE=@p0;
    @p0 = 'SMT02-S01-01' [Type: String (4000:0:0)]
10:39:50.102 +08:00 [DEBUG] [36] [NHibernate.SQL] 
    select
        wobase0_.ID as id1_47_,
        wobase0_.WORK_ORDER as work2_47_,
        wobase0_.PART_ID as part3_47_,
        wobase0_.TYPE as type4_47_,
        wobase0_.VERSION as version5_47_,
        wobase0_.TARGET_QTY as target6_47_,
        wobase0_.WO_CREATE_TIME as wo7_47_,
        wobase0_.WO_SCHEDULE_TIME as wo8_47_,
        wobase0_.WO_SCHEDULE_FINISH_TIME as wo9_47_,
        wobase0_.[SEQUENCE] as SEQUENCE10_47_,
        wobase0_.WO_START_TIME as wo11_47_,
        wobase0_.WO_CLOSE_TIME as wo12_47_,
        wobase0_.INPUT_QTY as input13_47_,
        wobase0_.OUTPUT_QTY as output14_47_,
        wobase0_.SCRAP_QTY as scrap15_47_,
        wobase0_.WORKFLOW_ID as workflow16_47_,
        wobase0_.BOP_ID as bop17_47_,
        wobase0_.WO_STATUS_ID as wo18_47_,
        wobase0_.PRODUCT_LINE_ID as product19_47_,
        wobase0_.START_PROCESS_ID as start20_47_,
        wobase0_.END_PROCESS_ID as end21_47_,
        wobase0_.RC_BARCODE_RULE_ID as rc22_47_,
        wobase0_.SN_BARCODE_RULE_ID as sn23_47_,
        wobase0_.DESCRIPTION as description24_47_,
        wobase0_.PRINT_QTY as print25_47_,
        wobase0_.BOM_ID as bom26_47_,
        wobase0_.PO as po27_47_,
        wobase0_.EMPLOYEE_CODE as employee28_47_,
        wobase0_.CREATE_TIME as create29_47_,
        wobase0_.UPDATE_TIME as update30_47_ 
    from
        WO_BASE wobase0_ 
    where
        wobase0_.WORK_ORDER=@p0;
    @p0 = 'ZHN-WO-001' [Type: String (4000:0:0)]
10:39:50.158 +08:00 [DEBUG] [36] [NHibernate.SQL] 
    select
        TOP (1) terminal0_.ID as id1_9_,
        terminal0_.LINE_ID as line2_9_,
        terminal0_.PROCESS_ID as process3_9_,
        terminal0_.EQUIPMENT_ID as equipment4_9_,
        terminal0_.CODE as code5_9_,
        terminal0_.NAME as name6_9_,
        terminal0_.IP as ip7_9_,
        terminal0_.DESCRIPTION as description8_9_,
        terminal0_.DESCRIPTION2 as description9_9_,
        terminal0_.EMPLOYEE_CODE as employee10_9_,
        terminal0_.CREATE_TIME as create11_9_,
        terminal0_.UPDATE_TIME as update12_9_ 
    from
        S_TERMINAL terminal0_ 
    where
        terminal0_.CODE=@p0;
    @p0 = 'SMT02-S01-01' [Type: String (4000:0:0)]
10:39:50.222 +08:00 [DEBUG] [36] [NHibernate.SQL] 
    select
        workflowst0_.ID as id1_24_,
        workflowst0_.WORKFLOW_ID as workflow2_24_,
        workflowst0_.PROCESS_ID as process3_24_,
        workflowst0_.CONDITION_ID as condition4_24_,
        workflowst0_.NEXT_PROCESS_ID as next5_24_,
        workflowst0_.PRIORITY as priority6_24_,
        workflowst0_.SPNAME as spname7_24_,
        workflowst0_.EMPLOYEE_CODE as employee8_24_,
        workflowst0_.CREATE_TIME as create9_24_,
        workflowst0_.UPDATE_TIME as update10_24_ 
    from
        S_WORKFLOW_STEP workflowst0_ 
    where
        workflowst0_.WORKFLOW_ID=@p0;
    @p0 = 40 [Type: Int32 (0:0:0)]
10:39:50.363 +08:00 [DEBUG] [36] [NHibernate.SQL] 
    SELECT
        workflow0_.ID as id1_22_0_,
        workflow0_.WORKFLOW_BASE_ID as workflow2_22_0_,
        workflow0_.VERSION as version3_22_0_,
        workflow0_.VERSION_SEQUENCE as version4_22_0_,
        workflow0_.STATUS as status5_22_0_,
        workflow0_.WORKFLOW_JSON as workflow6_22_0_,
        workflow0_.DESCRIPTION as description7_22_0_,
        workflow0_.EMPLOYEE_CODE as employee8_22_0_,
        workflow0_.CREATE_TIME as create9_22_0_,
        workflow0_.UPDATE_TIME as update10_22_0_ 
    FROM
        S_WORKFLOW workflow0_ 
    WHERE
        workflow0_.ID=@p0;
    @p0 = 40 [Type: Int32 (0:0:0)]
10:39:50.445 +08:00 [DEBUG] [36] [NHibernate.SQL] 
    SELECT
        setting0_.ID as id1_69_0_,
        setting0_.CODE as code2_69_0_,
        setting0_.NAME as name3_69_0_,
        setting0_.PROGRAM as program4_69_0_,
        setting0_.DESCRIPTION as description5_69_0_,
        setting0_.DESCRIPTION2 as description6_69_0_,
        setting0_.EMPLOYEE_CODE as employee7_69_0_,
        setting0_.CREATE_TIME as create8_69_0_,
        setting0_.UPDATE_TIME as update9_69_0_ 
    FROM
        S_SETTING setting0_ 
    WHERE
        setting0_.ID=@p0;
    @p0 = 16 [Type: Int32 (0:0:0)]
10:39:50.549 +08:00 [DEBUG] [36] [NHibernate.SQL] 
    select
        TOP (1) workflowst0_.ID as id1_24_,
        workflowst0_.WORKFLOW_ID as workflow2_24_,
        workflowst0_.PROCESS_ID as process3_24_,
        workflowst0_.CONDITION_ID as condition4_24_,
        workflowst0_.NEXT_PROCESS_ID as next5_24_,
        workflowst0_.PRIORITY as priority6_24_,
        workflowst0_.SPNAME as spname7_24_,
        workflowst0_.EMPLOYEE_CODE as employee8_24_,
        workflowst0_.CREATE_TIME as create9_24_,
        workflowst0_.UPDATE_TIME as update10_24_ 
    from
        S_WORKFLOW_STEP workflowst0_ 
    where
        workflowst0_.WORKFLOW_ID=@p0 
        and workflowst0_.NEXT_PROCESS_ID=@p1;
    @p0 = 40 [Type: Int32 (0:0:0)], @p1 = 15 [Type: Int32 (0:0:0)]
10:39:50.971 +08:00 [DEBUG] [36] [NHibernate.SQL] 
    select
        wobase0_.ID as id1_47_,
        wobase0_.WORK_ORDER as work2_47_,
        wobase0_.PART_ID as part3_47_,
        wobase0_.TYPE as type4_47_,
        wobase0_.VERSION as version5_47_,
        wobase0_.TARGET_QTY as target6_47_,
        wobase0_.WO_CREATE_TIME as wo7_47_,
        wobase0_.WO_SCHEDULE_TIME as wo8_47_,
        wobase0_.WO_SCHEDULE_FINISH_TIME as wo9_47_,
        wobase0_.[SEQUENCE] as SEQUENCE10_47_,
        wobase0_.WO_START_TIME as wo11_47_,
        wobase0_.WO_CLOSE_TIME as wo12_47_,
        wobase0_.INPUT_QTY as input13_47_,
        wobase0_.OUTPUT_QTY as output14_47_,
        wobase0_.SCRAP_QTY as scrap15_47_,
        wobase0_.WORKFLOW_ID as workflow16_47_,
        wobase0_.BOP_ID as bop17_47_,
        wobase0_.WO_STATUS_ID as wo18_47_,
        wobase0_.PRODUCT_LINE_ID as product19_47_,
        wobase0_.START_PROCESS_ID as start20_47_,
        wobase0_.END_PROCESS_ID as end21_47_,
        wobase0_.RC_BARCODE_RULE_ID as rc22_47_,
        wobase0_.SN_BARCODE_RULE_ID as sn23_47_,
        wobase0_.DESCRIPTION as description24_47_,
        wobase0_.PRINT_QTY as print25_47_,
        wobase0_.BOM_ID as bom26_47_,
        wobase0_.PO as po27_47_,
        wobase0_.EMPLOYEE_CODE as employee28_47_,
        wobase0_.CREATE_TIME as create29_47_,
        wobase0_.UPDATE_TIME as update30_47_ 
    from
        WO_BASE wobase0_ 
    where
        wobase0_.WORK_ORDER=@p0;
    @p0 = 'ZHN-WO-001' [Type: String (4000:0:0)]
10:39:51.103 +08:00 [DEBUG] [36] [NHibernate.SQL] 
    select
        TOP (1) terminal0_.ID as id1_9_,
        terminal0_.LINE_ID as line2_9_,
        terminal0_.PROCESS_ID as process3_9_,
        terminal0_.EQUIPMENT_ID as equipment4_9_,
        terminal0_.CODE as code5_9_,
        terminal0_.NAME as name6_9_,
        terminal0_.IP as ip7_9_,
        terminal0_.DESCRIPTION as description8_9_,
        terminal0_.DESCRIPTION2 as description9_9_,
        terminal0_.EMPLOYEE_CODE as employee10_9_,
        terminal0_.CREATE_TIME as create11_9_,
        terminal0_.UPDATE_TIME as update12_9_ 
    from
        S_TERMINAL terminal0_ 
    where
        terminal0_.CODE=@p0;
    @p0 = 'SMT02-S01-01' [Type: String (4000:0:0)]
10:39:51.122 +08:00 [DEBUG] [36] [NHibernate.SQL] 
    select
        TOP (1) workflowst0_.ID as id1_24_,
        workflowst0_.WORKFLOW_ID as workflow2_24_,
        workflowst0_.PROCESS_ID as process3_24_,
        workflowst0_.CONDITION_ID as condition4_24_,
        workflowst0_.NEXT_PROCESS_ID as next5_24_,
        workflowst0_.PRIORITY as priority6_24_,
        workflowst0_.SPNAME as spname7_24_,
        workflowst0_.EMPLOYEE_CODE as employee8_24_,
        workflowst0_.CREATE_TIME as create9_24_,
        workflowst0_.UPDATE_TIME as update10_24_ 
    from
        S_WORKFLOW_STEP workflowst0_ 
    where
        workflowst0_.WORKFLOW_ID=@p0 
        and workflowst0_.PROCESS_ID=@p1;
    @p0 = 40 [Type: Int32 (0:0:0)], @p1 = 15 [Type: Int32 (0:0:0)]
10:39:51.149 +08:00 [DEBUG] [36] [NHibernate.SQL] 
    SELECT
        workflow0_.ID as id1_22_0_,
        workflow0_.WORKFLOW_BASE_ID as workflow2_22_0_,
        workflow0_.VERSION as version3_22_0_,
        workflow0_.VERSION_SEQUENCE as version4_22_0_,
        workflow0_.STATUS as status5_22_0_,
        workflow0_.WORKFLOW_JSON as workflow6_22_0_,
        workflow0_.DESCRIPTION as description7_22_0_,
        workflow0_.EMPLOYEE_CODE as employee8_22_0_,
        workflow0_.CREATE_TIME as create9_22_0_,
        workflow0_.UPDATE_TIME as update10_22_0_ 
    FROM
        S_WORKFLOW workflow0_ 
    WHERE
        workflow0_.ID=@p0;
    @p0 = 40 [Type: Int32 (0:0:0)]
10:39:51.209 +08:00 [DEBUG] [36] [NHibernate.SQL] 
    SELECT
        setting0_.ID as id1_69_0_,
        setting0_.CODE as code2_69_0_,
        setting0_.NAME as name3_69_0_,
        setting0_.PROGRAM as program4_69_0_,
        setting0_.DESCRIPTION as description5_69_0_,
        setting0_.DESCRIPTION2 as description6_69_0_,
        setting0_.EMPLOYEE_CODE as employee7_69_0_,
        setting0_.CREATE_TIME as create8_69_0_,
        setting0_.UPDATE_TIME as update9_69_0_ 
    FROM
        S_SETTING setting0_ 
    WHERE
        setting0_.ID=@p0;
    @p0 = 16 [Type: Int32 (0:0:0)]
10:39:52.347 +08:00 [DEBUG] [9] [NHibernate.SQL] 
    SELECT
        this_.ID as id1_57_1_,
        this_.CODE as code2_57_1_,
        this_.NAME as name3_57_1_,
        this_.SYMPTOM_TYPE_ID as symptom4_57_1_,
        this_.LEVEL_ID as level5_57_1_,
        this_.DESCRIPTION as description6_57_1_,
        this_.DESCRIPTION2 as description7_57_1_,
        this_.EMPLOYEE_CODE as employee8_57_1_,
        this_.CREATE_TIME as create9_57_1_,
        this_.UPDATE_TIME as update10_57_1_,
        symptomtyp2_.ID as id1_58_0_,
        symptomtyp2_.NAME as name2_58_0_,
        symptomtyp2_.CODE as code3_58_0_,
        symptomtyp2_.DESCRIPTION as description4_58_0_,
        symptomtyp2_.DESCRIPTION2 as description5_58_0_,
        symptomtyp2_.EMPLOYEE_CODE as employee6_58_0_,
        symptomtyp2_.CREATE_TIME as create7_58_0_,
        symptomtyp2_.UPDATE_TIME as update8_58_0_ 
    FROM
        S_SYMPTOM this_ 
    left outer join
        S_SYMPTOM_TYPE symptomtyp2_ 
            on this_.SYMPTOM_TYPE_ID=symptomtyp2_.ID
10:39:59.674 +08:00 [DEBUG] [33] [NHibernate.SQL] 
    select
        wostatus0_.ID as id1_48_,
        wostatus0_.CODE as code2_48_,
        wostatus0_.NAME as name3_48_,
        wostatus0_.DESCRIPTION as description4_48_,
        wostatus0_.DESCRIPTION2 as description5_48_,
        wostatus0_.EMPLOYEE_CODE as employee6_48_,
        wostatus0_.CREATE_TIME as create7_48_,
        wostatus0_.UPDATE_TIME as update8_48_ 
    from
        S_WO_STATUS wostatus0_ 
    where
        wostatus0_.NAME=@p0;
    @p0 = 'WIP' [Type: String (4000:0:0)]
10:39:59.690 +08:00 [DEBUG] [33] [NHibernate.SQL] 
    select
        wobase0_.ID as id1_47_,
        wobase0_.WORK_ORDER as work2_47_,
        wobase0_.PART_ID as part3_47_,
        wobase0_.TYPE as type4_47_,
        wobase0_.VERSION as version5_47_,
        wobase0_.TARGET_QTY as target6_47_,
        wobase0_.WO_CREATE_TIME as wo7_47_,
        wobase0_.WO_SCHEDULE_TIME as wo8_47_,
        wobase0_.WO_SCHEDULE_FINISH_TIME as wo9_47_,
        wobase0_.[SEQUENCE] as SEQUENCE10_47_,
        wobase0_.WO_START_TIME as wo11_47_,
        wobase0_.WO_CLOSE_TIME as wo12_47_,
        wobase0_.INPUT_QTY as input13_47_,
        wobase0_.OUTPUT_QTY as output14_47_,
        wobase0_.SCRAP_QTY as scrap15_47_,
        wobase0_.WORKFLOW_ID as workflow16_47_,
        wobase0_.BOP_ID as bop17_47_,
        wobase0_.WO_STATUS_ID as wo18_47_,
        wobase0_.PRODUCT_LINE_ID as product19_47_,
        wobase0_.START_PROCESS_ID as start20_47_,
        wobase0_.END_PROCESS_ID as end21_47_,
        wobase0_.RC_BARCODE_RULE_ID as rc22_47_,
        wobase0_.SN_BARCODE_RULE_ID as sn23_47_,
        wobase0_.DESCRIPTION as description24_47_,
        wobase0_.PRINT_QTY as print25_47_,
        wobase0_.BOM_ID as bom26_47_,
        wobase0_.PO as po27_47_,
        wobase0_.EMPLOYEE_CODE as employee28_47_,
        wobase0_.CREATE_TIME as create29_47_,
        wobase0_.UPDATE_TIME as update30_47_ 
    from
        WO_BASE wobase0_ 
    where
        wobase0_.WORK_ORDER=@p0 
        and wobase0_.WO_STATUS_ID=@p1;
    @p0 = 'ZHN-WO-001' [Type: String (4000:0:0)], @p1 = 4 [Type: Int32 (0:0:0)]
10:39:59.707 +08:00 [DEBUG] [33] [NHibernate.SQL] 
    SELECT
        part0_.ID as id1_31_0_,
        part0_.PART_NO as part2_31_0_,
        part0_.PART_NAME as part3_31_0_,
        part0_.TYPE as type4_31_0_,
        part0_.SPEC1 as spec5_31_0_,
        part0_.SPEC2 as spec6_31_0_,
        part0_.VERSION as version7_31_0_,
        part0_.PART_DL as part8_31_0_,
        part0_.PART_XL as part9_31_0_,
        part0_.VENDOR_PART_NO as vendor10_31_0_,
        part0_.CUSTOMER_PART_NO as customer11_31_0_,
        part0_.UOM as uom12_31_0_,
        part0_.KEYPART as keypart13_31_0_,
        part0_.MATCH_RULE as match14_31_0_,
        part0_.UNIQUE_CHECK as unique15_31_0_,
        part0_.WORKFLOW_ID as workflow16_31_0_,
        part0_.VENDOR_ID as vendor17_31_0_,
        part0_.CUSTOMER_ID as customer18_31_0_,
        part0_.FAMILY_ID as family19_31_0_,
        part0_.MATERIAL_TYPE_ID as material20_31_0_,
        part0_.EMPLOYEE_CODE as employee21_31_0_,
        part0_.CREATE_TIME as create22_31_0_,
        part0_.UPDATE_TIME as update23_31_0_ 
    FROM
        S_PART part0_ 
    WHERE
        part0_.ID=@p0;
    @p0 = 69 [Type: Int32 (0:0:0)]
10:39:59.926 +08:00 [DEBUG] [33] [NHibernate.SQL] 
    select
        TOP (1) terminal0_.ID as id1_9_,
        terminal0_.LINE_ID as line2_9_,
        terminal0_.PROCESS_ID as process3_9_,
        terminal0_.EQUIPMENT_ID as equipment4_9_,
        terminal0_.CODE as code5_9_,
        terminal0_.NAME as name6_9_,
        terminal0_.IP as ip7_9_,
        terminal0_.DESCRIPTION as description8_9_,
        terminal0_.DESCRIPTION2 as description9_9_,
        terminal0_.EMPLOYEE_CODE as employee10_9_,
        terminal0_.CREATE_TIME as create11_9_,
        terminal0_.UPDATE_TIME as update12_9_ 
    from
        S_TERMINAL terminal0_ 
    where
        terminal0_.CODE=@p0;
    @p0 = 'SMT02-S01-01' [Type: String (4000:0:0)]
10:39:59.935 +08:00 [DEBUG] [33] [NHibernate.SQL] 
    select
        worstatus0_.ID as id1_75_,
        worstatus0_.WORK_ORDER as work2_75_,
        worstatus0_.PART_ID as part3_75_,
        worstatus0_.PART_NO as part4_75_,
        worstatus0_.PRODUCT_LINE_ID as product5_75_,
        worstatus0_.PRODUCT_LINE_CODE as product6_75_,
        worstatus0_.PROCESS_ID as process7_75_,
        worstatus0_.PROCESS_CODE as process8_75_,
        worstatus0_.INPUT_QTY as input9_75_,
        worstatus0_.PASS_QTY as pass10_75_,
        worstatus0_.FAIL_QTY as fail11_75_,
        worstatus0_.PROCESS_STARTTIME as process12_75_,
        worstatus0_.PROCESS_ENDTTIME as process13_75_,
        worstatus0_.EMPLOYEE_CODE as employee14_75_,
        worstatus0_.CREATE_TIME as create15_75_,
        worstatus0_.UPDATE_TIME as update16_75_ 
    from
        WOR_STATUS worstatus0_ 
    where
        worstatus0_.WORK_ORDER=@p0 
        and worstatus0_.PROCESS_ID=@p1;
    @p0 = 'ZHN-WO-001' [Type: String (4000:0:0)], @p1 = 15 [Type: Int32 (0:0:0)]
10:40:00.083 +08:00 [DEBUG] [35] [NHibernate.SQL] 
    select
        TOP (1) terminal0_.ID as id1_9_,
        terminal0_.LINE_ID as line2_9_,
        terminal0_.PROCESS_ID as process3_9_,
        terminal0_.EQUIPMENT_ID as equipment4_9_,
        terminal0_.CODE as code5_9_,
        terminal0_.NAME as name6_9_,
        terminal0_.IP as ip7_9_,
        terminal0_.DESCRIPTION as description8_9_,
        terminal0_.DESCRIPTION2 as description9_9_,
        terminal0_.EMPLOYEE_CODE as employee10_9_,
        terminal0_.CREATE_TIME as create11_9_,
        terminal0_.UPDATE_TIME as update12_9_ 
    from
        S_TERMINAL terminal0_ 
    where
        terminal0_.CODE=@p0;
    @p0 = 'SMT02-S01-01' [Type: String (4000:0:0)]
10:40:00.161 +08:00 [DEBUG] [35] [NHibernate.SQL] 
    select
        wobase0_.ID as id1_47_,
        wobase0_.WORK_ORDER as work2_47_,
        wobase0_.PART_ID as part3_47_,
        wobase0_.TYPE as type4_47_,
        wobase0_.VERSION as version5_47_,
        wobase0_.TARGET_QTY as target6_47_,
        wobase0_.WO_CREATE_TIME as wo7_47_,
        wobase0_.WO_SCHEDULE_TIME as wo8_47_,
        wobase0_.WO_SCHEDULE_FINISH_TIME as wo9_47_,
        wobase0_.[SEQUENCE] as SEQUENCE10_47_,
        wobase0_.WO_START_TIME as wo11_47_,
        wobase0_.WO_CLOSE_TIME as wo12_47_,
        wobase0_.INPUT_QTY as input13_47_,
        wobase0_.OUTPUT_QTY as output14_47_,
        wobase0_.SCRAP_QTY as scrap15_47_,
        wobase0_.WORKFLOW_ID as workflow16_47_,
        wobase0_.BOP_ID as bop17_47_,
        wobase0_.WO_STATUS_ID as wo18_47_,
        wobase0_.PRODUCT_LINE_ID as product19_47_,
        wobase0_.START_PROCESS_ID as start20_47_,
        wobase0_.END_PROCESS_ID as end21_47_,
        wobase0_.RC_BARCODE_RULE_ID as rc22_47_,
        wobase0_.SN_BARCODE_RULE_ID as sn23_47_,
        wobase0_.DESCRIPTION as description24_47_,
        wobase0_.PRINT_QTY as print25_47_,
        wobase0_.BOM_ID as bom26_47_,
        wobase0_.PO as po27_47_,
        wobase0_.EMPLOYEE_CODE as employee28_47_,
        wobase0_.CREATE_TIME as create29_47_,
        wobase0_.UPDATE_TIME as update30_47_ 
    from
        WO_BASE wobase0_ 
    where
        wobase0_.WORK_ORDER=@p0;
    @p0 = 'ZHN-WO-001' [Type: String (4000:0:0)]
10:40:00.218 +08:00 [DEBUG] [35] [NHibernate.SQL] 
    select
        TOP (1) terminal0_.ID as id1_9_,
        terminal0_.LINE_ID as line2_9_,
        terminal0_.PROCESS_ID as process3_9_,
        terminal0_.EQUIPMENT_ID as equipment4_9_,
        terminal0_.CODE as code5_9_,
        terminal0_.NAME as name6_9_,
        terminal0_.IP as ip7_9_,
        terminal0_.DESCRIPTION as description8_9_,
        terminal0_.DESCRIPTION2 as description9_9_,
        terminal0_.EMPLOYEE_CODE as employee10_9_,
        terminal0_.CREATE_TIME as create11_9_,
        terminal0_.UPDATE_TIME as update12_9_ 
    from
        S_TERMINAL terminal0_ 
    where
        terminal0_.CODE=@p0;
    @p0 = 'SMT02-S01-01' [Type: String (4000:0:0)]
10:40:00.230 +08:00 [DEBUG] [35] [NHibernate.SQL] 
    select
        workflowst0_.ID as id1_24_,
        workflowst0_.WORKFLOW_ID as workflow2_24_,
        workflowst0_.PROCESS_ID as process3_24_,
        workflowst0_.CONDITION_ID as condition4_24_,
        workflowst0_.NEXT_PROCESS_ID as next5_24_,
        workflowst0_.PRIORITY as priority6_24_,
        workflowst0_.SPNAME as spname7_24_,
        workflowst0_.EMPLOYEE_CODE as employee8_24_,
        workflowst0_.CREATE_TIME as create9_24_,
        workflowst0_.UPDATE_TIME as update10_24_ 
    from
        S_WORKFLOW_STEP workflowst0_ 
    where
        workflowst0_.WORKFLOW_ID=@p0;
    @p0 = 40 [Type: Int32 (0:0:0)]
10:40:00.333 +08:00 [DEBUG] [35] [NHibernate.SQL] 
    SELECT
        workflow0_.ID as id1_22_0_,
        workflow0_.WORKFLOW_BASE_ID as workflow2_22_0_,
        workflow0_.VERSION as version3_22_0_,
        workflow0_.VERSION_SEQUENCE as version4_22_0_,
        workflow0_.STATUS as status5_22_0_,
        workflow0_.WORKFLOW_JSON as workflow6_22_0_,
        workflow0_.DESCRIPTION as description7_22_0_,
        workflow0_.EMPLOYEE_CODE as employee8_22_0_,
        workflow0_.CREATE_TIME as create9_22_0_,
        workflow0_.UPDATE_TIME as update10_22_0_ 
    FROM
        S_WORKFLOW workflow0_ 
    WHERE
        workflow0_.ID=@p0;
    @p0 = 40 [Type: Int32 (0:0:0)]
10:40:00.376 +08:00 [DEBUG] [35] [NHibernate.SQL] 
    SELECT
        setting0_.ID as id1_69_0_,
        setting0_.CODE as code2_69_0_,
        setting0_.NAME as name3_69_0_,
        setting0_.PROGRAM as program4_69_0_,
        setting0_.DESCRIPTION as description5_69_0_,
        setting0_.DESCRIPTION2 as description6_69_0_,
        setting0_.EMPLOYEE_CODE as employee7_69_0_,
        setting0_.CREATE_TIME as create8_69_0_,
        setting0_.UPDATE_TIME as update9_69_0_ 
    FROM
        S_SETTING setting0_ 
    WHERE
        setting0_.ID=@p0;
    @p0 = 16 [Type: Int32 (0:0:0)]
10:40:00.404 +08:00 [DEBUG] [35] [NHibernate.SQL] 
    select
        TOP (1) workflowst0_.ID as id1_24_,
        workflowst0_.WORKFLOW_ID as workflow2_24_,
        workflowst0_.PROCESS_ID as process3_24_,
        workflowst0_.CONDITION_ID as condition4_24_,
        workflowst0_.NEXT_PROCESS_ID as next5_24_,
        workflowst0_.PRIORITY as priority6_24_,
        workflowst0_.SPNAME as spname7_24_,
        workflowst0_.EMPLOYEE_CODE as employee8_24_,
        workflowst0_.CREATE_TIME as create9_24_,
        workflowst0_.UPDATE_TIME as update10_24_ 
    from
        S_WORKFLOW_STEP workflowst0_ 
    where
        workflowst0_.WORKFLOW_ID=@p0 
        and workflowst0_.NEXT_PROCESS_ID=@p1;
    @p0 = 40 [Type: Int32 (0:0:0)], @p1 = 15 [Type: Int32 (0:0:0)]
10:40:00.446 +08:00 [DEBUG] [36] [NHibernate.SQL] 
    select
        wobase0_.ID as id1_47_,
        wobase0_.WORK_ORDER as work2_47_,
        wobase0_.PART_ID as part3_47_,
        wobase0_.TYPE as type4_47_,
        wobase0_.VERSION as version5_47_,
        wobase0_.TARGET_QTY as target6_47_,
        wobase0_.WO_CREATE_TIME as wo7_47_,
        wobase0_.WO_SCHEDULE_TIME as wo8_47_,
        wobase0_.WO_SCHEDULE_FINISH_TIME as wo9_47_,
        wobase0_.[SEQUENCE] as SEQUENCE10_47_,
        wobase0_.WO_START_TIME as wo11_47_,
        wobase0_.WO_CLOSE_TIME as wo12_47_,
        wobase0_.INPUT_QTY as input13_47_,
        wobase0_.OUTPUT_QTY as output14_47_,
        wobase0_.SCRAP_QTY as scrap15_47_,
        wobase0_.WORKFLOW_ID as workflow16_47_,
        wobase0_.BOP_ID as bop17_47_,
        wobase0_.WO_STATUS_ID as wo18_47_,
        wobase0_.PRODUCT_LINE_ID as product19_47_,
        wobase0_.START_PROCESS_ID as start20_47_,
        wobase0_.END_PROCESS_ID as end21_47_,
        wobase0_.RC_BARCODE_RULE_ID as rc22_47_,
        wobase0_.SN_BARCODE_RULE_ID as sn23_47_,
        wobase0_.DESCRIPTION as description24_47_,
        wobase0_.PRINT_QTY as print25_47_,
        wobase0_.BOM_ID as bom26_47_,
        wobase0_.PO as po27_47_,
        wobase0_.EMPLOYEE_CODE as employee28_47_,
        wobase0_.CREATE_TIME as create29_47_,
        wobase0_.UPDATE_TIME as update30_47_ 
    from
        WO_BASE wobase0_ 
    where
        wobase0_.WORK_ORDER=@p0;
    @p0 = 'ZHN-WO-001' [Type: String (4000:0:0)]
10:40:00.635 +08:00 [DEBUG] [36] [NHibernate.SQL] 
    select
        TOP (1) terminal0_.ID as id1_9_,
        terminal0_.LINE_ID as line2_9_,
        terminal0_.PROCESS_ID as process3_9_,
        terminal0_.EQUIPMENT_ID as equipment4_9_,
        terminal0_.CODE as code5_9_,
        terminal0_.NAME as name6_9_,
        terminal0_.IP as ip7_9_,
        terminal0_.DESCRIPTION as description8_9_,
        terminal0_.DESCRIPTION2 as description9_9_,
        terminal0_.EMPLOYEE_CODE as employee10_9_,
        terminal0_.CREATE_TIME as create11_9_,
        terminal0_.UPDATE_TIME as update12_9_ 
    from
        S_TERMINAL terminal0_ 
    where
        terminal0_.CODE=@p0;
    @p0 = 'SMT02-S01-01' [Type: String (4000:0:0)]
10:40:00.764 +08:00 [DEBUG] [36] [NHibernate.SQL] 
    select
        TOP (1) workflowst0_.ID as id1_24_,
        workflowst0_.WORKFLOW_ID as workflow2_24_,
        workflowst0_.PROCESS_ID as process3_24_,
        workflowst0_.CONDITION_ID as condition4_24_,
        workflowst0_.NEXT_PROCESS_ID as next5_24_,
        workflowst0_.PRIORITY as priority6_24_,
        workflowst0_.SPNAME as spname7_24_,
        workflowst0_.EMPLOYEE_CODE as employee8_24_,
        workflowst0_.CREATE_TIME as create9_24_,
        workflowst0_.UPDATE_TIME as update10_24_ 
    from
        S_WORKFLOW_STEP workflowst0_ 
    where
        workflowst0_.WORKFLOW_ID=@p0 
        and workflowst0_.PROCESS_ID=@p1;
    @p0 = 40 [Type: Int32 (0:0:0)], @p1 = 15 [Type: Int32 (0:0:0)]
10:40:00.769 +08:00 [DEBUG] [36] [NHibernate.SQL] 
    SELECT
        workflow0_.ID as id1_22_0_,
        workflow0_.WORKFLOW_BASE_ID as workflow2_22_0_,
        workflow0_.VERSION as version3_22_0_,
        workflow0_.VERSION_SEQUENCE as version4_22_0_,
        workflow0_.STATUS as status5_22_0_,
        workflow0_.WORKFLOW_JSON as workflow6_22_0_,
        workflow0_.DESCRIPTION as description7_22_0_,
        workflow0_.EMPLOYEE_CODE as employee8_22_0_,
        workflow0_.CREATE_TIME as create9_22_0_,
        workflow0_.UPDATE_TIME as update10_22_0_ 
    FROM
        S_WORKFLOW workflow0_ 
    WHERE
        workflow0_.ID=@p0;
    @p0 = 40 [Type: Int32 (0:0:0)]
10:40:00.803 +08:00 [DEBUG] [36] [NHibernate.SQL] 
    SELECT
        setting0_.ID as id1_69_0_,
        setting0_.CODE as code2_69_0_,
        setting0_.NAME as name3_69_0_,
        setting0_.PROGRAM as program4_69_0_,
        setting0_.DESCRIPTION as description5_69_0_,
        setting0_.DESCRIPTION2 as description6_69_0_,
        setting0_.EMPLOYEE_CODE as employee7_69_0_,
        setting0_.CREATE_TIME as create8_69_0_,
        setting0_.UPDATE_TIME as update9_69_0_ 
    FROM
        S_SETTING setting0_ 
    WHERE
        setting0_.ID=@p0;
    @p0 = 16 [Type: Int32 (0:0:0)]
10:40:21.502 +08:00 [DEBUG] [36] [NHibernate.SQL] 
    select
        wordefect0_.ID as id1_77_,
        wordefect0_.WORK_ORDER as work2_77_,
        wordefect0_.SERIAL_NUMBER as serial3_77_,
        wordefect0_.TEST_WOR_LOG_ID as test4_77_,
        wordefect0_.DEFECT_ID as defect5_77_,
        wordefect0_.DEFECT_CODE as defect6_77_,
        wordefect0_.PROCESS_ID as process7_77_,
        wordefect0_.PROCESS_CODE as process8_77_,
        wordefect0_.REMARK as remark9_77_,
        wordefect0_.EMPLOYEE_CODE as employee10_77_,
        wordefect0_.CREATE_TIME as create11_77_ 
    from
        WOR_DEFECT wordefect0_ 
    where
        wordefect0_.SERIAL_NUMBER=@p0;
    @p0 = '1234' [Type: String (4000:0:0)]
10:51:11.045 +08:00 [DEBUG] [33] [NHibernate.SQL] 
    SELECT
        this_.ID as id1_57_1_,
        this_.CODE as code2_57_1_,
        this_.NAME as name3_57_1_,
        this_.SYMPTOM_TYPE_ID as symptom4_57_1_,
        this_.LEVEL_ID as level5_57_1_,
        this_.DESCRIPTION as description6_57_1_,
        this_.DESCRIPTION2 as description7_57_1_,
        this_.EMPLOYEE_CODE as employee8_57_1_,
        this_.CREATE_TIME as create9_57_1_,
        this_.UPDATE_TIME as update10_57_1_,
        symptomtyp2_.ID as id1_58_0_,
        symptomtyp2_.NAME as name2_58_0_,
        symptomtyp2_.CODE as code3_58_0_,
        symptomtyp2_.DESCRIPTION as description4_58_0_,
        symptomtyp2_.DESCRIPTION2 as description5_58_0_,
        symptomtyp2_.EMPLOYEE_CODE as employee6_58_0_,
        symptomtyp2_.CREATE_TIME as create7_58_0_,
        symptomtyp2_.UPDATE_TIME as update8_58_0_ 
    FROM
        S_SYMPTOM this_ 
    left outer join
        S_SYMPTOM_TYPE symptomtyp2_ 
            on this_.SYMPTOM_TYPE_ID=symptomtyp2_.ID
10:51:11.192 +08:00 [DEBUG] [34] [NHibernate.SQL] 
    select
        symptom0_.ID as id1_57_,
        symptom0_.CODE as code2_57_,
        symptom0_.NAME as name3_57_,
        symptom0_.SYMPTOM_TYPE_ID as symptom4_57_,
        symptom0_.LEVEL_ID as level5_57_,
        symptom0_.DESCRIPTION as description6_57_,
        symptom0_.DESCRIPTION2 as description7_57_,
        symptom0_.EMPLOYEE_CODE as employee8_57_,
        symptom0_.CREATE_TIME as create9_57_,
        symptom0_.UPDATE_TIME as update10_57_ 
    from
        S_SYMPTOM symptom0_
10:51:11.199 +08:00 [DEBUG] [34] [NHibernate.SQL] 
    SELECT
        symptomtyp0_.ID as id1_58_0_,
        symptomtyp0_.NAME as name2_58_0_,
        symptomtyp0_.CODE as code3_58_0_,
        symptomtyp0_.DESCRIPTION as description4_58_0_,
        symptomtyp0_.DESCRIPTION2 as description5_58_0_,
        symptomtyp0_.EMPLOYEE_CODE as employee6_58_0_,
        symptomtyp0_.CREATE_TIME as create7_58_0_,
        symptomtyp0_.UPDATE_TIME as update8_58_0_ 
    FROM
        S_SYMPTOM_TYPE symptomtyp0_ 
    WHERE
        symptomtyp0_.ID=@p0;
    @p0 = 1 [Type: Int32 (0:0:0)]
10:51:11.420 +08:00 [DEBUG] [34] [NHibernate.SQL] 
    SELECT
        this_.ID as id1_58_0_,
        this_.NAME as name2_58_0_,
        this_.CODE as code3_58_0_,
        this_.DESCRIPTION as description4_58_0_,
        this_.DESCRIPTION2 as description5_58_0_,
        this_.EMPLOYEE_CODE as employee6_58_0_,
        this_.CREATE_TIME as create7_58_0_,
        this_.UPDATE_TIME as update8_58_0_ 
    FROM
        S_SYMPTOM_TYPE this_
10:51:11.420 +08:00 [DEBUG] [36] [NHibernate.SQL] 
    SELECT
        this_.ID as id1_50_0_,
        this_.CODE as code2_50_0_,
        this_.NAME as name3_50_0_,
        this_.DESCRIPTION as description4_50_0_,
        this_.DESCRIPTION2 as description5_50_0_,
        this_.EMPLOYEE_CODE as employee6_50_0_,
        this_.CREATE_TIME as create7_50_0_,
        this_.UPDATE_TIME as update8_50_0_ 
    FROM
        S_CAUSE this_
10:51:11.641 +08:00 [DEBUG] [33] [NHibernate.SQL] 
    SELECT
        this_.ID as id1_51_0_,
        this_.CODE as code2_51_0_,
        this_.NAME as name3_51_0_,
        this_.DESCRIPTION as description4_51_0_,
        this_.DESCRIPTION2 as description5_51_0_,
        this_.EMPLOYEE_CODE as employee6_51_0_,
        this_.CREATE_TIME as create7_51_0_,
        this_.UPDATE_TIME as update8_51_0_ 
    FROM
        S_DUTY this_
10:51:11.691 +08:00 [DEBUG] [33] [NHibernate.SQL] 
    SELECT
        this_.ID as id1_52_0_,
        this_.CODE as code2_52_0_,
        this_.NAME as name3_52_0_,
        this_.DESCRIPTION as description4_52_0_,
        this_.DESCRIPTION2 as description5_52_0_,
        this_.EMPLOYEE_CODE as employee6_52_0_,
        this_.CREATE_TIME as create7_52_0_,
        this_.UPDATE_TIME as update8_52_0_ 
    FROM
        S_REPAIR_TYPE this_
10:52:36.683 +08:00 [DEBUG] [39] [NHibernate.SQL] 
    SELECT
        this_.ID as id1_57_1_,
        this_.CODE as code2_57_1_,
        this_.NAME as name3_57_1_,
        this_.SYMPTOM_TYPE_ID as symptom4_57_1_,
        this_.LEVEL_ID as level5_57_1_,
        this_.DESCRIPTION as description6_57_1_,
        this_.DESCRIPTION2 as description7_57_1_,
        this_.EMPLOYEE_CODE as employee8_57_1_,
        this_.CREATE_TIME as create9_57_1_,
        this_.UPDATE_TIME as update10_57_1_,
        symptomtyp2_.ID as id1_58_0_,
        symptomtyp2_.NAME as name2_58_0_,
        symptomtyp2_.CODE as code3_58_0_,
        symptomtyp2_.DESCRIPTION as description4_58_0_,
        symptomtyp2_.DESCRIPTION2 as description5_58_0_,
        symptomtyp2_.EMPLOYEE_CODE as employee6_58_0_,
        symptomtyp2_.CREATE_TIME as create7_58_0_,
        symptomtyp2_.UPDATE_TIME as update8_58_0_ 
    FROM
        S_SYMPTOM this_ 
    left outer join
        S_SYMPTOM_TYPE symptomtyp2_ 
            on this_.SYMPTOM_TYPE_ID=symptomtyp2_.ID
10:52:36.833 +08:00 [DEBUG] [43] [NHibernate.SQL] 
    select
        symptom0_.ID as id1_57_,
        symptom0_.CODE as code2_57_,
        symptom0_.NAME as name3_57_,
        symptom0_.SYMPTOM_TYPE_ID as symptom4_57_,
        symptom0_.LEVEL_ID as level5_57_,
        symptom0_.DESCRIPTION as description6_57_,
        symptom0_.DESCRIPTION2 as description7_57_,
        symptom0_.EMPLOYEE_CODE as employee8_57_,
        symptom0_.CREATE_TIME as create9_57_,
        symptom0_.UPDATE_TIME as update10_57_ 
    from
        S_SYMPTOM symptom0_
10:52:36.838 +08:00 [DEBUG] [43] [NHibernate.SQL] 
    SELECT
        symptomtyp0_.ID as id1_58_0_,
        symptomtyp0_.NAME as name2_58_0_,
        symptomtyp0_.CODE as code3_58_0_,
        symptomtyp0_.DESCRIPTION as description4_58_0_,
        symptomtyp0_.DESCRIPTION2 as description5_58_0_,
        symptomtyp0_.EMPLOYEE_CODE as employee6_58_0_,
        symptomtyp0_.CREATE_TIME as create7_58_0_,
        symptomtyp0_.UPDATE_TIME as update8_58_0_ 
    FROM
        S_SYMPTOM_TYPE symptomtyp0_ 
    WHERE
        symptomtyp0_.ID=@p0;
    @p0 = 1 [Type: Int32 (0:0:0)]
10:52:36.982 +08:00 [DEBUG] [43] [NHibernate.SQL] 
    SELECT
        this_.ID as id1_50_0_,
        this_.CODE as code2_50_0_,
        this_.NAME as name3_50_0_,
        this_.DESCRIPTION as description4_50_0_,
        this_.DESCRIPTION2 as description5_50_0_,
        this_.EMPLOYEE_CODE as employee6_50_0_,
        this_.CREATE_TIME as create7_50_0_,
        this_.UPDATE_TIME as update8_50_0_ 
    FROM
        S_CAUSE this_
10:52:37.017 +08:00 [DEBUG] [39] [NHibernate.SQL] 
    SELECT
        this_.ID as id1_58_0_,
        this_.NAME as name2_58_0_,
        this_.CODE as code3_58_0_,
        this_.DESCRIPTION as description4_58_0_,
        this_.DESCRIPTION2 as description5_58_0_,
        this_.EMPLOYEE_CODE as employee6_58_0_,
        this_.CREATE_TIME as create7_58_0_,
        this_.UPDATE_TIME as update8_58_0_ 
    FROM
        S_SYMPTOM_TYPE this_
10:52:37.172 +08:00 [DEBUG] [43] [NHibernate.SQL] 
    SELECT
        this_.ID as id1_51_0_,
        this_.CODE as code2_51_0_,
        this_.NAME as name3_51_0_,
        this_.DESCRIPTION as description4_51_0_,
        this_.DESCRIPTION2 as description5_51_0_,
        this_.EMPLOYEE_CODE as employee6_51_0_,
        this_.CREATE_TIME as create7_51_0_,
        this_.UPDATE_TIME as update8_51_0_ 
    FROM
        S_DUTY this_
10:52:37.303 +08:00 [DEBUG] [37] [NHibernate.SQL] 
    SELECT
        this_.ID as id1_52_0_,
        this_.CODE as code2_52_0_,
        this_.NAME as name3_52_0_,
        this_.DESCRIPTION as description4_52_0_,
        this_.DESCRIPTION2 as description5_52_0_,
        this_.EMPLOYEE_CODE as employee6_52_0_,
        this_.CREATE_TIME as create7_52_0_,
        this_.UPDATE_TIME as update8_52_0_ 
    FROM
        S_REPAIR_TYPE this_
11:49:41.105 +08:00 [DEBUG] [36] [NHibernate.SQL] 
    SELECT
        this_.ID as id1_57_1_,
        this_.CODE as code2_57_1_,
        this_.NAME as name3_57_1_,
        this_.SYMPTOM_TYPE_ID as symptom4_57_1_,
        this_.LEVEL_ID as level5_57_1_,
        this_.DESCRIPTION as description6_57_1_,
        this_.DESCRIPTION2 as description7_57_1_,
        this_.EMPLOYEE_CODE as employee8_57_1_,
        this_.CREATE_TIME as create9_57_1_,
        this_.UPDATE_TIME as update10_57_1_,
        symptomtyp2_.ID as id1_58_0_,
        symptomtyp2_.NAME as name2_58_0_,
        symptomtyp2_.CODE as code3_58_0_,
        symptomtyp2_.DESCRIPTION as description4_58_0_,
        symptomtyp2_.DESCRIPTION2 as description5_58_0_,
        symptomtyp2_.EMPLOYEE_CODE as employee6_58_0_,
        symptomtyp2_.CREATE_TIME as create7_58_0_,
        symptomtyp2_.UPDATE_TIME as update8_58_0_ 
    FROM
        S_SYMPTOM this_ 
    left outer join
        S_SYMPTOM_TYPE symptomtyp2_ 
            on this_.SYMPTOM_TYPE_ID=symptomtyp2_.ID
