13:12:20.749 +08:00 [WARNING] [1] [Grpc.AspNetCore.Server.Model.Internal.ServiceRouteBuilder] No gRPC methods discovered for "IIMes.Services.Maintain.Interface.IProductLineService".
13:12:20.802 +08:00 [WARNING] [1] [Grpc.AspNetCore.Server.Model.Internal.ServiceRouteBuilder] No gRPC methods discovered for "IIMes.Services.Maintain.Interface.IFactoryService".
13:12:20.805 +08:00 [WARNING] [1] [Grpc.AspNetCore.Server.Model.Internal.ServiceRouteBuilder] No gRPC methods discovered for "IIMes.Services.Maintain.Interface.IWorkShopService".
13:12:20.808 +08:00 [WARNING] [1] [Grpc.AspNetCore.Server.Model.Internal.ServiceRouteBuilder] No gRPC methods discovered for "IIMes.Services.Maintain.Interface.ITerminalService".
13:12:20.809 +08:00 [WARNING] [1] [Grpc.AspNetCore.Server.Model.Internal.ServiceRouteBuilder] No gRPC methods discovered for "IIMes.Services.Maintain.Interface.IModelService".
13:12:20.811 +08:00 [WARNING] [1] [Grpc.AspNetCore.Server.Model.Internal.ServiceRouteBuilder] No gRPC methods discovered for "IIMes.Services.Maintain.Interface.IProcessService".
13:12:20.813 +08:00 [WARNING] [1] [Grpc.AspNetCore.Server.Model.Internal.ServiceRouteBuilder] No gRPC methods discovered for "IIMes.Services.Maintain.Interface.IProcessTypeService".
13:12:20.815 +08:00 [WARNING] [1] [Grpc.AspNetCore.Server.Model.Internal.ServiceRouteBuilder] No gRPC methods discovered for "IIMes.Services.Maintain.Interface.IStageService".
13:12:20.818 +08:00 [WARNING] [1] [Grpc.AspNetCore.Server.Model.Internal.ServiceRouteBuilder] No gRPC methods discovered for "IIMes.Services.Maintain.Interface.IEquipmentService".
13:12:20.820 +08:00 [WARNING] [1] [Grpc.AspNetCore.Server.Model.Internal.ServiceRouteBuilder] No gRPC methods discovered for "IIMes.Services.Maintain.Interface.IEquipmentTypeService".
13:12:20.822 +08:00 [WARNING] [1] [Grpc.AspNetCore.Server.Model.Internal.ServiceRouteBuilder] No gRPC methods discovered for "IIMes.Services.Maintain.Interface.IEquipmentCatagoryService".
13:12:20.833 +08:00 [WARNING] [1] [Grpc.AspNetCore.Server.Model.Internal.ServiceRouteBuilder] No gRPC methods discovered for "IIMes.Services.Maintain.Interface.IShiftService".
13:12:20.834 +08:00 [WARNING] [1] [Grpc.AspNetCore.Server.Model.Internal.ServiceRouteBuilder] No gRPC methods discovered for "IIMes.Services.Maintain.Interface.IShiftGroupService".
13:12:20.836 +08:00 [WARNING] [1] [Grpc.AspNetCore.Server.Model.Internal.ServiceRouteBuilder] No gRPC methods discovered for "IIMes.Services.Maintain.Interface.IDepartmentService".
13:12:20.838 +08:00 [WARNING] [1] [Grpc.AspNetCore.Server.Model.Internal.ServiceRouteBuilder] No gRPC methods discovered for "IIMes.Services.Maintain.Interface.IEmployeeService".
13:12:20.946 +08:00 [INFORMATION] [1] [ProtoBuf.Grpc.Server.ServicesExtensions.CodeFirstServiceMethodProvider] RPC services being provided by "IIMes.Services.Maintain.Interface.IMaintainService": 3
13:12:20.952 +08:00 [INFORMATION] [1] [ProtoBuf.Grpc.Server.ServicesExtensions.CodeFirstServiceMethodProvider] RPC services being provided by "IIMes.Services.Maintain.Interface.IPartFsService": 1
13:12:20.981 +08:00 [INFORMATION] [1] [ProtoBuf.Grpc.Server.ServicesExtensions.CodeFirstServiceMethodProvider] RPC services being provided by "IIMes.Services.Maintain.Interface.IWoFsService": 4
13:12:20.985 +08:00 [WARNING] [1] [Grpc.AspNetCore.Server.Model.Internal.ServiceRouteBuilder] No gRPC methods discovered for "IIMes.Services.Maintain.Interface.IImportService".
13:12:20.988 +08:00 [WARNING] [1] [ProtoBuf.Grpc.Server.ServicesExtensions.CodeFirstServiceMethodProvider] Type cannot be serialized; ignoring: "IIMes.Services.Core.Model.STerminal"
13:12:20.988 +08:00 [WARNING] [1] [ProtoBuf.Grpc.Server.ServicesExtensions.CodeFirstServiceMethodProvider] Signature not recognized for "IIMes.Services.Maintain.Interface.ICommonService"."GetTerminal"; method will not be bound
13:12:20.988 +08:00 [WARNING] [1] [ProtoBuf.Grpc.Server.ServicesExtensions.CodeFirstServiceMethodProvider] Type cannot be serialized; ignoring: "IIMes.Services.Core.Model.SPart"
13:12:20.988 +08:00 [WARNING] [1] [ProtoBuf.Grpc.Server.ServicesExtensions.CodeFirstServiceMethodProvider] Signature not recognized for "IIMes.Services.Maintain.Interface.ICommonService"."GetPart"; method will not be bound
13:12:20.990 +08:00 [WARNING] [1] [ProtoBuf.Grpc.Server.ServicesExtensions.CodeFirstServiceMethodProvider] Type cannot be serialized; ignoring: "IIMes.Services.Core.Model.SEquipment"
13:12:20.990 +08:00 [WARNING] [1] [ProtoBuf.Grpc.Server.ServicesExtensions.CodeFirstServiceMethodProvider] Signature not recognized for "IIMes.Services.Maintain.Interface.ICommonService"."GetEquipment"; method will not be bound
13:12:20.990 +08:00 [WARNING] [1] [ProtoBuf.Grpc.Server.ServicesExtensions.CodeFirstServiceMethodProvider] Type cannot be serialized; ignoring: "System.Linq.IQueryable`1[[IIMes.Services.Core.Model.SSetting, IIMes.Services.Core.Model, Version=1.0.0.0, Culture=neutral, PublicKeyToken=null]]"
13:12:20.991 +08:00 [WARNING] [1] [ProtoBuf.Grpc.Server.ServicesExtensions.CodeFirstServiceMethodProvider] Signature not recognized for "IIMes.Services.Maintain.Interface.ICommonService"."GetSetting"; method will not be bound
13:12:20.991 +08:00 [WARNING] [1] [ProtoBuf.Grpc.Server.ServicesExtensions.CodeFirstServiceMethodProvider] Type cannot be serialized; ignoring: "IIMes.Services.Core.Model.WoBase"
13:12:20.991 +08:00 [WARNING] [1] [ProtoBuf.Grpc.Server.ServicesExtensions.CodeFirstServiceMethodProvider] Signature not recognized for "IIMes.Services.Maintain.Interface.ICommonService"."GetWo"; method will not be bound
13:12:20.991 +08:00 [WARNING] [1] [ProtoBuf.Grpc.Server.ServicesExtensions.CodeFirstServiceMethodProvider] Type cannot be serialized; ignoring: "System.Collections.Generic.IList`1[[IIMes.Services.Core.Model.WoFsDetail, IIMes.Services.Core.Model, Version=1.0.0.0, Culture=neutral, PublicKeyToken=null]]"
13:12:20.991 +08:00 [WARNING] [1] [ProtoBuf.Grpc.Server.ServicesExtensions.CodeFirstServiceMethodProvider] Signature not recognized for "IIMes.Services.Maintain.Interface.ICommonService"."GetWoFsDetail"; method will not be bound
13:12:20.992 +08:00 [WARNING] [1] [ProtoBuf.Grpc.Server.ServicesExtensions.CodeFirstServiceMethodProvider] Type cannot be serialized; ignoring: "System.Collections.Generic.IList`1[[IIMes.Services.Core.Model.WoFsSub, IIMes.Services.Core.Model, Version=1.0.0.0, Culture=neutral, PublicKeyToken=null]]"
13:12:20.992 +08:00 [WARNING] [1] [ProtoBuf.Grpc.Server.ServicesExtensions.CodeFirstServiceMethodProvider] Signature not recognized for "IIMes.Services.Maintain.Interface.ICommonService"."GetWoFsSub"; method will not be bound
13:12:20.992 +08:00 [WARNING] [1] [ProtoBuf.Grpc.Server.ServicesExtensions.CodeFirstServiceMethodProvider] Type cannot be serialized; ignoring: "IIMes.Services.Core.Model.SProcess"
13:12:20.992 +08:00 [WARNING] [1] [ProtoBuf.Grpc.Server.ServicesExtensions.CodeFirstServiceMethodProvider] Signature not recognized for "IIMes.Services.Maintain.Interface.ICommonService"."GetProcess"; method will not be bound
13:12:20.992 +08:00 [WARNING] [1] [ProtoBuf.Grpc.Server.ServicesExtensions.CodeFirstServiceMethodProvider] Type cannot be serialized; ignoring: "IIMes.Services.Core.Model.SWoStatus"
13:12:20.992 +08:00 [WARNING] [1] [ProtoBuf.Grpc.Server.ServicesExtensions.CodeFirstServiceMethodProvider] Signature not recognized for "IIMes.Services.Maintain.Interface.ICommonService"."GetWoStaus"; method will not be bound
13:12:20.994 +08:00 [WARNING] [1] [ProtoBuf.Grpc.Server.ServicesExtensions.CodeFirstServiceMethodProvider] Signature not recognized for "IIMes.Services.Maintain.Interface.ICommonService"."IsEqualWoFsDetail"; method will not be bound
13:12:20.998 +08:00 [INFORMATION] [1] [ProtoBuf.Grpc.Server.ServicesExtensions.CodeFirstServiceMethodProvider] RPC services being provided by "IIMes.Services.Maintain.Interface.ICommonService": 1
13:12:21.000 +08:00 [WARNING] [1] [Grpc.AspNetCore.Server.Model.Internal.ServiceRouteBuilder] No gRPC methods discovered for "IIMes.Services.Maintain.Interface.IFamilyService".
13:12:21.003 +08:00 [WARNING] [1] [Grpc.AspNetCore.Server.Model.Internal.ServiceRouteBuilder] No gRPC methods discovered for "IIMes.Services.Maintain.Interface.IWoBomService".
13:12:21.006 +08:00 [WARNING] [1] [Grpc.AspNetCore.Server.Model.Internal.ServiceRouteBuilder] No gRPC methods discovered for "IIMes.Services.Maintain.Interface.IScrapReasonService".
13:12:21.009 +08:00 [WARNING] [1] [Grpc.AspNetCore.Server.Model.Internal.ServiceRouteBuilder] No gRPC methods discovered for "IIMes.Services.Maintain.Interface.IWoBaseService".
13:12:21.024 +08:00 [INFORMATION] [1] [ProtoBuf.Grpc.Server.ServicesExtensions.CodeFirstServiceMethodProvider] RPC services being provided by "IIMes.Services.Maintain.Interface.IWoService": 3
13:12:21.026 +08:00 [WARNING] [1] [Grpc.AspNetCore.Server.Model.Internal.ServiceRouteBuilder] No gRPC methods discovered for "IIMes.Services.Maintain.Interface.IWoStatusService".
14:29:36.166 +08:00 [WARNING] [1] [Grpc.AspNetCore.Server.Model.Internal.ServiceRouteBuilder] No gRPC methods discovered for "IIMes.Services.Maintain.Interface.IProductLineService".
14:29:36.217 +08:00 [WARNING] [1] [Grpc.AspNetCore.Server.Model.Internal.ServiceRouteBuilder] No gRPC methods discovered for "IIMes.Services.Maintain.Interface.IFactoryService".
14:29:36.222 +08:00 [WARNING] [1] [Grpc.AspNetCore.Server.Model.Internal.ServiceRouteBuilder] No gRPC methods discovered for "IIMes.Services.Maintain.Interface.IWorkShopService".
14:29:36.225 +08:00 [WARNING] [1] [Grpc.AspNetCore.Server.Model.Internal.ServiceRouteBuilder] No gRPC methods discovered for "IIMes.Services.Maintain.Interface.ITerminalService".
14:29:36.227 +08:00 [WARNING] [1] [Grpc.AspNetCore.Server.Model.Internal.ServiceRouteBuilder] No gRPC methods discovered for "IIMes.Services.Maintain.Interface.IModelService".
14:29:36.228 +08:00 [WARNING] [1] [Grpc.AspNetCore.Server.Model.Internal.ServiceRouteBuilder] No gRPC methods discovered for "IIMes.Services.Maintain.Interface.IProcessService".
14:29:36.230 +08:00 [WARNING] [1] [Grpc.AspNetCore.Server.Model.Internal.ServiceRouteBuilder] No gRPC methods discovered for "IIMes.Services.Maintain.Interface.IProcessTypeService".
14:29:36.231 +08:00 [WARNING] [1] [Grpc.AspNetCore.Server.Model.Internal.ServiceRouteBuilder] No gRPC methods discovered for "IIMes.Services.Maintain.Interface.IStageService".
14:29:36.233 +08:00 [WARNING] [1] [Grpc.AspNetCore.Server.Model.Internal.ServiceRouteBuilder] No gRPC methods discovered for "IIMes.Services.Maintain.Interface.IEquipmentService".
14:29:36.235 +08:00 [WARNING] [1] [Grpc.AspNetCore.Server.Model.Internal.ServiceRouteBuilder] No gRPC methods discovered for "IIMes.Services.Maintain.Interface.IEquipmentTypeService".
14:29:36.238 +08:00 [WARNING] [1] [Grpc.AspNetCore.Server.Model.Internal.ServiceRouteBuilder] No gRPC methods discovered for "IIMes.Services.Maintain.Interface.IEquipmentCatagoryService".
14:29:36.240 +08:00 [WARNING] [1] [Grpc.AspNetCore.Server.Model.Internal.ServiceRouteBuilder] No gRPC methods discovered for "IIMes.Services.Maintain.Interface.IShiftService".
14:29:36.242 +08:00 [WARNING] [1] [Grpc.AspNetCore.Server.Model.Internal.ServiceRouteBuilder] No gRPC methods discovered for "IIMes.Services.Maintain.Interface.IShiftGroupService".
14:29:36.244 +08:00 [WARNING] [1] [Grpc.AspNetCore.Server.Model.Internal.ServiceRouteBuilder] No gRPC methods discovered for "IIMes.Services.Maintain.Interface.IDepartmentService".
14:29:36.246 +08:00 [WARNING] [1] [Grpc.AspNetCore.Server.Model.Internal.ServiceRouteBuilder] No gRPC methods discovered for "IIMes.Services.Maintain.Interface.IEmployeeService".
14:29:36.380 +08:00 [INFORMATION] [1] [ProtoBuf.Grpc.Server.ServicesExtensions.CodeFirstServiceMethodProvider] RPC services being provided by "IIMes.Services.Maintain.Interface.IMaintainService": 3
14:29:36.386 +08:00 [INFORMATION] [1] [ProtoBuf.Grpc.Server.ServicesExtensions.CodeFirstServiceMethodProvider] RPC services being provided by "IIMes.Services.Maintain.Interface.IPartFsService": 1
14:29:36.406 +08:00 [INFORMATION] [1] [ProtoBuf.Grpc.Server.ServicesExtensions.CodeFirstServiceMethodProvider] RPC services being provided by "IIMes.Services.Maintain.Interface.IWoFsService": 4
14:29:36.408 +08:00 [WARNING] [1] [Grpc.AspNetCore.Server.Model.Internal.ServiceRouteBuilder] No gRPC methods discovered for "IIMes.Services.Maintain.Interface.IImportService".
14:29:36.410 +08:00 [WARNING] [1] [ProtoBuf.Grpc.Server.ServicesExtensions.CodeFirstServiceMethodProvider] Type cannot be serialized; ignoring: "IIMes.Services.Core.Model.STerminal"
14:29:36.410 +08:00 [WARNING] [1] [ProtoBuf.Grpc.Server.ServicesExtensions.CodeFirstServiceMethodProvider] Signature not recognized for "IIMes.Services.Maintain.Interface.ICommonService"."GetTerminal"; method will not be bound
14:29:36.410 +08:00 [WARNING] [1] [ProtoBuf.Grpc.Server.ServicesExtensions.CodeFirstServiceMethodProvider] Type cannot be serialized; ignoring: "IIMes.Services.Core.Model.SPart"
14:29:36.410 +08:00 [WARNING] [1] [ProtoBuf.Grpc.Server.ServicesExtensions.CodeFirstServiceMethodProvider] Signature not recognized for "IIMes.Services.Maintain.Interface.ICommonService"."GetPart"; method will not be bound
14:29:36.411 +08:00 [WARNING] [1] [ProtoBuf.Grpc.Server.ServicesExtensions.CodeFirstServiceMethodProvider] Type cannot be serialized; ignoring: "IIMes.Services.Core.Model.SEquipment"
14:29:36.411 +08:00 [WARNING] [1] [ProtoBuf.Grpc.Server.ServicesExtensions.CodeFirstServiceMethodProvider] Signature not recognized for "IIMes.Services.Maintain.Interface.ICommonService"."GetEquipment"; method will not be bound
14:29:36.411 +08:00 [WARNING] [1] [ProtoBuf.Grpc.Server.ServicesExtensions.CodeFirstServiceMethodProvider] Type cannot be serialized; ignoring: "System.Linq.IQueryable`1[[IIMes.Services.Core.Model.SSetting, IIMes.Services.Core.Model, Version=1.0.0.0, Culture=neutral, PublicKeyToken=null]]"
14:29:36.412 +08:00 [WARNING] [1] [ProtoBuf.Grpc.Server.ServicesExtensions.CodeFirstServiceMethodProvider] Signature not recognized for "IIMes.Services.Maintain.Interface.ICommonService"."GetSetting"; method will not be bound
14:29:36.412 +08:00 [WARNING] [1] [ProtoBuf.Grpc.Server.ServicesExtensions.CodeFirstServiceMethodProvider] Type cannot be serialized; ignoring: "IIMes.Services.Core.Model.WoBase"
14:29:36.412 +08:00 [WARNING] [1] [ProtoBuf.Grpc.Server.ServicesExtensions.CodeFirstServiceMethodProvider] Signature not recognized for "IIMes.Services.Maintain.Interface.ICommonService"."GetWo"; method will not be bound
14:29:36.412 +08:00 [WARNING] [1] [ProtoBuf.Grpc.Server.ServicesExtensions.CodeFirstServiceMethodProvider] Type cannot be serialized; ignoring: "System.Collections.Generic.IList`1[[IIMes.Services.Core.Model.WoFsDetail, IIMes.Services.Core.Model, Version=1.0.0.0, Culture=neutral, PublicKeyToken=null]]"
14:29:36.412 +08:00 [WARNING] [1] [ProtoBuf.Grpc.Server.ServicesExtensions.CodeFirstServiceMethodProvider] Signature not recognized for "IIMes.Services.Maintain.Interface.ICommonService"."GetWoFsDetail"; method will not be bound
14:29:36.412 +08:00 [WARNING] [1] [ProtoBuf.Grpc.Server.ServicesExtensions.CodeFirstServiceMethodProvider] Type cannot be serialized; ignoring: "System.Collections.Generic.IList`1[[IIMes.Services.Core.Model.WoFsSub, IIMes.Services.Core.Model, Version=1.0.0.0, Culture=neutral, PublicKeyToken=null]]"
14:29:36.412 +08:00 [WARNING] [1] [ProtoBuf.Grpc.Server.ServicesExtensions.CodeFirstServiceMethodProvider] Signature not recognized for "IIMes.Services.Maintain.Interface.ICommonService"."GetWoFsSub"; method will not be bound
14:29:36.412 +08:00 [WARNING] [1] [ProtoBuf.Grpc.Server.ServicesExtensions.CodeFirstServiceMethodProvider] Type cannot be serialized; ignoring: "IIMes.Services.Core.Model.SProcess"
14:29:36.412 +08:00 [WARNING] [1] [ProtoBuf.Grpc.Server.ServicesExtensions.CodeFirstServiceMethodProvider] Signature not recognized for "IIMes.Services.Maintain.Interface.ICommonService"."GetProcess"; method will not be bound
14:29:36.413 +08:00 [WARNING] [1] [ProtoBuf.Grpc.Server.ServicesExtensions.CodeFirstServiceMethodProvider] Type cannot be serialized; ignoring: "IIMes.Services.Core.Model.SWoStatus"
14:29:36.413 +08:00 [WARNING] [1] [ProtoBuf.Grpc.Server.ServicesExtensions.CodeFirstServiceMethodProvider] Signature not recognized for "IIMes.Services.Maintain.Interface.ICommonService"."GetWoStaus"; method will not be bound
14:29:36.415 +08:00 [WARNING] [1] [ProtoBuf.Grpc.Server.ServicesExtensions.CodeFirstServiceMethodProvider] Signature not recognized for "IIMes.Services.Maintain.Interface.ICommonService"."IsEqualWoFsDetail"; method will not be bound
14:29:36.418 +08:00 [INFORMATION] [1] [ProtoBuf.Grpc.Server.ServicesExtensions.CodeFirstServiceMethodProvider] RPC services being provided by "IIMes.Services.Maintain.Interface.ICommonService": 1
14:29:36.419 +08:00 [WARNING] [1] [Grpc.AspNetCore.Server.Model.Internal.ServiceRouteBuilder] No gRPC methods discovered for "IIMes.Services.Maintain.Interface.IFamilyService".
14:29:36.420 +08:00 [WARNING] [1] [Grpc.AspNetCore.Server.Model.Internal.ServiceRouteBuilder] No gRPC methods discovered for "IIMes.Services.Maintain.Interface.IWoBomService".
14:29:36.422 +08:00 [WARNING] [1] [Grpc.AspNetCore.Server.Model.Internal.ServiceRouteBuilder] No gRPC methods discovered for "IIMes.Services.Maintain.Interface.IScrapReasonService".
14:29:36.423 +08:00 [WARNING] [1] [Grpc.AspNetCore.Server.Model.Internal.ServiceRouteBuilder] No gRPC methods discovered for "IIMes.Services.Maintain.Interface.IWoBaseService".
14:29:36.434 +08:00 [INFORMATION] [1] [ProtoBuf.Grpc.Server.ServicesExtensions.CodeFirstServiceMethodProvider] RPC services being provided by "IIMes.Services.Maintain.Interface.IWoService": 3
14:29:36.436 +08:00 [WARNING] [1] [Grpc.AspNetCore.Server.Model.Internal.ServiceRouteBuilder] No gRPC methods discovered for "IIMes.Services.Maintain.Interface.IWoStatusService".
16:59:53.695 +08:00 [WARNING] [1] [Grpc.AspNetCore.Server.Model.Internal.ServiceRouteBuilder] No gRPC methods discovered for "IIMes.Services.Maintain.Interface.IProductLineService".
16:59:53.776 +08:00 [WARNING] [1] [Grpc.AspNetCore.Server.Model.Internal.ServiceRouteBuilder] No gRPC methods discovered for "IIMes.Services.Maintain.Interface.IFactoryService".
16:59:53.780 +08:00 [WARNING] [1] [Grpc.AspNetCore.Server.Model.Internal.ServiceRouteBuilder] No gRPC methods discovered for "IIMes.Services.Maintain.Interface.IWorkShopService".
16:59:53.784 +08:00 [WARNING] [1] [Grpc.AspNetCore.Server.Model.Internal.ServiceRouteBuilder] No gRPC methods discovered for "IIMes.Services.Maintain.Interface.ITerminalService".
16:59:53.788 +08:00 [WARNING] [1] [Grpc.AspNetCore.Server.Model.Internal.ServiceRouteBuilder] No gRPC methods discovered for "IIMes.Services.Maintain.Interface.IModelService".
16:59:53.791 +08:00 [WARNING] [1] [Grpc.AspNetCore.Server.Model.Internal.ServiceRouteBuilder] No gRPC methods discovered for "IIMes.Services.Maintain.Interface.IProcessService".
16:59:53.793 +08:00 [WARNING] [1] [Grpc.AspNetCore.Server.Model.Internal.ServiceRouteBuilder] No gRPC methods discovered for "IIMes.Services.Maintain.Interface.IProcessTypeService".
16:59:53.798 +08:00 [WARNING] [1] [Grpc.AspNetCore.Server.Model.Internal.ServiceRouteBuilder] No gRPC methods discovered for "IIMes.Services.Maintain.Interface.IStageService".
16:59:53.803 +08:00 [WARNING] [1] [Grpc.AspNetCore.Server.Model.Internal.ServiceRouteBuilder] No gRPC methods discovered for "IIMes.Services.Maintain.Interface.IEquipmentService".
16:59:53.807 +08:00 [WARNING] [1] [Grpc.AspNetCore.Server.Model.Internal.ServiceRouteBuilder] No gRPC methods discovered for "IIMes.Services.Maintain.Interface.IEquipmentTypeService".
16:59:53.811 +08:00 [WARNING] [1] [Grpc.AspNetCore.Server.Model.Internal.ServiceRouteBuilder] No gRPC methods discovered for "IIMes.Services.Maintain.Interface.IEquipmentCatagoryService".
16:59:53.817 +08:00 [WARNING] [1] [Grpc.AspNetCore.Server.Model.Internal.ServiceRouteBuilder] No gRPC methods discovered for "IIMes.Services.Maintain.Interface.IShiftService".
16:59:53.824 +08:00 [WARNING] [1] [Grpc.AspNetCore.Server.Model.Internal.ServiceRouteBuilder] No gRPC methods discovered for "IIMes.Services.Maintain.Interface.IShiftGroupService".
16:59:53.843 +08:00 [WARNING] [1] [Grpc.AspNetCore.Server.Model.Internal.ServiceRouteBuilder] No gRPC methods discovered for "IIMes.Services.Maintain.Interface.IDepartmentService".
16:59:53.846 +08:00 [WARNING] [1] [Grpc.AspNetCore.Server.Model.Internal.ServiceRouteBuilder] No gRPC methods discovered for "IIMes.Services.Maintain.Interface.IEmployeeService".
16:59:54.046 +08:00 [INFORMATION] [1] [ProtoBuf.Grpc.Server.ServicesExtensions.CodeFirstServiceMethodProvider] RPC services being provided by "IIMes.Services.Maintain.Interface.IMaintainService": 3
16:59:54.056 +08:00 [INFORMATION] [1] [ProtoBuf.Grpc.Server.ServicesExtensions.CodeFirstServiceMethodProvider] RPC services being provided by "IIMes.Services.Maintain.Interface.IPartFsService": 1
16:59:54.098 +08:00 [INFORMATION] [1] [ProtoBuf.Grpc.Server.ServicesExtensions.CodeFirstServiceMethodProvider] RPC services being provided by "IIMes.Services.Maintain.Interface.IWoFsService": 4
16:59:54.102 +08:00 [WARNING] [1] [Grpc.AspNetCore.Server.Model.Internal.ServiceRouteBuilder] No gRPC methods discovered for "IIMes.Services.Maintain.Interface.IImportService".
16:59:54.105 +08:00 [WARNING] [1] [ProtoBuf.Grpc.Server.ServicesExtensions.CodeFirstServiceMethodProvider] Type cannot be serialized; ignoring: "IIMes.Services.Core.Model.STerminal"
16:59:54.105 +08:00 [WARNING] [1] [ProtoBuf.Grpc.Server.ServicesExtensions.CodeFirstServiceMethodProvider] Signature not recognized for "IIMes.Services.Maintain.Interface.ICommonService"."GetTerminal"; method will not be bound
16:59:54.106 +08:00 [WARNING] [1] [ProtoBuf.Grpc.Server.ServicesExtensions.CodeFirstServiceMethodProvider] Type cannot be serialized; ignoring: "IIMes.Services.Core.Model.SPart"
16:59:54.106 +08:00 [WARNING] [1] [ProtoBuf.Grpc.Server.ServicesExtensions.CodeFirstServiceMethodProvider] Signature not recognized for "IIMes.Services.Maintain.Interface.ICommonService"."GetPart"; method will not be bound
16:59:54.108 +08:00 [WARNING] [1] [ProtoBuf.Grpc.Server.ServicesExtensions.CodeFirstServiceMethodProvider] Type cannot be serialized; ignoring: "IIMes.Services.Core.Model.SEquipment"
16:59:54.108 +08:00 [WARNING] [1] [ProtoBuf.Grpc.Server.ServicesExtensions.CodeFirstServiceMethodProvider] Signature not recognized for "IIMes.Services.Maintain.Interface.ICommonService"."GetEquipment"; method will not be bound
16:59:54.108 +08:00 [WARNING] [1] [ProtoBuf.Grpc.Server.ServicesExtensions.CodeFirstServiceMethodProvider] Type cannot be serialized; ignoring: "System.Linq.IQueryable`1[[IIMes.Services.Core.Model.SSetting, IIMes.Services.Core.Model, Version=1.0.0.0, Culture=neutral, PublicKeyToken=null]]"
16:59:54.108 +08:00 [WARNING] [1] [ProtoBuf.Grpc.Server.ServicesExtensions.CodeFirstServiceMethodProvider] Signature not recognized for "IIMes.Services.Maintain.Interface.ICommonService"."GetSetting"; method will not be bound
16:59:54.109 +08:00 [WARNING] [1] [ProtoBuf.Grpc.Server.ServicesExtensions.CodeFirstServiceMethodProvider] Type cannot be serialized; ignoring: "IIMes.Services.Core.Model.WoBase"
16:59:54.109 +08:00 [WARNING] [1] [ProtoBuf.Grpc.Server.ServicesExtensions.CodeFirstServiceMethodProvider] Signature not recognized for "IIMes.Services.Maintain.Interface.ICommonService"."GetWo"; method will not be bound
16:59:54.110 +08:00 [WARNING] [1] [ProtoBuf.Grpc.Server.ServicesExtensions.CodeFirstServiceMethodProvider] Type cannot be serialized; ignoring: "System.Collections.Generic.IList`1[[IIMes.Services.Core.Model.WoFsDetail, IIMes.Services.Core.Model, Version=1.0.0.0, Culture=neutral, PublicKeyToken=null]]"
16:59:54.110 +08:00 [WARNING] [1] [ProtoBuf.Grpc.Server.ServicesExtensions.CodeFirstServiceMethodProvider] Signature not recognized for "IIMes.Services.Maintain.Interface.ICommonService"."GetWoFsDetail"; method will not be bound
16:59:54.111 +08:00 [WARNING] [1] [ProtoBuf.Grpc.Server.ServicesExtensions.CodeFirstServiceMethodProvider] Type cannot be serialized; ignoring: "System.Collections.Generic.IList`1[[IIMes.Services.Core.Model.WoFsSub, IIMes.Services.Core.Model, Version=1.0.0.0, Culture=neutral, PublicKeyToken=null]]"
16:59:54.111 +08:00 [WARNING] [1] [ProtoBuf.Grpc.Server.ServicesExtensions.CodeFirstServiceMethodProvider] Signature not recognized for "IIMes.Services.Maintain.Interface.ICommonService"."GetWoFsSub"; method will not be bound
16:59:54.112 +08:00 [WARNING] [1] [ProtoBuf.Grpc.Server.ServicesExtensions.CodeFirstServiceMethodProvider] Type cannot be serialized; ignoring: "IIMes.Services.Core.Model.SProcess"
16:59:54.112 +08:00 [WARNING] [1] [ProtoBuf.Grpc.Server.ServicesExtensions.CodeFirstServiceMethodProvider] Signature not recognized for "IIMes.Services.Maintain.Interface.ICommonService"."GetProcess"; method will not be bound
16:59:54.112 +08:00 [WARNING] [1] [ProtoBuf.Grpc.Server.ServicesExtensions.CodeFirstServiceMethodProvider] Type cannot be serialized; ignoring: "IIMes.Services.Core.Model.SWoStatus"
16:59:54.112 +08:00 [WARNING] [1] [ProtoBuf.Grpc.Server.ServicesExtensions.CodeFirstServiceMethodProvider] Signature not recognized for "IIMes.Services.Maintain.Interface.ICommonService"."GetWoStaus"; method will not be bound
16:59:54.115 +08:00 [WARNING] [1] [ProtoBuf.Grpc.Server.ServicesExtensions.CodeFirstServiceMethodProvider] Signature not recognized for "IIMes.Services.Maintain.Interface.ICommonService"."IsEqualWoFsDetail"; method will not be bound
16:59:54.121 +08:00 [INFORMATION] [1] [ProtoBuf.Grpc.Server.ServicesExtensions.CodeFirstServiceMethodProvider] RPC services being provided by "IIMes.Services.Maintain.Interface.ICommonService": 1
16:59:54.124 +08:00 [WARNING] [1] [Grpc.AspNetCore.Server.Model.Internal.ServiceRouteBuilder] No gRPC methods discovered for "IIMes.Services.Maintain.Interface.IFamilyService".
16:59:54.128 +08:00 [WARNING] [1] [Grpc.AspNetCore.Server.Model.Internal.ServiceRouteBuilder] No gRPC methods discovered for "IIMes.Services.Maintain.Interface.IWoBomService".
16:59:54.131 +08:00 [WARNING] [1] [Grpc.AspNetCore.Server.Model.Internal.ServiceRouteBuilder] No gRPC methods discovered for "IIMes.Services.Maintain.Interface.IScrapReasonService".
16:59:54.135 +08:00 [WARNING] [1] [Grpc.AspNetCore.Server.Model.Internal.ServiceRouteBuilder] No gRPC methods discovered for "IIMes.Services.Maintain.Interface.IWoBaseService".
16:59:54.160 +08:00 [INFORMATION] [1] [ProtoBuf.Grpc.Server.ServicesExtensions.CodeFirstServiceMethodProvider] RPC services being provided by "IIMes.Services.Maintain.Interface.IWoService": 3
16:59:54.162 +08:00 [WARNING] [1] [Grpc.AspNetCore.Server.Model.Internal.ServiceRouteBuilder] No gRPC methods discovered for "IIMes.Services.Maintain.Interface.IWoStatusService".
19:11:19.673 +08:00 [WARNING] [1] [Grpc.AspNetCore.Server.Model.Internal.ServiceRouteBuilder] No gRPC methods discovered for "IIMes.Services.Maintain.Interface.IProductLineService".
19:11:19.718 +08:00 [WARNING] [1] [Grpc.AspNetCore.Server.Model.Internal.ServiceRouteBuilder] No gRPC methods discovered for "IIMes.Services.Maintain.Interface.IFactoryService".
19:11:19.722 +08:00 [WARNING] [1] [Grpc.AspNetCore.Server.Model.Internal.ServiceRouteBuilder] No gRPC methods discovered for "IIMes.Services.Maintain.Interface.IWorkShopService".
19:11:19.734 +08:00 [WARNING] [1] [Grpc.AspNetCore.Server.Model.Internal.ServiceRouteBuilder] No gRPC methods discovered for "IIMes.Services.Maintain.Interface.ITerminalService".
19:11:19.737 +08:00 [WARNING] [1] [Grpc.AspNetCore.Server.Model.Internal.ServiceRouteBuilder] No gRPC methods discovered for "IIMes.Services.Maintain.Interface.IModelService".
19:11:19.739 +08:00 [WARNING] [1] [Grpc.AspNetCore.Server.Model.Internal.ServiceRouteBuilder] No gRPC methods discovered for "IIMes.Services.Maintain.Interface.IProcessService".
19:11:19.742 +08:00 [WARNING] [1] [Grpc.AspNetCore.Server.Model.Internal.ServiceRouteBuilder] No gRPC methods discovered for "IIMes.Services.Maintain.Interface.IProcessTypeService".
19:11:19.745 +08:00 [WARNING] [1] [Grpc.AspNetCore.Server.Model.Internal.ServiceRouteBuilder] No gRPC methods discovered for "IIMes.Services.Maintain.Interface.IStageService".
19:11:19.748 +08:00 [WARNING] [1] [Grpc.AspNetCore.Server.Model.Internal.ServiceRouteBuilder] No gRPC methods discovered for "IIMes.Services.Maintain.Interface.IEquipmentService".
19:11:19.750 +08:00 [WARNING] [1] [Grpc.AspNetCore.Server.Model.Internal.ServiceRouteBuilder] No gRPC methods discovered for "IIMes.Services.Maintain.Interface.IEquipmentTypeService".
19:11:19.752 +08:00 [WARNING] [1] [Grpc.AspNetCore.Server.Model.Internal.ServiceRouteBuilder] No gRPC methods discovered for "IIMes.Services.Maintain.Interface.IEquipmentCatagoryService".
19:11:19.754 +08:00 [WARNING] [1] [Grpc.AspNetCore.Server.Model.Internal.ServiceRouteBuilder] No gRPC methods discovered for "IIMes.Services.Maintain.Interface.IShiftService".
19:11:19.755 +08:00 [WARNING] [1] [Grpc.AspNetCore.Server.Model.Internal.ServiceRouteBuilder] No gRPC methods discovered for "IIMes.Services.Maintain.Interface.IShiftGroupService".
19:11:19.757 +08:00 [WARNING] [1] [Grpc.AspNetCore.Server.Model.Internal.ServiceRouteBuilder] No gRPC methods discovered for "IIMes.Services.Maintain.Interface.IDepartmentService".
19:11:19.759 +08:00 [WARNING] [1] [Grpc.AspNetCore.Server.Model.Internal.ServiceRouteBuilder] No gRPC methods discovered for "IIMes.Services.Maintain.Interface.IEmployeeService".
19:11:19.866 +08:00 [INFORMATION] [1] [ProtoBuf.Grpc.Server.ServicesExtensions.CodeFirstServiceMethodProvider] RPC services being provided by "IIMes.Services.Maintain.Interface.IMaintainService": 3
19:11:19.872 +08:00 [INFORMATION] [1] [ProtoBuf.Grpc.Server.ServicesExtensions.CodeFirstServiceMethodProvider] RPC services being provided by "IIMes.Services.Maintain.Interface.IPartFsService": 1
19:11:19.893 +08:00 [INFORMATION] [1] [ProtoBuf.Grpc.Server.ServicesExtensions.CodeFirstServiceMethodProvider] RPC services being provided by "IIMes.Services.Maintain.Interface.IWoFsService": 4
19:11:19.895 +08:00 [WARNING] [1] [Grpc.AspNetCore.Server.Model.Internal.ServiceRouteBuilder] No gRPC methods discovered for "IIMes.Services.Maintain.Interface.IImportService".
19:11:19.897 +08:00 [WARNING] [1] [ProtoBuf.Grpc.Server.ServicesExtensions.CodeFirstServiceMethodProvider] Type cannot be serialized; ignoring: "IIMes.Services.Core.Model.STerminal"
19:11:19.897 +08:00 [WARNING] [1] [ProtoBuf.Grpc.Server.ServicesExtensions.CodeFirstServiceMethodProvider] Signature not recognized for "IIMes.Services.Maintain.Interface.ICommonService"."GetTerminal"; method will not be bound
19:11:19.897 +08:00 [WARNING] [1] [ProtoBuf.Grpc.Server.ServicesExtensions.CodeFirstServiceMethodProvider] Type cannot be serialized; ignoring: "IIMes.Services.Core.Model.SPart"
19:11:19.897 +08:00 [WARNING] [1] [ProtoBuf.Grpc.Server.ServicesExtensions.CodeFirstServiceMethodProvider] Signature not recognized for "IIMes.Services.Maintain.Interface.ICommonService"."GetPart"; method will not be bound
19:11:19.898 +08:00 [WARNING] [1] [ProtoBuf.Grpc.Server.ServicesExtensions.CodeFirstServiceMethodProvider] Type cannot be serialized; ignoring: "IIMes.Services.Core.Model.SEquipment"
19:11:19.898 +08:00 [WARNING] [1] [ProtoBuf.Grpc.Server.ServicesExtensions.CodeFirstServiceMethodProvider] Signature not recognized for "IIMes.Services.Maintain.Interface.ICommonService"."GetEquipment"; method will not be bound
19:11:19.898 +08:00 [WARNING] [1] [ProtoBuf.Grpc.Server.ServicesExtensions.CodeFirstServiceMethodProvider] Type cannot be serialized; ignoring: "System.Linq.IQueryable`1[[IIMes.Services.Core.Model.SSetting, IIMes.Services.Core.Model, Version=1.0.0.0, Culture=neutral, PublicKeyToken=null]]"
19:11:19.898 +08:00 [WARNING] [1] [ProtoBuf.Grpc.Server.ServicesExtensions.CodeFirstServiceMethodProvider] Signature not recognized for "IIMes.Services.Maintain.Interface.ICommonService"."GetSetting"; method will not be bound
19:11:19.898 +08:00 [WARNING] [1] [ProtoBuf.Grpc.Server.ServicesExtensions.CodeFirstServiceMethodProvider] Type cannot be serialized; ignoring: "IIMes.Services.Core.Model.WoBase"
19:11:19.898 +08:00 [WARNING] [1] [ProtoBuf.Grpc.Server.ServicesExtensions.CodeFirstServiceMethodProvider] Signature not recognized for "IIMes.Services.Maintain.Interface.ICommonService"."GetWo"; method will not be bound
19:11:19.898 +08:00 [WARNING] [1] [ProtoBuf.Grpc.Server.ServicesExtensions.CodeFirstServiceMethodProvider] Type cannot be serialized; ignoring: "System.Collections.Generic.IList`1[[IIMes.Services.Core.Model.WoFsDetail, IIMes.Services.Core.Model, Version=1.0.0.0, Culture=neutral, PublicKeyToken=null]]"
19:11:19.899 +08:00 [WARNING] [1] [ProtoBuf.Grpc.Server.ServicesExtensions.CodeFirstServiceMethodProvider] Signature not recognized for "IIMes.Services.Maintain.Interface.ICommonService"."GetWoFsDetail"; method will not be bound
19:11:19.899 +08:00 [WARNING] [1] [ProtoBuf.Grpc.Server.ServicesExtensions.CodeFirstServiceMethodProvider] Type cannot be serialized; ignoring: "System.Collections.Generic.IList`1[[IIMes.Services.Core.Model.WoFsSub, IIMes.Services.Core.Model, Version=1.0.0.0, Culture=neutral, PublicKeyToken=null]]"
19:11:19.899 +08:00 [WARNING] [1] [ProtoBuf.Grpc.Server.ServicesExtensions.CodeFirstServiceMethodProvider] Signature not recognized for "IIMes.Services.Maintain.Interface.ICommonService"."GetWoFsSub"; method will not be bound
19:11:19.899 +08:00 [WARNING] [1] [ProtoBuf.Grpc.Server.ServicesExtensions.CodeFirstServiceMethodProvider] Type cannot be serialized; ignoring: "IIMes.Services.Core.Model.SProcess"
19:11:19.899 +08:00 [WARNING] [1] [ProtoBuf.Grpc.Server.ServicesExtensions.CodeFirstServiceMethodProvider] Signature not recognized for "IIMes.Services.Maintain.Interface.ICommonService"."GetProcess"; method will not be bound
19:11:19.899 +08:00 [WARNING] [1] [ProtoBuf.Grpc.Server.ServicesExtensions.CodeFirstServiceMethodProvider] Type cannot be serialized; ignoring: "IIMes.Services.Core.Model.SWoStatus"
19:11:19.899 +08:00 [WARNING] [1] [ProtoBuf.Grpc.Server.ServicesExtensions.CodeFirstServiceMethodProvider] Signature not recognized for "IIMes.Services.Maintain.Interface.ICommonService"."GetWoStaus"; method will not be bound
19:11:19.901 +08:00 [WARNING] [1] [ProtoBuf.Grpc.Server.ServicesExtensions.CodeFirstServiceMethodProvider] Signature not recognized for "IIMes.Services.Maintain.Interface.ICommonService"."IsEqualWoFsDetail"; method will not be bound
19:11:19.904 +08:00 [INFORMATION] [1] [ProtoBuf.Grpc.Server.ServicesExtensions.CodeFirstServiceMethodProvider] RPC services being provided by "IIMes.Services.Maintain.Interface.ICommonService": 1
19:11:19.906 +08:00 [WARNING] [1] [Grpc.AspNetCore.Server.Model.Internal.ServiceRouteBuilder] No gRPC methods discovered for "IIMes.Services.Maintain.Interface.IFamilyService".
19:11:19.907 +08:00 [WARNING] [1] [Grpc.AspNetCore.Server.Model.Internal.ServiceRouteBuilder] No gRPC methods discovered for "IIMes.Services.Maintain.Interface.IWoBomService".
19:11:19.908 +08:00 [WARNING] [1] [Grpc.AspNetCore.Server.Model.Internal.ServiceRouteBuilder] No gRPC methods discovered for "IIMes.Services.Maintain.Interface.IScrapReasonService".
19:11:19.910 +08:00 [WARNING] [1] [Grpc.AspNetCore.Server.Model.Internal.ServiceRouteBuilder] No gRPC methods discovered for "IIMes.Services.Maintain.Interface.IWoBaseService".
19:11:19.921 +08:00 [INFORMATION] [1] [ProtoBuf.Grpc.Server.ServicesExtensions.CodeFirstServiceMethodProvider] RPC services being provided by "IIMes.Services.Maintain.Interface.IWoService": 3
19:11:19.923 +08:00 [WARNING] [1] [Grpc.AspNetCore.Server.Model.Internal.ServiceRouteBuilder] No gRPC methods discovered for "IIMes.Services.Maintain.Interface.IWoStatusService".
19:33:28.419 +08:00 [WARNING] [1] [Grpc.AspNetCore.Server.Model.Internal.ServiceRouteBuilder] No gRPC methods discovered for "IIMes.Services.Maintain.Interface.IProductLineService".
19:33:28.444 +08:00 [WARNING] [1] [Grpc.AspNetCore.Server.Model.Internal.ServiceRouteBuilder] No gRPC methods discovered for "IIMes.Services.Maintain.Interface.IFactoryService".
19:33:28.445 +08:00 [WARNING] [1] [Grpc.AspNetCore.Server.Model.Internal.ServiceRouteBuilder] No gRPC methods discovered for "IIMes.Services.Maintain.Interface.IWorkShopService".
19:33:28.447 +08:00 [WARNING] [1] [Grpc.AspNetCore.Server.Model.Internal.ServiceRouteBuilder] No gRPC methods discovered for "IIMes.Services.Maintain.Interface.ITerminalService".
19:33:28.448 +08:00 [WARNING] [1] [Grpc.AspNetCore.Server.Model.Internal.ServiceRouteBuilder] No gRPC methods discovered for "IIMes.Services.Maintain.Interface.IModelService".
19:33:28.451 +08:00 [WARNING] [1] [Grpc.AspNetCore.Server.Model.Internal.ServiceRouteBuilder] No gRPC methods discovered for "IIMes.Services.Maintain.Interface.IProcessService".
19:33:28.459 +08:00 [WARNING] [1] [Grpc.AspNetCore.Server.Model.Internal.ServiceRouteBuilder] No gRPC methods discovered for "IIMes.Services.Maintain.Interface.IProcessTypeService".
19:33:28.460 +08:00 [WARNING] [1] [Grpc.AspNetCore.Server.Model.Internal.ServiceRouteBuilder] No gRPC methods discovered for "IIMes.Services.Maintain.Interface.IStageService".
19:33:28.462 +08:00 [WARNING] [1] [Grpc.AspNetCore.Server.Model.Internal.ServiceRouteBuilder] No gRPC methods discovered for "IIMes.Services.Maintain.Interface.IEquipmentService".
19:33:28.463 +08:00 [WARNING] [1] [Grpc.AspNetCore.Server.Model.Internal.ServiceRouteBuilder] No gRPC methods discovered for "IIMes.Services.Maintain.Interface.IEquipmentTypeService".
19:33:28.464 +08:00 [WARNING] [1] [Grpc.AspNetCore.Server.Model.Internal.ServiceRouteBuilder] No gRPC methods discovered for "IIMes.Services.Maintain.Interface.IEquipmentCatagoryService".
19:33:28.466 +08:00 [WARNING] [1] [Grpc.AspNetCore.Server.Model.Internal.ServiceRouteBuilder] No gRPC methods discovered for "IIMes.Services.Maintain.Interface.IShiftService".
19:33:28.467 +08:00 [WARNING] [1] [Grpc.AspNetCore.Server.Model.Internal.ServiceRouteBuilder] No gRPC methods discovered for "IIMes.Services.Maintain.Interface.IShiftGroupService".
19:33:28.469 +08:00 [WARNING] [1] [Grpc.AspNetCore.Server.Model.Internal.ServiceRouteBuilder] No gRPC methods discovered for "IIMes.Services.Maintain.Interface.IDepartmentService".
19:33:28.471 +08:00 [WARNING] [1] [Grpc.AspNetCore.Server.Model.Internal.ServiceRouteBuilder] No gRPC methods discovered for "IIMes.Services.Maintain.Interface.IEmployeeService".
19:33:28.536 +08:00 [INFORMATION] [1] [ProtoBuf.Grpc.Server.ServicesExtensions.CodeFirstServiceMethodProvider] RPC services being provided by "IIMes.Services.Maintain.Interface.IMaintainService": 3
19:33:28.540 +08:00 [INFORMATION] [1] [ProtoBuf.Grpc.Server.ServicesExtensions.CodeFirstServiceMethodProvider] RPC services being provided by "IIMes.Services.Maintain.Interface.IPartFsService": 1
19:33:28.556 +08:00 [INFORMATION] [1] [ProtoBuf.Grpc.Server.ServicesExtensions.CodeFirstServiceMethodProvider] RPC services being provided by "IIMes.Services.Maintain.Interface.IWoFsService": 4
19:33:28.558 +08:00 [WARNING] [1] [Grpc.AspNetCore.Server.Model.Internal.ServiceRouteBuilder] No gRPC methods discovered for "IIMes.Services.Maintain.Interface.IImportService".
19:33:28.559 +08:00 [WARNING] [1] [ProtoBuf.Grpc.Server.ServicesExtensions.CodeFirstServiceMethodProvider] Type cannot be serialized; ignoring: "IIMes.Services.Core.Model.STerminal"
19:33:28.559 +08:00 [WARNING] [1] [ProtoBuf.Grpc.Server.ServicesExtensions.CodeFirstServiceMethodProvider] Signature not recognized for "IIMes.Services.Maintain.Interface.ICommonService"."GetTerminal"; method will not be bound
19:33:28.559 +08:00 [WARNING] [1] [ProtoBuf.Grpc.Server.ServicesExtensions.CodeFirstServiceMethodProvider] Type cannot be serialized; ignoring: "IIMes.Services.Core.Model.SPart"
19:33:28.559 +08:00 [WARNING] [1] [ProtoBuf.Grpc.Server.ServicesExtensions.CodeFirstServiceMethodProvider] Signature not recognized for "IIMes.Services.Maintain.Interface.ICommonService"."GetPart"; method will not be bound
19:33:28.560 +08:00 [WARNING] [1] [ProtoBuf.Grpc.Server.ServicesExtensions.CodeFirstServiceMethodProvider] Type cannot be serialized; ignoring: "IIMes.Services.Core.Model.SEquipment"
19:33:28.560 +08:00 [WARNING] [1] [ProtoBuf.Grpc.Server.ServicesExtensions.CodeFirstServiceMethodProvider] Signature not recognized for "IIMes.Services.Maintain.Interface.ICommonService"."GetEquipment"; method will not be bound
19:33:28.561 +08:00 [WARNING] [1] [ProtoBuf.Grpc.Server.ServicesExtensions.CodeFirstServiceMethodProvider] Type cannot be serialized; ignoring: "System.Linq.IQueryable`1[[IIMes.Services.Core.Model.SSetting, IIMes.Services.Core.Model, Version=1.0.0.0, Culture=neutral, PublicKeyToken=null]]"
19:33:28.561 +08:00 [WARNING] [1] [ProtoBuf.Grpc.Server.ServicesExtensions.CodeFirstServiceMethodProvider] Signature not recognized for "IIMes.Services.Maintain.Interface.ICommonService"."GetSetting"; method will not be bound
19:33:28.561 +08:00 [WARNING] [1] [ProtoBuf.Grpc.Server.ServicesExtensions.CodeFirstServiceMethodProvider] Type cannot be serialized; ignoring: "IIMes.Services.Core.Model.WoBase"
19:33:28.561 +08:00 [WARNING] [1] [ProtoBuf.Grpc.Server.ServicesExtensions.CodeFirstServiceMethodProvider] Signature not recognized for "IIMes.Services.Maintain.Interface.ICommonService"."GetWo"; method will not be bound
19:33:28.561 +08:00 [WARNING] [1] [ProtoBuf.Grpc.Server.ServicesExtensions.CodeFirstServiceMethodProvider] Type cannot be serialized; ignoring: "System.Collections.Generic.IList`1[[IIMes.Services.Core.Model.WoFsDetail, IIMes.Services.Core.Model, Version=1.0.0.0, Culture=neutral, PublicKeyToken=null]]"
19:33:28.561 +08:00 [WARNING] [1] [ProtoBuf.Grpc.Server.ServicesExtensions.CodeFirstServiceMethodProvider] Signature not recognized for "IIMes.Services.Maintain.Interface.ICommonService"."GetWoFsDetail"; method will not be bound
19:33:28.561 +08:00 [WARNING] [1] [ProtoBuf.Grpc.Server.ServicesExtensions.CodeFirstServiceMethodProvider] Type cannot be serialized; ignoring: "System.Collections.Generic.IList`1[[IIMes.Services.Core.Model.WoFsSub, IIMes.Services.Core.Model, Version=1.0.0.0, Culture=neutral, PublicKeyToken=null]]"
19:33:28.561 +08:00 [WARNING] [1] [ProtoBuf.Grpc.Server.ServicesExtensions.CodeFirstServiceMethodProvider] Signature not recognized for "IIMes.Services.Maintain.Interface.ICommonService"."GetWoFsSub"; method will not be bound
19:33:28.561 +08:00 [WARNING] [1] [ProtoBuf.Grpc.Server.ServicesExtensions.CodeFirstServiceMethodProvider] Type cannot be serialized; ignoring: "IIMes.Services.Core.Model.SProcess"
19:33:28.561 +08:00 [WARNING] [1] [ProtoBuf.Grpc.Server.ServicesExtensions.CodeFirstServiceMethodProvider] Signature not recognized for "IIMes.Services.Maintain.Interface.ICommonService"."GetProcess"; method will not be bound
19:33:28.561 +08:00 [WARNING] [1] [ProtoBuf.Grpc.Server.ServicesExtensions.CodeFirstServiceMethodProvider] Type cannot be serialized; ignoring: "IIMes.Services.Core.Model.SWoStatus"
19:33:28.561 +08:00 [WARNING] [1] [ProtoBuf.Grpc.Server.ServicesExtensions.CodeFirstServiceMethodProvider] Signature not recognized for "IIMes.Services.Maintain.Interface.ICommonService"."GetWoStaus"; method will not be bound
19:33:28.563 +08:00 [WARNING] [1] [ProtoBuf.Grpc.Server.ServicesExtensions.CodeFirstServiceMethodProvider] Signature not recognized for "IIMes.Services.Maintain.Interface.ICommonService"."IsEqualWoFsDetail"; method will not be bound
19:33:28.566 +08:00 [INFORMATION] [1] [ProtoBuf.Grpc.Server.ServicesExtensions.CodeFirstServiceMethodProvider] RPC services being provided by "IIMes.Services.Maintain.Interface.ICommonService": 1
19:33:28.567 +08:00 [WARNING] [1] [Grpc.AspNetCore.Server.Model.Internal.ServiceRouteBuilder] No gRPC methods discovered for "IIMes.Services.Maintain.Interface.IFamilyService".
19:33:28.568 +08:00 [WARNING] [1] [Grpc.AspNetCore.Server.Model.Internal.ServiceRouteBuilder] No gRPC methods discovered for "IIMes.Services.Maintain.Interface.IWoBomService".
19:33:28.569 +08:00 [WARNING] [1] [Grpc.AspNetCore.Server.Model.Internal.ServiceRouteBuilder] No gRPC methods discovered for "IIMes.Services.Maintain.Interface.IScrapReasonService".
19:33:28.570 +08:00 [WARNING] [1] [Grpc.AspNetCore.Server.Model.Internal.ServiceRouteBuilder] No gRPC methods discovered for "IIMes.Services.Maintain.Interface.IWoBaseService".
19:33:28.580 +08:00 [INFORMATION] [1] [ProtoBuf.Grpc.Server.ServicesExtensions.CodeFirstServiceMethodProvider] RPC services being provided by "IIMes.Services.Maintain.Interface.IWoService": 3
19:33:28.581 +08:00 [WARNING] [1] [Grpc.AspNetCore.Server.Model.Internal.ServiceRouteBuilder] No gRPC methods discovered for "IIMes.Services.Maintain.Interface.IWoStatusService".
20:18:56.739 +08:00 [WARNING] [1] [Grpc.AspNetCore.Server.Model.Internal.ServiceRouteBuilder] No gRPC methods discovered for "IIMes.Services.Maintain.Interface.IProductLineService".
20:18:56.766 +08:00 [WARNING] [1] [Grpc.AspNetCore.Server.Model.Internal.ServiceRouteBuilder] No gRPC methods discovered for "IIMes.Services.Maintain.Interface.IFactoryService".
20:18:56.767 +08:00 [WARNING] [1] [Grpc.AspNetCore.Server.Model.Internal.ServiceRouteBuilder] No gRPC methods discovered for "IIMes.Services.Maintain.Interface.IWorkShopService".
20:18:56.769 +08:00 [WARNING] [1] [Grpc.AspNetCore.Server.Model.Internal.ServiceRouteBuilder] No gRPC methods discovered for "IIMes.Services.Maintain.Interface.ITerminalService".
20:18:56.771 +08:00 [WARNING] [1] [Grpc.AspNetCore.Server.Model.Internal.ServiceRouteBuilder] No gRPC methods discovered for "IIMes.Services.Maintain.Interface.IModelService".
20:18:56.782 +08:00 [WARNING] [1] [Grpc.AspNetCore.Server.Model.Internal.ServiceRouteBuilder] No gRPC methods discovered for "IIMes.Services.Maintain.Interface.IProcessService".
20:18:56.783 +08:00 [WARNING] [1] [Grpc.AspNetCore.Server.Model.Internal.ServiceRouteBuilder] No gRPC methods discovered for "IIMes.Services.Maintain.Interface.IProcessTypeService".
20:18:56.785 +08:00 [WARNING] [1] [Grpc.AspNetCore.Server.Model.Internal.ServiceRouteBuilder] No gRPC methods discovered for "IIMes.Services.Maintain.Interface.IStageService".
20:18:56.786 +08:00 [WARNING] [1] [Grpc.AspNetCore.Server.Model.Internal.ServiceRouteBuilder] No gRPC methods discovered for "IIMes.Services.Maintain.Interface.IEquipmentService".
20:18:56.788 +08:00 [WARNING] [1] [Grpc.AspNetCore.Server.Model.Internal.ServiceRouteBuilder] No gRPC methods discovered for "IIMes.Services.Maintain.Interface.IEquipmentTypeService".
20:18:56.789 +08:00 [WARNING] [1] [Grpc.AspNetCore.Server.Model.Internal.ServiceRouteBuilder] No gRPC methods discovered for "IIMes.Services.Maintain.Interface.IEquipmentCatagoryService".
20:18:56.790 +08:00 [WARNING] [1] [Grpc.AspNetCore.Server.Model.Internal.ServiceRouteBuilder] No gRPC methods discovered for "IIMes.Services.Maintain.Interface.IShiftService".
20:18:56.792 +08:00 [WARNING] [1] [Grpc.AspNetCore.Server.Model.Internal.ServiceRouteBuilder] No gRPC methods discovered for "IIMes.Services.Maintain.Interface.IShiftGroupService".
20:18:56.794 +08:00 [WARNING] [1] [Grpc.AspNetCore.Server.Model.Internal.ServiceRouteBuilder] No gRPC methods discovered for "IIMes.Services.Maintain.Interface.IDepartmentService".
20:18:56.795 +08:00 [WARNING] [1] [Grpc.AspNetCore.Server.Model.Internal.ServiceRouteBuilder] No gRPC methods discovered for "IIMes.Services.Maintain.Interface.IEmployeeService".
20:18:56.888 +08:00 [INFORMATION] [1] [ProtoBuf.Grpc.Server.ServicesExtensions.CodeFirstServiceMethodProvider] RPC services being provided by "IIMes.Services.Maintain.Interface.IMaintainService": 3
20:18:56.892 +08:00 [INFORMATION] [1] [ProtoBuf.Grpc.Server.ServicesExtensions.CodeFirstServiceMethodProvider] RPC services being provided by "IIMes.Services.Maintain.Interface.IPartFsService": 1
20:18:56.909 +08:00 [INFORMATION] [1] [ProtoBuf.Grpc.Server.ServicesExtensions.CodeFirstServiceMethodProvider] RPC services being provided by "IIMes.Services.Maintain.Interface.IWoFsService": 4
20:18:56.910 +08:00 [WARNING] [1] [Grpc.AspNetCore.Server.Model.Internal.ServiceRouteBuilder] No gRPC methods discovered for "IIMes.Services.Maintain.Interface.IImportService".
20:18:56.911 +08:00 [WARNING] [1] [ProtoBuf.Grpc.Server.ServicesExtensions.CodeFirstServiceMethodProvider] Type cannot be serialized; ignoring: "IIMes.Services.Core.Model.STerminal"
20:18:56.911 +08:00 [WARNING] [1] [ProtoBuf.Grpc.Server.ServicesExtensions.CodeFirstServiceMethodProvider] Signature not recognized for "IIMes.Services.Maintain.Interface.ICommonService"."GetTerminal"; method will not be bound
20:18:56.911 +08:00 [WARNING] [1] [ProtoBuf.Grpc.Server.ServicesExtensions.CodeFirstServiceMethodProvider] Type cannot be serialized; ignoring: "IIMes.Services.Core.Model.SPart"
20:18:56.911 +08:00 [WARNING] [1] [ProtoBuf.Grpc.Server.ServicesExtensions.CodeFirstServiceMethodProvider] Signature not recognized for "IIMes.Services.Maintain.Interface.ICommonService"."GetPart"; method will not be bound
20:18:56.912 +08:00 [WARNING] [1] [ProtoBuf.Grpc.Server.ServicesExtensions.CodeFirstServiceMethodProvider] Type cannot be serialized; ignoring: "IIMes.Services.Core.Model.SEquipment"
20:18:56.912 +08:00 [WARNING] [1] [ProtoBuf.Grpc.Server.ServicesExtensions.CodeFirstServiceMethodProvider] Signature not recognized for "IIMes.Services.Maintain.Interface.ICommonService"."GetEquipment"; method will not be bound
20:18:56.912 +08:00 [WARNING] [1] [ProtoBuf.Grpc.Server.ServicesExtensions.CodeFirstServiceMethodProvider] Type cannot be serialized; ignoring: "System.Linq.IQueryable`1[[IIMes.Services.Core.Model.SSetting, IIMes.Services.Core.Model, Version=1.0.0.0, Culture=neutral, PublicKeyToken=null]]"
20:18:56.912 +08:00 [WARNING] [1] [ProtoBuf.Grpc.Server.ServicesExtensions.CodeFirstServiceMethodProvider] Signature not recognized for "IIMes.Services.Maintain.Interface.ICommonService"."GetSetting"; method will not be bound
20:18:56.912 +08:00 [WARNING] [1] [ProtoBuf.Grpc.Server.ServicesExtensions.CodeFirstServiceMethodProvider] Type cannot be serialized; ignoring: "IIMes.Services.Core.Model.WoBase"
20:18:56.912 +08:00 [WARNING] [1] [ProtoBuf.Grpc.Server.ServicesExtensions.CodeFirstServiceMethodProvider] Signature not recognized for "IIMes.Services.Maintain.Interface.ICommonService"."GetWo"; method will not be bound
20:18:56.913 +08:00 [WARNING] [1] [ProtoBuf.Grpc.Server.ServicesExtensions.CodeFirstServiceMethodProvider] Type cannot be serialized; ignoring: "System.Collections.Generic.IList`1[[IIMes.Services.Core.Model.WoFsDetail, IIMes.Services.Core.Model, Version=1.0.0.0, Culture=neutral, PublicKeyToken=null]]"
20:18:56.913 +08:00 [WARNING] [1] [ProtoBuf.Grpc.Server.ServicesExtensions.CodeFirstServiceMethodProvider] Signature not recognized for "IIMes.Services.Maintain.Interface.ICommonService"."GetWoFsDetail"; method will not be bound
20:18:56.913 +08:00 [WARNING] [1] [ProtoBuf.Grpc.Server.ServicesExtensions.CodeFirstServiceMethodProvider] Type cannot be serialized; ignoring: "System.Collections.Generic.IList`1[[IIMes.Services.Core.Model.WoFsSub, IIMes.Services.Core.Model, Version=1.0.0.0, Culture=neutral, PublicKeyToken=null]]"
20:18:56.913 +08:00 [WARNING] [1] [ProtoBuf.Grpc.Server.ServicesExtensions.CodeFirstServiceMethodProvider] Signature not recognized for "IIMes.Services.Maintain.Interface.ICommonService"."GetWoFsSub"; method will not be bound
20:18:56.913 +08:00 [WARNING] [1] [ProtoBuf.Grpc.Server.ServicesExtensions.CodeFirstServiceMethodProvider] Type cannot be serialized; ignoring: "IIMes.Services.Core.Model.SProcess"
20:18:56.913 +08:00 [WARNING] [1] [ProtoBuf.Grpc.Server.ServicesExtensions.CodeFirstServiceMethodProvider] Signature not recognized for "IIMes.Services.Maintain.Interface.ICommonService"."GetProcess"; method will not be bound
20:18:56.913 +08:00 [WARNING] [1] [ProtoBuf.Grpc.Server.ServicesExtensions.CodeFirstServiceMethodProvider] Type cannot be serialized; ignoring: "IIMes.Services.Core.Model.SWoStatus"
20:18:56.913 +08:00 [WARNING] [1] [ProtoBuf.Grpc.Server.ServicesExtensions.CodeFirstServiceMethodProvider] Signature not recognized for "IIMes.Services.Maintain.Interface.ICommonService"."GetWoStaus"; method will not be bound
20:18:56.915 +08:00 [WARNING] [1] [ProtoBuf.Grpc.Server.ServicesExtensions.CodeFirstServiceMethodProvider] Signature not recognized for "IIMes.Services.Maintain.Interface.ICommonService"."IsEqualWoFsDetail"; method will not be bound
20:18:56.919 +08:00 [INFORMATION] [1] [ProtoBuf.Grpc.Server.ServicesExtensions.CodeFirstServiceMethodProvider] RPC services being provided by "IIMes.Services.Maintain.Interface.ICommonService": 2
20:18:56.920 +08:00 [WARNING] [1] [Grpc.AspNetCore.Server.Model.Internal.ServiceRouteBuilder] No gRPC methods discovered for "IIMes.Services.Maintain.Interface.IFamilyService".
20:18:56.921 +08:00 [WARNING] [1] [Grpc.AspNetCore.Server.Model.Internal.ServiceRouteBuilder] No gRPC methods discovered for "IIMes.Services.Maintain.Interface.IWoBomService".
20:18:56.922 +08:00 [WARNING] [1] [Grpc.AspNetCore.Server.Model.Internal.ServiceRouteBuilder] No gRPC methods discovered for "IIMes.Services.Maintain.Interface.IScrapReasonService".
20:18:56.923 +08:00 [WARNING] [1] [Grpc.AspNetCore.Server.Model.Internal.ServiceRouteBuilder] No gRPC methods discovered for "IIMes.Services.Maintain.Interface.IWoBaseService".
20:18:56.931 +08:00 [INFORMATION] [1] [ProtoBuf.Grpc.Server.ServicesExtensions.CodeFirstServiceMethodProvider] RPC services being provided by "IIMes.Services.Maintain.Interface.IWoService": 3
20:18:56.933 +08:00 [WARNING] [1] [Grpc.AspNetCore.Server.Model.Internal.ServiceRouteBuilder] No gRPC methods discovered for "IIMes.Services.Maintain.Interface.IWoStatusService".
20:29:24.004 +08:00 [WARNING] [1] [Grpc.AspNetCore.Server.Model.Internal.ServiceRouteBuilder] No gRPC methods discovered for "IIMes.Services.Maintain.Interface.IProductLineService".
20:29:24.035 +08:00 [WARNING] [1] [Grpc.AspNetCore.Server.Model.Internal.ServiceRouteBuilder] No gRPC methods discovered for "IIMes.Services.Maintain.Interface.IFactoryService".
20:29:24.037 +08:00 [WARNING] [1] [Grpc.AspNetCore.Server.Model.Internal.ServiceRouteBuilder] No gRPC methods discovered for "IIMes.Services.Maintain.Interface.IWorkShopService".
20:29:24.038 +08:00 [WARNING] [1] [Grpc.AspNetCore.Server.Model.Internal.ServiceRouteBuilder] No gRPC methods discovered for "IIMes.Services.Maintain.Interface.ITerminalService".
20:29:24.041 +08:00 [WARNING] [1] [Grpc.AspNetCore.Server.Model.Internal.ServiceRouteBuilder] No gRPC methods discovered for "IIMes.Services.Maintain.Interface.IModelService".
20:29:24.043 +08:00 [WARNING] [1] [Grpc.AspNetCore.Server.Model.Internal.ServiceRouteBuilder] No gRPC methods discovered for "IIMes.Services.Maintain.Interface.IProcessService".
20:29:24.045 +08:00 [WARNING] [1] [Grpc.AspNetCore.Server.Model.Internal.ServiceRouteBuilder] No gRPC methods discovered for "IIMes.Services.Maintain.Interface.IProcessTypeService".
20:29:24.046 +08:00 [WARNING] [1] [Grpc.AspNetCore.Server.Model.Internal.ServiceRouteBuilder] No gRPC methods discovered for "IIMes.Services.Maintain.Interface.IStageService".
20:29:24.048 +08:00 [WARNING] [1] [Grpc.AspNetCore.Server.Model.Internal.ServiceRouteBuilder] No gRPC methods discovered for "IIMes.Services.Maintain.Interface.IEquipmentService".
20:29:24.059 +08:00 [WARNING] [1] [Grpc.AspNetCore.Server.Model.Internal.ServiceRouteBuilder] No gRPC methods discovered for "IIMes.Services.Maintain.Interface.IEquipmentTypeService".
20:29:24.060 +08:00 [WARNING] [1] [Grpc.AspNetCore.Server.Model.Internal.ServiceRouteBuilder] No gRPC methods discovered for "IIMes.Services.Maintain.Interface.IEquipmentCatagoryService".
20:29:24.062 +08:00 [WARNING] [1] [Grpc.AspNetCore.Server.Model.Internal.ServiceRouteBuilder] No gRPC methods discovered for "IIMes.Services.Maintain.Interface.IShiftService".
20:29:24.063 +08:00 [WARNING] [1] [Grpc.AspNetCore.Server.Model.Internal.ServiceRouteBuilder] No gRPC methods discovered for "IIMes.Services.Maintain.Interface.IShiftGroupService".
20:29:24.064 +08:00 [WARNING] [1] [Grpc.AspNetCore.Server.Model.Internal.ServiceRouteBuilder] No gRPC methods discovered for "IIMes.Services.Maintain.Interface.IDepartmentService".
20:29:24.066 +08:00 [WARNING] [1] [Grpc.AspNetCore.Server.Model.Internal.ServiceRouteBuilder] No gRPC methods discovered for "IIMes.Services.Maintain.Interface.IEmployeeService".
20:29:24.130 +08:00 [INFORMATION] [1] [ProtoBuf.Grpc.Server.ServicesExtensions.CodeFirstServiceMethodProvider] RPC services being provided by "IIMes.Services.Maintain.Interface.IMaintainService": 3
20:29:24.135 +08:00 [INFORMATION] [1] [ProtoBuf.Grpc.Server.ServicesExtensions.CodeFirstServiceMethodProvider] RPC services being provided by "IIMes.Services.Maintain.Interface.IPartFsService": 1
20:29:24.154 +08:00 [INFORMATION] [1] [ProtoBuf.Grpc.Server.ServicesExtensions.CodeFirstServiceMethodProvider] RPC services being provided by "IIMes.Services.Maintain.Interface.IWoFsService": 4
20:29:24.155 +08:00 [WARNING] [1] [Grpc.AspNetCore.Server.Model.Internal.ServiceRouteBuilder] No gRPC methods discovered for "IIMes.Services.Maintain.Interface.IImportService".
20:29:24.157 +08:00 [WARNING] [1] [ProtoBuf.Grpc.Server.ServicesExtensions.CodeFirstServiceMethodProvider] Type cannot be serialized; ignoring: "IIMes.Services.Core.Model.STerminal"
20:29:24.157 +08:00 [WARNING] [1] [ProtoBuf.Grpc.Server.ServicesExtensions.CodeFirstServiceMethodProvider] Signature not recognized for "IIMes.Services.Maintain.Interface.ICommonService"."GetTerminal"; method will not be bound
20:29:24.157 +08:00 [WARNING] [1] [ProtoBuf.Grpc.Server.ServicesExtensions.CodeFirstServiceMethodProvider] Type cannot be serialized; ignoring: "IIMes.Services.Core.Model.SPart"
20:29:24.157 +08:00 [WARNING] [1] [ProtoBuf.Grpc.Server.ServicesExtensions.CodeFirstServiceMethodProvider] Signature not recognized for "IIMes.Services.Maintain.Interface.ICommonService"."GetPart"; method will not be bound
20:29:24.158 +08:00 [WARNING] [1] [ProtoBuf.Grpc.Server.ServicesExtensions.CodeFirstServiceMethodProvider] Type cannot be serialized; ignoring: "IIMes.Services.Core.Model.SEquipment"
20:29:24.158 +08:00 [WARNING] [1] [ProtoBuf.Grpc.Server.ServicesExtensions.CodeFirstServiceMethodProvider] Signature not recognized for "IIMes.Services.Maintain.Interface.ICommonService"."GetEquipment"; method will not be bound
20:29:24.158 +08:00 [WARNING] [1] [ProtoBuf.Grpc.Server.ServicesExtensions.CodeFirstServiceMethodProvider] Type cannot be serialized; ignoring: "System.Linq.IQueryable`1[[IIMes.Services.Core.Model.SSetting, IIMes.Services.Core.Model, Version=1.0.0.0, Culture=neutral, PublicKeyToken=null]]"
20:29:24.158 +08:00 [WARNING] [1] [ProtoBuf.Grpc.Server.ServicesExtensions.CodeFirstServiceMethodProvider] Signature not recognized for "IIMes.Services.Maintain.Interface.ICommonService"."GetSetting"; method will not be bound
20:29:24.159 +08:00 [WARNING] [1] [ProtoBuf.Grpc.Server.ServicesExtensions.CodeFirstServiceMethodProvider] Type cannot be serialized; ignoring: "IIMes.Services.Core.Model.WoBase"
20:29:24.159 +08:00 [WARNING] [1] [ProtoBuf.Grpc.Server.ServicesExtensions.CodeFirstServiceMethodProvider] Signature not recognized for "IIMes.Services.Maintain.Interface.ICommonService"."GetWo"; method will not be bound
20:29:24.159 +08:00 [WARNING] [1] [ProtoBuf.Grpc.Server.ServicesExtensions.CodeFirstServiceMethodProvider] Type cannot be serialized; ignoring: "System.Collections.Generic.IList`1[[IIMes.Services.Core.Model.WoFsDetail, IIMes.Services.Core.Model, Version=1.0.0.0, Culture=neutral, PublicKeyToken=null]]"
20:29:24.159 +08:00 [WARNING] [1] [ProtoBuf.Grpc.Server.ServicesExtensions.CodeFirstServiceMethodProvider] Signature not recognized for "IIMes.Services.Maintain.Interface.ICommonService"."GetWoFsDetail"; method will not be bound
20:29:24.159 +08:00 [WARNING] [1] [ProtoBuf.Grpc.Server.ServicesExtensions.CodeFirstServiceMethodProvider] Type cannot be serialized; ignoring: "System.Collections.Generic.IList`1[[IIMes.Services.Core.Model.WoFsSub, IIMes.Services.Core.Model, Version=1.0.0.0, Culture=neutral, PublicKeyToken=null]]"
20:29:24.159 +08:00 [WARNING] [1] [ProtoBuf.Grpc.Server.ServicesExtensions.CodeFirstServiceMethodProvider] Signature not recognized for "IIMes.Services.Maintain.Interface.ICommonService"."GetWoFsSub"; method will not be bound
20:29:24.159 +08:00 [WARNING] [1] [ProtoBuf.Grpc.Server.ServicesExtensions.CodeFirstServiceMethodProvider] Type cannot be serialized; ignoring: "IIMes.Services.Core.Model.SProcess"
20:29:24.159 +08:00 [WARNING] [1] [ProtoBuf.Grpc.Server.ServicesExtensions.CodeFirstServiceMethodProvider] Signature not recognized for "IIMes.Services.Maintain.Interface.ICommonService"."GetProcess"; method will not be bound
20:29:24.160 +08:00 [WARNING] [1] [ProtoBuf.Grpc.Server.ServicesExtensions.CodeFirstServiceMethodProvider] Type cannot be serialized; ignoring: "IIMes.Services.Core.Model.SWoStatus"
20:29:24.160 +08:00 [WARNING] [1] [ProtoBuf.Grpc.Server.ServicesExtensions.CodeFirstServiceMethodProvider] Signature not recognized for "IIMes.Services.Maintain.Interface.ICommonService"."GetWoStaus"; method will not be bound
20:29:24.161 +08:00 [WARNING] [1] [ProtoBuf.Grpc.Server.ServicesExtensions.CodeFirstServiceMethodProvider] Signature not recognized for "IIMes.Services.Maintain.Interface.ICommonService"."IsEqualWoFsDetail"; method will not be bound
20:29:24.165 +08:00 [INFORMATION] [1] [ProtoBuf.Grpc.Server.ServicesExtensions.CodeFirstServiceMethodProvider] RPC services being provided by "IIMes.Services.Maintain.Interface.ICommonService": 2
20:29:24.166 +08:00 [WARNING] [1] [Grpc.AspNetCore.Server.Model.Internal.ServiceRouteBuilder] No gRPC methods discovered for "IIMes.Services.Maintain.Interface.IFamilyService".
20:29:24.167 +08:00 [WARNING] [1] [Grpc.AspNetCore.Server.Model.Internal.ServiceRouteBuilder] No gRPC methods discovered for "IIMes.Services.Maintain.Interface.IWoBomService".
20:29:24.168 +08:00 [WARNING] [1] [Grpc.AspNetCore.Server.Model.Internal.ServiceRouteBuilder] No gRPC methods discovered for "IIMes.Services.Maintain.Interface.IScrapReasonService".
20:29:24.169 +08:00 [WARNING] [1] [Grpc.AspNetCore.Server.Model.Internal.ServiceRouteBuilder] No gRPC methods discovered for "IIMes.Services.Maintain.Interface.IWoBaseService".
20:29:24.178 +08:00 [INFORMATION] [1] [ProtoBuf.Grpc.Server.ServicesExtensions.CodeFirstServiceMethodProvider] RPC services being provided by "IIMes.Services.Maintain.Interface.IWoService": 3
20:29:24.180 +08:00 [WARNING] [1] [Grpc.AspNetCore.Server.Model.Internal.ServiceRouteBuilder] No gRPC methods discovered for "IIMes.Services.Maintain.Interface.IWoStatusService".
20:29:54.335 +08:00 [ERROR] [7] [NHibernate.Util.ADOExceptionReporter] PartId
20:29:54.336 +08:00 [ERROR] [7] [NHibernate.Util.ADOExceptionReporter] PartId
20:30:36.373 +08:00 [WARNING] [1] [Grpc.AspNetCore.Server.Model.Internal.ServiceRouteBuilder] No gRPC methods discovered for "IIMes.Services.Maintain.Interface.IProductLineService".
20:30:36.441 +08:00 [WARNING] [1] [Grpc.AspNetCore.Server.Model.Internal.ServiceRouteBuilder] No gRPC methods discovered for "IIMes.Services.Maintain.Interface.IFactoryService".
20:30:36.443 +08:00 [WARNING] [1] [Grpc.AspNetCore.Server.Model.Internal.ServiceRouteBuilder] No gRPC methods discovered for "IIMes.Services.Maintain.Interface.IWorkShopService".
20:30:36.452 +08:00 [WARNING] [1] [Grpc.AspNetCore.Server.Model.Internal.ServiceRouteBuilder] No gRPC methods discovered for "IIMes.Services.Maintain.Interface.ITerminalService".
20:30:36.454 +08:00 [WARNING] [1] [Grpc.AspNetCore.Server.Model.Internal.ServiceRouteBuilder] No gRPC methods discovered for "IIMes.Services.Maintain.Interface.IModelService".
20:30:36.456 +08:00 [WARNING] [1] [Grpc.AspNetCore.Server.Model.Internal.ServiceRouteBuilder] No gRPC methods discovered for "IIMes.Services.Maintain.Interface.IProcessService".
20:30:36.459 +08:00 [WARNING] [1] [Grpc.AspNetCore.Server.Model.Internal.ServiceRouteBuilder] No gRPC methods discovered for "IIMes.Services.Maintain.Interface.IProcessTypeService".
20:30:36.489 +08:00 [WARNING] [1] [Grpc.AspNetCore.Server.Model.Internal.ServiceRouteBuilder] No gRPC methods discovered for "IIMes.Services.Maintain.Interface.IStageService".
20:30:36.491 +08:00 [WARNING] [1] [Grpc.AspNetCore.Server.Model.Internal.ServiceRouteBuilder] No gRPC methods discovered for "IIMes.Services.Maintain.Interface.IEquipmentService".
20:30:36.494 +08:00 [WARNING] [1] [Grpc.AspNetCore.Server.Model.Internal.ServiceRouteBuilder] No gRPC methods discovered for "IIMes.Services.Maintain.Interface.IEquipmentTypeService".
20:30:36.500 +08:00 [WARNING] [1] [Grpc.AspNetCore.Server.Model.Internal.ServiceRouteBuilder] No gRPC methods discovered for "IIMes.Services.Maintain.Interface.IEquipmentCatagoryService".
20:30:36.502 +08:00 [WARNING] [1] [Grpc.AspNetCore.Server.Model.Internal.ServiceRouteBuilder] No gRPC methods discovered for "IIMes.Services.Maintain.Interface.IShiftService".
20:30:36.504 +08:00 [WARNING] [1] [Grpc.AspNetCore.Server.Model.Internal.ServiceRouteBuilder] No gRPC methods discovered for "IIMes.Services.Maintain.Interface.IShiftGroupService".
20:30:36.506 +08:00 [WARNING] [1] [Grpc.AspNetCore.Server.Model.Internal.ServiceRouteBuilder] No gRPC methods discovered for "IIMes.Services.Maintain.Interface.IDepartmentService".
20:30:36.508 +08:00 [WARNING] [1] [Grpc.AspNetCore.Server.Model.Internal.ServiceRouteBuilder] No gRPC methods discovered for "IIMes.Services.Maintain.Interface.IEmployeeService".
20:30:36.624 +08:00 [INFORMATION] [1] [ProtoBuf.Grpc.Server.ServicesExtensions.CodeFirstServiceMethodProvider] RPC services being provided by "IIMes.Services.Maintain.Interface.IMaintainService": 3
20:30:36.631 +08:00 [INFORMATION] [1] [ProtoBuf.Grpc.Server.ServicesExtensions.CodeFirstServiceMethodProvider] RPC services being provided by "IIMes.Services.Maintain.Interface.IPartFsService": 1
20:30:36.650 +08:00 [INFORMATION] [1] [ProtoBuf.Grpc.Server.ServicesExtensions.CodeFirstServiceMethodProvider] RPC services being provided by "IIMes.Services.Maintain.Interface.IWoFsService": 4
20:30:36.652 +08:00 [WARNING] [1] [Grpc.AspNetCore.Server.Model.Internal.ServiceRouteBuilder] No gRPC methods discovered for "IIMes.Services.Maintain.Interface.IImportService".
20:30:36.653 +08:00 [WARNING] [1] [ProtoBuf.Grpc.Server.ServicesExtensions.CodeFirstServiceMethodProvider] Type cannot be serialized; ignoring: "IIMes.Services.Core.Model.STerminal"
20:30:36.653 +08:00 [WARNING] [1] [ProtoBuf.Grpc.Server.ServicesExtensions.CodeFirstServiceMethodProvider] Signature not recognized for "IIMes.Services.Maintain.Interface.ICommonService"."GetTerminal"; method will not be bound
20:30:36.654 +08:00 [WARNING] [1] [ProtoBuf.Grpc.Server.ServicesExtensions.CodeFirstServiceMethodProvider] Type cannot be serialized; ignoring: "IIMes.Services.Core.Model.SPart"
20:30:36.654 +08:00 [WARNING] [1] [ProtoBuf.Grpc.Server.ServicesExtensions.CodeFirstServiceMethodProvider] Signature not recognized for "IIMes.Services.Maintain.Interface.ICommonService"."GetPart"; method will not be bound
20:30:36.655 +08:00 [WARNING] [1] [ProtoBuf.Grpc.Server.ServicesExtensions.CodeFirstServiceMethodProvider] Type cannot be serialized; ignoring: "IIMes.Services.Core.Model.SEquipment"
20:30:36.655 +08:00 [WARNING] [1] [ProtoBuf.Grpc.Server.ServicesExtensions.CodeFirstServiceMethodProvider] Signature not recognized for "IIMes.Services.Maintain.Interface.ICommonService"."GetEquipment"; method will not be bound
20:30:36.655 +08:00 [WARNING] [1] [ProtoBuf.Grpc.Server.ServicesExtensions.CodeFirstServiceMethodProvider] Type cannot be serialized; ignoring: "System.Linq.IQueryable`1[[IIMes.Services.Core.Model.SSetting, IIMes.Services.Core.Model, Version=1.0.0.0, Culture=neutral, PublicKeyToken=null]]"
20:30:36.655 +08:00 [WARNING] [1] [ProtoBuf.Grpc.Server.ServicesExtensions.CodeFirstServiceMethodProvider] Signature not recognized for "IIMes.Services.Maintain.Interface.ICommonService"."GetSetting"; method will not be bound
20:30:36.655 +08:00 [WARNING] [1] [ProtoBuf.Grpc.Server.ServicesExtensions.CodeFirstServiceMethodProvider] Type cannot be serialized; ignoring: "IIMes.Services.Core.Model.WoBase"
20:30:36.655 +08:00 [WARNING] [1] [ProtoBuf.Grpc.Server.ServicesExtensions.CodeFirstServiceMethodProvider] Signature not recognized for "IIMes.Services.Maintain.Interface.ICommonService"."GetWo"; method will not be bound
20:30:36.656 +08:00 [WARNING] [1] [ProtoBuf.Grpc.Server.ServicesExtensions.CodeFirstServiceMethodProvider] Type cannot be serialized; ignoring: "System.Collections.Generic.IList`1[[IIMes.Services.Core.Model.WoFsDetail, IIMes.Services.Core.Model, Version=1.0.0.0, Culture=neutral, PublicKeyToken=null]]"
20:30:36.656 +08:00 [WARNING] [1] [ProtoBuf.Grpc.Server.ServicesExtensions.CodeFirstServiceMethodProvider] Signature not recognized for "IIMes.Services.Maintain.Interface.ICommonService"."GetWoFsDetail"; method will not be bound
20:30:36.656 +08:00 [WARNING] [1] [ProtoBuf.Grpc.Server.ServicesExtensions.CodeFirstServiceMethodProvider] Type cannot be serialized; ignoring: "System.Collections.Generic.IList`1[[IIMes.Services.Core.Model.WoFsSub, IIMes.Services.Core.Model, Version=1.0.0.0, Culture=neutral, PublicKeyToken=null]]"
20:30:36.656 +08:00 [WARNING] [1] [ProtoBuf.Grpc.Server.ServicesExtensions.CodeFirstServiceMethodProvider] Signature not recognized for "IIMes.Services.Maintain.Interface.ICommonService"."GetWoFsSub"; method will not be bound
20:30:36.656 +08:00 [WARNING] [1] [ProtoBuf.Grpc.Server.ServicesExtensions.CodeFirstServiceMethodProvider] Type cannot be serialized; ignoring: "IIMes.Services.Core.Model.SProcess"
20:30:36.656 +08:00 [WARNING] [1] [ProtoBuf.Grpc.Server.ServicesExtensions.CodeFirstServiceMethodProvider] Signature not recognized for "IIMes.Services.Maintain.Interface.ICommonService"."GetProcess"; method will not be bound
20:30:36.656 +08:00 [WARNING] [1] [ProtoBuf.Grpc.Server.ServicesExtensions.CodeFirstServiceMethodProvider] Type cannot be serialized; ignoring: "IIMes.Services.Core.Model.SWoStatus"
20:30:36.656 +08:00 [WARNING] [1] [ProtoBuf.Grpc.Server.ServicesExtensions.CodeFirstServiceMethodProvider] Signature not recognized for "IIMes.Services.Maintain.Interface.ICommonService"."GetWoStaus"; method will not be bound
20:30:36.658 +08:00 [WARNING] [1] [ProtoBuf.Grpc.Server.ServicesExtensions.CodeFirstServiceMethodProvider] Signature not recognized for "IIMes.Services.Maintain.Interface.ICommonService"."IsEqualWoFsDetail"; method will not be bound
20:30:36.663 +08:00 [INFORMATION] [1] [ProtoBuf.Grpc.Server.ServicesExtensions.CodeFirstServiceMethodProvider] RPC services being provided by "IIMes.Services.Maintain.Interface.ICommonService": 2
20:30:36.665 +08:00 [WARNING] [1] [Grpc.AspNetCore.Server.Model.Internal.ServiceRouteBuilder] No gRPC methods discovered for "IIMes.Services.Maintain.Interface.IFamilyService".
20:30:36.666 +08:00 [WARNING] [1] [Grpc.AspNetCore.Server.Model.Internal.ServiceRouteBuilder] No gRPC methods discovered for "IIMes.Services.Maintain.Interface.IWoBomService".
20:30:36.667 +08:00 [WARNING] [1] [Grpc.AspNetCore.Server.Model.Internal.ServiceRouteBuilder] No gRPC methods discovered for "IIMes.Services.Maintain.Interface.IScrapReasonService".
20:30:36.668 +08:00 [WARNING] [1] [Grpc.AspNetCore.Server.Model.Internal.ServiceRouteBuilder] No gRPC methods discovered for "IIMes.Services.Maintain.Interface.IWoBaseService".
20:30:36.681 +08:00 [INFORMATION] [1] [ProtoBuf.Grpc.Server.ServicesExtensions.CodeFirstServiceMethodProvider] RPC services being provided by "IIMes.Services.Maintain.Interface.IWoService": 3
20:30:36.682 +08:00 [WARNING] [1] [Grpc.AspNetCore.Server.Model.Internal.ServiceRouteBuilder] No gRPC methods discovered for "IIMes.Services.Maintain.Interface.IWoStatusService".
20:33:03.056 +08:00 [WARNING] [1] [Grpc.AspNetCore.Server.Model.Internal.ServiceRouteBuilder] No gRPC methods discovered for "IIMes.Services.Maintain.Interface.IProductLineService".
20:33:03.085 +08:00 [WARNING] [1] [Grpc.AspNetCore.Server.Model.Internal.ServiceRouteBuilder] No gRPC methods discovered for "IIMes.Services.Maintain.Interface.IFactoryService".
20:33:03.087 +08:00 [WARNING] [1] [Grpc.AspNetCore.Server.Model.Internal.ServiceRouteBuilder] No gRPC methods discovered for "IIMes.Services.Maintain.Interface.IWorkShopService".
20:33:03.088 +08:00 [WARNING] [1] [Grpc.AspNetCore.Server.Model.Internal.ServiceRouteBuilder] No gRPC methods discovered for "IIMes.Services.Maintain.Interface.ITerminalService".
20:33:03.090 +08:00 [WARNING] [1] [Grpc.AspNetCore.Server.Model.Internal.ServiceRouteBuilder] No gRPC methods discovered for "IIMes.Services.Maintain.Interface.IModelService".
20:33:03.092 +08:00 [WARNING] [1] [Grpc.AspNetCore.Server.Model.Internal.ServiceRouteBuilder] No gRPC methods discovered for "IIMes.Services.Maintain.Interface.IProcessService".
20:33:03.096 +08:00 [WARNING] [1] [Grpc.AspNetCore.Server.Model.Internal.ServiceRouteBuilder] No gRPC methods discovered for "IIMes.Services.Maintain.Interface.IProcessTypeService".
20:33:03.098 +08:00 [WARNING] [1] [Grpc.AspNetCore.Server.Model.Internal.ServiceRouteBuilder] No gRPC methods discovered for "IIMes.Services.Maintain.Interface.IStageService".
20:33:03.100 +08:00 [WARNING] [1] [Grpc.AspNetCore.Server.Model.Internal.ServiceRouteBuilder] No gRPC methods discovered for "IIMes.Services.Maintain.Interface.IEquipmentService".
20:33:03.120 +08:00 [WARNING] [1] [Grpc.AspNetCore.Server.Model.Internal.ServiceRouteBuilder] No gRPC methods discovered for "IIMes.Services.Maintain.Interface.IEquipmentTypeService".
20:33:03.122 +08:00 [WARNING] [1] [Grpc.AspNetCore.Server.Model.Internal.ServiceRouteBuilder] No gRPC methods discovered for "IIMes.Services.Maintain.Interface.IEquipmentCatagoryService".
20:33:03.123 +08:00 [WARNING] [1] [Grpc.AspNetCore.Server.Model.Internal.ServiceRouteBuilder] No gRPC methods discovered for "IIMes.Services.Maintain.Interface.IShiftService".
20:33:03.124 +08:00 [WARNING] [1] [Grpc.AspNetCore.Server.Model.Internal.ServiceRouteBuilder] No gRPC methods discovered for "IIMes.Services.Maintain.Interface.IShiftGroupService".
20:33:03.126 +08:00 [WARNING] [1] [Grpc.AspNetCore.Server.Model.Internal.ServiceRouteBuilder] No gRPC methods discovered for "IIMes.Services.Maintain.Interface.IDepartmentService".
20:33:03.127 +08:00 [WARNING] [1] [Grpc.AspNetCore.Server.Model.Internal.ServiceRouteBuilder] No gRPC methods discovered for "IIMes.Services.Maintain.Interface.IEmployeeService".
20:33:03.197 +08:00 [INFORMATION] [1] [ProtoBuf.Grpc.Server.ServicesExtensions.CodeFirstServiceMethodProvider] RPC services being provided by "IIMes.Services.Maintain.Interface.IMaintainService": 3
20:33:03.205 +08:00 [INFORMATION] [1] [ProtoBuf.Grpc.Server.ServicesExtensions.CodeFirstServiceMethodProvider] RPC services being provided by "IIMes.Services.Maintain.Interface.IPartFsService": 1
20:33:03.228 +08:00 [INFORMATION] [1] [ProtoBuf.Grpc.Server.ServicesExtensions.CodeFirstServiceMethodProvider] RPC services being provided by "IIMes.Services.Maintain.Interface.IWoFsService": 4
20:33:03.232 +08:00 [WARNING] [1] [Grpc.AspNetCore.Server.Model.Internal.ServiceRouteBuilder] No gRPC methods discovered for "IIMes.Services.Maintain.Interface.IImportService".
20:33:03.235 +08:00 [WARNING] [1] [ProtoBuf.Grpc.Server.ServicesExtensions.CodeFirstServiceMethodProvider] Type cannot be serialized; ignoring: "IIMes.Services.Core.Model.STerminal"
20:33:03.235 +08:00 [WARNING] [1] [ProtoBuf.Grpc.Server.ServicesExtensions.CodeFirstServiceMethodProvider] Signature not recognized for "IIMes.Services.Maintain.Interface.ICommonService"."GetTerminal"; method will not be bound
20:33:03.235 +08:00 [WARNING] [1] [ProtoBuf.Grpc.Server.ServicesExtensions.CodeFirstServiceMethodProvider] Type cannot be serialized; ignoring: "IIMes.Services.Core.Model.SPart"
20:33:03.235 +08:00 [WARNING] [1] [ProtoBuf.Grpc.Server.ServicesExtensions.CodeFirstServiceMethodProvider] Signature not recognized for "IIMes.Services.Maintain.Interface.ICommonService"."GetPart"; method will not be bound
20:33:03.236 +08:00 [WARNING] [1] [ProtoBuf.Grpc.Server.ServicesExtensions.CodeFirstServiceMethodProvider] Type cannot be serialized; ignoring: "IIMes.Services.Core.Model.SEquipment"
20:33:03.236 +08:00 [WARNING] [1] [ProtoBuf.Grpc.Server.ServicesExtensions.CodeFirstServiceMethodProvider] Signature not recognized for "IIMes.Services.Maintain.Interface.ICommonService"."GetEquipment"; method will not be bound
20:33:03.237 +08:00 [WARNING] [1] [ProtoBuf.Grpc.Server.ServicesExtensions.CodeFirstServiceMethodProvider] Type cannot be serialized; ignoring: "System.Linq.IQueryable`1[[IIMes.Services.Core.Model.SSetting, IIMes.Services.Core.Model, Version=1.0.0.0, Culture=neutral, PublicKeyToken=null]]"
20:33:03.237 +08:00 [WARNING] [1] [ProtoBuf.Grpc.Server.ServicesExtensions.CodeFirstServiceMethodProvider] Signature not recognized for "IIMes.Services.Maintain.Interface.ICommonService"."GetSetting"; method will not be bound
20:33:03.237 +08:00 [WARNING] [1] [ProtoBuf.Grpc.Server.ServicesExtensions.CodeFirstServiceMethodProvider] Type cannot be serialized; ignoring: "IIMes.Services.Core.Model.WoBase"
20:33:03.237 +08:00 [WARNING] [1] [ProtoBuf.Grpc.Server.ServicesExtensions.CodeFirstServiceMethodProvider] Signature not recognized for "IIMes.Services.Maintain.Interface.ICommonService"."GetWo"; method will not be bound
20:33:03.237 +08:00 [WARNING] [1] [ProtoBuf.Grpc.Server.ServicesExtensions.CodeFirstServiceMethodProvider] Type cannot be serialized; ignoring: "System.Collections.Generic.IList`1[[IIMes.Services.Core.Model.WoFsDetail, IIMes.Services.Core.Model, Version=1.0.0.0, Culture=neutral, PublicKeyToken=null]]"
20:33:03.237 +08:00 [WARNING] [1] [ProtoBuf.Grpc.Server.ServicesExtensions.CodeFirstServiceMethodProvider] Signature not recognized for "IIMes.Services.Maintain.Interface.ICommonService"."GetWoFsDetail"; method will not be bound
20:33:03.238 +08:00 [WARNING] [1] [ProtoBuf.Grpc.Server.ServicesExtensions.CodeFirstServiceMethodProvider] Type cannot be serialized; ignoring: "System.Collections.Generic.IList`1[[IIMes.Services.Core.Model.WoFsSub, IIMes.Services.Core.Model, Version=1.0.0.0, Culture=neutral, PublicKeyToken=null]]"
20:33:03.238 +08:00 [WARNING] [1] [ProtoBuf.Grpc.Server.ServicesExtensions.CodeFirstServiceMethodProvider] Signature not recognized for "IIMes.Services.Maintain.Interface.ICommonService"."GetWoFsSub"; method will not be bound
20:33:03.238 +08:00 [WARNING] [1] [ProtoBuf.Grpc.Server.ServicesExtensions.CodeFirstServiceMethodProvider] Type cannot be serialized; ignoring: "IIMes.Services.Core.Model.SProcess"
20:33:03.238 +08:00 [WARNING] [1] [ProtoBuf.Grpc.Server.ServicesExtensions.CodeFirstServiceMethodProvider] Signature not recognized for "IIMes.Services.Maintain.Interface.ICommonService"."GetProcess"; method will not be bound
20:33:03.238 +08:00 [WARNING] [1] [ProtoBuf.Grpc.Server.ServicesExtensions.CodeFirstServiceMethodProvider] Type cannot be serialized; ignoring: "IIMes.Services.Core.Model.SWoStatus"
20:33:03.238 +08:00 [WARNING] [1] [ProtoBuf.Grpc.Server.ServicesExtensions.CodeFirstServiceMethodProvider] Signature not recognized for "IIMes.Services.Maintain.Interface.ICommonService"."GetWoStaus"; method will not be bound
20:33:03.239 +08:00 [WARNING] [1] [ProtoBuf.Grpc.Server.ServicesExtensions.CodeFirstServiceMethodProvider] Signature not recognized for "IIMes.Services.Maintain.Interface.ICommonService"."IsEqualWoFsDetail"; method will not be bound
20:33:03.243 +08:00 [INFORMATION] [1] [ProtoBuf.Grpc.Server.ServicesExtensions.CodeFirstServiceMethodProvider] RPC services being provided by "IIMes.Services.Maintain.Interface.ICommonService": 2
20:33:03.245 +08:00 [WARNING] [1] [Grpc.AspNetCore.Server.Model.Internal.ServiceRouteBuilder] No gRPC methods discovered for "IIMes.Services.Maintain.Interface.IFamilyService".
20:33:03.246 +08:00 [WARNING] [1] [Grpc.AspNetCore.Server.Model.Internal.ServiceRouteBuilder] No gRPC methods discovered for "IIMes.Services.Maintain.Interface.IWoBomService".
20:33:03.247 +08:00 [WARNING] [1] [Grpc.AspNetCore.Server.Model.Internal.ServiceRouteBuilder] No gRPC methods discovered for "IIMes.Services.Maintain.Interface.IScrapReasonService".
20:33:03.248 +08:00 [WARNING] [1] [Grpc.AspNetCore.Server.Model.Internal.ServiceRouteBuilder] No gRPC methods discovered for "IIMes.Services.Maintain.Interface.IWoBaseService".
20:33:03.260 +08:00 [INFORMATION] [1] [ProtoBuf.Grpc.Server.ServicesExtensions.CodeFirstServiceMethodProvider] RPC services being provided by "IIMes.Services.Maintain.Interface.IWoService": 3
20:33:03.261 +08:00 [WARNING] [1] [Grpc.AspNetCore.Server.Model.Internal.ServiceRouteBuilder] No gRPC methods discovered for "IIMes.Services.Maintain.Interface.IWoStatusService".
21:02:54.095 +08:00 [WARNING] [1] [Grpc.AspNetCore.Server.Model.Internal.ServiceRouteBuilder] No gRPC methods discovered for "IIMes.Services.Maintain.Interface.IProductLineService".
21:02:54.125 +08:00 [WARNING] [1] [Grpc.AspNetCore.Server.Model.Internal.ServiceRouteBuilder] No gRPC methods discovered for "IIMes.Services.Maintain.Interface.IFactoryService".
21:02:54.127 +08:00 [WARNING] [1] [Grpc.AspNetCore.Server.Model.Internal.ServiceRouteBuilder] No gRPC methods discovered for "IIMes.Services.Maintain.Interface.IWorkShopService".
21:02:54.129 +08:00 [WARNING] [1] [Grpc.AspNetCore.Server.Model.Internal.ServiceRouteBuilder] No gRPC methods discovered for "IIMes.Services.Maintain.Interface.ITerminalService".
21:02:54.131 +08:00 [WARNING] [1] [Grpc.AspNetCore.Server.Model.Internal.ServiceRouteBuilder] No gRPC methods discovered for "IIMes.Services.Maintain.Interface.IModelService".
21:02:54.133 +08:00 [WARNING] [1] [Grpc.AspNetCore.Server.Model.Internal.ServiceRouteBuilder] No gRPC methods discovered for "IIMes.Services.Maintain.Interface.IProcessService".
21:02:54.135 +08:00 [WARNING] [1] [Grpc.AspNetCore.Server.Model.Internal.ServiceRouteBuilder] No gRPC methods discovered for "IIMes.Services.Maintain.Interface.IProcessTypeService".
21:02:54.138 +08:00 [WARNING] [1] [Grpc.AspNetCore.Server.Model.Internal.ServiceRouteBuilder] No gRPC methods discovered for "IIMes.Services.Maintain.Interface.IStageService".
21:02:54.150 +08:00 [WARNING] [1] [Grpc.AspNetCore.Server.Model.Internal.ServiceRouteBuilder] No gRPC methods discovered for "IIMes.Services.Maintain.Interface.IEquipmentService".
21:02:54.152 +08:00 [WARNING] [1] [Grpc.AspNetCore.Server.Model.Internal.ServiceRouteBuilder] No gRPC methods discovered for "IIMes.Services.Maintain.Interface.IEquipmentTypeService".
21:02:54.153 +08:00 [WARNING] [1] [Grpc.AspNetCore.Server.Model.Internal.ServiceRouteBuilder] No gRPC methods discovered for "IIMes.Services.Maintain.Interface.IEquipmentCatagoryService".
21:02:54.155 +08:00 [WARNING] [1] [Grpc.AspNetCore.Server.Model.Internal.ServiceRouteBuilder] No gRPC methods discovered for "IIMes.Services.Maintain.Interface.IShiftService".
21:02:54.157 +08:00 [WARNING] [1] [Grpc.AspNetCore.Server.Model.Internal.ServiceRouteBuilder] No gRPC methods discovered for "IIMes.Services.Maintain.Interface.IShiftGroupService".
21:02:54.159 +08:00 [WARNING] [1] [Grpc.AspNetCore.Server.Model.Internal.ServiceRouteBuilder] No gRPC methods discovered for "IIMes.Services.Maintain.Interface.IDepartmentService".
21:02:54.164 +08:00 [WARNING] [1] [Grpc.AspNetCore.Server.Model.Internal.ServiceRouteBuilder] No gRPC methods discovered for "IIMes.Services.Maintain.Interface.IEmployeeService".
21:02:54.253 +08:00 [INFORMATION] [1] [ProtoBuf.Grpc.Server.ServicesExtensions.CodeFirstServiceMethodProvider] RPC services being provided by "IIMes.Services.Maintain.Interface.IMaintainService": 3
21:02:54.260 +08:00 [INFORMATION] [1] [ProtoBuf.Grpc.Server.ServicesExtensions.CodeFirstServiceMethodProvider] RPC services being provided by "IIMes.Services.Maintain.Interface.IPartFsService": 1
21:02:54.286 +08:00 [INFORMATION] [1] [ProtoBuf.Grpc.Server.ServicesExtensions.CodeFirstServiceMethodProvider] RPC services being provided by "IIMes.Services.Maintain.Interface.IWoFsService": 4
21:02:54.289 +08:00 [WARNING] [1] [Grpc.AspNetCore.Server.Model.Internal.ServiceRouteBuilder] No gRPC methods discovered for "IIMes.Services.Maintain.Interface.IImportService".
21:02:54.291 +08:00 [WARNING] [1] [ProtoBuf.Grpc.Server.ServicesExtensions.CodeFirstServiceMethodProvider] Type cannot be serialized; ignoring: "IIMes.Services.Core.Model.STerminal"
21:02:54.292 +08:00 [WARNING] [1] [ProtoBuf.Grpc.Server.ServicesExtensions.CodeFirstServiceMethodProvider] Signature not recognized for "IIMes.Services.Maintain.Interface.ICommonService"."GetTerminal"; method will not be bound
21:02:54.292 +08:00 [WARNING] [1] [ProtoBuf.Grpc.Server.ServicesExtensions.CodeFirstServiceMethodProvider] Type cannot be serialized; ignoring: "IIMes.Services.Core.Model.SPart"
21:02:54.292 +08:00 [WARNING] [1] [ProtoBuf.Grpc.Server.ServicesExtensions.CodeFirstServiceMethodProvider] Signature not recognized for "IIMes.Services.Maintain.Interface.ICommonService"."GetPart"; method will not be bound
21:02:54.293 +08:00 [WARNING] [1] [ProtoBuf.Grpc.Server.ServicesExtensions.CodeFirstServiceMethodProvider] Type cannot be serialized; ignoring: "IIMes.Services.Core.Model.SEquipment"
21:02:54.294 +08:00 [WARNING] [1] [ProtoBuf.Grpc.Server.ServicesExtensions.CodeFirstServiceMethodProvider] Signature not recognized for "IIMes.Services.Maintain.Interface.ICommonService"."GetEquipment"; method will not be bound
21:02:54.294 +08:00 [WARNING] [1] [ProtoBuf.Grpc.Server.ServicesExtensions.CodeFirstServiceMethodProvider] Type cannot be serialized; ignoring: "System.Linq.IQueryable`1[[IIMes.Services.Core.Model.SSetting, IIMes.Services.Core.Model, Version=1.0.0.0, Culture=neutral, PublicKeyToken=null]]"
21:02:54.294 +08:00 [WARNING] [1] [ProtoBuf.Grpc.Server.ServicesExtensions.CodeFirstServiceMethodProvider] Signature not recognized for "IIMes.Services.Maintain.Interface.ICommonService"."GetSetting"; method will not be bound
21:02:54.294 +08:00 [WARNING] [1] [ProtoBuf.Grpc.Server.ServicesExtensions.CodeFirstServiceMethodProvider] Type cannot be serialized; ignoring: "IIMes.Services.Core.Model.WoBase"
21:02:54.294 +08:00 [WARNING] [1] [ProtoBuf.Grpc.Server.ServicesExtensions.CodeFirstServiceMethodProvider] Signature not recognized for "IIMes.Services.Maintain.Interface.ICommonService"."GetWo"; method will not be bound
21:02:54.294 +08:00 [WARNING] [1] [ProtoBuf.Grpc.Server.ServicesExtensions.CodeFirstServiceMethodProvider] Type cannot be serialized; ignoring: "System.Collections.Generic.IList`1[[IIMes.Services.Core.Model.WoFsDetail, IIMes.Services.Core.Model, Version=1.0.0.0, Culture=neutral, PublicKeyToken=null]]"
21:02:54.295 +08:00 [WARNING] [1] [ProtoBuf.Grpc.Server.ServicesExtensions.CodeFirstServiceMethodProvider] Signature not recognized for "IIMes.Services.Maintain.Interface.ICommonService"."GetWoFsDetail"; method will not be bound
21:02:54.295 +08:00 [WARNING] [1] [ProtoBuf.Grpc.Server.ServicesExtensions.CodeFirstServiceMethodProvider] Type cannot be serialized; ignoring: "System.Collections.Generic.IList`1[[IIMes.Services.Core.Model.WoFsSub, IIMes.Services.Core.Model, Version=1.0.0.0, Culture=neutral, PublicKeyToken=null]]"
21:02:54.295 +08:00 [WARNING] [1] [ProtoBuf.Grpc.Server.ServicesExtensions.CodeFirstServiceMethodProvider] Signature not recognized for "IIMes.Services.Maintain.Interface.ICommonService"."GetWoFsSub"; method will not be bound
21:02:54.295 +08:00 [WARNING] [1] [ProtoBuf.Grpc.Server.ServicesExtensions.CodeFirstServiceMethodProvider] Type cannot be serialized; ignoring: "IIMes.Services.Core.Model.SProcess"
21:02:54.295 +08:00 [WARNING] [1] [ProtoBuf.Grpc.Server.ServicesExtensions.CodeFirstServiceMethodProvider] Signature not recognized for "IIMes.Services.Maintain.Interface.ICommonService"."GetProcess"; method will not be bound
21:02:54.295 +08:00 [WARNING] [1] [ProtoBuf.Grpc.Server.ServicesExtensions.CodeFirstServiceMethodProvider] Type cannot be serialized; ignoring: "IIMes.Services.Core.Model.SWoStatus"
21:02:54.295 +08:00 [WARNING] [1] [ProtoBuf.Grpc.Server.ServicesExtensions.CodeFirstServiceMethodProvider] Signature not recognized for "IIMes.Services.Maintain.Interface.ICommonService"."GetWoStaus"; method will not be bound
21:02:54.297 +08:00 [WARNING] [1] [ProtoBuf.Grpc.Server.ServicesExtensions.CodeFirstServiceMethodProvider] Signature not recognized for "IIMes.Services.Maintain.Interface.ICommonService"."IsEqualWoFsDetail"; method will not be bound
21:02:54.302 +08:00 [INFORMATION] [1] [ProtoBuf.Grpc.Server.ServicesExtensions.CodeFirstServiceMethodProvider] RPC services being provided by "IIMes.Services.Maintain.Interface.ICommonService": 2
21:02:54.307 +08:00 [WARNING] [1] [Grpc.AspNetCore.Server.Model.Internal.ServiceRouteBuilder] No gRPC methods discovered for "IIMes.Services.Maintain.Interface.IFamilyService".
21:02:54.310 +08:00 [WARNING] [1] [Grpc.AspNetCore.Server.Model.Internal.ServiceRouteBuilder] No gRPC methods discovered for "IIMes.Services.Maintain.Interface.IWoBomService".
21:02:54.311 +08:00 [WARNING] [1] [Grpc.AspNetCore.Server.Model.Internal.ServiceRouteBuilder] No gRPC methods discovered for "IIMes.Services.Maintain.Interface.IScrapReasonService".
21:02:54.312 +08:00 [WARNING] [1] [Grpc.AspNetCore.Server.Model.Internal.ServiceRouteBuilder] No gRPC methods discovered for "IIMes.Services.Maintain.Interface.IWoBaseService".
21:02:54.324 +08:00 [INFORMATION] [1] [ProtoBuf.Grpc.Server.ServicesExtensions.CodeFirstServiceMethodProvider] RPC services being provided by "IIMes.Services.Maintain.Interface.IWoService": 3
21:02:54.327 +08:00 [WARNING] [1] [Grpc.AspNetCore.Server.Model.Internal.ServiceRouteBuilder] No gRPC methods discovered for "IIMes.Services.Maintain.Interface.IWoStatusService".
