11:19:35.285 +08:00 [WARNING] [1] [Grpc.AspNetCore.Server.Model.Internal.ServiceRouteBuilder] No gRPC methods discovered for "IIMes.Services.Maintain.Interface.IProductLineService".
11:19:35.329 +08:00 [WARNING] [1] [Grpc.AspNetCore.Server.Model.Internal.ServiceRouteBuilder] No gRPC methods discovered for "IIMes.Services.Maintain.Interface.IFactoryService".
11:19:35.332 +08:00 [WARNING] [1] [Grpc.AspNetCore.Server.Model.Internal.ServiceRouteBuilder] No gRPC methods discovered for "IIMes.Services.Maintain.Interface.IWorkShopService".
11:19:35.334 +08:00 [WARNING] [1] [Grpc.AspNetCore.Server.Model.Internal.ServiceRouteBuilder] No gRPC methods discovered for "IIMes.Services.Maintain.Interface.ITerminalService".
11:19:35.336 +08:00 [WARNING] [1] [Grpc.AspNetCore.Server.Model.Internal.ServiceRouteBuilder] No gRPC methods discovered for "IIMes.Services.Maintain.Interface.IModelService".
11:19:35.337 +08:00 [WARNING] [1] [Grpc.AspNetCore.Server.Model.Internal.ServiceRouteBuilder] No gRPC methods discovered for "IIMes.Services.Maintain.Interface.IProcessService".
11:19:35.339 +08:00 [WARNING] [1] [Grpc.AspNetCore.Server.Model.Internal.ServiceRouteBuilder] No gRPC methods discovered for "IIMes.Services.Maintain.Interface.IProcessTypeService".
11:19:35.340 +08:00 [WARNING] [1] [Grpc.AspNetCore.Server.Model.Internal.ServiceRouteBuilder] No gRPC methods discovered for "IIMes.Services.Maintain.Interface.IStageService".
11:19:35.342 +08:00 [WARNING] [1] [Grpc.AspNetCore.Server.Model.Internal.ServiceRouteBuilder] No gRPC methods discovered for "IIMes.Services.Maintain.Interface.IEquipmentService".
11:19:35.344 +08:00 [WARNING] [1] [Grpc.AspNetCore.Server.Model.Internal.ServiceRouteBuilder] No gRPC methods discovered for "IIMes.Services.Maintain.Interface.IEquipmentTypeService".
11:19:35.347 +08:00 [WARNING] [1] [Grpc.AspNetCore.Server.Model.Internal.ServiceRouteBuilder] No gRPC methods discovered for "IIMes.Services.Maintain.Interface.IEquipmentCatagoryService".
11:19:35.349 +08:00 [WARNING] [1] [Grpc.AspNetCore.Server.Model.Internal.ServiceRouteBuilder] No gRPC methods discovered for "IIMes.Services.Maintain.Interface.IShiftService".
11:19:35.351 +08:00 [WARNING] [1] [Grpc.AspNetCore.Server.Model.Internal.ServiceRouteBuilder] No gRPC methods discovered for "IIMes.Services.Maintain.Interface.IShiftGroupService".
11:19:35.352 +08:00 [WARNING] [1] [Grpc.AspNetCore.Server.Model.Internal.ServiceRouteBuilder] No gRPC methods discovered for "IIMes.Services.Maintain.Interface.IDepartmentService".
11:19:35.354 +08:00 [WARNING] [1] [Grpc.AspNetCore.Server.Model.Internal.ServiceRouteBuilder] No gRPC methods discovered for "IIMes.Services.Maintain.Interface.IEmployeeService".
11:19:35.467 +08:00 [INFORMATION] [1] [ProtoBuf.Grpc.Server.ServicesExtensions.CodeFirstServiceMethodProvider] RPC services being provided by "IIMes.Services.Maintain.Interface.IMaintainService": 5
11:19:35.474 +08:00 [WARNING] [1] [ProtoBuf.Grpc.Server.ServicesExtensions.CodeFirstServiceMethodProvider] Type cannot be serialized; ignoring: "System.Object"
11:19:35.474 +08:00 [WARNING] [1] [ProtoBuf.Grpc.Server.ServicesExtensions.CodeFirstServiceMethodProvider] Signature not recognized for "IIMes.Services.Maintain.Interface.IPartFsService"."CheckPartWo"; method will not be bound
11:19:35.478 +08:00 [INFORMATION] [1] [ProtoBuf.Grpc.Server.ServicesExtensions.CodeFirstServiceMethodProvider] RPC services being provided by "IIMes.Services.Maintain.Interface.IPartFsService": 1
11:19:35.487 +08:00 [WARNING] [1] [ProtoBuf.Grpc.Server.ServicesExtensions.CodeFirstServiceMethodProvider] Signature not recognized for "IIMes.Services.Maintain.Interface.IWoFsService"."SaveWoFsDetailInfo"; method will not be bound
11:19:35.501 +08:00 [INFORMATION] [1] [ProtoBuf.Grpc.Server.ServicesExtensions.CodeFirstServiceMethodProvider] RPC services being provided by "IIMes.Services.Maintain.Interface.IWoFsService": 3
11:19:35.503 +08:00 [WARNING] [1] [Grpc.AspNetCore.Server.Model.Internal.ServiceRouteBuilder] No gRPC methods discovered for "IIMes.Services.Maintain.Interface.IImportService".
11:19:35.505 +08:00 [WARNING] [1] [ProtoBuf.Grpc.Server.ServicesExtensions.CodeFirstServiceMethodProvider] Type cannot be serialized; ignoring: "IIMes.Services.Core.Model.STerminal"
11:19:35.505 +08:00 [WARNING] [1] [ProtoBuf.Grpc.Server.ServicesExtensions.CodeFirstServiceMethodProvider] Signature not recognized for "IIMes.Services.Maintain.Interface.ICommonService"."GetTerminal"; method will not be bound
11:19:35.505 +08:00 [WARNING] [1] [ProtoBuf.Grpc.Server.ServicesExtensions.CodeFirstServiceMethodProvider] Type cannot be serialized; ignoring: "IIMes.Services.Core.Model.SPart"
11:19:35.505 +08:00 [WARNING] [1] [ProtoBuf.Grpc.Server.ServicesExtensions.CodeFirstServiceMethodProvider] Signature not recognized for "IIMes.Services.Maintain.Interface.ICommonService"."GetPart"; method will not be bound
11:19:35.506 +08:00 [WARNING] [1] [ProtoBuf.Grpc.Server.ServicesExtensions.CodeFirstServiceMethodProvider] Type cannot be serialized; ignoring: "IIMes.Services.Core.Model.SEquipment"
11:19:35.506 +08:00 [WARNING] [1] [ProtoBuf.Grpc.Server.ServicesExtensions.CodeFirstServiceMethodProvider] Signature not recognized for "IIMes.Services.Maintain.Interface.ICommonService"."GetEquipment"; method will not be bound
11:19:35.506 +08:00 [WARNING] [1] [ProtoBuf.Grpc.Server.ServicesExtensions.CodeFirstServiceMethodProvider] Type cannot be serialized; ignoring: "System.Linq.IQueryable`1[[IIMes.Services.Core.Model.SSetting, IIMes.Services.Core.Model, Version=1.0.0.0, Culture=neutral, PublicKeyToken=null]]"
11:19:35.507 +08:00 [WARNING] [1] [ProtoBuf.Grpc.Server.ServicesExtensions.CodeFirstServiceMethodProvider] Signature not recognized for "IIMes.Services.Maintain.Interface.ICommonService"."GetSetting"; method will not be bound
11:19:35.507 +08:00 [WARNING] [1] [ProtoBuf.Grpc.Server.ServicesExtensions.CodeFirstServiceMethodProvider] Type cannot be serialized; ignoring: "IIMes.Services.Core.Model.WoBase"
11:19:35.507 +08:00 [WARNING] [1] [ProtoBuf.Grpc.Server.ServicesExtensions.CodeFirstServiceMethodProvider] Signature not recognized for "IIMes.Services.Maintain.Interface.ICommonService"."GetWo"; method will not be bound
11:19:35.507 +08:00 [WARNING] [1] [ProtoBuf.Grpc.Server.ServicesExtensions.CodeFirstServiceMethodProvider] Type cannot be serialized; ignoring: "System.Collections.Generic.IList`1[[IIMes.Services.Core.Model.WoFsDetail, IIMes.Services.Core.Model, Version=1.0.0.0, Culture=neutral, PublicKeyToken=null]]"
11:19:35.507 +08:00 [WARNING] [1] [ProtoBuf.Grpc.Server.ServicesExtensions.CodeFirstServiceMethodProvider] Signature not recognized for "IIMes.Services.Maintain.Interface.ICommonService"."GetWoFsDetail"; method will not be bound
11:19:35.508 +08:00 [WARNING] [1] [ProtoBuf.Grpc.Server.ServicesExtensions.CodeFirstServiceMethodProvider] Type cannot be serialized; ignoring: "System.Collections.Generic.IList`1[[IIMes.Services.Core.Model.WoFsSub, IIMes.Services.Core.Model, Version=1.0.0.0, Culture=neutral, PublicKeyToken=null]]"
11:19:35.508 +08:00 [WARNING] [1] [ProtoBuf.Grpc.Server.ServicesExtensions.CodeFirstServiceMethodProvider] Signature not recognized for "IIMes.Services.Maintain.Interface.ICommonService"."GetWoFsSub"; method will not be bound
11:19:35.508 +08:00 [WARNING] [1] [ProtoBuf.Grpc.Server.ServicesExtensions.CodeFirstServiceMethodProvider] Type cannot be serialized; ignoring: "IIMes.Services.Core.Model.SProcess"
11:19:35.508 +08:00 [WARNING] [1] [ProtoBuf.Grpc.Server.ServicesExtensions.CodeFirstServiceMethodProvider] Signature not recognized for "IIMes.Services.Maintain.Interface.ICommonService"."GetProcess"; method will not be bound
11:19:35.508 +08:00 [WARNING] [1] [ProtoBuf.Grpc.Server.ServicesExtensions.CodeFirstServiceMethodProvider] Type cannot be serialized; ignoring: "IIMes.Services.Core.Model.SWoStatus"
11:19:35.508 +08:00 [WARNING] [1] [ProtoBuf.Grpc.Server.ServicesExtensions.CodeFirstServiceMethodProvider] Signature not recognized for "IIMes.Services.Maintain.Interface.ICommonService"."GetWoStaus"; method will not be bound
11:19:35.511 +08:00 [WARNING] [1] [ProtoBuf.Grpc.Server.ServicesExtensions.CodeFirstServiceMethodProvider] Signature not recognized for "IIMes.Services.Maintain.Interface.ICommonService"."IsEqualWoFsDetail"; method will not be bound
11:19:35.516 +08:00 [INFORMATION] [1] [ProtoBuf.Grpc.Server.ServicesExtensions.CodeFirstServiceMethodProvider] RPC services being provided by "IIMes.Services.Maintain.Interface.ICommonService": 3
11:19:35.517 +08:00 [WARNING] [1] [Grpc.AspNetCore.Server.Model.Internal.ServiceRouteBuilder] No gRPC methods discovered for "IIMes.Services.Maintain.Interface.IFamilyService".
11:19:35.519 +08:00 [WARNING] [1] [Grpc.AspNetCore.Server.Model.Internal.ServiceRouteBuilder] No gRPC methods discovered for "IIMes.Services.Maintain.Interface.IWoBomService".
11:19:35.520 +08:00 [WARNING] [1] [Grpc.AspNetCore.Server.Model.Internal.ServiceRouteBuilder] No gRPC methods discovered for "IIMes.Services.Maintain.Interface.IScrapReasonService".
11:19:35.522 +08:00 [WARNING] [1] [Grpc.AspNetCore.Server.Model.Internal.ServiceRouteBuilder] No gRPC methods discovered for "IIMes.Services.Maintain.Interface.IWoBaseService".
11:19:35.534 +08:00 [INFORMATION] [1] [ProtoBuf.Grpc.Server.ServicesExtensions.CodeFirstServiceMethodProvider] RPC services being provided by "IIMes.Services.Maintain.Interface.IWoService": 3
11:19:35.536 +08:00 [WARNING] [1] [Grpc.AspNetCore.Server.Model.Internal.ServiceRouteBuilder] No gRPC methods discovered for "IIMes.Services.Maintain.Interface.IWoStatusService".
11:19:35.538 +08:00 [WARNING] [1] [Grpc.AspNetCore.Server.Model.Internal.ServiceRouteBuilder] No gRPC methods discovered for "IIMes.Services.Maintain.Interface.ITemporaryTableService".
