13:56:13.846 +08:00 [WARNING] [1] [Grpc.AspNetCore.Server.Model.Internal.ServiceRouteBuilder] No gRPC methods discovered for "IIMes.Services.Maintain.Interface.IProductLineService".
13:56:13.897 +08:00 [WARNING] [1] [Grpc.AspNetCore.Server.Model.Internal.ServiceRouteBuilder] No gRPC methods discovered for "IIMes.Services.Maintain.Interface.IFactoryService".
13:56:13.899 +08:00 [WARNING] [1] [Grpc.AspNetCore.Server.Model.Internal.ServiceRouteBuilder] No gRPC methods discovered for "IIMes.Services.Maintain.Interface.IWorkShopService".
13:56:13.900 +08:00 [WARNING] [1] [Grpc.AspNetCore.Server.Model.Internal.ServiceRouteBuilder] No gRPC methods discovered for "IIMes.Services.Maintain.Interface.ITerminalService".
13:56:13.903 +08:00 [WARNING] [1] [Grpc.AspNetCore.Server.Model.Internal.ServiceRouteBuilder] No gRPC methods discovered for "IIMes.Services.Maintain.Interface.IModelService".
13:56:13.905 +08:00 [WARNING] [1] [Grpc.AspNetCore.Server.Model.Internal.ServiceRouteBuilder] No gRPC methods discovered for "IIMes.Services.Maintain.Interface.IProcessService".
13:56:13.907 +08:00 [WARNING] [1] [Grpc.AspNetCore.Server.Model.Internal.ServiceRouteBuilder] No gRPC methods discovered for "IIMes.Services.Maintain.Interface.IProcessTypeService".
13:56:13.908 +08:00 [WARNING] [1] [Grpc.AspNetCore.Server.Model.Internal.ServiceRouteBuilder] No gRPC methods discovered for "IIMes.Services.Maintain.Interface.IStageService".
13:56:13.920 +08:00 [WARNING] [1] [Grpc.AspNetCore.Server.Model.Internal.ServiceRouteBuilder] No gRPC methods discovered for "IIMes.Services.Maintain.Interface.IEquipmentService".
13:56:13.922 +08:00 [WARNING] [1] [Grpc.AspNetCore.Server.Model.Internal.ServiceRouteBuilder] No gRPC methods discovered for "IIMes.Services.Maintain.Interface.IEquipmentTypeService".
13:56:13.923 +08:00 [WARNING] [1] [Grpc.AspNetCore.Server.Model.Internal.ServiceRouteBuilder] No gRPC methods discovered for "IIMes.Services.Maintain.Interface.IEquipmentCatagoryService".
13:56:13.925 +08:00 [WARNING] [1] [Grpc.AspNetCore.Server.Model.Internal.ServiceRouteBuilder] No gRPC methods discovered for "IIMes.Services.Maintain.Interface.IShiftService".
13:56:13.927 +08:00 [WARNING] [1] [Grpc.AspNetCore.Server.Model.Internal.ServiceRouteBuilder] No gRPC methods discovered for "IIMes.Services.Maintain.Interface.IShiftGroupService".
13:56:13.928 +08:00 [WARNING] [1] [Grpc.AspNetCore.Server.Model.Internal.ServiceRouteBuilder] No gRPC methods discovered for "IIMes.Services.Maintain.Interface.IDepartmentService".
13:56:13.930 +08:00 [WARNING] [1] [Grpc.AspNetCore.Server.Model.Internal.ServiceRouteBuilder] No gRPC methods discovered for "IIMes.Services.Maintain.Interface.IEmployeeService".
13:56:14.025 +08:00 [INFORMATION] [1] [ProtoBuf.Grpc.Server.ServicesExtensions.CodeFirstServiceMethodProvider] RPC services being provided by "IIMes.Services.Maintain.Interface.IMaintainService": 5
13:56:14.029 +08:00 [WARNING] [1] [ProtoBuf.Grpc.Server.ServicesExtensions.CodeFirstServiceMethodProvider] Type cannot be serialized; ignoring: "System.Object"
13:56:14.029 +08:00 [WARNING] [1] [ProtoBuf.Grpc.Server.ServicesExtensions.CodeFirstServiceMethodProvider] Signature not recognized for "IIMes.Services.Maintain.Interface.IPartFsService"."CheckPartWo"; method will not be bound
13:56:14.032 +08:00 [INFORMATION] [1] [ProtoBuf.Grpc.Server.ServicesExtensions.CodeFirstServiceMethodProvider] RPC services being provided by "IIMes.Services.Maintain.Interface.IPartFsService": 1
13:56:14.038 +08:00 [WARNING] [1] [ProtoBuf.Grpc.Server.ServicesExtensions.CodeFirstServiceMethodProvider] Signature not recognized for "IIMes.Services.Maintain.Interface.IWoFsService"."SaveWoFsDetailInfo"; method will not be bound
13:56:14.054 +08:00 [INFORMATION] [1] [ProtoBuf.Grpc.Server.ServicesExtensions.CodeFirstServiceMethodProvider] RPC services being provided by "IIMes.Services.Maintain.Interface.IWoFsService": 3
13:56:14.056 +08:00 [WARNING] [1] [Grpc.AspNetCore.Server.Model.Internal.ServiceRouteBuilder] No gRPC methods discovered for "IIMes.Services.Maintain.Interface.IImportService".
13:56:14.059 +08:00 [WARNING] [1] [ProtoBuf.Grpc.Server.ServicesExtensions.CodeFirstServiceMethodProvider] Type cannot be serialized; ignoring: "IIMes.Services.Core.Model.STerminal"
13:56:14.059 +08:00 [WARNING] [1] [ProtoBuf.Grpc.Server.ServicesExtensions.CodeFirstServiceMethodProvider] Signature not recognized for "IIMes.Services.Maintain.Interface.ICommonService"."GetTerminal"; method will not be bound
13:56:14.060 +08:00 [WARNING] [1] [ProtoBuf.Grpc.Server.ServicesExtensions.CodeFirstServiceMethodProvider] Type cannot be serialized; ignoring: "IIMes.Services.Core.Model.SPart"
13:56:14.060 +08:00 [WARNING] [1] [ProtoBuf.Grpc.Server.ServicesExtensions.CodeFirstServiceMethodProvider] Signature not recognized for "IIMes.Services.Maintain.Interface.ICommonService"."GetPart"; method will not be bound
13:56:14.061 +08:00 [WARNING] [1] [ProtoBuf.Grpc.Server.ServicesExtensions.CodeFirstServiceMethodProvider] Type cannot be serialized; ignoring: "IIMes.Services.Core.Model.SEquipment"
13:56:14.061 +08:00 [WARNING] [1] [ProtoBuf.Grpc.Server.ServicesExtensions.CodeFirstServiceMethodProvider] Signature not recognized for "IIMes.Services.Maintain.Interface.ICommonService"."GetEquipment"; method will not be bound
13:56:14.061 +08:00 [WARNING] [1] [ProtoBuf.Grpc.Server.ServicesExtensions.CodeFirstServiceMethodProvider] Type cannot be serialized; ignoring: "System.Linq.IQueryable`1[[IIMes.Services.Core.Model.SSetting, IIMes.Services.Core.Model, Version=1.0.0.0, Culture=neutral, PublicKeyToken=null]]"
13:56:14.061 +08:00 [WARNING] [1] [ProtoBuf.Grpc.Server.ServicesExtensions.CodeFirstServiceMethodProvider] Signature not recognized for "IIMes.Services.Maintain.Interface.ICommonService"."GetSetting"; method will not be bound
13:56:14.061 +08:00 [WARNING] [1] [ProtoBuf.Grpc.Server.ServicesExtensions.CodeFirstServiceMethodProvider] Type cannot be serialized; ignoring: "IIMes.Services.Core.Model.WoBase"
13:56:14.061 +08:00 [WARNING] [1] [ProtoBuf.Grpc.Server.ServicesExtensions.CodeFirstServiceMethodProvider] Signature not recognized for "IIMes.Services.Maintain.Interface.ICommonService"."GetWo"; method will not be bound
13:56:14.062 +08:00 [WARNING] [1] [ProtoBuf.Grpc.Server.ServicesExtensions.CodeFirstServiceMethodProvider] Type cannot be serialized; ignoring: "System.Collections.Generic.IList`1[[IIMes.Services.Core.Model.WoFsDetail, IIMes.Services.Core.Model, Version=1.0.0.0, Culture=neutral, PublicKeyToken=null]]"
13:56:14.062 +08:00 [WARNING] [1] [ProtoBuf.Grpc.Server.ServicesExtensions.CodeFirstServiceMethodProvider] Signature not recognized for "IIMes.Services.Maintain.Interface.ICommonService"."GetWoFsDetail"; method will not be bound
13:56:14.062 +08:00 [WARNING] [1] [ProtoBuf.Grpc.Server.ServicesExtensions.CodeFirstServiceMethodProvider] Type cannot be serialized; ignoring: "System.Collections.Generic.IList`1[[IIMes.Services.Core.Model.WoFsSub, IIMes.Services.Core.Model, Version=1.0.0.0, Culture=neutral, PublicKeyToken=null]]"
13:56:14.062 +08:00 [WARNING] [1] [ProtoBuf.Grpc.Server.ServicesExtensions.CodeFirstServiceMethodProvider] Signature not recognized for "IIMes.Services.Maintain.Interface.ICommonService"."GetWoFsSub"; method will not be bound
13:56:14.062 +08:00 [WARNING] [1] [ProtoBuf.Grpc.Server.ServicesExtensions.CodeFirstServiceMethodProvider] Type cannot be serialized; ignoring: "IIMes.Services.Core.Model.SProcess"
13:56:14.063 +08:00 [WARNING] [1] [ProtoBuf.Grpc.Server.ServicesExtensions.CodeFirstServiceMethodProvider] Signature not recognized for "IIMes.Services.Maintain.Interface.ICommonService"."GetProcess"; method will not be bound
13:56:14.063 +08:00 [WARNING] [1] [ProtoBuf.Grpc.Server.ServicesExtensions.CodeFirstServiceMethodProvider] Type cannot be serialized; ignoring: "IIMes.Services.Core.Model.SWoStatus"
13:56:14.063 +08:00 [WARNING] [1] [ProtoBuf.Grpc.Server.ServicesExtensions.CodeFirstServiceMethodProvider] Signature not recognized for "IIMes.Services.Maintain.Interface.ICommonService"."GetWoStaus"; method will not be bound
13:56:14.065 +08:00 [WARNING] [1] [ProtoBuf.Grpc.Server.ServicesExtensions.CodeFirstServiceMethodProvider] Signature not recognized for "IIMes.Services.Maintain.Interface.ICommonService"."IsEqualWoFsDetail"; method will not be bound
13:56:14.069 +08:00 [INFORMATION] [1] [ProtoBuf.Grpc.Server.ServicesExtensions.CodeFirstServiceMethodProvider] RPC services being provided by "IIMes.Services.Maintain.Interface.ICommonService": 3
13:56:14.070 +08:00 [WARNING] [1] [Grpc.AspNetCore.Server.Model.Internal.ServiceRouteBuilder] No gRPC methods discovered for "IIMes.Services.Maintain.Interface.IFamilyService".
13:56:14.072 +08:00 [WARNING] [1] [Grpc.AspNetCore.Server.Model.Internal.ServiceRouteBuilder] No gRPC methods discovered for "IIMes.Services.Maintain.Interface.IWoBomService".
13:56:14.073 +08:00 [WARNING] [1] [Grpc.AspNetCore.Server.Model.Internal.ServiceRouteBuilder] No gRPC methods discovered for "IIMes.Services.Maintain.Interface.IScrapReasonService".
13:56:14.075 +08:00 [WARNING] [1] [Grpc.AspNetCore.Server.Model.Internal.ServiceRouteBuilder] No gRPC methods discovered for "IIMes.Services.Maintain.Interface.IWoBaseService".
13:56:14.085 +08:00 [INFORMATION] [1] [ProtoBuf.Grpc.Server.ServicesExtensions.CodeFirstServiceMethodProvider] RPC services being provided by "IIMes.Services.Maintain.Interface.IWoService": 3
13:56:14.087 +08:00 [WARNING] [1] [Grpc.AspNetCore.Server.Model.Internal.ServiceRouteBuilder] No gRPC methods discovered for "IIMes.Services.Maintain.Interface.IWoStatusService".
13:56:14.089 +08:00 [WARNING] [1] [Grpc.AspNetCore.Server.Model.Internal.ServiceRouteBuilder] No gRPC methods discovered for "IIMes.Services.Maintain.Interface.ITemporaryTableService".
